1 /Users/baj/Documents/roman_slitless_sims_seds/bc03_template_1_gyr_ms10p06.txt
2 /Users/baj/Documents/roman_slitless_sims_seds/bc03_template_500_myr_ms10p96.txt
3 /Users/baj/Documents/roman_slitless_sims_seds/bc03_template_500_myr_ms10p27.txt
4 /Users/baj/Documents/roman_slitless_sims_seds/bc03_template_1_gyr_ms10p07.txt
5 /Users/baj/Documents/roman_slitless_sims_seds/bc03_template_100_myr_ms10p04.txt
6 /Users/baj/Documents/roman_slitless_sims_seds/bc03_template_500_myr_ms10p40.txt
7 /Users/baj/Documents/roman_slitless_sims_seds/bc03_template_500_myr_ms10p87.txt
8 /Users/baj/Documents/roman_slitless_sims_seds/bc03_template_2_gyr_ms10p85.txt
9 /Users/baj/Documents/roman_slitless_sims_seds/bc03_template_300_myr_ms10p14.txt
10 /Users/baj/Documents/roman_slitless_sims_seds/bc03_template_100_myr_ms10p54.txt
11 /Users/baj/Documents/roman_slitless_sims_seds/bc03_template_500_myr_ms10p34.txt
12 /Users/baj/Documents/roman_slitless_sims_seds/bc03_template_500_myr_ms10p65.txt
13 /Users/baj/Documents/roman_slitless_sims_seds/bc03_template_6_gyr_ms10p70.txt
14 /Users/baj/Documents/roman_slitless_sims_seds/bc03_template_1_gyr_ms10p25.txt
15 /Users/baj/Documents/roman_slitless_sims_seds/bc03_template_500_myr_ms10p28.txt
16 /Users/baj/Documents/roman_slitless_sims_seds/bc03_template_500_myr_ms10p79.txt
17 /Users/baj/Documents/roman_slitless_sims_seds/bc03_template_100_myr_ms10p34.txt
18 /Users/baj/Documents/roman_slitless_sims_seds/bc03_template_2_gyr_ms10p41.txt
19 /Users/baj/Documents/roman_slitless_sims_seds/bc03_template_100_myr_ms10p56.txt
20 /Users/baj/Documents/roman_slitless_sims_seds/bc03_template_500_myr_ms10p59.txt
21 /Users/baj/Documents/roman_slitless_sims_seds/bc03_template_300_myr_ms10p71.txt
22 /Users/baj/Documents/roman_slitless_sims_seds/bc03_template_300_myr_ms10p27.txt
23 /Users/baj/Documents/roman_slitless_sims_seds/bc03_template_2_gyr_ms10p70.txt
24 /Users/baj/Documents/roman_slitless_sims_seds/bc03_template_4_gyr_ms10p95.txt
25 /Users/baj/Documents/roman_slitless_sims_seds/bc03_template_300_myr_ms10p55.txt
26 /Users/baj/Documents/roman_slitless_sims_seds/bc03_template_4_gyr_ms10p14.txt
27 /Users/baj/Documents/roman_slitless_sims_seds/bc03_template_100_myr_ms10p92.txt
28 /Users/baj/Documents/roman_slitless_sims_seds/bc03_template_2_gyr_ms10p01.txt
29 /Users/baj/Documents/roman_slitless_sims_seds/bc03_template_300_myr_ms10p67.txt
30 /Users/baj/Documents/roman_slitless_sims_seds/bc03_template_6_gyr_ms10p92.txt
31 /Users/baj/Documents/roman_slitless_sims_seds/bc03_template_300_myr_ms10p46.txt
32 /Users/baj/Documents/roman_slitless_sims_seds/bc03_template_500_myr_ms10p03.txt
33 /Users/baj/Documents/roman_slitless_sims_seds/bc03_template_500_myr_ms10p57.txt
34 /Users/baj/Documents/roman_slitless_sims_seds/bc03_template_500_myr_ms10p75.txt
35 /Users/baj/Documents/roman_slitless_sims_seds/bc03_template_300_myr_ms10p20.txt
36 /Users/baj/Documents/roman_slitless_sims_seds/bc03_template_4_gyr_ms10p14.txt
37 /Users/baj/Documents/roman_slitless_sims_seds/bc03_template_4_gyr_ms10p63.txt
38 /Users/baj/Documents/roman_slitless_sims_seds/bc03_template_500_myr_ms10p49.txt
39 /Users/baj/Documents/roman_slitless_sims_seds/bc03_template_100_myr_ms10p16.txt
40 /Users/baj/Documents/roman_slitless_sims_seds/bc03_template_6_gyr_ms10p68.txt
41 /Users/baj/Documents/roman_slitless_sims_seds/bc03_template_300_myr_ms10p25.txt
42 /Users/baj/Documents/roman_slitless_sims_seds/bc03_template_6_gyr_ms10p60.txt
43 /Users/baj/Documents/roman_slitless_sims_seds/bc03_template_300_myr_ms10p67.txt
44 /Users/baj/Documents/roman_slitless_sims_seds/bc03_template_6_gyr_ms10p52.txt
45 /Users/baj/Documents/roman_slitless_sims_seds/bc03_template_100_myr_ms10p32.txt
46 /Users/baj/Documents/roman_slitless_sims_seds/bc03_template_100_myr_ms10p31.txt
47 /Users/baj/Documents/roman_slitless_sims_seds/bc03_template_6_gyr_ms11p00.txt
48 /Users/baj/Documents/roman_slitless_sims_seds/bc03_template_100_myr_ms10p99.txt
49 /Users/baj/Documents/roman_slitless_sims_seds/bc03_template_6_gyr_ms10p19.txt
50 /Users/baj/Documents/roman_slitless_sims_seds/bc03_template_4_gyr_ms10p36.txt
51 /Users/baj/Documents/roman_slitless_sims_seds/bc03_template_500_myr_ms10p56.txt
52 /Users/baj/Documents/roman_slitless_sims_seds/bc03_template_2_gyr_ms10p46.txt
53 /Users/baj/Documents/roman_slitless_sims_seds/bc03_template_1_gyr_ms10p95.txt
54 /Users/baj/Documents/roman_slitless_sims_seds/bc03_template_300_myr_ms10p56.txt
55 /Users/baj/Documents/roman_slitless_sims_seds/bc03_template_300_myr_ms10p78.txt
56 /Users/baj/Documents/roman_slitless_sims_seds/bc03_template_500_myr_ms10p80.txt
57 /Users/baj/Documents/roman_slitless_sims_seds/bc03_template_6_gyr_ms10p65.txt
58 /Users/baj/Documents/roman_slitless_sims_seds/bc03_template_4_gyr_ms10p69.txt
59 /Users/baj/Documents/roman_slitless_sims_seds/bc03_template_1_gyr_ms10p30.txt
60 /Users/baj/Documents/roman_slitless_sims_seds/bc03_template_300_myr_ms10p73.txt
61 /Users/baj/Documents/roman_slitless_sims_seds/bc03_template_300_myr_ms10p11.txt
62 /Users/baj/Documents/roman_slitless_sims_seds/bc03_template_300_myr_ms10p72.txt
63 /Users/baj/Documents/roman_slitless_sims_seds/bc03_template_100_myr_ms10p84.txt
64 /Users/baj/Documents/roman_slitless_sims_seds/bc03_template_300_myr_ms10p17.txt
65 /Users/baj/Documents/roman_slitless_sims_seds/bc03_template_6_gyr_ms10p52.txt
66 /Users/baj/Documents/roman_slitless_sims_seds/bc03_template_300_myr_ms10p79.txt
67 /Users/baj/Documents/roman_slitless_sims_seds/bc03_template_6_gyr_ms10p48.txt
68 /Users/baj/Documents/roman_slitless_sims_seds/bc03_template_4_gyr_ms10p78.txt
69 /Users/baj/Documents/roman_slitless_sims_seds/bc03_template_6_gyr_ms10p85.txt
70 /Users/baj/Documents/roman_slitless_sims_seds/bc03_template_500_myr_ms10p84.txt
71 /Users/baj/Documents/roman_slitless_sims_seds/bc03_template_100_myr_ms10p32.txt
72 /Users/baj/Documents/roman_slitless_sims_seds/bc03_template_4_gyr_ms10p18.txt
73 /Users/baj/Documents/roman_slitless_sims_seds/bc03_template_2_gyr_ms10p03.txt
74 /Users/baj/Documents/roman_slitless_sims_seds/bc03_template_4_gyr_ms10p01.txt
75 /Users/baj/Documents/roman_slitless_sims_seds/bc03_template_500_myr_ms10p95.txt
76 /Users/baj/Documents/roman_slitless_sims_seds/bc03_template_2_gyr_ms10p95.txt
77 /Users/baj/Documents/roman_slitless_sims_seds/bc03_template_2_gyr_ms10p22.txt
78 /Users/baj/Documents/roman_slitless_sims_seds/bc03_template_500_myr_ms10p99.txt
79 /Users/baj/Documents/roman_slitless_sims_seds/bc03_template_500_myr_ms10p82.txt
80 /Users/baj/Documents/roman_slitless_sims_seds/bc03_template_1_gyr_ms10p59.txt
81 /Users/baj/Documents/roman_slitless_sims_seds/bc03_template_1_gyr_ms10p41.txt
82 /Users/baj/Documents/roman_slitless_sims_seds/bc03_template_6_gyr_ms10p10.txt
83 /Users/baj/Documents/roman_slitless_sims_seds/bc03_template_6_gyr_ms10p67.txt
84 /Users/baj/Documents/roman_slitless_sims_seds/bc03_template_500_myr_ms10p05.txt
85 /Users/baj/Documents/roman_slitless_sims_seds/bc03_template_500_myr_ms10p80.txt
86 /Users/baj/Documents/roman_slitless_sims_seds/bc03_template_6_gyr_ms10p00.txt
87 /Users/baj/Documents/roman_slitless_sims_seds/bc03_template_1_gyr_ms10p24.txt
88 /Users/baj/Documents/roman_slitless_sims_seds/bc03_template_2_gyr_ms10p86.txt
89 /Users/baj/Documents/roman_slitless_sims_seds/bc03_template_2_gyr_ms10p55.txt
90 /Users/baj/Documents/roman_slitless_sims_seds/bc03_template_2_gyr_ms10p43.txt
91 /Users/baj/Documents/roman_slitless_sims_seds/bc03_template_6_gyr_ms10p12.txt
92 /Users/baj/Documents/roman_slitless_sims_seds/bc03_template_2_gyr_ms10p46.txt
93 /Users/baj/Documents/roman_slitless_sims_seds/bc03_template_1_gyr_ms10p20.txt
94 /Users/baj/Documents/roman_slitless_sims_seds/bc03_template_1_gyr_ms10p22.txt
95 /Users/baj/Documents/roman_slitless_sims_seds/bc03_template_300_myr_ms10p62.txt
96 /Users/baj/Documents/roman_slitless_sims_seds/bc03_template_100_myr_ms10p37.txt
97 /Users/baj/Documents/roman_slitless_sims_seds/bc03_template_6_gyr_ms10p42.txt
98 /Users/baj/Documents/roman_slitless_sims_seds/bc03_template_4_gyr_ms10p95.txt
99 /Users/baj/Documents/roman_slitless_sims_seds/bc03_template_6_gyr_ms10p28.txt
100 /Users/baj/Documents/roman_slitless_sims_seds/bc03_template_100_myr_ms10p47.txt
101 /Users/baj/Documents/roman_slitless_sims_seds/bc03_template_300_myr_ms10p49.txt
102 /Users/baj/Documents/roman_slitless_sims_seds/bc03_template_500_myr_ms10p09.txt
103 /Users/baj/Documents/roman_slitless_sims_seds/bc03_template_300_myr_ms10p09.txt
104 /Users/baj/Documents/roman_slitless_sims_seds/bc03_template_1_gyr_ms10p57.txt
105 /Users/baj/Documents/roman_slitless_sims_seds/bc03_template_2_gyr_ms10p58.txt
106 /Users/baj/Documents/roman_slitless_sims_seds/bc03_template_100_myr_ms10p17.txt
107 /Users/baj/Documents/roman_slitless_sims_seds/bc03_template_4_gyr_ms10p23.txt
108 /Users/baj/Documents/roman_slitless_sims_seds/bc03_template_500_myr_ms10p29.txt
109 /Users/baj/Documents/roman_slitless_sims_seds/bc03_template_6_gyr_ms10p65.txt
110 /Users/baj/Documents/roman_slitless_sims_seds/bc03_template_100_myr_ms10p04.txt
111 /Users/baj/Documents/roman_slitless_sims_seds/bc03_template_2_gyr_ms10p56.txt
112 /Users/baj/Documents/roman_slitless_sims_seds/bc03_template_500_myr_ms10p71.txt
113 /Users/baj/Documents/roman_slitless_sims_seds/bc03_template_300_myr_ms10p95.txt
114 /Users/baj/Documents/roman_slitless_sims_seds/bc03_template_6_gyr_ms10p63.txt
115 /Users/baj/Documents/roman_slitless_sims_seds/bc03_template_300_myr_ms10p48.txt
116 /Users/baj/Documents/roman_slitless_sims_seds/bc03_template_2_gyr_ms10p89.txt
117 /Users/baj/Documents/roman_slitless_sims_seds/bc03_template_500_myr_ms10p49.txt
118 /Users/baj/Documents/roman_slitless_sims_seds/bc03_template_2_gyr_ms10p94.txt
119 /Users/baj/Documents/roman_slitless_sims_seds/bc03_template_4_gyr_ms10p81.txt
120 /Users/baj/Documents/roman_slitless_sims_seds/bc03_template_300_myr_ms10p48.txt
121 /Users/baj/Documents/roman_slitless_sims_seds/bc03_template_6_gyr_ms10p35.txt
122 /Users/baj/Documents/roman_slitless_sims_seds/bc03_template_300_myr_ms10p78.txt
123 /Users/baj/Documents/roman_slitless_sims_seds/bc03_template_100_myr_ms10p65.txt
124 /Users/baj/Documents/roman_slitless_sims_seds/bc03_template_2_gyr_ms10p89.txt
125 /Users/baj/Documents/roman_slitless_sims_seds/bc03_template_1_gyr_ms10p21.txt
126 /Users/baj/Documents/roman_slitless_sims_seds/bc03_template_4_gyr_ms10p39.txt
127 /Users/baj/Documents/roman_slitless_sims_seds/bc03_template_500_myr_ms10p79.txt
128 /Users/baj/Documents/roman_slitless_sims_seds/bc03_template_6_gyr_ms10p55.txt
129 /Users/baj/Documents/roman_slitless_sims_seds/bc03_template_100_myr_ms10p78.txt
130 /Users/baj/Documents/roman_slitless_sims_seds/bc03_template_2_gyr_ms10p04.txt
131 /Users/baj/Documents/roman_slitless_sims_seds/bc03_template_1_gyr_ms10p35.txt
132 /Users/baj/Documents/roman_slitless_sims_seds/bc03_template_6_gyr_ms10p69.txt
133 /Users/baj/Documents/roman_slitless_sims_seds/bc03_template_1_gyr_ms10p76.txt
134 /Users/baj/Documents/roman_slitless_sims_seds/bc03_template_300_myr_ms10p28.txt
135 /Users/baj/Documents/roman_slitless_sims_seds/bc03_template_6_gyr_ms10p05.txt
136 /Users/baj/Documents/roman_slitless_sims_seds/bc03_template_1_gyr_ms10p86.txt
137 /Users/baj/Documents/roman_slitless_sims_seds/bc03_template_4_gyr_ms10p58.txt
138 /Users/baj/Documents/roman_slitless_sims_seds/bc03_template_4_gyr_ms10p26.txt
139 /Users/baj/Documents/roman_slitless_sims_seds/bc03_template_6_gyr_ms10p21.txt
140 /Users/baj/Documents/roman_slitless_sims_seds/bc03_template_4_gyr_ms11p00.txt
141 /Users/baj/Documents/roman_slitless_sims_seds/bc03_template_2_gyr_ms10p86.txt
142 /Users/baj/Documents/roman_slitless_sims_seds/bc03_template_2_gyr_ms10p42.txt
143 /Users/baj/Documents/roman_slitless_sims_seds/bc03_template_4_gyr_ms10p51.txt
144 /Users/baj/Documents/roman_slitless_sims_seds/bc03_template_2_gyr_ms10p53.txt
145 /Users/baj/Documents/roman_slitless_sims_seds/bc03_template_500_myr_ms10p18.txt
146 /Users/baj/Documents/roman_slitless_sims_seds/bc03_template_300_myr_ms10p84.txt
147 /Users/baj/Documents/roman_slitless_sims_seds/bc03_template_1_gyr_ms10p36.txt
148 /Users/baj/Documents/roman_slitless_sims_seds/bc03_template_1_gyr_ms10p65.txt
149 /Users/baj/Documents/roman_slitless_sims_seds/bc03_template_4_gyr_ms10p64.txt
150 /Users/baj/Documents/roman_slitless_sims_seds/bc03_template_1_gyr_ms10p45.txt
151 /Users/baj/Documents/roman_slitless_sims_seds/bc03_template_6_gyr_ms10p88.txt
152 /Users/baj/Documents/roman_slitless_sims_seds/bc03_template_100_myr_ms10p58.txt
153 /Users/baj/Documents/roman_slitless_sims_seds/bc03_template_100_myr_ms10p19.txt
154 /Users/baj/Documents/roman_slitless_sims_seds/bc03_template_4_gyr_ms10p08.txt
155 /Users/baj/Documents/roman_slitless_sims_seds/bc03_template_500_myr_ms10p97.txt
156 /Users/baj/Documents/roman_slitless_sims_seds/bc03_template_6_gyr_ms10p43.txt
157 /Users/baj/Documents/roman_slitless_sims_seds/bc03_template_300_myr_ms10p75.txt
158 /Users/baj/Documents/roman_slitless_sims_seds/bc03_template_500_myr_ms10p00.txt
159 /Users/baj/Documents/roman_slitless_sims_seds/bc03_template_2_gyr_ms10p01.txt
160 /Users/baj/Documents/roman_slitless_sims_seds/bc03_template_1_gyr_ms10p62.txt
161 /Users/baj/Documents/roman_slitless_sims_seds/bc03_template_6_gyr_ms10p18.txt
162 /Users/baj/Documents/roman_slitless_sims_seds/bc03_template_300_myr_ms10p44.txt
163 /Users/baj/Documents/roman_slitless_sims_seds/bc03_template_1_gyr_ms10p57.txt
164 /Users/baj/Documents/roman_slitless_sims_seds/bc03_template_1_gyr_ms10p73.txt
165 /Users/baj/Documents/roman_slitless_sims_seds/bc03_template_2_gyr_ms10p59.txt
166 /Users/baj/Documents/roman_slitless_sims_seds/bc03_template_2_gyr_ms10p92.txt
167 /Users/baj/Documents/roman_slitless_sims_seds/bc03_template_4_gyr_ms10p12.txt
168 /Users/baj/Documents/roman_slitless_sims_seds/bc03_template_2_gyr_ms10p36.txt
169 /Users/baj/Documents/roman_slitless_sims_seds/bc03_template_2_gyr_ms10p02.txt
170 /Users/baj/Documents/roman_slitless_sims_seds/bc03_template_300_myr_ms10p07.txt
171 /Users/baj/Documents/roman_slitless_sims_seds/bc03_template_100_myr_ms10p19.txt
172 /Users/baj/Documents/roman_slitless_sims_seds/bc03_template_6_gyr_ms10p41.txt
173 /Users/baj/Documents/roman_slitless_sims_seds/bc03_template_4_gyr_ms10p58.txt
174 /Users/baj/Documents/roman_slitless_sims_seds/bc03_template_300_myr_ms10p78.txt
175 /Users/baj/Documents/roman_slitless_sims_seds/bc03_template_500_myr_ms10p97.txt
176 /Users/baj/Documents/roman_slitless_sims_seds/bc03_template_100_myr_ms10p08.txt
177 /Users/baj/Documents/roman_slitless_sims_seds/bc03_template_500_myr_ms10p23.txt
178 /Users/baj/Documents/roman_slitless_sims_seds/bc03_template_2_gyr_ms10p25.txt
179 /Users/baj/Documents/roman_slitless_sims_seds/bc03_template_6_gyr_ms10p33.txt
180 /Users/baj/Documents/roman_slitless_sims_seds/bc03_template_1_gyr_ms10p71.txt
181 /Users/baj/Documents/roman_slitless_sims_seds/bc03_template_4_gyr_ms10p87.txt
182 /Users/baj/Documents/roman_slitless_sims_seds/bc03_template_6_gyr_ms10p28.txt
183 /Users/baj/Documents/roman_slitless_sims_seds/bc03_template_4_gyr_ms10p27.txt
184 /Users/baj/Documents/roman_slitless_sims_seds/bc03_template_1_gyr_ms10p85.txt
185 /Users/baj/Documents/roman_slitless_sims_seds/bc03_template_4_gyr_ms10p16.txt
186 /Users/baj/Documents/roman_slitless_sims_seds/bc03_template_500_myr_ms10p70.txt
187 /Users/baj/Documents/roman_slitless_sims_seds/bc03_template_4_gyr_ms10p10.txt
188 /Users/baj/Documents/roman_slitless_sims_seds/bc03_template_100_myr_ms10p11.txt
189 /Users/baj/Documents/roman_slitless_sims_seds/bc03_template_300_myr_ms10p96.txt
190 /Users/baj/Documents/roman_slitless_sims_seds/bc03_template_4_gyr_ms10p76.txt
191 /Users/baj/Documents/roman_slitless_sims_seds/bc03_template_1_gyr_ms10p39.txt
192 /Users/baj/Documents/roman_slitless_sims_seds/bc03_template_2_gyr_ms10p10.txt
193 /Users/baj/Documents/roman_slitless_sims_seds/bc03_template_300_myr_ms10p46.txt
194 /Users/baj/Documents/roman_slitless_sims_seds/bc03_template_500_myr_ms10p57.txt
195 /Users/baj/Documents/roman_slitless_sims_seds/bc03_template_300_myr_ms10p05.txt
196 /Users/baj/Documents/roman_slitless_sims_seds/bc03_template_100_myr_ms10p37.txt
197 /Users/baj/Documents/roman_slitless_sims_seds/bc03_template_1_gyr_ms10p26.txt
198 /Users/baj/Documents/roman_slitless_sims_seds/bc03_template_100_myr_ms10p82.txt
199 /Users/baj/Documents/roman_slitless_sims_seds/bc03_template_500_myr_ms10p38.txt
200 /Users/baj/Documents/roman_slitless_sims_seds/bc03_template_500_myr_ms10p16.txt
201 /Users/baj/Documents/roman_slitless_sims_seds/bc03_template_500_myr_ms10p02.txt
202 /Users/baj/Documents/roman_slitless_sims_seds/bc03_template_4_gyr_ms10p37.txt
203 /Users/baj/Documents/roman_slitless_sims_seds/bc03_template_2_gyr_ms10p06.txt
204 /Users/baj/Documents/roman_slitless_sims_seds/bc03_template_1_gyr_ms10p64.txt
205 /Users/baj/Documents/roman_slitless_sims_seds/bc03_template_2_gyr_ms10p75.txt
206 /Users/baj/Documents/roman_slitless_sims_seds/bc03_template_1_gyr_ms10p08.txt
207 /Users/baj/Documents/roman_slitless_sims_seds/bc03_template_300_myr_ms10p96.txt
208 /Users/baj/Documents/roman_slitless_sims_seds/bc03_template_500_myr_ms10p19.txt
209 /Users/baj/Documents/roman_slitless_sims_seds/bc03_template_500_myr_ms10p39.txt
210 /Users/baj/Documents/roman_slitless_sims_seds/bc03_template_300_myr_ms10p08.txt
211 /Users/baj/Documents/roman_slitless_sims_seds/bc03_template_2_gyr_ms10p93.txt
212 /Users/baj/Documents/roman_slitless_sims_seds/bc03_template_100_myr_ms10p34.txt
213 /Users/baj/Documents/roman_slitless_sims_seds/bc03_template_500_myr_ms10p02.txt
214 /Users/baj/Documents/roman_slitless_sims_seds/bc03_template_2_gyr_ms10p53.txt
215 /Users/baj/Documents/roman_slitless_sims_seds/bc03_template_6_gyr_ms10p06.txt
216 /Users/baj/Documents/roman_slitless_sims_seds/bc03_template_100_myr_ms10p55.txt
217 /Users/baj/Documents/roman_slitless_sims_seds/bc03_template_500_myr_ms10p17.txt
218 /Users/baj/Documents/roman_slitless_sims_seds/bc03_template_100_myr_ms10p80.txt
219 /Users/baj/Documents/roman_slitless_sims_seds/bc03_template_6_gyr_ms10p90.txt
220 /Users/baj/Documents/roman_slitless_sims_seds/bc03_template_6_gyr_ms10p29.txt
221 /Users/baj/Documents/roman_slitless_sims_seds/bc03_template_6_gyr_ms10p58.txt
222 /Users/baj/Documents/roman_slitless_sims_seds/bc03_template_2_gyr_ms10p04.txt
223 /Users/baj/Documents/roman_slitless_sims_seds/bc03_template_4_gyr_ms10p60.txt
224 /Users/baj/Documents/roman_slitless_sims_seds/bc03_template_2_gyr_ms10p17.txt
225 /Users/baj/Documents/roman_slitless_sims_seds/bc03_template_100_myr_ms10p47.txt
226 /Users/baj/Documents/roman_slitless_sims_seds/bc03_template_6_gyr_ms10p39.txt
227 /Users/baj/Documents/roman_slitless_sims_seds/bc03_template_1_gyr_ms10p84.txt
228 /Users/baj/Documents/roman_slitless_sims_seds/bc03_template_6_gyr_ms10p13.txt
229 /Users/baj/Documents/roman_slitless_sims_seds/bc03_template_4_gyr_ms10p80.txt
230 /Users/baj/Documents/roman_slitless_sims_seds/bc03_template_100_myr_ms10p85.txt
231 /Users/baj/Documents/roman_slitless_sims_seds/bc03_template_4_gyr_ms10p36.txt
232 /Users/baj/Documents/roman_slitless_sims_seds/bc03_template_300_myr_ms10p95.txt
233 /Users/baj/Documents/roman_slitless_sims_seds/bc03_template_500_myr_ms10p42.txt
234 /Users/baj/Documents/roman_slitless_sims_seds/bc03_template_500_myr_ms10p13.txt
235 /Users/baj/Documents/roman_slitless_sims_seds/bc03_template_2_gyr_ms10p83.txt
236 /Users/baj/Documents/roman_slitless_sims_seds/bc03_template_4_gyr_ms10p38.txt
237 /Users/baj/Documents/roman_slitless_sims_seds/bc03_template_2_gyr_ms10p53.txt
238 /Users/baj/Documents/roman_slitless_sims_seds/bc03_template_4_gyr_ms10p76.txt
239 /Users/baj/Documents/roman_slitless_sims_seds/bc03_template_500_myr_ms10p45.txt
240 /Users/baj/Documents/roman_slitless_sims_seds/bc03_template_300_myr_ms10p93.txt
241 /Users/baj/Documents/roman_slitless_sims_seds/salt2_spec_day17.txt
242 /Users/baj/Documents/roman_slitless_sims_seds/bc03_template_6_gyr_ms10p61.txt
243 /Users/baj/Documents/roman_slitless_sims_seds/bc03_template_6_gyr_ms10p31.txt
244 /Users/baj/Documents/roman_slitless_sims_seds/bc03_template_300_myr_ms10p48.txt
245 /Users/baj/Documents/roman_slitless_sims_seds/bc03_template_4_gyr_ms10p99.txt
246 /Users/baj/Documents/roman_slitless_sims_seds/bc03_template_500_myr_ms10p31.txt
247 /Users/baj/Documents/roman_slitless_sims_seds/bc03_template_1_gyr_ms10p53.txt
248 /Users/baj/Documents/roman_slitless_sims_seds/bc03_template_6_gyr_ms10p02.txt
249 /Users/baj/Documents/roman_slitless_sims_seds/bc03_template_2_gyr_ms10p62.txt
250 /Users/baj/Documents/roman_slitless_sims_seds/bc03_template_4_gyr_ms10p67.txt
251 /Users/baj/Documents/roman_slitless_sims_seds/bc03_template_100_myr_ms10p60.txt
252 /Users/baj/Documents/roman_slitless_sims_seds/bc03_template_300_myr_ms10p30.txt
253 /Users/baj/Documents/roman_slitless_sims_seds/bc03_template_300_myr_ms10p69.txt
254 /Users/baj/Documents/roman_slitless_sims_seds/bc03_template_1_gyr_ms10p55.txt
255 /Users/baj/Documents/roman_slitless_sims_seds/bc03_template_500_myr_ms10p92.txt
256 /Users/baj/Documents/roman_slitless_sims_seds/bc03_template_100_myr_ms10p19.txt
257 /Users/baj/Documents/roman_slitless_sims_seds/bc03_template_1_gyr_ms10p92.txt
258 /Users/baj/Documents/roman_slitless_sims_seds/bc03_template_6_gyr_ms10p25.txt
259 /Users/baj/Documents/roman_slitless_sims_seds/bc03_template_300_myr_ms10p91.txt
260 /Users/baj/Documents/roman_slitless_sims_seds/bc03_template_100_myr_ms10p08.txt
261 /Users/baj/Documents/roman_slitless_sims_seds/bc03_template_1_gyr_ms10p63.txt
262 /Users/baj/Documents/roman_slitless_sims_seds/bc03_template_4_gyr_ms10p10.txt
263 /Users/baj/Documents/roman_slitless_sims_seds/bc03_template_4_gyr_ms10p43.txt
264 /Users/baj/Documents/roman_slitless_sims_seds/bc03_template_2_gyr_ms10p25.txt
265 /Users/baj/Documents/roman_slitless_sims_seds/bc03_template_4_gyr_ms10p39.txt
266 /Users/baj/Documents/roman_slitless_sims_seds/bc03_template_2_gyr_ms10p33.txt
267 /Users/baj/Documents/roman_slitless_sims_seds/bc03_template_1_gyr_ms10p00.txt
268 /Users/baj/Documents/roman_slitless_sims_seds/bc03_template_1_gyr_ms10p51.txt
269 /Users/baj/Documents/roman_slitless_sims_seds/bc03_template_1_gyr_ms10p72.txt
270 /Users/baj/Documents/roman_slitless_sims_seds/bc03_template_100_myr_ms10p36.txt
271 /Users/baj/Documents/roman_slitless_sims_seds/bc03_template_500_myr_ms10p37.txt
272 /Users/baj/Documents/roman_slitless_sims_seds/bc03_template_6_gyr_ms10p72.txt
273 /Users/baj/Documents/roman_slitless_sims_seds/bc03_template_4_gyr_ms10p93.txt
274 /Users/baj/Documents/roman_slitless_sims_seds/bc03_template_500_myr_ms10p89.txt
275 /Users/baj/Documents/roman_slitless_sims_seds/bc03_template_100_myr_ms10p66.txt
276 /Users/baj/Documents/roman_slitless_sims_seds/bc03_template_300_myr_ms10p43.txt
277 /Users/baj/Documents/roman_slitless_sims_seds/bc03_template_100_myr_ms10p36.txt
278 /Users/baj/Documents/roman_slitless_sims_seds/bc03_template_500_myr_ms10p74.txt
279 /Users/baj/Documents/roman_slitless_sims_seds/bc03_template_2_gyr_ms10p45.txt
280 /Users/baj/Documents/roman_slitless_sims_seds/bc03_template_4_gyr_ms10p89.txt
281 /Users/baj/Documents/roman_slitless_sims_seds/bc03_template_6_gyr_ms10p13.txt
282 /Users/baj/Documents/roman_slitless_sims_seds/bc03_template_300_myr_ms10p73.txt
283 /Users/baj/Documents/roman_slitless_sims_seds/bc03_template_100_myr_ms10p14.txt
284 /Users/baj/Documents/roman_slitless_sims_seds/bc03_template_500_myr_ms10p83.txt
285 /Users/baj/Documents/roman_slitless_sims_seds/bc03_template_2_gyr_ms10p24.txt
286 /Users/baj/Documents/roman_slitless_sims_seds/bc03_template_2_gyr_ms10p59.txt
287 /Users/baj/Documents/roman_slitless_sims_seds/bc03_template_100_myr_ms10p94.txt
288 /Users/baj/Documents/roman_slitless_sims_seds/bc03_template_500_myr_ms10p24.txt
289 /Users/baj/Documents/roman_slitless_sims_seds/bc03_template_6_gyr_ms10p31.txt
290 /Users/baj/Documents/roman_slitless_sims_seds/bc03_template_2_gyr_ms10p20.txt
291 /Users/baj/Documents/roman_slitless_sims_seds/bc03_template_4_gyr_ms10p26.txt
292 /Users/baj/Documents/roman_slitless_sims_seds/bc03_template_6_gyr_ms10p20.txt
293 /Users/baj/Documents/roman_slitless_sims_seds/bc03_template_6_gyr_ms10p18.txt
294 /Users/baj/Documents/roman_slitless_sims_seds/bc03_template_6_gyr_ms10p81.txt
295 /Users/baj/Documents/roman_slitless_sims_seds/bc03_template_300_myr_ms10p82.txt
296 /Users/baj/Documents/roman_slitless_sims_seds/bc03_template_2_gyr_ms10p39.txt
297 /Users/baj/Documents/roman_slitless_sims_seds/bc03_template_6_gyr_ms10p06.txt
298 /Users/baj/Documents/roman_slitless_sims_seds/bc03_template_6_gyr_ms10p88.txt
299 /Users/baj/Documents/roman_slitless_sims_seds/bc03_template_1_gyr_ms10p00.txt
300 /Users/baj/Documents/roman_slitless_sims_seds/bc03_template_4_gyr_ms10p44.txt
301 /Users/baj/Documents/roman_slitless_sims_seds/bc03_template_4_gyr_ms10p36.txt
302 /Users/baj/Documents/roman_slitless_sims_seds/bc03_template_2_gyr_ms10p73.txt
303 /Users/baj/Documents/roman_slitless_sims_seds/bc03_template_300_myr_ms10p91.txt
304 /Users/baj/Documents/roman_slitless_sims_seds/bc03_template_4_gyr_ms10p65.txt
305 /Users/baj/Documents/roman_slitless_sims_seds/bc03_template_1_gyr_ms10p65.txt
306 /Users/baj/Documents/roman_slitless_sims_seds/bc03_template_100_myr_ms10p15.txt
307 /Users/baj/Documents/roman_slitless_sims_seds/bc03_template_300_myr_ms10p59.txt
308 /Users/baj/Documents/roman_slitless_sims_seds/bc03_template_100_myr_ms10p23.txt
309 /Users/baj/Documents/roman_slitless_sims_seds/bc03_template_6_gyr_ms10p07.txt
310 /Users/baj/Documents/roman_slitless_sims_seds/bc03_template_1_gyr_ms10p64.txt
311 /Users/baj/Documents/roman_slitless_sims_seds/bc03_template_300_myr_ms10p82.txt
312 /Users/baj/Documents/roman_slitless_sims_seds/bc03_template_500_myr_ms10p17.txt
313 /Users/baj/Documents/roman_slitless_sims_seds/bc03_template_2_gyr_ms10p19.txt
314 /Users/baj/Documents/roman_slitless_sims_seds/bc03_template_2_gyr_ms10p20.txt
315 /Users/baj/Documents/roman_slitless_sims_seds/bc03_template_6_gyr_ms10p93.txt
316 /Users/baj/Documents/roman_slitless_sims_seds/bc03_template_6_gyr_ms10p53.txt
317 /Users/baj/Documents/roman_slitless_sims_seds/bc03_template_100_myr_ms10p25.txt
318 /Users/baj/Documents/roman_slitless_sims_seds/bc03_template_4_gyr_ms10p29.txt
319 /Users/baj/Documents/roman_slitless_sims_seds/bc03_template_100_myr_ms10p56.txt
320 /Users/baj/Documents/roman_slitless_sims_seds/bc03_template_4_gyr_ms10p51.txt
321 /Users/baj/Documents/roman_slitless_sims_seds/bc03_template_500_myr_ms10p38.txt
322 /Users/baj/Documents/roman_slitless_sims_seds/bc03_template_500_myr_ms10p01.txt
323 /Users/baj/Documents/roman_slitless_sims_seds/bc03_template_2_gyr_ms10p47.txt
324 /Users/baj/Documents/roman_slitless_sims_seds/bc03_template_100_myr_ms10p21.txt
325 /Users/baj/Documents/roman_slitless_sims_seds/bc03_template_500_myr_ms10p71.txt
326 /Users/baj/Documents/roman_slitless_sims_seds/bc03_template_500_myr_ms10p11.txt
327 /Users/baj/Documents/roman_slitless_sims_seds/bc03_template_500_myr_ms10p26.txt
328 /Users/baj/Documents/roman_slitless_sims_seds/bc03_template_300_myr_ms10p66.txt
329 /Users/baj/Documents/roman_slitless_sims_seds/bc03_template_4_gyr_ms10p70.txt
330 /Users/baj/Documents/roman_slitless_sims_seds/bc03_template_500_myr_ms10p80.txt
331 /Users/baj/Documents/roman_slitless_sims_seds/bc03_template_4_gyr_ms10p87.txt
332 /Users/baj/Documents/roman_slitless_sims_seds/bc03_template_100_myr_ms10p98.txt
333 /Users/baj/Documents/roman_slitless_sims_seds/bc03_template_2_gyr_ms10p35.txt
334 /Users/baj/Documents/roman_slitless_sims_seds/bc03_template_4_gyr_ms10p47.txt
335 /Users/baj/Documents/roman_slitless_sims_seds/bc03_template_500_myr_ms10p36.txt
336 /Users/baj/Documents/roman_slitless_sims_seds/bc03_template_2_gyr_ms10p09.txt
337 /Users/baj/Documents/roman_slitless_sims_seds/bc03_template_1_gyr_ms10p87.txt
338 /Users/baj/Documents/roman_slitless_sims_seds/bc03_template_2_gyr_ms10p13.txt
339 /Users/baj/Documents/roman_slitless_sims_seds/bc03_template_2_gyr_ms10p83.txt
340 /Users/baj/Documents/roman_slitless_sims_seds/bc03_template_1_gyr_ms10p25.txt
341 /Users/baj/Documents/roman_slitless_sims_seds/bc03_template_4_gyr_ms10p93.txt
342 /Users/baj/Documents/roman_slitless_sims_seds/bc03_template_100_myr_ms10p16.txt
343 /Users/baj/Documents/roman_slitless_sims_seds/bc03_template_500_myr_ms10p71.txt
344 /Users/baj/Documents/roman_slitless_sims_seds/bc03_template_300_myr_ms10p04.txt
345 /Users/baj/Documents/roman_slitless_sims_seds/bc03_template_1_gyr_ms10p45.txt
346 /Users/baj/Documents/roman_slitless_sims_seds/bc03_template_300_myr_ms10p08.txt
347 /Users/baj/Documents/roman_slitless_sims_seds/bc03_template_4_gyr_ms10p39.txt
348 /Users/baj/Documents/roman_slitless_sims_seds/bc03_template_6_gyr_ms10p90.txt
349 /Users/baj/Documents/roman_slitless_sims_seds/bc03_template_6_gyr_ms10p91.txt
350 /Users/baj/Documents/roman_slitless_sims_seds/bc03_template_2_gyr_ms10p04.txt
351 /Users/baj/Documents/roman_slitless_sims_seds/bc03_template_2_gyr_ms10p32.txt
352 /Users/baj/Documents/roman_slitless_sims_seds/bc03_template_100_myr_ms10p86.txt
353 /Users/baj/Documents/roman_slitless_sims_seds/bc03_template_1_gyr_ms10p61.txt
354 /Users/baj/Documents/roman_slitless_sims_seds/bc03_template_4_gyr_ms10p76.txt
355 /Users/baj/Documents/roman_slitless_sims_seds/bc03_template_300_myr_ms10p24.txt
356 /Users/baj/Documents/roman_slitless_sims_seds/bc03_template_6_gyr_ms10p14.txt
357 /Users/baj/Documents/roman_slitless_sims_seds/bc03_template_300_myr_ms10p27.txt
358 /Users/baj/Documents/roman_slitless_sims_seds/bc03_template_4_gyr_ms10p99.txt
359 /Users/baj/Documents/roman_slitless_sims_seds/bc03_template_500_myr_ms10p07.txt
360 /Users/baj/Documents/roman_slitless_sims_seds/bc03_template_500_myr_ms10p55.txt
361 /Users/baj/Documents/roman_slitless_sims_seds/bc03_template_1_gyr_ms10p23.txt
362 /Users/baj/Documents/roman_slitless_sims_seds/bc03_template_6_gyr_ms10p25.txt
363 /Users/baj/Documents/roman_slitless_sims_seds/bc03_template_100_myr_ms10p84.txt
364 /Users/baj/Documents/roman_slitless_sims_seds/bc03_template_2_gyr_ms10p79.txt
365 /Users/baj/Documents/roman_slitless_sims_seds/bc03_template_1_gyr_ms10p29.txt
366 /Users/baj/Documents/roman_slitless_sims_seds/bc03_template_100_myr_ms10p90.txt
367 /Users/baj/Documents/roman_slitless_sims_seds/bc03_template_500_myr_ms10p42.txt
368 /Users/baj/Documents/roman_slitless_sims_seds/bc03_template_2_gyr_ms10p51.txt
369 /Users/baj/Documents/roman_slitless_sims_seds/bc03_template_6_gyr_ms10p61.txt
370 /Users/baj/Documents/roman_slitless_sims_seds/bc03_template_100_myr_ms10p31.txt
371 /Users/baj/Documents/roman_slitless_sims_seds/bc03_template_2_gyr_ms10p37.txt
372 /Users/baj/Documents/roman_slitless_sims_seds/bc03_template_500_myr_ms10p73.txt
373 /Users/baj/Documents/roman_slitless_sims_seds/bc03_template_6_gyr_ms10p66.txt
374 /Users/baj/Documents/roman_slitless_sims_seds/bc03_template_2_gyr_ms10p05.txt
375 /Users/baj/Documents/roman_slitless_sims_seds/bc03_template_300_myr_ms10p61.txt
376 /Users/baj/Documents/roman_slitless_sims_seds/bc03_template_2_gyr_ms10p65.txt
377 /Users/baj/Documents/roman_slitless_sims_seds/bc03_template_300_myr_ms10p72.txt
378 /Users/baj/Documents/roman_slitless_sims_seds/bc03_template_300_myr_ms10p06.txt
379 /Users/baj/Documents/roman_slitless_sims_seds/bc03_template_4_gyr_ms10p79.txt
380 /Users/baj/Documents/roman_slitless_sims_seds/bc03_template_500_myr_ms10p40.txt
381 /Users/baj/Documents/roman_slitless_sims_seds/bc03_template_2_gyr_ms10p80.txt
382 /Users/baj/Documents/roman_slitless_sims_seds/bc03_template_100_myr_ms10p66.txt
383 /Users/baj/Documents/roman_slitless_sims_seds/bc03_template_500_myr_ms10p20.txt
384 /Users/baj/Documents/roman_slitless_sims_seds/bc03_template_300_myr_ms10p61.txt
385 /Users/baj/Documents/roman_slitless_sims_seds/bc03_template_4_gyr_ms10p75.txt
386 /Users/baj/Documents/roman_slitless_sims_seds/bc03_template_2_gyr_ms10p63.txt
387 /Users/baj/Documents/roman_slitless_sims_seds/bc03_template_300_myr_ms10p73.txt
388 /Users/baj/Documents/roman_slitless_sims_seds/bc03_template_300_myr_ms10p43.txt
389 /Users/baj/Documents/roman_slitless_sims_seds/bc03_template_6_gyr_ms10p94.txt
390 /Users/baj/Documents/roman_slitless_sims_seds/bc03_template_100_myr_ms10p21.txt
391 /Users/baj/Documents/roman_slitless_sims_seds/bc03_template_2_gyr_ms10p96.txt
392 /Users/baj/Documents/roman_slitless_sims_seds/bc03_template_1_gyr_ms10p52.txt
393 /Users/baj/Documents/roman_slitless_sims_seds/bc03_template_1_gyr_ms10p97.txt
394 /Users/baj/Documents/roman_slitless_sims_seds/bc03_template_300_myr_ms10p75.txt
395 /Users/baj/Documents/roman_slitless_sims_seds/bc03_template_6_gyr_ms10p22.txt
396 /Users/baj/Documents/roman_slitless_sims_seds/bc03_template_500_myr_ms10p67.txt
397 /Users/baj/Documents/roman_slitless_sims_seds/bc03_template_300_myr_ms10p04.txt
398 /Users/baj/Documents/roman_slitless_sims_seds/bc03_template_500_myr_ms10p26.txt
399 /Users/baj/Documents/roman_slitless_sims_seds/bc03_template_100_myr_ms10p81.txt
400 /Users/baj/Documents/roman_slitless_sims_seds/bc03_template_100_myr_ms10p17.txt
401 /Users/baj/Documents/roman_slitless_sims_seds/bc03_template_4_gyr_ms10p78.txt
402 /Users/baj/Documents/roman_slitless_sims_seds/bc03_template_500_myr_ms10p51.txt
403 /Users/baj/Documents/roman_slitless_sims_seds/bc03_template_100_myr_ms10p28.txt
404 /Users/baj/Documents/roman_slitless_sims_seds/bc03_template_4_gyr_ms10p05.txt
405 /Users/baj/Documents/roman_slitless_sims_seds/bc03_template_300_myr_ms10p78.txt
406 /Users/baj/Documents/roman_slitless_sims_seds/bc03_template_500_myr_ms10p69.txt
407 /Users/baj/Documents/roman_slitless_sims_seds/bc03_template_4_gyr_ms10p37.txt
408 /Users/baj/Documents/roman_slitless_sims_seds/bc03_template_4_gyr_ms10p33.txt
409 /Users/baj/Documents/roman_slitless_sims_seds/bc03_template_500_myr_ms10p68.txt
410 /Users/baj/Documents/roman_slitless_sims_seds/bc03_template_4_gyr_ms10p33.txt
411 /Users/baj/Documents/roman_slitless_sims_seds/bc03_template_300_myr_ms10p12.txt
412 /Users/baj/Documents/roman_slitless_sims_seds/bc03_template_100_myr_ms10p71.txt
413 /Users/baj/Documents/roman_slitless_sims_seds/bc03_template_100_myr_ms10p51.txt
414 /Users/baj/Documents/roman_slitless_sims_seds/bc03_template_6_gyr_ms10p73.txt
415 /Users/baj/Documents/roman_slitless_sims_seds/bc03_template_1_gyr_ms10p83.txt
416 /Users/baj/Documents/roman_slitless_sims_seds/bc03_template_4_gyr_ms10p43.txt
417 /Users/baj/Documents/roman_slitless_sims_seds/bc03_template_6_gyr_ms10p24.txt
418 /Users/baj/Documents/roman_slitless_sims_seds/bc03_template_2_gyr_ms10p53.txt
419 /Users/baj/Documents/roman_slitless_sims_seds/bc03_template_1_gyr_ms10p85.txt
420 /Users/baj/Documents/roman_slitless_sims_seds/bc03_template_100_myr_ms10p42.txt
421 /Users/baj/Documents/roman_slitless_sims_seds/bc03_template_4_gyr_ms10p93.txt
422 /Users/baj/Documents/roman_slitless_sims_seds/bc03_template_100_myr_ms10p51.txt
423 /Users/baj/Documents/roman_slitless_sims_seds/bc03_template_4_gyr_ms10p98.txt
424 /Users/baj/Documents/roman_slitless_sims_seds/bc03_template_500_myr_ms10p24.txt
425 /Users/baj/Documents/roman_slitless_sims_seds/bc03_template_6_gyr_ms10p95.txt
426 /Users/baj/Documents/roman_slitless_sims_seds/bc03_template_2_gyr_ms10p39.txt
427 /Users/baj/Documents/roman_slitless_sims_seds/bc03_template_4_gyr_ms10p56.txt
428 /Users/baj/Documents/roman_slitless_sims_seds/bc03_template_6_gyr_ms10p77.txt
429 /Users/baj/Documents/roman_slitless_sims_seds/bc03_template_1_gyr_ms10p57.txt
430 /Users/baj/Documents/roman_slitless_sims_seds/bc03_template_2_gyr_ms10p91.txt
431 /Users/baj/Documents/roman_slitless_sims_seds/bc03_template_4_gyr_ms10p21.txt
432 /Users/baj/Documents/roman_slitless_sims_seds/bc03_template_1_gyr_ms10p10.txt
433 /Users/baj/Documents/roman_slitless_sims_seds/bc03_template_300_myr_ms10p19.txt
434 /Users/baj/Documents/roman_slitless_sims_seds/bc03_template_300_myr_ms10p17.txt
435 /Users/baj/Documents/roman_slitless_sims_seds/bc03_template_300_myr_ms10p72.txt
436 /Users/baj/Documents/roman_slitless_sims_seds/bc03_template_2_gyr_ms10p15.txt
437 /Users/baj/Documents/roman_slitless_sims_seds/bc03_template_1_gyr_ms10p81.txt
438 /Users/baj/Documents/roman_slitless_sims_seds/bc03_template_4_gyr_ms10p16.txt
439 /Users/baj/Documents/roman_slitless_sims_seds/bc03_template_6_gyr_ms10p98.txt
440 /Users/baj/Documents/roman_slitless_sims_seds/bc03_template_300_myr_ms10p54.txt
441 /Users/baj/Documents/roman_slitless_sims_seds/bc03_template_300_myr_ms10p41.txt
442 /Users/baj/Documents/roman_slitless_sims_seds/bc03_template_1_gyr_ms10p66.txt
443 /Users/baj/Documents/roman_slitless_sims_seds/bc03_template_1_gyr_ms10p69.txt
444 /Users/baj/Documents/roman_slitless_sims_seds/bc03_template_2_gyr_ms10p68.txt
445 /Users/baj/Documents/roman_slitless_sims_seds/bc03_template_2_gyr_ms10p06.txt
446 /Users/baj/Documents/roman_slitless_sims_seds/bc03_template_2_gyr_ms10p44.txt
447 /Users/baj/Documents/roman_slitless_sims_seds/bc03_template_100_myr_ms10p27.txt
448 /Users/baj/Documents/roman_slitless_sims_seds/bc03_template_6_gyr_ms10p15.txt
449 /Users/baj/Documents/roman_slitless_sims_seds/bc03_template_4_gyr_ms10p87.txt
450 /Users/baj/Documents/roman_slitless_sims_seds/bc03_template_1_gyr_ms10p06.txt
451 /Users/baj/Documents/roman_slitless_sims_seds/bc03_template_300_myr_ms10p34.txt
452 /Users/baj/Documents/roman_slitless_sims_seds/bc03_template_2_gyr_ms10p37.txt
453 /Users/baj/Documents/roman_slitless_sims_seds/bc03_template_300_myr_ms10p01.txt
454 /Users/baj/Documents/roman_slitless_sims_seds/bc03_template_2_gyr_ms10p54.txt
455 /Users/baj/Documents/roman_slitless_sims_seds/bc03_template_100_myr_ms10p72.txt
456 /Users/baj/Documents/roman_slitless_sims_seds/bc03_template_4_gyr_ms10p74.txt
457 /Users/baj/Documents/roman_slitless_sims_seds/bc03_template_100_myr_ms10p30.txt
458 /Users/baj/Documents/roman_slitless_sims_seds/bc03_template_100_myr_ms10p75.txt
459 /Users/baj/Documents/roman_slitless_sims_seds/bc03_template_6_gyr_ms10p59.txt
460 /Users/baj/Documents/roman_slitless_sims_seds/bc03_template_6_gyr_ms10p86.txt
461 /Users/baj/Documents/roman_slitless_sims_seds/bc03_template_300_myr_ms10p67.txt
462 /Users/baj/Documents/roman_slitless_sims_seds/bc03_template_100_myr_ms10p42.txt
463 /Users/baj/Documents/roman_slitless_sims_seds/bc03_template_6_gyr_ms10p34.txt
464 /Users/baj/Documents/roman_slitless_sims_seds/bc03_template_500_myr_ms10p82.txt
465 /Users/baj/Documents/roman_slitless_sims_seds/bc03_template_2_gyr_ms10p04.txt
466 /Users/baj/Documents/roman_slitless_sims_seds/bc03_template_4_gyr_ms10p39.txt
467 /Users/baj/Documents/roman_slitless_sims_seds/bc03_template_4_gyr_ms10p26.txt
468 /Users/baj/Documents/roman_slitless_sims_seds/bc03_template_500_myr_ms10p36.txt
469 /Users/baj/Documents/roman_slitless_sims_seds/bc03_template_500_myr_ms10p56.txt
470 /Users/baj/Documents/roman_slitless_sims_seds/bc03_template_300_myr_ms10p41.txt
471 /Users/baj/Documents/roman_slitless_sims_seds/bc03_template_300_myr_ms10p89.txt
472 /Users/baj/Documents/roman_slitless_sims_seds/bc03_template_500_myr_ms10p57.txt
473 /Users/baj/Documents/roman_slitless_sims_seds/bc03_template_300_myr_ms10p55.txt
474 /Users/baj/Documents/roman_slitless_sims_seds/bc03_template_4_gyr_ms10p55.txt
475 /Users/baj/Documents/roman_slitless_sims_seds/bc03_template_500_myr_ms10p38.txt
476 /Users/baj/Documents/roman_slitless_sims_seds/bc03_template_6_gyr_ms10p95.txt
477 /Users/baj/Documents/roman_slitless_sims_seds/bc03_template_4_gyr_ms10p35.txt
478 /Users/baj/Documents/roman_slitless_sims_seds/bc03_template_1_gyr_ms10p99.txt
479 /Users/baj/Documents/roman_slitless_sims_seds/bc03_template_2_gyr_ms10p15.txt
480 /Users/baj/Documents/roman_slitless_sims_seds/bc03_template_100_myr_ms10p05.txt
481 /Users/baj/Documents/roman_slitless_sims_seds/salt2_spec_day5.txt
482 /Users/baj/Documents/roman_slitless_sims_seds/bc03_template_100_myr_ms10p85.txt
483 /Users/baj/Documents/roman_slitless_sims_seds/bc03_template_300_myr_ms10p83.txt
484 /Users/baj/Documents/roman_slitless_sims_seds/bc03_template_100_myr_ms10p45.txt
485 /Users/baj/Documents/roman_slitless_sims_seds/bc03_template_6_gyr_ms10p93.txt
486 /Users/baj/Documents/roman_slitless_sims_seds/bc03_template_100_myr_ms10p44.txt
487 /Users/baj/Documents/roman_slitless_sims_seds/bc03_template_500_myr_ms10p17.txt
488 /Users/baj/Documents/roman_slitless_sims_seds/bc03_template_500_myr_ms10p75.txt
489 /Users/baj/Documents/roman_slitless_sims_seds/bc03_template_2_gyr_ms10p16.txt
490 /Users/baj/Documents/roman_slitless_sims_seds/bc03_template_300_myr_ms10p49.txt
491 /Users/baj/Documents/roman_slitless_sims_seds/bc03_template_500_myr_ms10p03.txt
492 /Users/baj/Documents/roman_slitless_sims_seds/bc03_template_500_myr_ms10p28.txt
493 /Users/baj/Documents/roman_slitless_sims_seds/bc03_template_100_myr_ms10p10.txt
494 /Users/baj/Documents/roman_slitless_sims_seds/bc03_template_300_myr_ms10p62.txt
495 /Users/baj/Documents/roman_slitless_sims_seds/bc03_template_500_myr_ms10p12.txt
496 /Users/baj/Documents/roman_slitless_sims_seds/bc03_template_2_gyr_ms10p64.txt
497 /Users/baj/Documents/roman_slitless_sims_seds/bc03_template_4_gyr_ms10p93.txt
498 /Users/baj/Documents/roman_slitless_sims_seds/bc03_template_4_gyr_ms10p48.txt
499 /Users/baj/Documents/roman_slitless_sims_seds/bc03_template_1_gyr_ms10p35.txt
500 /Users/baj/Documents/roman_slitless_sims_seds/bc03_template_1_gyr_ms10p30.txt
501 /Users/baj/Documents/roman_slitless_sims_seds/bc03_template_1_gyr_ms10p82.txt
502 /Users/baj/Documents/roman_slitless_sims_seds/bc03_template_500_myr_ms10p55.txt
503 /Users/baj/Documents/roman_slitless_sims_seds/bc03_template_100_myr_ms10p46.txt
504 /Users/baj/Documents/roman_slitless_sims_seds/bc03_template_300_myr_ms10p80.txt
505 /Users/baj/Documents/roman_slitless_sims_seds/bc03_template_1_gyr_ms10p56.txt
506 /Users/baj/Documents/roman_slitless_sims_seds/bc03_template_100_myr_ms10p11.txt
507 /Users/baj/Documents/roman_slitless_sims_seds/bc03_template_6_gyr_ms10p75.txt
508 /Users/baj/Documents/roman_slitless_sims_seds/bc03_template_2_gyr_ms10p36.txt
509 /Users/baj/Documents/roman_slitless_sims_seds/bc03_template_2_gyr_ms10p87.txt
510 /Users/baj/Documents/roman_slitless_sims_seds/bc03_template_1_gyr_ms10p63.txt
511 /Users/baj/Documents/roman_slitless_sims_seds/bc03_template_6_gyr_ms10p55.txt
512 /Users/baj/Documents/roman_slitless_sims_seds/bc03_template_500_myr_ms10p24.txt
513 /Users/baj/Documents/roman_slitless_sims_seds/bc03_template_4_gyr_ms10p58.txt
514 /Users/baj/Documents/roman_slitless_sims_seds/bc03_template_300_myr_ms10p33.txt
515 /Users/baj/Documents/roman_slitless_sims_seds/bc03_template_6_gyr_ms10p79.txt
516 /Users/baj/Documents/roman_slitless_sims_seds/bc03_template_300_myr_ms10p28.txt
517 /Users/baj/Documents/roman_slitless_sims_seds/bc03_template_4_gyr_ms10p40.txt
518 /Users/baj/Documents/roman_slitless_sims_seds/bc03_template_2_gyr_ms10p24.txt
519 /Users/baj/Documents/roman_slitless_sims_seds/bc03_template_4_gyr_ms10p95.txt
520 /Users/baj/Documents/roman_slitless_sims_seds/bc03_template_1_gyr_ms10p72.txt
521 /Users/baj/Documents/roman_slitless_sims_seds/bc03_template_1_gyr_ms10p79.txt
522 /Users/baj/Documents/roman_slitless_sims_seds/bc03_template_100_myr_ms10p72.txt
523 /Users/baj/Documents/roman_slitless_sims_seds/bc03_template_500_myr_ms10p62.txt
524 /Users/baj/Documents/roman_slitless_sims_seds/bc03_template_6_gyr_ms10p67.txt
525 /Users/baj/Documents/roman_slitless_sims_seds/bc03_template_4_gyr_ms10p14.txt
526 /Users/baj/Documents/roman_slitless_sims_seds/bc03_template_500_myr_ms10p54.txt
527 /Users/baj/Documents/roman_slitless_sims_seds/bc03_template_100_myr_ms10p87.txt
528 /Users/baj/Documents/roman_slitless_sims_seds/bc03_template_6_gyr_ms10p69.txt
529 /Users/baj/Documents/roman_slitless_sims_seds/bc03_template_100_myr_ms10p16.txt
530 /Users/baj/Documents/roman_slitless_sims_seds/bc03_template_100_myr_ms10p40.txt
531 /Users/baj/Documents/roman_slitless_sims_seds/bc03_template_6_gyr_ms10p34.txt
532 /Users/baj/Documents/roman_slitless_sims_seds/bc03_template_1_gyr_ms10p08.txt
533 /Users/baj/Documents/roman_slitless_sims_seds/bc03_template_6_gyr_ms10p57.txt
534 /Users/baj/Documents/roman_slitless_sims_seds/bc03_template_2_gyr_ms10p63.txt
535 /Users/baj/Documents/roman_slitless_sims_seds/bc03_template_100_myr_ms10p04.txt
536 /Users/baj/Documents/roman_slitless_sims_seds/bc03_template_1_gyr_ms10p43.txt
537 /Users/baj/Documents/roman_slitless_sims_seds/bc03_template_500_myr_ms10p03.txt
538 /Users/baj/Documents/roman_slitless_sims_seds/bc03_template_1_gyr_ms10p65.txt
539 /Users/baj/Documents/roman_slitless_sims_seds/bc03_template_100_myr_ms10p29.txt
540 /Users/baj/Documents/roman_slitless_sims_seds/bc03_template_1_gyr_ms11p00.txt
541 /Users/baj/Documents/roman_slitless_sims_seds/bc03_template_300_myr_ms10p92.txt
542 /Users/baj/Documents/roman_slitless_sims_seds/bc03_template_100_myr_ms10p33.txt
543 /Users/baj/Documents/roman_slitless_sims_seds/bc03_template_1_gyr_ms10p96.txt
544 /Users/baj/Documents/roman_slitless_sims_seds/bc03_template_300_myr_ms10p99.txt
545 /Users/baj/Documents/roman_slitless_sims_seds/bc03_template_2_gyr_ms10p24.txt
546 /Users/baj/Documents/roman_slitless_sims_seds/bc03_template_300_myr_ms10p53.txt
547 /Users/baj/Documents/roman_slitless_sims_seds/salt2_spec_day13.txt
548 /Users/baj/Documents/roman_slitless_sims_seds/bc03_template_100_myr_ms10p43.txt
549 /Users/baj/Documents/roman_slitless_sims_seds/bc03_template_6_gyr_ms10p16.txt
550 /Users/baj/Documents/roman_slitless_sims_seds/bc03_template_6_gyr_ms10p17.txt
551 /Users/baj/Documents/roman_slitless_sims_seds/bc03_template_1_gyr_ms10p81.txt
552 /Users/baj/Documents/roman_slitless_sims_seds/bc03_template_2_gyr_ms10p83.txt
553 /Users/baj/Documents/roman_slitless_sims_seds/bc03_template_4_gyr_ms10p24.txt
554 /Users/baj/Documents/roman_slitless_sims_seds/bc03_template_100_myr_ms10p68.txt
555 /Users/baj/Documents/roman_slitless_sims_seds/bc03_template_300_myr_ms10p53.txt
556 /Users/baj/Documents/roman_slitless_sims_seds/bc03_template_300_myr_ms10p34.txt
557 /Users/baj/Documents/roman_slitless_sims_seds/bc03_template_100_myr_ms10p30.txt
558 /Users/baj/Documents/roman_slitless_sims_seds/bc03_template_300_myr_ms10p17.txt
559 /Users/baj/Documents/roman_slitless_sims_seds/bc03_template_2_gyr_ms10p11.txt
560 /Users/baj/Documents/roman_slitless_sims_seds/bc03_template_500_myr_ms10p21.txt
561 /Users/baj/Documents/roman_slitless_sims_seds/bc03_template_100_myr_ms10p37.txt
562 /Users/baj/Documents/roman_slitless_sims_seds/bc03_template_2_gyr_ms10p28.txt
563 /Users/baj/Documents/roman_slitless_sims_seds/bc03_template_100_myr_ms10p24.txt
564 /Users/baj/Documents/roman_slitless_sims_seds/bc03_template_4_gyr_ms10p14.txt
565 /Users/baj/Documents/roman_slitless_sims_seds/bc03_template_100_myr_ms10p13.txt
566 /Users/baj/Documents/roman_slitless_sims_seds/bc03_template_1_gyr_ms10p83.txt
567 /Users/baj/Documents/roman_slitless_sims_seds/bc03_template_500_myr_ms10p27.txt
568 /Users/baj/Documents/roman_slitless_sims_seds/bc03_template_6_gyr_ms10p43.txt
569 /Users/baj/Documents/roman_slitless_sims_seds/bc03_template_4_gyr_ms10p44.txt
570 /Users/baj/Documents/roman_slitless_sims_seds/bc03_template_4_gyr_ms10p18.txt
571 /Users/baj/Documents/roman_slitless_sims_seds/bc03_template_1_gyr_ms10p20.txt
572 /Users/baj/Documents/roman_slitless_sims_seds/bc03_template_100_myr_ms10p55.txt
573 /Users/baj/Documents/roman_slitless_sims_seds/bc03_template_100_myr_ms10p58.txt
574 /Users/baj/Documents/roman_slitless_sims_seds/bc03_template_6_gyr_ms10p87.txt
575 /Users/baj/Documents/roman_slitless_sims_seds/bc03_template_100_myr_ms10p69.txt
576 /Users/baj/Documents/roman_slitless_sims_seds/bc03_template_1_gyr_ms10p47.txt
577 /Users/baj/Documents/roman_slitless_sims_seds/bc03_template_100_myr_ms10p13.txt
578 /Users/baj/Documents/roman_slitless_sims_seds/bc03_template_100_myr_ms10p98.txt
579 /Users/baj/Documents/roman_slitless_sims_seds/bc03_template_300_myr_ms10p80.txt
580 /Users/baj/Documents/roman_slitless_sims_seds/bc03_template_4_gyr_ms10p24.txt
581 /Users/baj/Documents/roman_slitless_sims_seds/bc03_template_300_myr_ms10p79.txt
582 /Users/baj/Documents/roman_slitless_sims_seds/bc03_template_6_gyr_ms11p00.txt
583 /Users/baj/Documents/roman_slitless_sims_seds/bc03_template_1_gyr_ms10p84.txt
584 /Users/baj/Documents/roman_slitless_sims_seds/bc03_template_4_gyr_ms10p26.txt
585 /Users/baj/Documents/roman_slitless_sims_seds/bc03_template_6_gyr_ms10p54.txt
586 /Users/baj/Documents/roman_slitless_sims_seds/bc03_template_1_gyr_ms10p31.txt
587 /Users/baj/Documents/roman_slitless_sims_seds/bc03_template_4_gyr_ms10p83.txt
588 /Users/baj/Documents/roman_slitless_sims_seds/bc03_template_2_gyr_ms10p40.txt
589 /Users/baj/Documents/roman_slitless_sims_seds/bc03_template_2_gyr_ms10p93.txt
590 /Users/baj/Documents/roman_slitless_sims_seds/bc03_template_1_gyr_ms10p38.txt
591 /Users/baj/Documents/roman_slitless_sims_seds/bc03_template_6_gyr_ms10p46.txt
592 /Users/baj/Documents/roman_slitless_sims_seds/bc03_template_2_gyr_ms10p46.txt
593 /Users/baj/Documents/roman_slitless_sims_seds/bc03_template_2_gyr_ms10p00.txt
594 /Users/baj/Documents/roman_slitless_sims_seds/bc03_template_300_myr_ms10p31.txt
595 /Users/baj/Documents/roman_slitless_sims_seds/bc03_template_500_myr_ms10p52.txt
596 /Users/baj/Documents/roman_slitless_sims_seds/bc03_template_6_gyr_ms10p31.txt
597 /Users/baj/Documents/roman_slitless_sims_seds/bc03_template_500_myr_ms10p96.txt
598 /Users/baj/Documents/roman_slitless_sims_seds/bc03_template_4_gyr_ms10p40.txt
599 /Users/baj/Documents/roman_slitless_sims_seds/bc03_template_2_gyr_ms10p67.txt
600 /Users/baj/Documents/roman_slitless_sims_seds/bc03_template_300_myr_ms10p21.txt
601 /Users/baj/Documents/roman_slitless_sims_seds/bc03_template_300_myr_ms10p08.txt
602 /Users/baj/Documents/roman_slitless_sims_seds/bc03_template_500_myr_ms10p51.txt
603 /Users/baj/Documents/roman_slitless_sims_seds/bc03_template_300_myr_ms10p42.txt
604 /Users/baj/Documents/roman_slitless_sims_seds/bc03_template_500_myr_ms10p92.txt
605 /Users/baj/Documents/roman_slitless_sims_seds/bc03_template_4_gyr_ms10p83.txt
606 /Users/baj/Documents/roman_slitless_sims_seds/bc03_template_500_myr_ms10p39.txt
607 /Users/baj/Documents/roman_slitless_sims_seds/bc03_template_1_gyr_ms10p66.txt
608 /Users/baj/Documents/roman_slitless_sims_seds/bc03_template_4_gyr_ms10p00.txt
609 /Users/baj/Documents/roman_slitless_sims_seds/bc03_template_300_myr_ms10p74.txt
610 /Users/baj/Documents/roman_slitless_sims_seds/bc03_template_1_gyr_ms10p21.txt
611 /Users/baj/Documents/roman_slitless_sims_seds/bc03_template_2_gyr_ms10p07.txt
612 /Users/baj/Documents/roman_slitless_sims_seds/bc03_template_4_gyr_ms10p07.txt
613 /Users/baj/Documents/roman_slitless_sims_seds/bc03_template_4_gyr_ms10p82.txt
614 /Users/baj/Documents/roman_slitless_sims_seds/bc03_template_1_gyr_ms10p09.txt
615 /Users/baj/Documents/roman_slitless_sims_seds/bc03_template_4_gyr_ms10p91.txt
616 /Users/baj/Documents/roman_slitless_sims_seds/bc03_template_1_gyr_ms10p44.txt
617 /Users/baj/Documents/roman_slitless_sims_seds/bc03_template_6_gyr_ms10p97.txt
618 /Users/baj/Documents/roman_slitless_sims_seds/bc03_template_2_gyr_ms10p80.txt
619 /Users/baj/Documents/roman_slitless_sims_seds/bc03_template_6_gyr_ms10p79.txt
620 /Users/baj/Documents/roman_slitless_sims_seds/bc03_template_6_gyr_ms10p06.txt
621 /Users/baj/Documents/roman_slitless_sims_seds/bc03_template_300_myr_ms10p04.txt
622 /Users/baj/Documents/roman_slitless_sims_seds/bc03_template_6_gyr_ms10p81.txt
623 /Users/baj/Documents/roman_slitless_sims_seds/bc03_template_500_myr_ms10p03.txt
624 /Users/baj/Documents/roman_slitless_sims_seds/bc03_template_6_gyr_ms10p17.txt
625 /Users/baj/Documents/roman_slitless_sims_seds/bc03_template_2_gyr_ms10p04.txt
626 /Users/baj/Documents/roman_slitless_sims_seds/bc03_template_500_myr_ms10p24.txt
627 /Users/baj/Documents/roman_slitless_sims_seds/bc03_template_1_gyr_ms10p59.txt
628 /Users/baj/Documents/roman_slitless_sims_seds/bc03_template_1_gyr_ms10p95.txt
629 /Users/baj/Documents/roman_slitless_sims_seds/bc03_template_2_gyr_ms10p83.txt
630 /Users/baj/Documents/roman_slitless_sims_seds/bc03_template_500_myr_ms10p26.txt
631 /Users/baj/Documents/roman_slitless_sims_seds/bc03_template_100_myr_ms10p23.txt
632 /Users/baj/Documents/roman_slitless_sims_seds/bc03_template_4_gyr_ms10p70.txt
633 /Users/baj/Documents/roman_slitless_sims_seds/bc03_template_2_gyr_ms10p71.txt
634 /Users/baj/Documents/roman_slitless_sims_seds/bc03_template_2_gyr_ms10p77.txt
635 /Users/baj/Documents/roman_slitless_sims_seds/bc03_template_2_gyr_ms10p21.txt
636 /Users/baj/Documents/roman_slitless_sims_seds/bc03_template_300_myr_ms10p53.txt
637 /Users/baj/Documents/roman_slitless_sims_seds/bc03_template_2_gyr_ms10p45.txt
638 /Users/baj/Documents/roman_slitless_sims_seds/bc03_template_4_gyr_ms10p42.txt
639 /Users/baj/Documents/roman_slitless_sims_seds/bc03_template_4_gyr_ms10p69.txt
640 /Users/baj/Documents/roman_slitless_sims_seds/bc03_template_100_myr_ms10p74.txt
641 /Users/baj/Documents/roman_slitless_sims_seds/bc03_template_300_myr_ms10p54.txt
642 /Users/baj/Documents/roman_slitless_sims_seds/bc03_template_100_myr_ms10p51.txt
643 /Users/baj/Documents/roman_slitless_sims_seds/bc03_template_100_myr_ms10p01.txt
644 /Users/baj/Documents/roman_slitless_sims_seds/bc03_template_500_myr_ms10p44.txt
645 /Users/baj/Documents/roman_slitless_sims_seds/bc03_template_300_myr_ms10p36.txt
646 /Users/baj/Documents/roman_slitless_sims_seds/bc03_template_500_myr_ms10p45.txt
647 /Users/baj/Documents/roman_slitless_sims_seds/bc03_template_4_gyr_ms10p18.txt
648 /Users/baj/Documents/roman_slitless_sims_seds/bc03_template_1_gyr_ms10p67.txt
649 /Users/baj/Documents/roman_slitless_sims_seds/bc03_template_300_myr_ms10p76.txt
650 /Users/baj/Documents/roman_slitless_sims_seds/bc03_template_2_gyr_ms11p00.txt
651 /Users/baj/Documents/roman_slitless_sims_seds/bc03_template_4_gyr_ms10p80.txt
652 /Users/baj/Documents/roman_slitless_sims_seds/bc03_template_2_gyr_ms10p31.txt
653 /Users/baj/Documents/roman_slitless_sims_seds/bc03_template_300_myr_ms10p91.txt
654 /Users/baj/Documents/roman_slitless_sims_seds/bc03_template_500_myr_ms10p62.txt
655 /Users/baj/Documents/roman_slitless_sims_seds/bc03_template_500_myr_ms10p45.txt
656 /Users/baj/Documents/roman_slitless_sims_seds/bc03_template_1_gyr_ms10p18.txt
657 /Users/baj/Documents/roman_slitless_sims_seds/bc03_template_1_gyr_ms10p81.txt
658 /Users/baj/Documents/roman_slitless_sims_seds/bc03_template_6_gyr_ms10p65.txt
659 /Users/baj/Documents/roman_slitless_sims_seds/bc03_template_2_gyr_ms10p78.txt
660 /Users/baj/Documents/roman_slitless_sims_seds/bc03_template_100_myr_ms10p43.txt
661 /Users/baj/Documents/roman_slitless_sims_seds/bc03_template_300_myr_ms10p64.txt
662 /Users/baj/Documents/roman_slitless_sims_seds/bc03_template_100_myr_ms10p53.txt
663 /Users/baj/Documents/roman_slitless_sims_seds/bc03_template_300_myr_ms10p92.txt
664 /Users/baj/Documents/roman_slitless_sims_seds/bc03_template_500_myr_ms10p41.txt
665 /Users/baj/Documents/roman_slitless_sims_seds/bc03_template_6_gyr_ms10p46.txt
666 /Users/baj/Documents/roman_slitless_sims_seds/bc03_template_300_myr_ms10p62.txt
667 /Users/baj/Documents/roman_slitless_sims_seds/bc03_template_6_gyr_ms10p22.txt
668 /Users/baj/Documents/roman_slitless_sims_seds/bc03_template_6_gyr_ms10p18.txt
669 /Users/baj/Documents/roman_slitless_sims_seds/bc03_template_1_gyr_ms10p60.txt
670 /Users/baj/Documents/roman_slitless_sims_seds/bc03_template_100_myr_ms10p49.txt
671 /Users/baj/Documents/roman_slitless_sims_seds/bc03_template_500_myr_ms10p74.txt
672 /Users/baj/Documents/roman_slitless_sims_seds/bc03_template_1_gyr_ms10p07.txt
673 /Users/baj/Documents/roman_slitless_sims_seds/bc03_template_500_myr_ms10p29.txt
674 /Users/baj/Documents/roman_slitless_sims_seds/bc03_template_2_gyr_ms10p53.txt
675 /Users/baj/Documents/roman_slitless_sims_seds/bc03_template_6_gyr_ms10p95.txt
676 /Users/baj/Documents/roman_slitless_sims_seds/bc03_template_1_gyr_ms10p82.txt
677 /Users/baj/Documents/roman_slitless_sims_seds/bc03_template_100_myr_ms10p36.txt
678 /Users/baj/Documents/roman_slitless_sims_seds/bc03_template_6_gyr_ms10p59.txt
679 /Users/baj/Documents/roman_slitless_sims_seds/bc03_template_4_gyr_ms10p44.txt
680 /Users/baj/Documents/roman_slitless_sims_seds/bc03_template_6_gyr_ms10p52.txt
681 /Users/baj/Documents/roman_slitless_sims_seds/bc03_template_4_gyr_ms10p86.txt
682 /Users/baj/Documents/roman_slitless_sims_seds/bc03_template_6_gyr_ms10p83.txt
683 /Users/baj/Documents/roman_slitless_sims_seds/bc03_template_2_gyr_ms10p79.txt
684 /Users/baj/Documents/roman_slitless_sims_seds/bc03_template_100_myr_ms10p73.txt
685 /Users/baj/Documents/roman_slitless_sims_seds/bc03_template_6_gyr_ms10p15.txt
686 /Users/baj/Documents/roman_slitless_sims_seds/bc03_template_300_myr_ms10p29.txt
687 /Users/baj/Documents/roman_slitless_sims_seds/bc03_template_6_gyr_ms10p43.txt
688 /Users/baj/Documents/roman_slitless_sims_seds/bc03_template_500_myr_ms10p60.txt
689 /Users/baj/Documents/roman_slitless_sims_seds/bc03_template_2_gyr_ms10p69.txt
690 /Users/baj/Documents/roman_slitless_sims_seds/bc03_template_1_gyr_ms10p00.txt
691 /Users/baj/Documents/roman_slitless_sims_seds/bc03_template_1_gyr_ms10p07.txt
692 /Users/baj/Documents/roman_slitless_sims_seds/bc03_template_4_gyr_ms10p22.txt
693 /Users/baj/Documents/roman_slitless_sims_seds/bc03_template_100_myr_ms10p15.txt
694 /Users/baj/Documents/roman_slitless_sims_seds/bc03_template_2_gyr_ms10p08.txt
695 /Users/baj/Documents/roman_slitless_sims_seds/bc03_template_100_myr_ms10p14.txt
696 /Users/baj/Documents/roman_slitless_sims_seds/bc03_template_6_gyr_ms10p55.txt
697 /Users/baj/Documents/roman_slitless_sims_seds/bc03_template_300_myr_ms10p67.txt
698 /Users/baj/Documents/roman_slitless_sims_seds/bc03_template_1_gyr_ms10p75.txt
699 /Users/baj/Documents/roman_slitless_sims_seds/bc03_template_300_myr_ms10p63.txt
700 /Users/baj/Documents/roman_slitless_sims_seds/bc03_template_6_gyr_ms10p02.txt
701 /Users/baj/Documents/roman_slitless_sims_seds/bc03_template_500_myr_ms10p54.txt
702 /Users/baj/Documents/roman_slitless_sims_seds/bc03_template_300_myr_ms10p46.txt
703 /Users/baj/Documents/roman_slitless_sims_seds/bc03_template_2_gyr_ms10p93.txt
704 /Users/baj/Documents/roman_slitless_sims_seds/bc03_template_300_myr_ms10p73.txt
705 /Users/baj/Documents/roman_slitless_sims_seds/bc03_template_2_gyr_ms10p64.txt
706 /Users/baj/Documents/roman_slitless_sims_seds/bc03_template_1_gyr_ms10p28.txt
707 /Users/baj/Documents/roman_slitless_sims_seds/bc03_template_300_myr_ms10p01.txt
708 /Users/baj/Documents/roman_slitless_sims_seds/bc03_template_6_gyr_ms10p64.txt
709 /Users/baj/Documents/roman_slitless_sims_seds/bc03_template_500_myr_ms10p99.txt
710 /Users/baj/Documents/roman_slitless_sims_seds/bc03_template_100_myr_ms10p41.txt
711 /Users/baj/Documents/roman_slitless_sims_seds/bc03_template_6_gyr_ms10p01.txt
712 /Users/baj/Documents/roman_slitless_sims_seds/bc03_template_2_gyr_ms10p18.txt
713 /Users/baj/Documents/roman_slitless_sims_seds/bc03_template_1_gyr_ms10p84.txt
714 /Users/baj/Documents/roman_slitless_sims_seds/bc03_template_500_myr_ms10p91.txt
715 /Users/baj/Documents/roman_slitless_sims_seds/bc03_template_100_myr_ms10p99.txt
716 /Users/baj/Documents/roman_slitless_sims_seds/bc03_template_500_myr_ms10p39.txt
717 /Users/baj/Documents/roman_slitless_sims_seds/bc03_template_300_myr_ms10p01.txt
718 /Users/baj/Documents/roman_slitless_sims_seds/bc03_template_500_myr_ms10p12.txt
719 /Users/baj/Documents/roman_slitless_sims_seds/bc03_template_6_gyr_ms10p73.txt
720 /Users/baj/Documents/roman_slitless_sims_seds/bc03_template_100_myr_ms10p94.txt
721 /Users/baj/Documents/roman_slitless_sims_seds/bc03_template_1_gyr_ms10p01.txt
722 /Users/baj/Documents/roman_slitless_sims_seds/bc03_template_2_gyr_ms10p87.txt
723 /Users/baj/Documents/roman_slitless_sims_seds/bc03_template_1_gyr_ms10p34.txt
724 /Users/baj/Documents/roman_slitless_sims_seds/bc03_template_4_gyr_ms10p13.txt
725 /Users/baj/Documents/roman_slitless_sims_seds/bc03_template_2_gyr_ms10p82.txt
726 /Users/baj/Documents/roman_slitless_sims_seds/bc03_template_500_myr_ms11p00.txt
727 /Users/baj/Documents/roman_slitless_sims_seds/bc03_template_300_myr_ms10p98.txt
728 /Users/baj/Documents/roman_slitless_sims_seds/bc03_template_1_gyr_ms10p70.txt
729 /Users/baj/Documents/roman_slitless_sims_seds/bc03_template_6_gyr_ms10p34.txt
730 /Users/baj/Documents/roman_slitless_sims_seds/bc03_template_500_myr_ms10p99.txt
731 /Users/baj/Documents/roman_slitless_sims_seds/bc03_template_2_gyr_ms10p35.txt
732 /Users/baj/Documents/roman_slitless_sims_seds/bc03_template_4_gyr_ms10p34.txt
733 /Users/baj/Documents/roman_slitless_sims_seds/bc03_template_100_myr_ms10p88.txt
734 /Users/baj/Documents/roman_slitless_sims_seds/bc03_template_300_myr_ms10p03.txt
735 /Users/baj/Documents/roman_slitless_sims_seds/bc03_template_100_myr_ms10p59.txt
736 /Users/baj/Documents/roman_slitless_sims_seds/bc03_template_4_gyr_ms10p75.txt
737 /Users/baj/Documents/roman_slitless_sims_seds/bc03_template_6_gyr_ms10p34.txt
738 /Users/baj/Documents/roman_slitless_sims_seds/bc03_template_300_myr_ms10p94.txt
739 /Users/baj/Documents/roman_slitless_sims_seds/bc03_template_4_gyr_ms10p43.txt
740 /Users/baj/Documents/roman_slitless_sims_seds/bc03_template_1_gyr_ms10p94.txt
741 /Users/baj/Documents/roman_slitless_sims_seds/bc03_template_2_gyr_ms10p55.txt
742 /Users/baj/Documents/roman_slitless_sims_seds/bc03_template_4_gyr_ms10p91.txt
743 /Users/baj/Documents/roman_slitless_sims_seds/bc03_template_2_gyr_ms10p16.txt
744 /Users/baj/Documents/roman_slitless_sims_seds/bc03_template_500_myr_ms10p63.txt
745 /Users/baj/Documents/roman_slitless_sims_seds/bc03_template_100_myr_ms10p36.txt
746 /Users/baj/Documents/roman_slitless_sims_seds/bc03_template_1_gyr_ms10p67.txt
747 /Users/baj/Documents/roman_slitless_sims_seds/bc03_template_300_myr_ms10p92.txt
748 /Users/baj/Documents/roman_slitless_sims_seds/bc03_template_100_myr_ms10p30.txt
749 /Users/baj/Documents/roman_slitless_sims_seds/bc03_template_100_myr_ms10p61.txt
750 /Users/baj/Documents/roman_slitless_sims_seds/bc03_template_2_gyr_ms10p59.txt
751 /Users/baj/Documents/roman_slitless_sims_seds/bc03_template_1_gyr_ms10p55.txt
752 /Users/baj/Documents/roman_slitless_sims_seds/bc03_template_300_myr_ms10p41.txt
753 /Users/baj/Documents/roman_slitless_sims_seds/salt2_spec_day15.txt
754 /Users/baj/Documents/roman_slitless_sims_seds/bc03_template_100_myr_ms10p44.txt
755 /Users/baj/Documents/roman_slitless_sims_seds/bc03_template_6_gyr_ms10p84.txt
756 /Users/baj/Documents/roman_slitless_sims_seds/bc03_template_300_myr_ms10p25.txt
757 /Users/baj/Documents/roman_slitless_sims_seds/bc03_template_2_gyr_ms10p11.txt
758 /Users/baj/Documents/roman_slitless_sims_seds/bc03_template_2_gyr_ms10p74.txt
759 /Users/baj/Documents/roman_slitless_sims_seds/bc03_template_1_gyr_ms10p36.txt
760 /Users/baj/Documents/roman_slitless_sims_seds/bc03_template_500_myr_ms10p22.txt
761 /Users/baj/Documents/roman_slitless_sims_seds/bc03_template_1_gyr_ms10p46.txt
762 /Users/baj/Documents/roman_slitless_sims_seds/bc03_template_4_gyr_ms10p68.txt
763 /Users/baj/Documents/roman_slitless_sims_seds/bc03_template_1_gyr_ms10p79.txt
764 /Users/baj/Documents/roman_slitless_sims_seds/bc03_template_2_gyr_ms10p68.txt
765 /Users/baj/Documents/roman_slitless_sims_seds/bc03_template_100_myr_ms10p81.txt
766 /Users/baj/Documents/roman_slitless_sims_seds/bc03_template_4_gyr_ms10p42.txt
767 /Users/baj/Documents/roman_slitless_sims_seds/bc03_template_2_gyr_ms10p15.txt
768 /Users/baj/Documents/roman_slitless_sims_seds/bc03_template_1_gyr_ms10p60.txt
769 /Users/baj/Documents/roman_slitless_sims_seds/bc03_template_2_gyr_ms10p19.txt
770 /Users/baj/Documents/roman_slitless_sims_seds/bc03_template_100_myr_ms10p76.txt
771 /Users/baj/Documents/roman_slitless_sims_seds/bc03_template_6_gyr_ms10p10.txt
772 /Users/baj/Documents/roman_slitless_sims_seds/bc03_template_6_gyr_ms10p30.txt
773 /Users/baj/Documents/roman_slitless_sims_seds/bc03_template_1_gyr_ms10p44.txt
774 /Users/baj/Documents/roman_slitless_sims_seds/bc03_template_300_myr_ms10p40.txt
775 /Users/baj/Documents/roman_slitless_sims_seds/bc03_template_4_gyr_ms10p95.txt
776 /Users/baj/Documents/roman_slitless_sims_seds/bc03_template_100_myr_ms10p63.txt
777 /Users/baj/Documents/roman_slitless_sims_seds/bc03_template_500_myr_ms10p42.txt
778 /Users/baj/Documents/roman_slitless_sims_seds/bc03_template_6_gyr_ms10p27.txt
779 /Users/baj/Documents/roman_slitless_sims_seds/bc03_template_2_gyr_ms10p49.txt
780 /Users/baj/Documents/roman_slitless_sims_seds/bc03_template_500_myr_ms10p13.txt
781 /Users/baj/Documents/roman_slitless_sims_seds/bc03_template_300_myr_ms10p11.txt
782 /Users/baj/Documents/roman_slitless_sims_seds/bc03_template_2_gyr_ms10p82.txt
783 /Users/baj/Documents/roman_slitless_sims_seds/bc03_template_300_myr_ms10p57.txt
784 /Users/baj/Documents/roman_slitless_sims_seds/bc03_template_500_myr_ms10p72.txt
785 /Users/baj/Documents/roman_slitless_sims_seds/bc03_template_4_gyr_ms10p98.txt
786 /Users/baj/Documents/roman_slitless_sims_seds/bc03_template_500_myr_ms10p69.txt
787 /Users/baj/Documents/roman_slitless_sims_seds/bc03_template_1_gyr_ms10p23.txt
788 /Users/baj/Documents/roman_slitless_sims_seds/bc03_template_2_gyr_ms10p35.txt
789 /Users/baj/Documents/roman_slitless_sims_seds/bc03_template_4_gyr_ms10p46.txt
790 /Users/baj/Documents/roman_slitless_sims_seds/bc03_template_300_myr_ms10p66.txt
791 /Users/baj/Documents/roman_slitless_sims_seds/bc03_template_6_gyr_ms10p71.txt
792 /Users/baj/Documents/roman_slitless_sims_seds/bc03_template_2_gyr_ms10p22.txt
793 /Users/baj/Documents/roman_slitless_sims_seds/bc03_template_6_gyr_ms10p54.txt
794 /Users/baj/Documents/roman_slitless_sims_seds/bc03_template_500_myr_ms10p73.txt
795 /Users/baj/Documents/roman_slitless_sims_seds/bc03_template_2_gyr_ms10p98.txt
796 /Users/baj/Documents/roman_slitless_sims_seds/bc03_template_6_gyr_ms10p92.txt
797 /Users/baj/Documents/roman_slitless_sims_seds/bc03_template_2_gyr_ms10p90.txt
798 /Users/baj/Documents/roman_slitless_sims_seds/bc03_template_2_gyr_ms10p57.txt
799 /Users/baj/Documents/roman_slitless_sims_seds/bc03_template_300_myr_ms10p85.txt
800 /Users/baj/Documents/roman_slitless_sims_seds/bc03_template_4_gyr_ms10p42.txt
801 /Users/baj/Documents/roman_slitless_sims_seds/bc03_template_2_gyr_ms10p85.txt
802 /Users/baj/Documents/roman_slitless_sims_seds/bc03_template_500_myr_ms10p76.txt
803 /Users/baj/Documents/roman_slitless_sims_seds/bc03_template_2_gyr_ms10p78.txt
804 /Users/baj/Documents/roman_slitless_sims_seds/bc03_template_4_gyr_ms10p58.txt
805 /Users/baj/Documents/roman_slitless_sims_seds/bc03_template_300_myr_ms10p34.txt
806 /Users/baj/Documents/roman_slitless_sims_seds/bc03_template_6_gyr_ms10p79.txt
807 /Users/baj/Documents/roman_slitless_sims_seds/bc03_template_6_gyr_ms10p73.txt
808 /Users/baj/Documents/roman_slitless_sims_seds/bc03_template_6_gyr_ms10p12.txt
809 /Users/baj/Documents/roman_slitless_sims_seds/bc03_template_6_gyr_ms10p24.txt
810 /Users/baj/Documents/roman_slitless_sims_seds/bc03_template_500_myr_ms10p07.txt
811 /Users/baj/Documents/roman_slitless_sims_seds/bc03_template_500_myr_ms10p55.txt
812 /Users/baj/Documents/roman_slitless_sims_seds/bc03_template_300_myr_ms10p93.txt
813 /Users/baj/Documents/roman_slitless_sims_seds/bc03_template_500_myr_ms11p00.txt
814 /Users/baj/Documents/roman_slitless_sims_seds/bc03_template_2_gyr_ms10p78.txt
815 /Users/baj/Documents/roman_slitless_sims_seds/bc03_template_2_gyr_ms10p82.txt
816 /Users/baj/Documents/roman_slitless_sims_seds/bc03_template_300_myr_ms10p14.txt
817 /Users/baj/Documents/roman_slitless_sims_seds/bc03_template_6_gyr_ms10p64.txt
818 /Users/baj/Documents/roman_slitless_sims_seds/bc03_template_2_gyr_ms10p21.txt
819 /Users/baj/Documents/roman_slitless_sims_seds/bc03_template_6_gyr_ms10p15.txt
820 /Users/baj/Documents/roman_slitless_sims_seds/bc03_template_2_gyr_ms10p11.txt
821 /Users/baj/Documents/roman_slitless_sims_seds/bc03_template_300_myr_ms10p84.txt
822 /Users/baj/Documents/roman_slitless_sims_seds/bc03_template_500_myr_ms10p51.txt
823 /Users/baj/Documents/roman_slitless_sims_seds/bc03_template_1_gyr_ms10p31.txt
824 /Users/baj/Documents/roman_slitless_sims_seds/bc03_template_500_myr_ms10p99.txt
825 /Users/baj/Documents/roman_slitless_sims_seds/bc03_template_1_gyr_ms10p09.txt
826 /Users/baj/Documents/roman_slitless_sims_seds/bc03_template_500_myr_ms10p99.txt
827 /Users/baj/Documents/roman_slitless_sims_seds/bc03_template_100_myr_ms10p45.txt
828 /Users/baj/Documents/roman_slitless_sims_seds/bc03_template_4_gyr_ms10p72.txt
829 /Users/baj/Documents/roman_slitless_sims_seds/bc03_template_2_gyr_ms10p36.txt
830 /Users/baj/Documents/roman_slitless_sims_seds/bc03_template_500_myr_ms10p62.txt
831 /Users/baj/Documents/roman_slitless_sims_seds/bc03_template_2_gyr_ms10p13.txt
832 /Users/baj/Documents/roman_slitless_sims_seds/bc03_template_6_gyr_ms10p39.txt
833 /Users/baj/Documents/roman_slitless_sims_seds/bc03_template_300_myr_ms10p88.txt
834 /Users/baj/Documents/roman_slitless_sims_seds/bc03_template_2_gyr_ms10p25.txt
835 /Users/baj/Documents/roman_slitless_sims_seds/bc03_template_500_myr_ms10p88.txt
836 /Users/baj/Documents/roman_slitless_sims_seds/bc03_template_2_gyr_ms10p57.txt
837 /Users/baj/Documents/roman_slitless_sims_seds/bc03_template_2_gyr_ms10p13.txt
838 /Users/baj/Documents/roman_slitless_sims_seds/bc03_template_1_gyr_ms10p49.txt
839 /Users/baj/Documents/roman_slitless_sims_seds/bc03_template_100_myr_ms10p72.txt
840 /Users/baj/Documents/roman_slitless_sims_seds/bc03_template_4_gyr_ms10p46.txt
841 /Users/baj/Documents/roman_slitless_sims_seds/bc03_template_300_myr_ms10p95.txt
842 /Users/baj/Documents/roman_slitless_sims_seds/bc03_template_4_gyr_ms10p49.txt
843 /Users/baj/Documents/roman_slitless_sims_seds/bc03_template_4_gyr_ms10p04.txt
844 /Users/baj/Documents/roman_slitless_sims_seds/bc03_template_100_myr_ms10p56.txt
845 /Users/baj/Documents/roman_slitless_sims_seds/bc03_template_500_myr_ms10p51.txt
846 /Users/baj/Documents/roman_slitless_sims_seds/bc03_template_100_myr_ms10p65.txt
847 /Users/baj/Documents/roman_slitless_sims_seds/bc03_template_4_gyr_ms10p94.txt
848 /Users/baj/Documents/roman_slitless_sims_seds/bc03_template_500_myr_ms10p00.txt
849 /Users/baj/Documents/roman_slitless_sims_seds/bc03_template_1_gyr_ms10p98.txt
850 /Users/baj/Documents/roman_slitless_sims_seds/bc03_template_6_gyr_ms10p03.txt
851 /Users/baj/Documents/roman_slitless_sims_seds/bc03_template_1_gyr_ms10p28.txt
852 /Users/baj/Documents/roman_slitless_sims_seds/bc03_template_2_gyr_ms10p12.txt
853 /Users/baj/Documents/roman_slitless_sims_seds/bc03_template_2_gyr_ms10p63.txt
854 /Users/baj/Documents/roman_slitless_sims_seds/bc03_template_4_gyr_ms10p62.txt
855 /Users/baj/Documents/roman_slitless_sims_seds/bc03_template_6_gyr_ms10p96.txt
856 /Users/baj/Documents/roman_slitless_sims_seds/bc03_template_4_gyr_ms10p31.txt
857 /Users/baj/Documents/roman_slitless_sims_seds/bc03_template_100_myr_ms10p32.txt
858 /Users/baj/Documents/roman_slitless_sims_seds/bc03_template_300_myr_ms10p86.txt
859 /Users/baj/Documents/roman_slitless_sims_seds/bc03_template_4_gyr_ms10p73.txt
860 /Users/baj/Documents/roman_slitless_sims_seds/bc03_template_100_myr_ms10p86.txt
861 /Users/baj/Documents/roman_slitless_sims_seds/bc03_template_4_gyr_ms10p52.txt
862 /Users/baj/Documents/roman_slitless_sims_seds/bc03_template_6_gyr_ms10p51.txt
863 /Users/baj/Documents/roman_slitless_sims_seds/bc03_template_1_gyr_ms10p80.txt
864 /Users/baj/Documents/roman_slitless_sims_seds/bc03_template_6_gyr_ms10p51.txt
865 /Users/baj/Documents/roman_slitless_sims_seds/bc03_template_4_gyr_ms10p85.txt
866 /Users/baj/Documents/roman_slitless_sims_seds/bc03_template_4_gyr_ms10p91.txt
867 /Users/baj/Documents/roman_slitless_sims_seds/bc03_template_2_gyr_ms10p51.txt
868 /Users/baj/Documents/roman_slitless_sims_seds/bc03_template_1_gyr_ms10p36.txt
869 /Users/baj/Documents/roman_slitless_sims_seds/bc03_template_2_gyr_ms11p00.txt
870 /Users/baj/Documents/roman_slitless_sims_seds/bc03_template_6_gyr_ms10p90.txt
871 /Users/baj/Documents/roman_slitless_sims_seds/bc03_template_4_gyr_ms10p23.txt
872 /Users/baj/Documents/roman_slitless_sims_seds/bc03_template_6_gyr_ms10p22.txt
873 /Users/baj/Documents/roman_slitless_sims_seds/bc03_template_1_gyr_ms10p33.txt
874 /Users/baj/Documents/roman_slitless_sims_seds/bc03_template_1_gyr_ms10p20.txt
875 /Users/baj/Documents/roman_slitless_sims_seds/bc03_template_2_gyr_ms10p23.txt
876 /Users/baj/Documents/roman_slitless_sims_seds/bc03_template_100_myr_ms10p79.txt
877 /Users/baj/Documents/roman_slitless_sims_seds/bc03_template_1_gyr_ms10p53.txt
878 /Users/baj/Documents/roman_slitless_sims_seds/bc03_template_1_gyr_ms10p72.txt
879 /Users/baj/Documents/roman_slitless_sims_seds/bc03_template_6_gyr_ms10p78.txt
880 /Users/baj/Documents/roman_slitless_sims_seds/bc03_template_2_gyr_ms10p18.txt
881 /Users/baj/Documents/roman_slitless_sims_seds/bc03_template_500_myr_ms10p59.txt
882 /Users/baj/Documents/roman_slitless_sims_seds/bc03_template_2_gyr_ms10p24.txt
883 /Users/baj/Documents/roman_slitless_sims_seds/bc03_template_1_gyr_ms10p06.txt
884 /Users/baj/Documents/roman_slitless_sims_seds/bc03_template_100_myr_ms10p40.txt
885 /Users/baj/Documents/roman_slitless_sims_seds/bc03_template_500_myr_ms10p76.txt
886 /Users/baj/Documents/roman_slitless_sims_seds/bc03_template_6_gyr_ms10p85.txt
887 /Users/baj/Documents/roman_slitless_sims_seds/bc03_template_6_gyr_ms11p00.txt
888 /Users/baj/Documents/roman_slitless_sims_seds/bc03_template_300_myr_ms10p98.txt
889 /Users/baj/Documents/roman_slitless_sims_seds/bc03_template_500_myr_ms10p32.txt
890 /Users/baj/Documents/roman_slitless_sims_seds/bc03_template_6_gyr_ms10p67.txt
891 /Users/baj/Documents/roman_slitless_sims_seds/bc03_template_4_gyr_ms10p73.txt
892 /Users/baj/Documents/roman_slitless_sims_seds/bc03_template_6_gyr_ms10p00.txt
893 /Users/baj/Documents/roman_slitless_sims_seds/bc03_template_1_gyr_ms10p88.txt
894 /Users/baj/Documents/roman_slitless_sims_seds/bc03_template_2_gyr_ms10p54.txt
895 /Users/baj/Documents/roman_slitless_sims_seds/bc03_template_2_gyr_ms10p87.txt
896 /Users/baj/Documents/roman_slitless_sims_seds/bc03_template_500_myr_ms10p03.txt
897 /Users/baj/Documents/roman_slitless_sims_seds/bc03_template_6_gyr_ms10p97.txt
898 /Users/baj/Documents/roman_slitless_sims_seds/bc03_template_300_myr_ms10p46.txt
899 /Users/baj/Documents/roman_slitless_sims_seds/bc03_template_1_gyr_ms10p35.txt
900 /Users/baj/Documents/roman_slitless_sims_seds/bc03_template_6_gyr_ms10p63.txt
901 /Users/baj/Documents/roman_slitless_sims_seds/bc03_template_500_myr_ms10p49.txt
902 /Users/baj/Documents/roman_slitless_sims_seds/bc03_template_6_gyr_ms10p13.txt
903 /Users/baj/Documents/roman_slitless_sims_seds/bc03_template_6_gyr_ms10p74.txt
904 /Users/baj/Documents/roman_slitless_sims_seds/bc03_template_2_gyr_ms10p82.txt
905 /Users/baj/Documents/roman_slitless_sims_seds/bc03_template_4_gyr_ms10p35.txt
906 /Users/baj/Documents/roman_slitless_sims_seds/bc03_template_300_myr_ms10p22.txt
907 /Users/baj/Documents/roman_slitless_sims_seds/bc03_template_500_myr_ms10p80.txt
908 /Users/baj/Documents/roman_slitless_sims_seds/bc03_template_6_gyr_ms10p60.txt
909 /Users/baj/Documents/roman_slitless_sims_seds/bc03_template_500_myr_ms10p76.txt
910 /Users/baj/Documents/roman_slitless_sims_seds/bc03_template_4_gyr_ms10p47.txt
911 /Users/baj/Documents/roman_slitless_sims_seds/bc03_template_300_myr_ms10p06.txt
912 /Users/baj/Documents/roman_slitless_sims_seds/bc03_template_500_myr_ms10p53.txt
913 /Users/baj/Documents/roman_slitless_sims_seds/bc03_template_6_gyr_ms10p38.txt
914 /Users/baj/Documents/roman_slitless_sims_seds/bc03_template_500_myr_ms10p16.txt
915 /Users/baj/Documents/roman_slitless_sims_seds/bc03_template_4_gyr_ms10p07.txt
916 /Users/baj/Documents/roman_slitless_sims_seds/bc03_template_1_gyr_ms10p13.txt
917 /Users/baj/Documents/roman_slitless_sims_seds/bc03_template_100_myr_ms10p23.txt
918 /Users/baj/Documents/roman_slitless_sims_seds/bc03_template_6_gyr_ms10p07.txt
919 /Users/baj/Documents/roman_slitless_sims_seds/bc03_template_500_myr_ms10p82.txt
920 /Users/baj/Documents/roman_slitless_sims_seds/bc03_template_4_gyr_ms10p48.txt
921 /Users/baj/Documents/roman_slitless_sims_seds/bc03_template_300_myr_ms10p32.txt
922 /Users/baj/Documents/roman_slitless_sims_seds/bc03_template_100_myr_ms10p21.txt
923 /Users/baj/Documents/roman_slitless_sims_seds/bc03_template_500_myr_ms10p36.txt
924 /Users/baj/Documents/roman_slitless_sims_seds/bc03_template_2_gyr_ms10p14.txt
925 /Users/baj/Documents/roman_slitless_sims_seds/bc03_template_100_myr_ms10p43.txt
926 /Users/baj/Documents/roman_slitless_sims_seds/bc03_template_1_gyr_ms10p23.txt
927 /Users/baj/Documents/roman_slitless_sims_seds/bc03_template_300_myr_ms10p31.txt
928 /Users/baj/Documents/roman_slitless_sims_seds/bc03_template_6_gyr_ms10p70.txt
929 /Users/baj/Documents/roman_slitless_sims_seds/bc03_template_6_gyr_ms10p32.txt
930 /Users/baj/Documents/roman_slitless_sims_seds/bc03_template_2_gyr_ms10p21.txt
931 /Users/baj/Documents/roman_slitless_sims_seds/bc03_template_2_gyr_ms10p45.txt
932 /Users/baj/Documents/roman_slitless_sims_seds/bc03_template_300_myr_ms11p00.txt
933 /Users/baj/Documents/roman_slitless_sims_seds/bc03_template_100_myr_ms11p00.txt
934 /Users/baj/Documents/roman_slitless_sims_seds/bc03_template_500_myr_ms10p96.txt
935 /Users/baj/Documents/roman_slitless_sims_seds/bc03_template_300_myr_ms10p47.txt
936 /Users/baj/Documents/roman_slitless_sims_seds/bc03_template_2_gyr_ms10p01.txt
937 /Users/baj/Documents/roman_slitless_sims_seds/bc03_template_300_myr_ms10p93.txt
938 /Users/baj/Documents/roman_slitless_sims_seds/bc03_template_4_gyr_ms10p00.txt
939 /Users/baj/Documents/roman_slitless_sims_seds/bc03_template_4_gyr_ms10p67.txt
940 /Users/baj/Documents/roman_slitless_sims_seds/bc03_template_100_myr_ms10p64.txt
941 /Users/baj/Documents/roman_slitless_sims_seds/bc03_template_100_myr_ms10p17.txt
942 /Users/baj/Documents/roman_slitless_sims_seds/bc03_template_500_myr_ms10p67.txt
943 /Users/baj/Documents/roman_slitless_sims_seds/bc03_template_1_gyr_ms11p00.txt
944 /Users/baj/Documents/roman_slitless_sims_seds/bc03_template_6_gyr_ms10p45.txt
945 /Users/baj/Documents/roman_slitless_sims_seds/bc03_template_1_gyr_ms10p42.txt
946 /Users/baj/Documents/roman_slitless_sims_seds/bc03_template_2_gyr_ms10p25.txt
947 /Users/baj/Documents/roman_slitless_sims_seds/bc03_template_1_gyr_ms10p07.txt
948 /Users/baj/Documents/roman_slitless_sims_seds/bc03_template_100_myr_ms10p33.txt
949 /Users/baj/Documents/roman_slitless_sims_seds/bc03_template_500_myr_ms10p62.txt
950 /Users/baj/Documents/roman_slitless_sims_seds/bc03_template_6_gyr_ms10p85.txt
951 /Users/baj/Documents/roman_slitless_sims_seds/bc03_template_100_myr_ms10p36.txt
952 /Users/baj/Documents/roman_slitless_sims_seds/bc03_template_100_myr_ms10p97.txt
953 /Users/baj/Documents/roman_slitless_sims_seds/bc03_template_2_gyr_ms10p60.txt
954 /Users/baj/Documents/roman_slitless_sims_seds/bc03_template_6_gyr_ms10p00.txt
955 /Users/baj/Documents/roman_slitless_sims_seds/bc03_template_6_gyr_ms10p67.txt
956 /Users/baj/Documents/roman_slitless_sims_seds/bc03_template_300_myr_ms10p76.txt
957 /Users/baj/Documents/roman_slitless_sims_seds/bc03_template_100_myr_ms10p44.txt
958 /Users/baj/Documents/roman_slitless_sims_seds/bc03_template_100_myr_ms10p74.txt
959 /Users/baj/Documents/roman_slitless_sims_seds/bc03_template_300_myr_ms10p74.txt
960 /Users/baj/Documents/roman_slitless_sims_seds/bc03_template_2_gyr_ms10p25.txt
961 /Users/baj/Documents/roman_slitless_sims_seds/bc03_template_300_myr_ms10p37.txt
962 /Users/baj/Documents/roman_slitless_sims_seds/bc03_template_300_myr_ms10p56.txt
963 /Users/baj/Documents/roman_slitless_sims_seds/bc03_template_500_myr_ms10p21.txt
964 /Users/baj/Documents/roman_slitless_sims_seds/bc03_template_4_gyr_ms10p37.txt
965 /Users/baj/Documents/roman_slitless_sims_seds/bc03_template_4_gyr_ms10p99.txt
966 /Users/baj/Documents/roman_slitless_sims_seds/bc03_template_500_myr_ms10p14.txt
967 /Users/baj/Documents/roman_slitless_sims_seds/bc03_template_1_gyr_ms10p29.txt
968 /Users/baj/Documents/roman_slitless_sims_seds/bc03_template_6_gyr_ms10p43.txt
969 /Users/baj/Documents/roman_slitless_sims_seds/bc03_template_1_gyr_ms10p93.txt
970 /Users/baj/Documents/roman_slitless_sims_seds/bc03_template_500_myr_ms10p61.txt
971 /Users/baj/Documents/roman_slitless_sims_seds/bc03_template_4_gyr_ms10p58.txt
972 /Users/baj/Documents/roman_slitless_sims_seds/bc03_template_2_gyr_ms10p46.txt
973 /Users/baj/Documents/roman_slitless_sims_seds/bc03_template_4_gyr_ms10p54.txt
974 /Users/baj/Documents/roman_slitless_sims_seds/bc03_template_100_myr_ms10p85.txt
975 /Users/baj/Documents/roman_slitless_sims_seds/bc03_template_2_gyr_ms10p61.txt
976 /Users/baj/Documents/roman_slitless_sims_seds/bc03_template_4_gyr_ms10p78.txt
977 /Users/baj/Documents/roman_slitless_sims_seds/bc03_template_1_gyr_ms10p21.txt
978 /Users/baj/Documents/roman_slitless_sims_seds/bc03_template_6_gyr_ms10p91.txt
979 /Users/baj/Documents/roman_slitless_sims_seds/bc03_template_6_gyr_ms10p35.txt
980 /Users/baj/Documents/roman_slitless_sims_seds/bc03_template_500_myr_ms10p72.txt
981 /Users/baj/Documents/roman_slitless_sims_seds/bc03_template_100_myr_ms10p44.txt
982 /Users/baj/Documents/roman_slitless_sims_seds/bc03_template_100_myr_ms10p10.txt
983 /Users/baj/Documents/roman_slitless_sims_seds/bc03_template_500_myr_ms10p41.txt
984 /Users/baj/Documents/roman_slitless_sims_seds/bc03_template_2_gyr_ms10p96.txt
985 /Users/baj/Documents/roman_slitless_sims_seds/bc03_template_100_myr_ms10p54.txt
986 /Users/baj/Documents/roman_slitless_sims_seds/bc03_template_2_gyr_ms10p42.txt
987 /Users/baj/Documents/roman_slitless_sims_seds/bc03_template_4_gyr_ms10p14.txt
988 /Users/baj/Documents/roman_slitless_sims_seds/bc03_template_100_myr_ms10p75.txt
989 /Users/baj/Documents/roman_slitless_sims_seds/bc03_template_100_myr_ms10p78.txt
990 /Users/baj/Documents/roman_slitless_sims_seds/bc03_template_2_gyr_ms10p10.txt
991 /Users/baj/Documents/roman_slitless_sims_seds/bc03_template_1_gyr_ms10p84.txt
992 /Users/baj/Documents/roman_slitless_sims_seds/bc03_template_500_myr_ms10p42.txt
993 /Users/baj/Documents/roman_slitless_sims_seds/bc03_template_100_myr_ms10p94.txt
994 /Users/baj/Documents/roman_slitless_sims_seds/bc03_template_4_gyr_ms10p58.txt
995 /Users/baj/Documents/roman_slitless_sims_seds/bc03_template_100_myr_ms10p57.txt
996 /Users/baj/Documents/roman_slitless_sims_seds/bc03_template_4_gyr_ms10p32.txt
997 /Users/baj/Documents/roman_slitless_sims_seds/bc03_template_6_gyr_ms10p01.txt
998 /Users/baj/Documents/roman_slitless_sims_seds/bc03_template_1_gyr_ms10p24.txt
999 /Users/baj/Documents/roman_slitless_sims_seds/bc03_template_4_gyr_ms10p71.txt
1000 /Users/baj/Documents/roman_slitless_sims_seds/bc03_template_4_gyr_ms10p18.txt
1001 /Users/baj/Documents/roman_slitless_sims_seds/bc03_template_2_gyr_ms10p56.txt
1002 /Users/baj/Documents/roman_slitless_sims_seds/bc03_template_1_gyr_ms10p52.txt
1003 /Users/baj/Documents/roman_slitless_sims_seds/bc03_template_300_myr_ms10p84.txt
1004 /Users/baj/Documents/roman_slitless_sims_seds/bc03_template_500_myr_ms10p70.txt
1005 /Users/baj/Documents/roman_slitless_sims_seds/bc03_template_500_myr_ms10p07.txt
1006 /Users/baj/Documents/roman_slitless_sims_seds/bc03_template_6_gyr_ms10p97.txt
1007 /Users/baj/Documents/roman_slitless_sims_seds/bc03_template_1_gyr_ms10p33.txt
1008 /Users/baj/Documents/roman_slitless_sims_seds/bc03_template_4_gyr_ms10p47.txt
1009 /Users/baj/Documents/roman_slitless_sims_seds/bc03_template_4_gyr_ms10p34.txt
1010 /Users/baj/Documents/roman_slitless_sims_seds/bc03_template_6_gyr_ms10p53.txt
1011 /Users/baj/Documents/roman_slitless_sims_seds/bc03_template_500_myr_ms10p54.txt
1012 /Users/baj/Documents/roman_slitless_sims_seds/bc03_template_6_gyr_ms10p41.txt
1013 /Users/baj/Documents/roman_slitless_sims_seds/bc03_template_100_myr_ms10p30.txt
1014 /Users/baj/Documents/roman_slitless_sims_seds/bc03_template_500_myr_ms10p09.txt
1015 /Users/baj/Documents/roman_slitless_sims_seds/bc03_template_4_gyr_ms10p72.txt
1016 /Users/baj/Documents/roman_slitless_sims_seds/bc03_template_500_myr_ms10p29.txt
1017 /Users/baj/Documents/roman_slitless_sims_seds/bc03_template_500_myr_ms10p90.txt
1018 /Users/baj/Documents/roman_slitless_sims_seds/bc03_template_300_myr_ms10p85.txt
1019 /Users/baj/Documents/roman_slitless_sims_seds/bc03_template_4_gyr_ms10p28.txt
1020 /Users/baj/Documents/roman_slitless_sims_seds/bc03_template_1_gyr_ms10p00.txt
1021 /Users/baj/Documents/roman_slitless_sims_seds/bc03_template_300_myr_ms10p97.txt
1022 /Users/baj/Documents/roman_slitless_sims_seds/bc03_template_500_myr_ms10p56.txt
1023 /Users/baj/Documents/roman_slitless_sims_seds/bc03_template_300_myr_ms10p04.txt
1024 /Users/baj/Documents/roman_slitless_sims_seds/bc03_template_1_gyr_ms10p93.txt
1025 /Users/baj/Documents/roman_slitless_sims_seds/bc03_template_1_gyr_ms10p81.txt
1026 /Users/baj/Documents/roman_slitless_sims_seds/bc03_template_4_gyr_ms10p22.txt
1027 /Users/baj/Documents/roman_slitless_sims_seds/bc03_template_100_myr_ms10p60.txt
1028 /Users/baj/Documents/roman_slitless_sims_seds/bc03_template_500_myr_ms10p77.txt
1029 /Users/baj/Documents/roman_slitless_sims_seds/bc03_template_1_gyr_ms10p18.txt
1030 /Users/baj/Documents/roman_slitless_sims_seds/bc03_template_500_myr_ms10p45.txt
1031 /Users/baj/Documents/roman_slitless_sims_seds/bc03_template_6_gyr_ms10p78.txt
1032 /Users/baj/Documents/roman_slitless_sims_seds/bc03_template_2_gyr_ms10p39.txt
1033 /Users/baj/Documents/roman_slitless_sims_seds/bc03_template_2_gyr_ms10p86.txt
1034 /Users/baj/Documents/roman_slitless_sims_seds/bc03_template_4_gyr_ms10p95.txt
1035 /Users/baj/Documents/roman_slitless_sims_seds/bc03_template_4_gyr_ms10p63.txt
1036 /Users/baj/Documents/roman_slitless_sims_seds/bc03_template_4_gyr_ms10p74.txt
1037 /Users/baj/Documents/roman_slitless_sims_seds/bc03_template_1_gyr_ms10p12.txt
1038 /Users/baj/Documents/roman_slitless_sims_seds/bc03_template_100_myr_ms10p27.txt
1039 /Users/baj/Documents/roman_slitless_sims_seds/bc03_template_500_myr_ms10p19.txt
1040 /Users/baj/Documents/roman_slitless_sims_seds/bc03_template_1_gyr_ms10p53.txt
1041 /Users/baj/Documents/roman_slitless_sims_seds/bc03_template_300_myr_ms10p41.txt
1042 /Users/baj/Documents/roman_slitless_sims_seds/bc03_template_6_gyr_ms10p82.txt
1043 /Users/baj/Documents/roman_slitless_sims_seds/bc03_template_4_gyr_ms10p82.txt
1044 /Users/baj/Documents/roman_slitless_sims_seds/bc03_template_4_gyr_ms10p34.txt
1045 /Users/baj/Documents/roman_slitless_sims_seds/bc03_template_6_gyr_ms10p71.txt
1046 /Users/baj/Documents/roman_slitless_sims_seds/bc03_template_4_gyr_ms10p05.txt
1047 /Users/baj/Documents/roman_slitless_sims_seds/bc03_template_300_myr_ms10p61.txt
1048 /Users/baj/Documents/roman_slitless_sims_seds/bc03_template_6_gyr_ms10p25.txt
1049 /Users/baj/Documents/roman_slitless_sims_seds/bc03_template_4_gyr_ms10p57.txt
1050 /Users/baj/Documents/roman_slitless_sims_seds/bc03_template_2_gyr_ms10p58.txt
1051 /Users/baj/Documents/roman_slitless_sims_seds/bc03_template_2_gyr_ms10p46.txt
1052 /Users/baj/Documents/roman_slitless_sims_seds/bc03_template_100_myr_ms10p95.txt
1053 /Users/baj/Documents/roman_slitless_sims_seds/bc03_template_2_gyr_ms10p00.txt
1054 /Users/baj/Documents/roman_slitless_sims_seds/bc03_template_500_myr_ms10p13.txt
1055 /Users/baj/Documents/roman_slitless_sims_seds/bc03_template_6_gyr_ms10p82.txt
1056 /Users/baj/Documents/roman_slitless_sims_seds/bc03_template_500_myr_ms10p11.txt
1057 /Users/baj/Documents/roman_slitless_sims_seds/bc03_template_6_gyr_ms10p94.txt
1058 /Users/baj/Documents/roman_slitless_sims_seds/bc03_template_4_gyr_ms10p98.txt
1059 /Users/baj/Documents/roman_slitless_sims_seds/bc03_template_4_gyr_ms10p76.txt
1060 /Users/baj/Documents/roman_slitless_sims_seds/bc03_template_500_myr_ms10p38.txt
1061 /Users/baj/Documents/roman_slitless_sims_seds/bc03_template_500_myr_ms10p98.txt
1062 /Users/baj/Documents/roman_slitless_sims_seds/bc03_template_6_gyr_ms10p10.txt
1063 /Users/baj/Documents/roman_slitless_sims_seds/bc03_template_4_gyr_ms10p39.txt
1064 /Users/baj/Documents/roman_slitless_sims_seds/bc03_template_6_gyr_ms10p91.txt
1065 /Users/baj/Documents/roman_slitless_sims_seds/bc03_template_500_myr_ms10p92.txt
1066 /Users/baj/Documents/roman_slitless_sims_seds/bc03_template_100_myr_ms10p17.txt
1067 /Users/baj/Documents/roman_slitless_sims_seds/bc03_template_300_myr_ms10p58.txt
1068 /Users/baj/Documents/roman_slitless_sims_seds/bc03_template_2_gyr_ms10p17.txt
1069 /Users/baj/Documents/roman_slitless_sims_seds/bc03_template_100_myr_ms10p43.txt
1070 /Users/baj/Documents/roman_slitless_sims_seds/bc03_template_300_myr_ms10p98.txt
1071 /Users/baj/Documents/roman_slitless_sims_seds/bc03_template_4_gyr_ms10p05.txt
1072 /Users/baj/Documents/roman_slitless_sims_seds/bc03_template_1_gyr_ms10p75.txt
1073 /Users/baj/Documents/roman_slitless_sims_seds/bc03_template_4_gyr_ms10p17.txt
1074 /Users/baj/Documents/roman_slitless_sims_seds/bc03_template_1_gyr_ms10p21.txt
1075 /Users/baj/Documents/roman_slitless_sims_seds/bc03_template_2_gyr_ms10p23.txt
1076 /Users/baj/Documents/roman_slitless_sims_seds/bc03_template_500_myr_ms10p66.txt
1077 /Users/baj/Documents/roman_slitless_sims_seds/bc03_template_2_gyr_ms10p01.txt
1078 /Users/baj/Documents/roman_slitless_sims_seds/bc03_template_1_gyr_ms10p94.txt
1079 /Users/baj/Documents/roman_slitless_sims_seds/bc03_template_2_gyr_ms10p81.txt
1080 /Users/baj/Documents/roman_slitless_sims_seds/bc03_template_4_gyr_ms10p42.txt
1081 /Users/baj/Documents/roman_slitless_sims_seds/bc03_template_6_gyr_ms10p27.txt
1082 /Users/baj/Documents/roman_slitless_sims_seds/bc03_template_300_myr_ms10p27.txt
1083 /Users/baj/Documents/roman_slitless_sims_seds/bc03_template_100_myr_ms10p91.txt
1084 /Users/baj/Documents/roman_slitless_sims_seds/bc03_template_300_myr_ms10p95.txt
1085 /Users/baj/Documents/roman_slitless_sims_seds/bc03_template_2_gyr_ms10p66.txt
1086 /Users/baj/Documents/roman_slitless_sims_seds/bc03_template_500_myr_ms10p44.txt
1087 /Users/baj/Documents/roman_slitless_sims_seds/bc03_template_300_myr_ms10p52.txt
1088 /Users/baj/Documents/roman_slitless_sims_seds/bc03_template_2_gyr_ms10p44.txt
1089 /Users/baj/Documents/roman_slitless_sims_seds/bc03_template_300_myr_ms10p81.txt
1090 /Users/baj/Documents/roman_slitless_sims_seds/bc03_template_2_gyr_ms10p01.txt
1091 /Users/baj/Documents/roman_slitless_sims_seds/bc03_template_300_myr_ms10p30.txt
1092 /Users/baj/Documents/roman_slitless_sims_seds/bc03_template_2_gyr_ms10p91.txt
1093 /Users/baj/Documents/roman_slitless_sims_seds/bc03_template_1_gyr_ms10p90.txt
1094 /Users/baj/Documents/roman_slitless_sims_seds/bc03_template_4_gyr_ms10p14.txt
1095 /Users/baj/Documents/roman_slitless_sims_seds/bc03_template_2_gyr_ms10p79.txt
1096 /Users/baj/Documents/roman_slitless_sims_seds/bc03_template_300_myr_ms10p68.txt
1097 /Users/baj/Documents/roman_slitless_sims_seds/bc03_template_500_myr_ms10p97.txt
1098 /Users/baj/Documents/roman_slitless_sims_seds/bc03_template_300_myr_ms10p41.txt
1099 /Users/baj/Documents/roman_slitless_sims_seds/bc03_template_500_myr_ms10p68.txt
1100 /Users/baj/Documents/roman_slitless_sims_seds/bc03_template_6_gyr_ms10p45.txt
1101 /Users/baj/Documents/roman_slitless_sims_seds/bc03_template_100_myr_ms10p62.txt
1102 /Users/baj/Documents/roman_slitless_sims_seds/bc03_template_4_gyr_ms10p43.txt
1103 /Users/baj/Documents/roman_slitless_sims_seds/bc03_template_100_myr_ms10p77.txt
1104 /Users/baj/Documents/roman_slitless_sims_seds/bc03_template_1_gyr_ms10p68.txt
1105 /Users/baj/Documents/roman_slitless_sims_seds/bc03_template_2_gyr_ms10p52.txt
1106 /Users/baj/Documents/roman_slitless_sims_seds/bc03_template_300_myr_ms10p36.txt
1107 /Users/baj/Documents/roman_slitless_sims_seds/bc03_template_100_myr_ms10p46.txt
1108 /Users/baj/Documents/roman_slitless_sims_seds/bc03_template_4_gyr_ms10p44.txt
1109 /Users/baj/Documents/roman_slitless_sims_seds/bc03_template_1_gyr_ms10p48.txt
1110 /Users/baj/Documents/roman_slitless_sims_seds/bc03_template_4_gyr_ms10p61.txt
1111 /Users/baj/Documents/roman_slitless_sims_seds/bc03_template_500_myr_ms10p27.txt
1112 /Users/baj/Documents/roman_slitless_sims_seds/bc03_template_300_myr_ms10p90.txt
1113 /Users/baj/Documents/roman_slitless_sims_seds/bc03_template_1_gyr_ms11p00.txt
1114 /Users/baj/Documents/roman_slitless_sims_seds/bc03_template_100_myr_ms10p22.txt
1115 /Users/baj/Documents/roman_slitless_sims_seds/bc03_template_6_gyr_ms10p20.txt
1116 /Users/baj/Documents/roman_slitless_sims_seds/bc03_template_500_myr_ms10p06.txt
1117 /Users/baj/Documents/roman_slitless_sims_seds/bc03_template_6_gyr_ms10p58.txt
1118 /Users/baj/Documents/roman_slitless_sims_seds/bc03_template_500_myr_ms10p85.txt
1119 /Users/baj/Documents/roman_slitless_sims_seds/bc03_template_100_myr_ms10p92.txt
1120 /Users/baj/Documents/roman_slitless_sims_seds/bc03_template_500_myr_ms10p29.txt
1121 /Users/baj/Documents/roman_slitless_sims_seds/bc03_template_6_gyr_ms10p19.txt
1122 /Users/baj/Documents/roman_slitless_sims_seds/bc03_template_4_gyr_ms10p76.txt
1123 /Users/baj/Documents/roman_slitless_sims_seds/bc03_template_300_myr_ms10p20.txt
1124 /Users/baj/Documents/roman_slitless_sims_seds/bc03_template_100_myr_ms10p80.txt
1125 /Users/baj/Documents/roman_slitless_sims_seds/bc03_template_6_gyr_ms10p05.txt
1126 /Users/baj/Documents/roman_slitless_sims_seds/bc03_template_1_gyr_ms10p18.txt
1127 /Users/baj/Documents/roman_slitless_sims_seds/bc03_template_500_myr_ms10p28.txt
1128 /Users/baj/Documents/roman_slitless_sims_seds/bc03_template_4_gyr_ms10p36.txt
1129 /Users/baj/Documents/roman_slitless_sims_seds/bc03_template_500_myr_ms10p67.txt
1130 /Users/baj/Documents/roman_slitless_sims_seds/bc03_template_2_gyr_ms10p90.txt
