# 1: SEGMENTATION ID
# 2: SED FILE
1 /Users/baj/Documents/roman_slitless_sims_seds/bc03_template_z1p313_ms11p48_age2p190_tau10p045_met0p0200_av1p773.txt
2 /Users/baj/Documents/roman_slitless_sims_seds/bc03_template_z2p854_ms10p17_age0p170_tau8p470_met0p0500_av0p129.txt
3 /Users/baj/Documents/roman_slitless_sims_seds/bc03_template_z0p136_ms10p64_age0p860_tau14p480_met0p0040_av0p525.txt
4 /Users/baj/Documents/roman_slitless_sims_seds/bc03_template_z2p201_ms11p50_age2p495_tau4p715_met0p0040_av1p612.txt
5 /Users/baj/Documents/roman_slitless_sims_seds/bc03_template_z2p671_ms10p64_age0p150_tau1p590_met0p0040_av3p973.txt
6 /Users/baj/Documents/roman_slitless_sims_seds/bc03_template_z2p138_ms10p77_age2p520_tau7p550_met0p0500_av2p938.txt
7 /Users/baj/Documents/roman_slitless_sims_seds/bc03_template_z1p740_ms11p47_age1p510_tau10p450_met0p0040_av3p419.txt
8 /Users/baj/Documents/roman_slitless_sims_seds/bc03_template_z2p081_ms10p79_age1p770_tau14p495_met0p0500_av2p026.txt
9 /Users/baj/Documents/roman_slitless_sims_seds/bc03_template_z0p242_ms11p32_age10p105_tau1p385_met0p0080_av1p019.txt
10 /Users/baj/Documents/roman_slitless_sims_seds/bc03_template_z2p232_ms11p14_age1p750_tau14p170_met0p0004_av4p993.txt
11 /Users/baj/Documents/roman_slitless_sims_seds/bc03_template_z1p820_ms10p39_age2p255_tau1p265_met0p0001_av4p514.txt
12 /Users/baj/Documents/roman_slitless_sims_seds/bc03_template_z2p105_ms11p44_age1p755_tau6p595_met0p0004_av4p630.txt
13 /Users/baj/Documents/roman_slitless_sims_seds/bc03_template_z2p194_ms10p55_age1p860_tau6p830_met0p0500_av3p665.txt
14 /Users/baj/Documents/roman_slitless_sims_seds/bc03_template_z2p648_ms11p48_age0p165_tau2p745_met0p0080_av2p819.txt
15 /Users/baj/Documents/roman_slitless_sims_seds/bc03_template_z1p337_ms10p06_age4p200_tau1p180_met0p0200_av3p689.txt
16 /Users/baj/Documents/roman_slitless_sims_seds/bc03_template_z1p791_ms10p68_age0p165_tau9p345_met0p0004_av0p653.txt
17 /Users/baj/Documents/roman_slitless_sims_seds/bc03_template_z1p278_ms10p76_age0p560_tau13p650_met0p0004_av4p579.txt
18 /Users/baj/Documents/roman_slitless_sims_seds/bc03_template_z1p390_ms10p82_age1p930_tau14p120_met0p0200_av2p526.txt
19 /Users/baj/Documents/roman_slitless_sims_seds/bc03_template_z0p068_ms11p50_age7p560_tau0p965_met0p0001_av3p877.txt
20 /Users/baj/Documents/roman_slitless_sims_seds/bc03_template_z0p161_ms11p36_age8p215_tau9p360_met0p0500_av2p109.txt
21 /Users/baj/Documents/roman_slitless_sims_seds/bc03_template_z0p654_ms10p30_age1p960_tau5p795_met0p0001_av1p457.txt
22 /Users/baj/Documents/roman_slitless_sims_seds/bc03_template_z2p470_ms11p21_age2p515_tau12p640_met0p0080_av0p894.txt
23 /Users/baj/Documents/roman_slitless_sims_seds/bc03_template_z2p003_ms11p44_age0p185_tau4p665_met0p0200_av2p580.txt
24 /Users/baj/Documents/roman_slitless_sims_seds/bc03_template_z0p913_ms11p08_age2p160_tau8p920_met0p0001_av4p226.txt
25 /Users/baj/Documents/roman_slitless_sims_seds/bc03_template_z1p359_ms11p35_age0p755_tau14p400_met0p0080_av1p720.txt
26 /Users/baj/Documents/roman_slitless_sims_seds/bc03_template_z2p626_ms10p71_age1p105_tau10p895_met0p0080_av2p353.txt
27 /Users/baj/Documents/roman_slitless_sims_seds/bc03_template_z2p202_ms11p50_age0p910_tau9p535_met0p0040_av2p354.txt
28 /Users/baj/Documents/roman_slitless_sims_seds/bc03_template_z1p179_ms10p15_age3p830_tau12p660_met0p0200_av1p165.txt
29 /Users/baj/Documents/roman_slitless_sims_seds/bc03_template_z1p229_ms10p39_age0p100_tau2p455_met0p0080_av1p941.txt
30 /Users/baj/Documents/roman_slitless_sims_seds/bc03_template_z1p235_ms10p39_age0p680_tau8p630_met0p0004_av3p025.txt
31 /Users/baj/Documents/roman_slitless_sims_seds/bc03_template_z1p793_ms10p95_age3p515_tau9p720_met0p0500_av2p057.txt
32 /Users/baj/Documents/roman_slitless_sims_seds/bc03_template_z0p611_ms11p29_age4p230_tau0p650_met0p0080_av3p250.txt
33 /Users/baj/Documents/roman_slitless_sims_seds/bc03_template_z2p568_ms10p42_age1p095_tau7p400_met0p0040_av2p685.txt
34 /Users/baj/Documents/roman_slitless_sims_seds/bc03_template_z1p320_ms10p17_age2p195_tau12p995_met0p0200_av1p206.txt
35 /Users/baj/Documents/roman_slitless_sims_seds/bc03_template_z0p011_ms10p71_age9p795_tau0p810_met0p0001_av2p544.txt
36 /Users/baj/Documents/roman_slitless_sims_seds/bc03_template_z0p381_ms10p73_age7p375_tau14p110_met0p0500_av1p079.txt
37 /Users/baj/Documents/roman_slitless_sims_seds/bc03_template_z2p743_ms11p35_age2p225_tau8p125_met0p0040_av1p517.txt
38 /Users/baj/Documents/roman_slitless_sims_seds/bc03_template_z1p159_ms10p00_age1p965_tau4p370_met0p0001_av0p658.txt
39 /Users/baj/Documents/roman_slitless_sims_seds/bc03_template_z1p817_ms10p02_age1p920_tau14p970_met0p0500_av3p444.txt
40 /Users/baj/Documents/roman_slitless_sims_seds/bc03_template_z2p424_ms10p36_age1p710_tau12p680_met0p0200_av2p362.txt
41 /Users/baj/Documents/roman_slitless_sims_seds/bc03_template_z0p923_ms10p48_age3p230_tau5p925_met0p0040_av3p519.txt
42 /Users/baj/Documents/roman_slitless_sims_seds/bc03_template_z1p478_ms10p50_age3p395_tau3p425_met0p0200_av0p604.txt
43 /Users/baj/Documents/roman_slitless_sims_seds/bc03_template_z2p258_ms11p29_age2p510_tau4p405_met0p0040_av2p264.txt
44 /Users/baj/Documents/roman_slitless_sims_seds/bc03_template_z0p118_ms10p12_age2p695_tau10p640_met0p0004_av3p366.txt
45 /Users/baj/Documents/roman_slitless_sims_seds/bc03_template_z0p188_ms10p83_age6p025_tau7p065_met0p0040_av4p759.txt
46 /Users/baj/Documents/roman_slitless_sims_seds/bc03_template_z2p452_ms11p39_age1p635_tau11p655_met0p0080_av4p585.txt
47 /Users/baj/Documents/roman_slitless_sims_seds/bc03_template_z2p899_ms10p47_age1p240_tau6p995_met0p0040_av1p251.txt
48 /Users/baj/Documents/roman_slitless_sims_seds/bc03_template_z0p126_ms11p45_age8p220_tau3p660_met0p0500_av0p570.txt
49 /Users/baj/Documents/roman_slitless_sims_seds/bc03_template_z2p045_ms10p95_age2p475_tau1p360_met0p0004_av1p632.txt
50 /Users/baj/Documents/roman_slitless_sims_seds/bc03_template_z1p118_ms10p52_age0p470_tau3p965_met0p0040_av3p623.txt
51 /Users/baj/Documents/roman_slitless_sims_seds/bc03_template_z1p476_ms10p33_age0p990_tau14p340_met0p0500_av2p195.txt
52 /Users/baj/Documents/roman_slitless_sims_seds/bc03_template_z0p122_ms11p09_age7p530_tau14p960_met0p0001_av1p185.txt
53 /Users/baj/Documents/roman_slitless_sims_seds/bc03_template_z0p682_ms10p82_age4p385_tau12p870_met0p0040_av0p095.txt
54 /Users/baj/Documents/roman_slitless_sims_seds/bc03_template_z0p786_ms11p24_age0p105_tau6p320_met0p0040_av4p169.txt
55 /Users/baj/Documents/roman_slitless_sims_seds/bc03_template_z0p247_ms10p55_age10p430_tau7p750_met0p0200_av4p245.txt
56 /Users/baj/Documents/roman_slitless_sims_seds/bc03_template_z2p271_ms11p15_age1p650_tau7p935_met0p0200_av3p548.txt
57 /Users/baj/Documents/roman_slitless_sims_seds/bc03_template_z2p994_ms11p21_age0p855_tau9p395_met0p0004_av4p862.txt
58 /Users/baj/Documents/roman_slitless_sims_seds/bc03_template_z1p041_ms11p02_age5p225_tau0p845_met0p0001_av0p713.txt
59 /Users/baj/Documents/roman_slitless_sims_seds/bc03_template_z2p918_ms11p00_age1p505_tau12p145_met0p0200_av1p288.txt
60 /Users/baj/Documents/roman_slitless_sims_seds/bc03_template_z2p877_ms10p80_age0p205_tau4p115_met0p0004_av4p645.txt
61 /Users/baj/Documents/roman_slitless_sims_seds/bc03_template_z2p388_ms11p26_age1p695_tau2p360_met0p0500_av0p425.txt
62 /Users/baj/Documents/roman_slitless_sims_seds/bc03_template_z1p661_ms10p86_age2p435_tau1p855_met0p0080_av2p593.txt
63 /Users/baj/Documents/roman_slitless_sims_seds/bc03_template_z0p564_ms11p41_age7p430_tau9p085_met0p0040_av3p147.txt
64 /Users/baj/Documents/roman_slitless_sims_seds/bc03_template_z0p118_ms11p30_age11p445_tau1p445_met0p0004_av4p263.txt
65 /Users/baj/Documents/roman_slitless_sims_seds/bc03_template_z2p928_ms11p02_age1p940_tau5p745_met0p0200_av1p151.txt
66 /Users/baj/Documents/roman_slitless_sims_seds/bc03_template_z1p257_ms11p30_age3p835_tau0p830_met0p0200_av2p860.txt
67 /Users/baj/Documents/roman_slitless_sims_seds/bc03_template_z0p783_ms10p14_age5p005_tau3p125_met0p0004_av0p466.txt
68 /Users/baj/Documents/roman_slitless_sims_seds/bc03_template_z1p760_ms11p48_age1p570_tau1p545_met0p0200_av4p283.txt
69 /Users/baj/Documents/roman_slitless_sims_seds/bc03_template_z0p165_ms11p41_age10p290_tau6p120_met0p0080_av2p120.txt
70 /Users/baj/Documents/roman_slitless_sims_seds/bc03_template_z1p115_ms10p64_age4p760_tau13p555_met0p0080_av3p297.txt
71 /Users/baj/Documents/roman_slitless_sims_seds/bc03_template_z1p329_ms10p53_age0p395_tau11p685_met0p0001_av0p894.txt
72 /Users/baj/Documents/roman_slitless_sims_seds/bc03_template_z1p433_ms10p38_age0p840_tau8p015_met0p0004_av4p310.txt
73 /Users/baj/Documents/roman_slitless_sims_seds/bc03_template_z2p842_ms11p30_age1p180_tau1p795_met0p0040_av4p632.txt
74 /Users/baj/Documents/roman_slitless_sims_seds/bc03_template_z0p461_ms11p11_age3p500_tau11p500_met0p0004_av4p218.txt
75 /Users/baj/Documents/roman_slitless_sims_seds/bc03_template_z2p287_ms10p52_age1p450_tau5p440_met0p0500_av0p530.txt
76 /Users/baj/Documents/roman_slitless_sims_seds/bc03_template_z2p152_ms10p11_age1p430_tau12p090_met0p0004_av4p592.txt
77 /Users/baj/Documents/roman_slitless_sims_seds/bc03_template_z2p250_ms11p21_age2p420_tau3p465_met0p0004_av3p713.txt
78 /Users/baj/Documents/roman_slitless_sims_seds/bc03_template_z0p168_ms10p11_age11p215_tau11p970_met0p0040_av1p422.txt
79 /Users/baj/Documents/roman_slitless_sims_seds/bc03_template_z2p849_ms11p32_age1p080_tau4p750_met0p0040_av1p340.txt
80 /Users/baj/Documents/roman_slitless_sims_seds/bc03_template_z2p780_ms10p77_age1p055_tau4p960_met0p0500_av3p353.txt
81 /Users/baj/Documents/roman_slitless_sims_seds/bc03_template_z0p827_ms10p85_age6p040_tau7p475_met0p0001_av4p824.txt
82 /Users/baj/Documents/roman_slitless_sims_seds/bc03_template_z1p558_ms11p38_age2p150_tau11p435_met0p0004_av2p948.txt
83 /Users/baj/Documents/roman_slitless_sims_seds/bc03_template_z1p001_ms10p29_age2p220_tau5p970_met0p0040_av3p768.txt
84 /Users/baj/Documents/roman_slitless_sims_seds/bc03_template_z1p252_ms10p73_age0p315_tau5p260_met0p0200_av0p291.txt
85 /Users/baj/Documents/roman_slitless_sims_seds/bc03_template_z1p733_ms11p48_age0p585_tau14p855_met0p0001_av2p070.txt
86 /Users/baj/Documents/roman_slitless_sims_seds/bc03_template_z0p341_ms10p77_age4p450_tau10p690_met0p0001_av4p481.txt
87 /Users/baj/Documents/roman_slitless_sims_seds/bc03_template_z2p074_ms10p86_age2p095_tau3p120_met0p0001_av2p542.txt
88 /Users/baj/Documents/roman_slitless_sims_seds/bc03_template_z2p839_ms10p39_age1p280_tau13p160_met0p0001_av2p093.txt
89 /Users/baj/Documents/roman_slitless_sims_seds/bc03_template_z2p230_ms10p36_age1p680_tau14p545_met0p0040_av3p527.txt
90 /Users/baj/Documents/roman_slitless_sims_seds/bc03_template_z0p968_ms11p45_age3p045_tau3p500_met0p0500_av4p559.txt
91 /Users/baj/Documents/roman_slitless_sims_seds/bc03_template_z2p846_ms10p02_age0p155_tau13p340_met0p0080_av0p579.txt
92 /Users/baj/Documents/roman_slitless_sims_seds/bc03_template_z2p869_ms10p30_age0p250_tau1p075_met0p0004_av0p330.txt
93 /Users/baj/Documents/roman_slitless_sims_seds/bc03_template_z1p277_ms10p67_age4p470_tau7p420_met0p0004_av0p190.txt
94 /Users/baj/Documents/roman_slitless_sims_seds/bc03_template_z0p717_ms11p41_age6p615_tau0p080_met0p0200_av0p482.txt
95 /Users/baj/Documents/roman_slitless_sims_seds/bc03_template_z1p900_ms10p23_age2p195_tau4p720_met0p0500_av2p491.txt
96 /Users/baj/Documents/roman_slitless_sims_seds/bc03_template_z2p071_ms11p00_age1p290_tau13p885_met0p0004_av2p000.txt
97 /Users/baj/Documents/roman_slitless_sims_seds/bc03_template_z0p160_ms11p24_age7p990_tau4p295_met0p0080_av2p276.txt
98 /Users/baj/Documents/roman_slitless_sims_seds/bc03_template_z2p219_ms10p67_age2p360_tau8p970_met0p0040_av4p850.txt
99 /Users/baj/Documents/roman_slitless_sims_seds/bc03_template_z1p743_ms11p11_age1p415_tau4p500_met0p0040_av1p563.txt
100 /Users/baj/Documents/roman_slitless_sims_seds/bc03_template_z2p570_ms10p52_age0p375_tau8p885_met0p0004_av1p533.txt
101 /Users/baj/Documents/roman_slitless_sims_seds/bc03_template_z2p819_ms10p65_age1p575_tau2p580_met0p0040_av4p281.txt
102 /Users/baj/Documents/roman_slitless_sims_seds/bc03_template_z1p652_ms10p41_age3p030_tau3p315_met0p0040_av4p420.txt
103 /Users/baj/Documents/roman_slitless_sims_seds/bc03_template_z0p529_ms10p32_age0p215_tau10p810_met0p0500_av3p197.txt
104 /Users/baj/Documents/roman_slitless_sims_seds/bc03_template_z1p427_ms10p29_age0p300_tau2p740_met0p0080_av1p146.txt
105 /Users/baj/Documents/roman_slitless_sims_seds/bc03_template_z2p628_ms11p30_age1p545_tau13p880_met0p0200_av4p229.txt
106 /Users/baj/Documents/roman_slitless_sims_seds/bc03_template_z1p037_ms10p61_age4p395_tau0p085_met0p0500_av2p940.txt
107 /Users/baj/Documents/roman_slitless_sims_seds/bc03_template_z0p930_ms10p82_age5p800_tau9p030_met0p0004_av1p266.txt
108 /Users/baj/Documents/roman_slitless_sims_seds/bc03_template_z1p616_ms11p27_age3p690_tau5p290_met0p0004_av4p075.txt
109 /Users/baj/Documents/roman_slitless_sims_seds/bc03_template_z2p873_ms10p64_age0p740_tau6p280_met0p0001_av0p887.txt
110 /Users/baj/Documents/roman_slitless_sims_seds/bc03_template_z0p489_ms11p50_age5p850_tau4p745_met0p0080_av1p763.txt
111 /Users/baj/Documents/roman_slitless_sims_seds/bc03_template_z2p598_ms10p23_age1p860_tau12p670_met0p0080_av2p191.txt
112 /Users/baj/Documents/roman_slitless_sims_seds/bc03_template_z1p108_ms11p36_age3p960_tau11p695_met0p0080_av4p745.txt
113 /Users/baj/Documents/roman_slitless_sims_seds/bc03_template_z2p590_ms10p65_age1p990_tau11p930_met0p0500_av4p224.txt
114 /Users/baj/Documents/roman_slitless_sims_seds/bc03_template_z2p387_ms10p03_age0p190_tau5p535_met0p0040_av3p116.txt
115 /Users/baj/Documents/roman_slitless_sims_seds/bc03_template_z0p261_ms10p77_age9p235_tau14p790_met0p0080_av1p871.txt
116 /Users/baj/Documents/roman_slitless_sims_seds/bc03_template_z2p610_ms11p09_age1p100_tau9p940_met0p0004_av2p229.txt
117 /Users/baj/Documents/roman_slitless_sims_seds/bc03_template_z0p183_ms10p30_age11p345_tau5p625_met0p0080_av0p539.txt
118 /Users/baj/Documents/roman_slitless_sims_seds/bc03_template_z0p648_ms11p09_age4p210_tau11p280_met0p0080_av2p700.txt
119 /Users/baj/Documents/roman_slitless_sims_seds/bc03_template_z2p157_ms11p30_age1p260_tau0p985_met0p0080_av2p686.txt
120 /Users/baj/Documents/roman_slitless_sims_seds/bc03_template_z2p610_ms11p00_age1p750_tau4p290_met0p0080_av0p537.txt
121 /Users/baj/Documents/roman_slitless_sims_seds/bc03_template_z2p903_ms10p50_age1p680_tau10p855_met0p0001_av3p612.txt
122 /Users/baj/Documents/roman_slitless_sims_seds/bc03_template_z1p469_ms10p98_age0p145_tau4p740_met0p0200_av2p043.txt
123 /Users/baj/Documents/roman_slitless_sims_seds/bc03_template_z2p180_ms10p58_age1p910_tau2p455_met0p0040_av4p934.txt
124 /Users/baj/Documents/roman_slitless_sims_seds/bc03_template_z2p000_ms10p89_age2p415_tau8p580_met0p0040_av0p255.txt
125 /Users/baj/Documents/roman_slitless_sims_seds/bc03_template_z1p114_ms10p82_age3p850_tau9p950_met0p0004_av1p672.txt
126 /Users/baj/Documents/roman_slitless_sims_seds/bc03_template_z0p654_ms10p97_age0p255_tau2p235_met0p0200_av2p411.txt
127 /Users/baj/Documents/roman_slitless_sims_seds/bc03_template_z1p101_ms10p97_age0p595_tau4p115_met0p0200_av4p855.txt
128 /Users/baj/Documents/roman_slitless_sims_seds/bc03_template_z0p403_ms11p08_age1p020_tau7p770_met0p0500_av0p251.txt
129 /Users/baj/Documents/roman_slitless_sims_seds/bc03_template_z0p471_ms10p02_age6p570_tau6p910_met0p0040_av0p770.txt
130 /Users/baj/Documents/roman_slitless_sims_seds/bc03_template_z2p274_ms10p68_age1p905_tau7p345_met0p0040_av1p546.txt
131 /Users/baj/Documents/roman_slitless_sims_seds/bc03_template_z0p388_ms10p45_age8p840_tau12p655_met0p0004_av3p050.txt
132 /Users/baj/Documents/roman_slitless_sims_seds/bc03_template_z1p209_ms10p55_age1p515_tau11p770_met0p0040_av4p774.txt
133 /Users/baj/Documents/roman_slitless_sims_seds/bc03_template_z1p313_ms11p42_age3p550_tau11p370_met0p0004_av3p562.txt
134 /Users/baj/Documents/roman_slitless_sims_seds/bc03_template_z0p125_ms11p33_age9p625_tau7p790_met0p0001_av3p096.txt
135 /Users/baj/Documents/roman_slitless_sims_seds/bc03_template_z0p474_ms10p33_age1p370_tau7p755_met0p0500_av1p790.txt
136 /Users/baj/Documents/roman_slitless_sims_seds/bc03_template_z1p308_ms10p56_age3p300_tau2p965_met0p0080_av4p340.txt
137 /Users/baj/Documents/roman_slitless_sims_seds/bc03_template_z1p125_ms10p08_age1p025_tau0p770_met0p0001_av2p436.txt
138 /Users/baj/Documents/roman_slitless_sims_seds/bc03_template_z1p286_ms10p53_age1p675_tau11p420_met0p0040_av0p582.txt
139 /Users/baj/Documents/roman_slitless_sims_seds/bc03_template_z0p582_ms11p45_age4p605_tau9p420_met0p0004_av1p110.txt
140 /Users/baj/Documents/roman_slitless_sims_seds/bc03_template_z1p630_ms10p95_age1p085_tau0p880_met0p0040_av0p334.txt
141 /Users/baj/Documents/roman_slitless_sims_seds/bc03_template_z2p754_ms10p35_age0p645_tau3p020_met0p0200_av1p454.txt
142 /Users/baj/Documents/roman_slitless_sims_seds/bc03_template_z1p172_ms11p38_age2p890_tau12p295_met0p0040_av0p677.txt
143 /Users/baj/Documents/roman_slitless_sims_seds/bc03_template_z2p925_ms11p29_age1p950_tau7p415_met0p0001_av2p378.txt
144 /Users/baj/Documents/roman_slitless_sims_seds/bc03_template_z0p024_ms10p39_age7p000_tau13p140_met0p0080_av1p775.txt
145 /Users/baj/Documents/roman_slitless_sims_seds/bc03_template_z1p691_ms10p74_age3p550_tau6p535_met0p0004_av4p119.txt
146 /Users/baj/Documents/roman_slitless_sims_seds/bc03_template_z1p656_ms10p48_age3p420_tau12p630_met0p0080_av1p183.txt
147 /Users/baj/Documents/roman_slitless_sims_seds/bc03_template_z2p123_ms10p52_age0p635_tau9p790_met0p0200_av2p845.txt
148 /Users/baj/Documents/roman_slitless_sims_seds/bc03_template_z1p284_ms10p02_age3p655_tau0p355_met0p0004_av1p598.txt
149 /Users/baj/Documents/roman_slitless_sims_seds/bc03_template_z0p191_ms10p91_age1p750_tau8p025_met0p0040_av4p831.txt
150 /Users/baj/Documents/roman_slitless_sims_seds/bc03_template_z1p085_ms10p03_age3p335_tau12p835_met0p0080_av3p345.txt
151 /Users/baj/Documents/roman_slitless_sims_seds/bc03_template_z0p572_ms10p45_age5p650_tau3p855_met0p0080_av3p648.txt
152 /Users/baj/Documents/roman_slitless_sims_seds/bc03_template_z1p403_ms10p86_age1p545_tau13p800_met0p0200_av2p360.txt
153 /Users/baj/Documents/roman_slitless_sims_seds/bc03_template_z0p926_ms10p92_age1p240_tau10p960_met0p0200_av0p591.txt
154 /Users/baj/Documents/roman_slitless_sims_seds/bc03_template_z0p449_ms11p32_age2p510_tau6p955_met0p0004_av0p525.txt
155 /Users/baj/Documents/roman_slitless_sims_seds/bc03_template_z0p040_ms10p45_age1p605_tau5p545_met0p0200_av2p875.txt
156 /Users/baj/Documents/roman_slitless_sims_seds/bc03_template_z0p188_ms10p92_age8p515_tau6p060_met0p0500_av1p294.txt
157 /Users/baj/Documents/roman_slitless_sims_seds/bc03_template_z0p005_ms10p30_age10p255_tau5p915_met0p0080_av1p645.txt
158 /Users/baj/Documents/roman_slitless_sims_seds/bc03_template_z2p895_ms10p85_age0p945_tau13p310_met0p0080_av4p613.txt
159 /Users/baj/Documents/roman_slitless_sims_seds/bc03_template_z2p987_ms10p05_age1p890_tau13p375_met0p0080_av2p915.txt
160 /Users/baj/Documents/roman_slitless_sims_seds/bc03_template_z2p637_ms10p98_age0p690_tau6p490_met0p0001_av4p848.txt
161 /Users/baj/Documents/roman_slitless_sims_seds/bc03_template_z0p814_ms11p38_age4p630_tau13p480_met0p0040_av0p770.txt
162 /Users/baj/Documents/roman_slitless_sims_seds/bc03_template_z2p927_ms10p48_age1p485_tau6p600_met0p0004_av3p586.txt
163 /Users/baj/Documents/roman_slitless_sims_seds/bc03_template_z1p934_ms10p32_age1p805_tau0p690_met0p0200_av4p439.txt
164 /Users/baj/Documents/roman_slitless_sims_seds/bc03_template_z1p469_ms10p98_age1p780_tau1p835_met0p0040_av0p775.txt
165 /Users/baj/Documents/roman_slitless_sims_seds/bc03_template_z0p634_ms11p06_age0p445_tau3p360_met0p0040_av1p254.txt
166 /Users/baj/Documents/roman_slitless_sims_seds/bc03_template_z0p268_ms10p89_age3p710_tau13p585_met0p0500_av1p554.txt
167 /Users/baj/Documents/roman_slitless_sims_seds/bc03_template_z2p167_ms11p11_age1p595_tau12p025_met0p0001_av1p926.txt
168 /Users/baj/Documents/roman_slitless_sims_seds/bc03_template_z2p951_ms10p02_age1p470_tau0p075_met0p0200_av4p179.txt
169 /Users/baj/Documents/roman_slitless_sims_seds/bc03_template_z2p890_ms10p77_age1p115_tau9p185_met0p0200_av4p044.txt
170 /Users/baj/Documents/roman_slitless_sims_seds/bc03_template_z0p639_ms10p52_age6p245_tau11p800_met0p0001_av3p467.txt
171 /Users/baj/Documents/roman_slitless_sims_seds/bc03_template_z1p408_ms11p17_age0p160_tau8p335_met0p0004_av1p112.txt
172 /Users/baj/Documents/roman_slitless_sims_seds/bc03_template_z0p733_ms11p47_age1p565_tau13p895_met0p0004_av0p270.txt
173 /Users/baj/Documents/roman_slitless_sims_seds/bc03_template_z1p895_ms10p61_age2p390_tau9p830_met0p0200_av1p233.txt
174 /Users/baj/Documents/roman_slitless_sims_seds/bc03_template_z1p587_ms10p61_age2p360_tau7p400_met0p0500_av2p076.txt
175 /Users/baj/Documents/roman_slitless_sims_seds/bc03_template_z1p218_ms10p82_age3p120_tau5p915_met0p0001_av2p748.txt
176 /Users/baj/Documents/roman_slitless_sims_seds/bc03_template_z1p791_ms11p23_age2p880_tau10p430_met0p0004_av4p258.txt
177 /Users/baj/Documents/roman_slitless_sims_seds/bc03_template_z1p867_ms10p33_age2p380_tau5p450_met0p0004_av2p620.txt
178 /Users/baj/Documents/roman_slitless_sims_seds/bc03_template_z2p091_ms11p48_age2p175_tau3p560_met0p0200_av4p718.txt
179 /Users/baj/Documents/roman_slitless_sims_seds/bc03_template_z1p995_ms10p47_age2p745_tau5p075_met0p0080_av0p338.txt
180 /Users/baj/Documents/roman_slitless_sims_seds/bc03_template_z1p016_ms11p23_age2p090_tau8p730_met0p0500_av4p977.txt
181 /Users/baj/Documents/roman_slitless_sims_seds/bc03_template_z1p311_ms10p53_age3p550_tau6p385_met0p0001_av3p063.txt
182 /Users/baj/Documents/roman_slitless_sims_seds/bc03_template_z2p622_ms10p52_age0p320_tau10p355_met0p0500_av3p735.txt
183 /Users/baj/Documents/roman_slitless_sims_seds/bc03_template_z0p825_ms11p50_age2p160_tau4p580_met0p0200_av1p886.txt
184 /Users/baj/Documents/roman_slitless_sims_seds/bc03_template_z2p024_ms11p48_age1p485_tau13p465_met0p0500_av2p537.txt
185 /Users/baj/Documents/roman_slitless_sims_seds/bc03_template_z0p910_ms10p86_age5p445_tau14p510_met0p0004_av0p292.txt
186 /Users/baj/Documents/roman_slitless_sims_seds/bc03_template_z0p340_ms10p65_age5p310_tau2p400_met0p0500_av0p474.txt
187 /Users/baj/Documents/roman_slitless_sims_seds/bc03_template_z1p422_ms11p30_age2p700_tau5p195_met0p0040_av1p293.txt
188 /Users/baj/Documents/roman_slitless_sims_seds/bc03_template_z2p659_ms11p09_age0p840_tau12p070_met0p0001_av3p715.txt
189 /Users/baj/Documents/roman_slitless_sims_seds/bc03_template_z2p987_ms11p30_age1p715_tau12p330_met0p0004_av3p030.txt
190 /Users/baj/Documents/roman_slitless_sims_seds/bc03_template_z0p273_ms11p23_age9p305_tau1p750_met0p0500_av2p099.txt
191 /Users/baj/Documents/roman_slitless_sims_seds/bc03_template_z1p842_ms10p35_age2p375_tau12p070_met0p0040_av3p006.txt
192 /Users/baj/Documents/roman_slitless_sims_seds/bc03_template_z2p003_ms11p38_age0p720_tau1p865_met0p0004_av1p024.txt
193 /Users/baj/Documents/roman_slitless_sims_seds/bc03_template_z1p185_ms10p15_age4p805_tau14p400_met0p0004_av0p308.txt
194 /Users/baj/Documents/roman_slitless_sims_seds/bc03_template_z2p604_ms10p23_age0p415_tau8p475_met0p0500_av0p465.txt
195 /Users/baj/Documents/roman_slitless_sims_seds/bc03_template_z2p594_ms10p97_age0p200_tau9p410_met0p0001_av1p482.txt
196 /Users/baj/Documents/roman_slitless_sims_seds/bc03_template_z2p179_ms11p02_age1p110_tau8p860_met0p0500_av1p228.txt
197 /Users/baj/Documents/roman_slitless_sims_seds/bc03_template_z0p511_ms10p06_age4p115_tau9p170_met0p0500_av3p088.txt
198 /Users/baj/Documents/roman_slitless_sims_seds/bc03_template_z2p027_ms10p42_age0p910_tau9p130_met0p0500_av1p982.txt
199 /Users/baj/Documents/roman_slitless_sims_seds/bc03_template_z2p226_ms10p47_age0p345_tau10p695_met0p0500_av4p808.txt
200 /Users/baj/Documents/roman_slitless_sims_seds/bc03_template_z2p745_ms10p36_age0p345_tau1p140_met0p0200_av4p195.txt
201 /Users/baj/Documents/roman_slitless_sims_seds/bc03_template_z2p501_ms11p00_age0p800_tau3p675_met0p0080_av4p690.txt
202 /Users/baj/Documents/roman_slitless_sims_seds/bc03_template_z1p672_ms10p38_age2p435_tau5p665_met0p0001_av0p028.txt
203 /Users/baj/Documents/roman_slitless_sims_seds/bc03_template_z2p006_ms10p18_age2p925_tau6p055_met0p0004_av3p089.txt
204 /Users/baj/Documents/roman_slitless_sims_seds/bc03_template_z1p603_ms11p26_age3p060_tau1p390_met0p0500_av4p525.txt
205 /Users/baj/Documents/roman_slitless_sims_seds/bc03_template_z1p816_ms10p29_age2p635_tau14p995_met0p0200_av2p647.txt
206 /Users/baj/Documents/roman_slitless_sims_seds/bc03_template_z1p191_ms10p80_age1p710_tau9p015_met0p0004_av2p395.txt
208 /Users/baj/Documents/roman_slitless_sims_seds/bc03_template_z0p119_ms10p44_age5p750_tau1p165_met0p0500_av3p466.txt
209 /Users/baj/Documents/roman_slitless_sims_seds/bc03_template_z1p728_ms11p08_age1p615_tau5p065_met0p0080_av1p257.txt
210 /Users/baj/Documents/roman_slitless_sims_seds/bc03_template_z1p823_ms11p18_age1p085_tau3p075_met0p0080_av1p139.txt
211 /Users/baj/Documents/roman_slitless_sims_seds/bc03_template_z1p079_ms11p20_age4p500_tau2p385_met0p0080_av2p310.txt
212 /Users/baj/Documents/roman_slitless_sims_seds/bc03_template_z1p438_ms10p14_age3p580_tau11p940_met0p0004_av3p120.txt
213 /Users/baj/Documents/roman_slitless_sims_seds/bc03_template_z1p151_ms10p88_age3p360_tau14p195_met0p0080_av1p899.txt
214 /Users/baj/Documents/roman_slitless_sims_seds/bc03_template_z2p315_ms10p44_age1p035_tau11p170_met0p0040_av4p582.txt
215 /Users/baj/Documents/roman_slitless_sims_seds/bc03_template_z1p373_ms10p56_age1p090_tau6p650_met0p0040_av2p115.txt
216 /Users/baj/Documents/roman_slitless_sims_seds/bc03_template_z0p967_ms10p38_age1p675_tau7p240_met0p0200_av2p527.txt
217 /Users/baj/Documents/roman_slitless_sims_seds/bc03_template_z2p924_ms11p44_age0p940_tau7p740_met0p0080_av4p688.txt
218 /Users/baj/Documents/roman_slitless_sims_seds/bc03_template_z1p043_ms11p26_age1p255_tau0p910_met0p0040_av1p690.txt
219 /Users/baj/Documents/roman_slitless_sims_seds/bc03_template_z1p211_ms10p11_age2p510_tau2p350_met0p0200_av3p763.txt
220 /Users/baj/Documents/roman_slitless_sims_seds/bc03_template_z0p093_ms11p02_age3p135_tau7p360_met0p0080_av0p139.txt
221 /Users/baj/Documents/roman_slitless_sims_seds/bc03_template_z1p654_ms10p41_age1p250_tau8p955_met0p0040_av1p105.txt
222 /Users/baj/Documents/roman_slitless_sims_seds/bc03_template_z1p010_ms10p86_age5p250_tau9p280_met0p0001_av0p728.txt
223 /Users/baj/Documents/roman_slitless_sims_seds/bc03_template_z2p097_ms10p95_age2p095_tau13p335_met0p0500_av1p816.txt
224 /Users/baj/Documents/roman_slitless_sims_seds/bc03_template_z0p476_ms10p27_age3p595_tau8p145_met0p0500_av2p296.txt
225 /Users/baj/Documents/roman_slitless_sims_seds/bc03_template_z2p065_ms11p00_age0p915_tau9p470_met0p0200_av4p488.txt
226 /Users/baj/Documents/roman_slitless_sims_seds/bc03_template_z1p690_ms10p26_age3p590_tau9p725_met0p0500_av2p212.txt
227 /Users/baj/Documents/roman_slitless_sims_seds/bc03_template_z2p956_ms11p27_age1p635_tau2p425_met0p0080_av1p722.txt
228 /Users/baj/Documents/roman_slitless_sims_seds/bc03_template_z1p901_ms10p03_age1p830_tau3p480_met0p0004_av2p476.txt
229 /Users/baj/Documents/roman_slitless_sims_seds/bc03_template_z2p283_ms10p77_age0p620_tau2p790_met0p0080_av2p147.txt
230 /Users/baj/Documents/roman_slitless_sims_seds/bc03_template_z0p819_ms10p17_age1p350_tau1p990_met0p0040_av0p380.txt
231 /Users/baj/Documents/roman_slitless_sims_seds/bc03_template_z1p455_ms11p03_age2p395_tau10p855_met0p0080_av4p496.txt
232 /Users/baj/Documents/roman_slitless_sims_seds/bc03_template_z1p972_ms11p12_age1p775_tau1p835_met0p0200_av1p874.txt
233 /Users/baj/Documents/roman_slitless_sims_seds/bc03_template_z0p757_ms10p48_age1p305_tau11p895_met0p0004_av2p786.txt
234 /Users/baj/Documents/roman_slitless_sims_seds/bc03_template_z1p377_ms11p26_age3p410_tau14p365_met0p0001_av4p499.txt
235 /Users/baj/Documents/roman_slitless_sims_seds/bc03_template_z2p281_ms10p95_age1p550_tau11p340_met0p0040_av3p366.txt
236 /Users/baj/Documents/roman_slitless_sims_seds/bc03_template_z1p436_ms10p56_age3p605_tau4p330_met0p0200_av1p482.txt
237 /Users/baj/Documents/roman_slitless_sims_seds/bc03_template_z1p152_ms10p17_age0p745_tau8p700_met0p0500_av2p337.txt
238 /Users/baj/Documents/roman_slitless_sims_seds/bc03_template_z0p259_ms10p30_age0p280_tau5p630_met0p0004_av3p564.txt
239 /Users/baj/Documents/roman_slitless_sims_seds/bc03_template_z1p173_ms10p85_age5p105_tau0p495_met0p0001_av1p333.txt
240 /Users/baj/Documents/roman_slitless_sims_seds/bc03_template_z0p029_ms10p61_age12p560_tau3p090_met0p0500_av3p943.txt
241 /Users/baj/Documents/roman_slitless_sims_seds/salt2_spec_day17_z1p953_av2p331.txt
207 /Users/baj/Documents/roman_slitless_sims_seds/bc03_template_z1p953_ms11p17_age1p530_tau12p380_met0p0001_av0p595.txt
242 /Users/baj/Documents/roman_slitless_sims_seds/bc03_template_z0p517_ms10p55_age7p570_tau11p925_met0p0040_av2p778.txt
243 /Users/baj/Documents/roman_slitless_sims_seds/bc03_template_z1p247_ms10p03_age1p915_tau7p610_met0p0001_av4p484.txt
244 /Users/baj/Documents/roman_slitless_sims_seds/bc03_template_z0p590_ms11p06_age7p120_tau3p770_met0p0080_av2p539.txt
245 /Users/baj/Documents/roman_slitless_sims_seds/bc03_template_z1p640_ms11p11_age3p300_tau7p450_met0p0040_av4p126.txt
246 /Users/baj/Documents/roman_slitless_sims_seds/bc03_template_z0p970_ms10p12_age4p815_tau2p065_met0p0200_av1p275.txt
247 /Users/baj/Documents/roman_slitless_sims_seds/bc03_template_z0p498_ms10p76_age6p265_tau3p960_met0p0001_av3p941.txt
248 /Users/baj/Documents/roman_slitless_sims_seds/bc03_template_z2p315_ms10p15_age0p625_tau9p010_met0p0040_av3p162.txt
249 /Users/baj/Documents/roman_slitless_sims_seds/bc03_template_z2p176_ms10p47_age1p310_tau4p480_met0p0200_av1p828.txt
250 /Users/baj/Documents/roman_slitless_sims_seds/bc03_template_z2p282_ms11p23_age1p345_tau10p410_met0p0200_av4p878.txt
251 /Users/baj/Documents/roman_slitless_sims_seds/bc03_template_z2p304_ms10p86_age0p685_tau5p570_met0p0001_av4p521.txt
252 /Users/baj/Documents/roman_slitless_sims_seds/bc03_template_z2p773_ms11p00_age0p780_tau6p330_met0p0004_av3p090.txt
253 /Users/baj/Documents/roman_slitless_sims_seds/bc03_template_z2p561_ms10p95_age0p530_tau0p745_met0p0001_av3p864.txt
254 /Users/baj/Documents/roman_slitless_sims_seds/bc03_template_z1p090_ms10p17_age2p820_tau0p750_met0p0500_av0p758.txt
255 /Users/baj/Documents/roman_slitless_sims_seds/bc03_template_z0p304_ms11p23_age3p630_tau10p305_met0p0080_av1p010.txt
256 /Users/baj/Documents/roman_slitless_sims_seds/bc03_template_z0p239_ms10p38_age3p355_tau1p660_met0p0001_av0p680.txt
257 /Users/baj/Documents/roman_slitless_sims_seds/bc03_template_z0p291_ms10p91_age6p645_tau5p980_met0p0500_av2p047.txt
258 /Users/baj/Documents/roman_slitless_sims_seds/bc03_template_z2p447_ms10p61_age1p020_tau2p710_met0p0001_av0p181.txt
259 /Users/baj/Documents/roman_slitless_sims_seds/bc03_template_z2p080_ms11p23_age1p765_tau0p990_met0p0200_av2p512.txt
260 /Users/baj/Documents/roman_slitless_sims_seds/bc03_template_z2p507_ms10p88_age0p340_tau6p555_met0p0500_av1p457.txt
261 /Users/baj/Documents/roman_slitless_sims_seds/bc03_template_z1p939_ms10p36_age3p005_tau14p235_met0p0500_av1p613.txt
262 /Users/baj/Documents/roman_slitless_sims_seds/bc03_template_z0p228_ms11p21_age10p035_tau2p900_met0p0004_av3p905.txt
263 /Users/baj/Documents/roman_slitless_sims_seds/bc03_template_z0p440_ms10p00_age1p625_tau3p855_met0p0200_av1p279.txt
264 /Users/baj/Documents/roman_slitless_sims_seds/bc03_template_z0p083_ms10p42_age11p215_tau12p490_met0p0500_av0p454.txt
265 /Users/baj/Documents/roman_slitless_sims_seds/bc03_template_z2p675_ms10p35_age1p420_tau1p695_met0p0001_av4p942.txt
266 /Users/baj/Documents/roman_slitless_sims_seds/bc03_template_z1p646_ms10p70_age2p660_tau2p325_met0p0040_av0p747.txt
267 /Users/baj/Documents/roman_slitless_sims_seds/bc03_template_z2p098_ms10p92_age1p270_tau13p405_met0p0200_av4p113.txt
268 /Users/baj/Documents/roman_slitless_sims_seds/bc03_template_z1p903_ms10p09_age1p000_tau0p460_met0p0004_av4p107.txt
269 /Users/baj/Documents/roman_slitless_sims_seds/bc03_template_z2p441_ms10p61_age1p375_tau9p565_met0p0200_av0p443.txt
270 /Users/baj/Documents/roman_slitless_sims_seds/bc03_template_z1p087_ms10p95_age0p290_tau9p805_met0p0040_av3p754.txt
271 /Users/baj/Documents/roman_slitless_sims_seds/bc03_template_z1p790_ms11p38_age2p755_tau1p825_met0p0200_av4p682.txt
272 /Users/baj/Documents/roman_slitless_sims_seds/bc03_template_z2p210_ms11p29_age1p605_tau8p245_met0p0004_av0p341.txt
273 /Users/baj/Documents/roman_slitless_sims_seds/bc03_template_z2p228_ms11p38_age1p275_tau11p080_met0p0080_av1p062.txt
274 /Users/baj/Documents/roman_slitless_sims_seds/bc03_template_z1p652_ms10p86_age2p265_tau0p805_met0p0500_av4p429.txt
275 /Users/baj/Documents/roman_slitless_sims_seds/bc03_template_z2p010_ms10p36_age2p015_tau4p110_met0p0001_av3p194.txt
276 /Users/baj/Documents/roman_slitless_sims_seds/bc03_template_z0p584_ms10p77_age7p695_tau12p570_met0p0200_av1p070.txt
277 /Users/baj/Documents/roman_slitless_sims_seds/bc03_template_z0p917_ms10p47_age4p540_tau2p295_met0p0080_av3p606.txt
278 /Users/baj/Documents/roman_slitless_sims_seds/bc03_template_z1p116_ms11p45_age5p305_tau8p960_met0p0200_av3p751.txt
279 /Users/baj/Documents/roman_slitless_sims_seds/bc03_template_z2p984_ms11p36_age0p365_tau5p190_met0p0500_av1p481.txt
280 /Users/baj/Documents/roman_slitless_sims_seds/bc03_template_z0p708_ms10p35_age3p260_tau1p090_met0p0500_av3p529.txt
281 /Users/baj/Documents/roman_slitless_sims_seds/bc03_template_z2p380_ms10p65_age1p370_tau2p480_met0p0080_av0p840.txt
282 /Users/baj/Documents/roman_slitless_sims_seds/bc03_template_z2p500_ms10p30_age1p980_tau8p690_met0p0500_av2p837.txt
283 /Users/baj/Documents/roman_slitless_sims_seds/bc03_template_z1p828_ms11p00_age0p160_tau0p055_met0p0200_av4p092.txt
284 /Users/baj/Documents/roman_slitless_sims_seds/bc03_template_z0p821_ms10p24_age5p105_tau7p785_met0p0001_av0p420.txt
285 /Users/baj/Documents/roman_slitless_sims_seds/bc03_template_z0p207_ms10p53_age7p710_tau9p360_met0p0500_av2p962.txt
286 /Users/baj/Documents/roman_slitless_sims_seds/bc03_template_z2p264_ms10p98_age0p525_tau6p275_met0p0004_av3p005.txt
287 /Users/baj/Documents/roman_slitless_sims_seds/bc03_template_z1p800_ms10p85_age1p350_tau8p945_met0p0004_av0p868.txt
288 /Users/baj/Documents/roman_slitless_sims_seds/bc03_template_z1p951_ms11p45_age2p115_tau0p110_met0p0080_av3p343.txt
289 /Users/baj/Documents/roman_slitless_sims_seds/bc03_template_z2p558_ms10p30_age1p060_tau1p935_met0p0200_av3p530.txt
290 /Users/baj/Documents/roman_slitless_sims_seds/bc03_template_z0p118_ms11p27_age0p760_tau5p425_met0p0200_av1p627.txt
291 /Users/baj/Documents/roman_slitless_sims_seds/bc03_template_z1p026_ms11p03_age4p790_tau6p160_met0p0004_av3p929.txt
292 /Users/baj/Documents/roman_slitless_sims_seds/bc03_template_z2p976_ms10p80_age0p205_tau10p710_met0p0040_av2p180.txt
293 /Users/baj/Documents/roman_slitless_sims_seds/bc03_template_z1p573_ms10p24_age1p150_tau9p510_met0p0004_av4p645.txt
294 /Users/baj/Documents/roman_slitless_sims_seds/bc03_template_z0p445_ms11p45_age1p555_tau13p045_met0p0001_av3p881.txt
295 /Users/baj/Documents/roman_slitless_sims_seds/bc03_template_z2p185_ms10p73_age0p275_tau12p950_met0p0040_av1p591.txt
296 /Users/baj/Documents/roman_slitless_sims_seds/bc03_template_z0p370_ms10p52_age8p750_tau0p060_met0p0200_av3p409.txt
297 /Users/baj/Documents/roman_slitless_sims_seds/bc03_template_z1p428_ms11p38_age0p575_tau4p585_met0p0080_av4p188.txt
298 /Users/baj/Documents/roman_slitless_sims_seds/bc03_template_z2p925_ms11p18_age1p505_tau0p890_met0p0004_av4p167.txt
299 /Users/baj/Documents/roman_slitless_sims_seds/bc03_template_z1p901_ms11p11_age2p430_tau9p755_met0p0004_av0p120.txt
300 /Users/baj/Documents/roman_slitless_sims_seds/bc03_template_z0p028_ms10p21_age7p520_tau1p075_met0p0200_av2p225.txt
301 /Users/baj/Documents/roman_slitless_sims_seds/bc03_template_z2p060_ms11p39_age0p375_tau10p740_met0p0004_av1p323.txt
302 /Users/baj/Documents/roman_slitless_sims_seds/bc03_template_z2p453_ms10p61_age2p235_tau9p775_met0p0001_av1p386.txt
303 /Users/baj/Documents/roman_slitless_sims_seds/bc03_template_z2p736_ms10p80_age1p780_tau8p785_met0p0080_av2p879.txt
304 /Users/baj/Documents/roman_slitless_sims_seds/bc03_template_z0p475_ms10p64_age0p935_tau0p275_met0p0004_av1p484.txt
305 /Users/baj/Documents/roman_slitless_sims_seds/bc03_template_z0p848_ms10p92_age5p265_tau12p050_met0p0200_av4p045.txt
306 /Users/baj/Documents/roman_slitless_sims_seds/bc03_template_z1p557_ms10p18_age1p295_tau8p115_met0p0004_av4p337.txt
307 /Users/baj/Documents/roman_slitless_sims_seds/bc03_template_z0p593_ms10p05_age0p180_tau9p470_met0p0080_av1p646.txt
308 /Users/baj/Documents/roman_slitless_sims_seds/bc03_template_z1p772_ms11p42_age3p010_tau8p230_met0p0080_av4p710.txt
309 /Users/baj/Documents/roman_slitless_sims_seds/bc03_template_z0p668_ms10p23_age6p795_tau1p575_met0p0004_av3p523.txt
310 /Users/baj/Documents/roman_slitless_sims_seds/bc03_template_z2p923_ms10p23_age0p615_tau0p345_met0p0500_av3p843.txt
311 /Users/baj/Documents/roman_slitless_sims_seds/bc03_template_z1p127_ms10p62_age0p815_tau4p910_met0p0080_av4p519.txt
312 /Users/baj/Documents/roman_slitless_sims_seds/bc03_template_z2p527_ms10p00_age2p295_tau0p145_met0p0004_av0p004.txt
313 /Users/baj/Documents/roman_slitless_sims_seds/bc03_template_z2p863_ms10p08_age2p050_tau5p450_met0p0004_av4p244.txt
314 /Users/baj/Documents/roman_slitless_sims_seds/bc03_template_z1p696_ms10p86_age0p130_tau9p370_met0p0004_av1p669.txt
315 /Users/baj/Documents/roman_slitless_sims_seds/bc03_template_z1p170_ms10p35_age3p890_tau11p905_met0p0040_av0p605.txt
316 /Users/baj/Documents/roman_slitless_sims_seds/bc03_template_z0p801_ms11p03_age5p290_tau4p490_met0p0001_av1p728.txt
317 /Users/baj/Documents/roman_slitless_sims_seds/bc03_template_z2p982_ms10p33_age1p475_tau1p705_met0p0500_av4p596.txt
318 /Users/baj/Documents/roman_slitless_sims_seds/bc03_template_z0p383_ms10p05_age9p230_tau12p855_met0p0500_av3p014.txt
319 /Users/baj/Documents/roman_slitless_sims_seds/bc03_template_z0p770_ms11p09_age0p285_tau6p615_met0p0004_av4p532.txt
320 /Users/baj/Documents/roman_slitless_sims_seds/bc03_template_z0p492_ms10p27_age6p430_tau4p570_met0p0500_av0p985.txt
321 /Users/baj/Documents/roman_slitless_sims_seds/bc03_template_z2p758_ms10p74_age1p465_tau2p050_met0p0080_av0p973.txt
322 /Users/baj/Documents/roman_slitless_sims_seds/bc03_template_z2p935_ms11p20_age1p240_tau13p875_met0p0001_av1p710.txt
323 /Users/baj/Documents/roman_slitless_sims_seds/bc03_template_z0p387_ms10p64_age5p610_tau10p770_met0p0001_av1p341.txt
324 /Users/baj/Documents/roman_slitless_sims_seds/bc03_template_z1p087_ms10p67_age4p220_tau5p640_met0p0500_av0p628.txt
325 /Users/baj/Documents/roman_slitless_sims_seds/bc03_template_z2p613_ms11p14_age1p450_tau0p235_met0p0001_av0p390.txt
326 /Users/baj/Documents/roman_slitless_sims_seds/bc03_template_z1p626_ms11p18_age1p195_tau1p160_met0p0500_av1p184.txt
327 /Users/baj/Documents/roman_slitless_sims_seds/bc03_template_z0p626_ms10p14_age7p635_tau2p280_met0p0040_av2p972.txt
328 /Users/baj/Documents/roman_slitless_sims_seds/bc03_template_z0p638_ms10p44_age0p995_tau10p080_met0p0040_av4p335.txt
329 /Users/baj/Documents/roman_slitless_sims_seds/bc03_template_z2p194_ms10p32_age0p995_tau3p895_met0p0200_av1p350.txt
330 /Users/baj/Documents/roman_slitless_sims_seds/bc03_template_z1p596_ms11p47_age2p760_tau4p370_met0p0040_av1p319.txt
331 /Users/baj/Documents/roman_slitless_sims_seds/bc03_template_z2p087_ms11p26_age1p605_tau0p135_met0p0080_av1p590.txt
332 /Users/baj/Documents/roman_slitless_sims_seds/bc03_template_z1p543_ms11p05_age0p920_tau10p155_met0p0001_av3p853.txt
333 /Users/baj/Documents/roman_slitless_sims_seds/bc03_template_z1p676_ms11p03_age3p445_tau6p180_met0p0040_av3p934.txt
334 /Users/baj/Documents/roman_slitless_sims_seds/bc03_template_z0p527_ms11p42_age1p635_tau1p075_met0p0004_av0p716.txt
335 /Users/baj/Documents/roman_slitless_sims_seds/bc03_template_z2p400_ms10p11_age1p200_tau4p420_met0p0080_av4p853.txt
336 /Users/baj/Documents/roman_slitless_sims_seds/bc03_template_z1p376_ms10p98_age2p185_tau5p620_met0p0004_av1p661.txt
337 /Users/baj/Documents/roman_slitless_sims_seds/bc03_template_z1p167_ms10p52_age1p725_tau0p350_met0p0040_av1p008.txt
338 /Users/baj/Documents/roman_slitless_sims_seds/bc03_template_z0p326_ms10p58_age2p825_tau3p160_met0p0001_av2p512.txt
339 /Users/baj/Documents/roman_slitless_sims_seds/bc03_template_z1p372_ms11p23_age3p125_tau0p435_met0p0001_av2p796.txt
340 /Users/baj/Documents/roman_slitless_sims_seds/bc03_template_z0p208_ms10p24_age2p070_tau12p245_met0p0040_av0p423.txt
341 /Users/baj/Documents/roman_slitless_sims_seds/bc03_template_z2p294_ms11p48_age2p580_tau0p685_met0p0200_av2p711.txt
342 /Users/baj/Documents/roman_slitless_sims_seds/bc03_template_z2p431_ms10p83_age2p320_tau1p505_met0p0500_av1p629.txt
343 /Users/baj/Documents/roman_slitless_sims_seds/bc03_template_z1p194_ms10p30_age2p580_tau5p290_met0p0080_av0p810.txt
344 /Users/baj/Documents/roman_slitless_sims_seds/bc03_template_z2p152_ms10p45_age1p350_tau10p875_met0p0004_av4p991.txt
345 /Users/baj/Documents/roman_slitless_sims_seds/bc03_template_z2p246_ms10p59_age1p820_tau11p485_met0p0040_av1p132.txt
346 /Users/baj/Documents/roman_slitless_sims_seds/bc03_template_z0p485_ms10p53_age4p345_tau5p740_met0p0004_av1p483.txt
347 /Users/baj/Documents/roman_slitless_sims_seds/bc03_template_z2p680_ms10p03_age2p125_tau5p150_met0p0080_av0p162.txt
348 /Users/baj/Documents/roman_slitless_sims_seds/bc03_template_z1p358_ms10p79_age0p720_tau2p965_met0p0040_av2p601.txt
349 /Users/baj/Documents/roman_slitless_sims_seds/bc03_template_z1p601_ms10p30_age1p895_tau5p435_met0p0200_av1p704.txt
350 /Users/baj/Documents/roman_slitless_sims_seds/bc03_template_z2p791_ms10p23_age0p720_tau10p530_met0p0004_av3p301.txt
351 /Users/baj/Documents/roman_slitless_sims_seds/bc03_template_z1p276_ms11p21_age2p500_tau5p255_met0p0001_av1p969.txt
352 /Users/baj/Documents/roman_slitless_sims_seds/bc03_template_z0p822_ms10p76_age3p290_tau1p815_met0p0500_av1p876.txt
353 /Users/baj/Documents/roman_slitless_sims_seds/bc03_template_z2p969_ms11p17_age1p965_tau8p430_met0p0500_av0p042.txt
354 /Users/baj/Documents/roman_slitless_sims_seds/bc03_template_z0p700_ms10p77_age1p505_tau8p845_met0p0200_av4p741.txt
355 /Users/baj/Documents/roman_slitless_sims_seds/bc03_template_z2p749_ms10p33_age2p150_tau9p430_met0p0040_av3p910.txt
356 /Users/baj/Documents/roman_slitless_sims_seds/bc03_template_z2p303_ms11p42_age1p840_tau11p405_met0p0500_av3p532.txt
357 /Users/baj/Documents/roman_slitless_sims_seds/bc03_template_z0p058_ms10p20_age11p180_tau0p020_met0p0040_av3p310.txt
358 /Users/baj/Documents/roman_slitless_sims_seds/bc03_template_z0p409_ms10p11_age5p210_tau4p710_met0p0040_av2p454.txt
359 /Users/baj/Documents/roman_slitless_sims_seds/bc03_template_z2p656_ms11p11_age1p685_tau0p105_met0p0040_av3p579.txt
360 /Users/baj/Documents/roman_slitless_sims_seds/bc03_template_z2p598_ms10p76_age2p170_tau10p025_met0p0001_av1p390.txt
361 /Users/baj/Documents/roman_slitless_sims_seds/bc03_template_z1p040_ms10p65_age4p000_tau12p710_met0p0004_av2p562.txt
362 /Users/baj/Documents/roman_slitless_sims_seds/bc03_template_z0p996_ms10p36_age5p065_tau11p900_met0p0200_av1p736.txt
363 /Users/baj/Documents/roman_slitless_sims_seds/bc03_template_z0p032_ms11p48_age3p300_tau11p545_met0p0200_av3p751.txt
364 /Users/baj/Documents/roman_slitless_sims_seds/bc03_template_z2p107_ms10p23_age1p820_tau7p930_met0p0500_av3p703.txt
365 /Users/baj/Documents/roman_slitless_sims_seds/bc03_template_z2p827_ms10p45_age1p190_tau3p525_met0p0040_av1p995.txt
366 /Users/baj/Documents/roman_slitless_sims_seds/bc03_template_z2p029_ms10p64_age1p605_tau3p750_met0p0080_av3p188.txt
367 /Users/baj/Documents/roman_slitless_sims_seds/bc03_template_z1p305_ms10p18_age3p665_tau8p530_met0p0040_av2p748.txt
368 /Users/baj/Documents/roman_slitless_sims_seds/bc03_template_z2p509_ms11p38_age2p350_tau2p780_met0p0080_av3p914.txt
369 /Users/baj/Documents/roman_slitless_sims_seds/bc03_template_z2p194_ms11p21_age1p835_tau0p825_met0p0200_av1p956.txt
370 /Users/baj/Documents/roman_slitless_sims_seds/bc03_template_z0p096_ms10p62_age3p300_tau8p750_met0p0080_av0p090.txt
371 /Users/baj/Documents/roman_slitless_sims_seds/bc03_template_z1p405_ms11p17_age3p750_tau7p960_met0p0001_av1p688.txt
372 /Users/baj/Documents/roman_slitless_sims_seds/bc03_template_z1p413_ms11p05_age0p120_tau0p915_met0p0500_av0p783.txt
373 /Users/baj/Documents/roman_slitless_sims_seds/bc03_template_z1p101_ms10p97_age3p750_tau8p685_met0p0500_av3p137.txt
374 /Users/baj/Documents/roman_slitless_sims_seds/bc03_template_z0p957_ms11p11_age2p975_tau1p870_met0p0200_av0p512.txt
375 /Users/baj/Documents/roman_slitless_sims_seds/bc03_template_z1p071_ms10p29_age2p000_tau9p160_met0p0040_av0p681.txt
376 /Users/baj/Documents/roman_slitless_sims_seds/bc03_template_z0p373_ms10p59_age4p595_tau1p105_met0p0004_av3p399.txt
377 /Users/baj/Documents/roman_slitless_sims_seds/bc03_template_z1p716_ms11p17_age0p660_tau10p205_met0p0001_av2p371.txt
378 /Users/baj/Documents/roman_slitless_sims_seds/bc03_template_z2p644_ms10p38_age0p855_tau4p705_met0p0040_av0p009.txt
379 /Users/baj/Documents/roman_slitless_sims_seds/bc03_template_z1p583_ms10p09_age0p765_tau8p515_met0p0040_av3p359.txt
380 /Users/baj/Documents/roman_slitless_sims_seds/bc03_template_z1p739_ms10p21_age2p100_tau11p620_met0p0080_av1p988.txt
381 /Users/baj/Documents/roman_slitless_sims_seds/bc03_template_z0p470_ms10p86_age7p120_tau10p145_met0p0200_av2p356.txt
382 /Users/baj/Documents/roman_slitless_sims_seds/bc03_template_z1p601_ms11p26_age3p150_tau4p495_met0p0080_av3p916.txt
383 /Users/baj/Documents/roman_slitless_sims_seds/bc03_template_z1p493_ms11p20_age0p430_tau7p835_met0p0080_av1p751.txt
384 /Users/baj/Documents/roman_slitless_sims_seds/bc03_template_z1p427_ms11p00_age1p450_tau6p720_met0p0001_av3p003.txt
385 /Users/baj/Documents/roman_slitless_sims_seds/bc03_template_z0p491_ms10p45_age1p880_tau12p270_met0p0080_av4p046.txt
386 /Users/baj/Documents/roman_slitless_sims_seds/bc03_template_z1p360_ms10p71_age4p165_tau1p530_met0p0200_av3p801.txt
387 /Users/baj/Documents/roman_slitless_sims_seds/bc03_template_z0p781_ms10p44_age2p285_tau4p295_met0p0500_av3p591.txt
388 /Users/baj/Documents/roman_slitless_sims_seds/bc03_template_z1p942_ms10p39_age2p215_tau0p015_met0p0080_av3p048.txt
389 /Users/baj/Documents/roman_slitless_sims_seds/bc03_template_z0p562_ms11p15_age7p330_tau4p245_met0p0080_av3p716.txt
390 /Users/baj/Documents/roman_slitless_sims_seds/bc03_template_z2p824_ms10p73_age1p000_tau6p865_met0p0001_av1p253.txt
391 /Users/baj/Documents/roman_slitless_sims_seds/bc03_template_z0p447_ms11p48_age4p865_tau12p305_met0p0001_av1p953.txt
392 /Users/baj/Documents/roman_slitless_sims_seds/bc03_template_z0p904_ms10p59_age4p890_tau7p475_met0p0500_av2p330.txt
393 /Users/baj/Documents/roman_slitless_sims_seds/bc03_template_z1p445_ms11p21_age4p175_tau13p535_met0p0200_av4p852.txt
394 /Users/baj/Documents/roman_slitless_sims_seds/bc03_template_z2p670_ms10p71_age1p605_tau7p575_met0p0200_av0p971.txt
395 /Users/baj/Documents/roman_slitless_sims_seds/bc03_template_z0p029_ms10p23_age7p510_tau11p395_met0p0001_av2p136.txt
396 /Users/baj/Documents/roman_slitless_sims_seds/bc03_template_z1p964_ms10p79_age1p770_tau8p370_met0p0040_av1p889.txt
397 /Users/baj/Documents/roman_slitless_sims_seds/bc03_template_z2p027_ms10p35_age2p585_tau8p285_met0p0200_av1p577.txt
398 /Users/baj/Documents/roman_slitless_sims_seds/bc03_template_z1p963_ms11p36_age3p175_tau7p615_met0p0001_av3p916.txt
399 /Users/baj/Documents/roman_slitless_sims_seds/bc03_template_z1p198_ms11p35_age1p170_tau9p840_met0p0001_av3p450.txt
400 /Users/baj/Documents/roman_slitless_sims_seds/bc03_template_z2p874_ms11p21_age1p600_tau6p680_met0p0200_av3p939.txt
401 /Users/baj/Documents/roman_slitless_sims_seds/bc03_template_z0p466_ms11p35_age6p200_tau1p000_met0p0200_av1p219.txt
402 /Users/baj/Documents/roman_slitless_sims_seds/bc03_template_z2p608_ms10p80_age0p710_tau8p175_met0p0004_av0p749.txt
403 /Users/baj/Documents/roman_slitless_sims_seds/bc03_template_z0p621_ms10p41_age0p750_tau11p525_met0p0500_av4p400.txt
404 /Users/baj/Documents/roman_slitless_sims_seds/bc03_template_z1p505_ms11p39_age1p120_tau10p525_met0p0040_av1p992.txt
405 /Users/baj/Documents/roman_slitless_sims_seds/bc03_template_z1p363_ms11p42_age2p090_tau12p495_met0p0001_av1p629.txt
406 /Users/baj/Documents/roman_slitless_sims_seds/bc03_template_z0p237_ms10p09_age3p285_tau7p120_met0p0004_av2p810.txt
407 /Users/baj/Documents/roman_slitless_sims_seds/bc03_template_z0p923_ms10p67_age0p900_tau10p495_met0p0040_av1p938.txt
408 /Users/baj/Documents/roman_slitless_sims_seds/bc03_template_z1p354_ms10p45_age1p895_tau3p510_met0p0080_av3p291.txt
409 /Users/baj/Documents/roman_slitless_sims_seds/bc03_template_z1p805_ms11p18_age1p125_tau6p265_met0p0040_av4p370.txt
410 /Users/baj/Documents/roman_slitless_sims_seds/bc03_template_z1p826_ms10p88_age2p755_tau6p315_met0p0001_av2p679.txt
411 /Users/baj/Documents/roman_slitless_sims_seds/bc03_template_z0p583_ms11p17_age3p410_tau6p725_met0p0001_av4p463.txt
412 /Users/baj/Documents/roman_slitless_sims_seds/bc03_template_z2p776_ms10p17_age0p805_tau7p180_met0p0080_av4p634.txt
413 /Users/baj/Documents/roman_slitless_sims_seds/bc03_template_z1p672_ms11p12_age2p170_tau6p785_met0p0004_av3p642.txt
414 /Users/baj/Documents/roman_slitless_sims_seds/bc03_template_z2p192_ms10p05_age2p015_tau10p830_met0p0004_av2p993.txt
415 /Users/baj/Documents/roman_slitless_sims_seds/bc03_template_z2p026_ms10p14_age1p680_tau6p600_met0p0200_av3p562.txt
416 /Users/baj/Documents/roman_slitless_sims_seds/bc03_template_z2p054_ms11p05_age1p055_tau14p845_met0p0004_av3p195.txt
417 /Users/baj/Documents/roman_slitless_sims_seds/bc03_template_z0p976_ms10p89_age2p500_tau2p575_met0p0080_av0p357.txt
418 /Users/baj/Documents/roman_slitless_sims_seds/bc03_template_z2p695_ms11p50_age1p840_tau12p270_met0p0004_av1p516.txt
419 /Users/baj/Documents/roman_slitless_sims_seds/bc03_template_z1p563_ms10p58_age2p010_tau12p695_met0p0040_av4p407.txt
420 /Users/baj/Documents/roman_slitless_sims_seds/bc03_template_z2p361_ms10p76_age1p855_tau3p915_met0p0004_av3p377.txt
421 /Users/baj/Documents/roman_slitless_sims_seds/bc03_template_z2p720_ms10p74_age1p080_tau11p610_met0p0004_av3p411.txt
422 /Users/baj/Documents/roman_slitless_sims_seds/bc03_template_z0p109_ms10p36_age9p470_tau13p920_met0p0040_av1p732.txt
423 /Users/baj/Documents/roman_slitless_sims_seds/bc03_template_z0p259_ms10p89_age8p960_tau1p950_met0p0001_av4p205.txt
424 /Users/baj/Documents/roman_slitless_sims_seds/bc03_template_z2p811_ms11p29_age0p510_tau3p935_met0p0001_av2p534.txt
425 /Users/baj/Documents/roman_slitless_sims_seds/bc03_template_z2p089_ms11p15_age2p850_tau8p900_met0p0001_av2p109.txt
426 /Users/baj/Documents/roman_slitless_sims_seds/bc03_template_z2p193_ms10p45_age2p255_tau14p965_met0p0200_av2p059.txt
427 /Users/baj/Documents/roman_slitless_sims_seds/bc03_template_z0p308_ms11p14_age8p260_tau13p425_met0p0500_av2p165.txt
428 /Users/baj/Documents/roman_slitless_sims_seds/bc03_template_z1p259_ms10p50_age2p200_tau6p005_met0p0001_av1p097.txt
429 /Users/baj/Documents/roman_slitless_sims_seds/bc03_template_z2p143_ms10p12_age0p780_tau14p205_met0p0001_av2p191.txt
430 /Users/baj/Documents/roman_slitless_sims_seds/bc03_template_z0p998_ms10p30_age5p745_tau7p770_met0p0500_av2p256.txt
431 /Users/baj/Documents/roman_slitless_sims_seds/bc03_template_z2p080_ms10p88_age0p355_tau13p850_met0p0001_av1p837.txt
432 /Users/baj/Documents/roman_slitless_sims_seds/bc03_template_z2p840_ms10p21_age1p835_tau13p070_met0p0004_av0p507.txt
433 /Users/baj/Documents/roman_slitless_sims_seds/bc03_template_z2p898_ms10p17_age0p175_tau3p370_met0p0200_av1p591.txt
434 /Users/baj/Documents/roman_slitless_sims_seds/bc03_template_z2p169_ms10p18_age2p115_tau13p260_met0p0004_av2p908.txt
435 /Users/baj/Documents/roman_slitless_sims_seds/bc03_template_z2p127_ms10p74_age0p445_tau6p175_met0p0500_av1p984.txt
436 /Users/baj/Documents/roman_slitless_sims_seds/bc03_template_z0p401_ms10p58_age4p815_tau14p730_met0p0080_av3p958.txt
437 /Users/baj/Documents/roman_slitless_sims_seds/bc03_template_z0p772_ms10p45_age5p380_tau10p120_met0p0200_av3p322.txt
438 /Users/baj/Documents/roman_slitless_sims_seds/bc03_template_z2p472_ms10p79_age0p345_tau11p120_met0p0200_av1p521.txt
439 /Users/baj/Documents/roman_slitless_sims_seds/bc03_template_z1p433_ms10p59_age0p185_tau11p300_met0p0004_av0p966.txt
440 /Users/baj/Documents/roman_slitless_sims_seds/bc03_template_z0p775_ms10p89_age3p455_tau5p415_met0p0001_av4p168.txt
441 /Users/baj/Documents/roman_slitless_sims_seds/bc03_template_z1p558_ms10p23_age1p420_tau12p080_met0p0004_av1p431.txt
442 /Users/baj/Documents/roman_slitless_sims_seds/bc03_template_z1p336_ms10p61_age2p675_tau2p000_met0p0004_av3p092.txt
443 /Users/baj/Documents/roman_slitless_sims_seds/bc03_template_z2p821_ms10p71_age1p605_tau3p540_met0p0040_av1p666.txt
444 /Users/baj/Documents/roman_slitless_sims_seds/bc03_template_z1p296_ms11p47_age0p765_tau0p535_met0p0200_av2p090.txt
445 /Users/baj/Documents/roman_slitless_sims_seds/bc03_template_z1p023_ms10p27_age0p995_tau6p430_met0p0040_av1p913.txt
446 /Users/baj/Documents/roman_slitless_sims_seds/bc03_template_z0p314_ms10p56_age3p345_tau0p495_met0p0004_av0p587.txt
447 /Users/baj/Documents/roman_slitless_sims_seds/bc03_template_z2p398_ms10p56_age0p255_tau11p650_met0p0004_av4p855.txt
448 /Users/baj/Documents/roman_slitless_sims_seds/bc03_template_z0p281_ms10p94_age4p300_tau4p510_met0p0500_av0p313.txt
449 /Users/baj/Documents/roman_slitless_sims_seds/bc03_template_z2p411_ms11p45_age1p510_tau12p680_met0p0001_av0p195.txt
450 /Users/baj/Documents/roman_slitless_sims_seds/bc03_template_z0p744_ms11p00_age6p370_tau5p200_met0p0080_av3p002.txt
451 /Users/baj/Documents/roman_slitless_sims_seds/bc03_template_z2p628_ms10p14_age1p030_tau9p270_met0p0200_av1p371.txt
452 /Users/baj/Documents/roman_slitless_sims_seds/bc03_template_z0p781_ms10p56_age3p190_tau1p215_met0p0500_av4p054.txt
453 /Users/baj/Documents/roman_slitless_sims_seds/bc03_template_z1p663_ms10p85_age0p550_tau14p810_met0p0004_av2p737.txt
454 /Users/baj/Documents/roman_slitless_sims_seds/bc03_template_z0p569_ms10p68_age3p630_tau11p080_met0p0080_av2p637.txt
455 /Users/baj/Documents/roman_slitless_sims_seds/bc03_template_z2p459_ms10p33_age1p700_tau7p100_met0p0080_av4p662.txt
456 /Users/baj/Documents/roman_slitless_sims_seds/bc03_template_z0p841_ms11p41_age2p650_tau2p385_met0p0080_av1p500.txt
457 /Users/baj/Documents/roman_slitless_sims_seds/bc03_template_z0p467_ms11p32_age1p585_tau5p920_met0p0080_av2p329.txt
458 /Users/baj/Documents/roman_slitless_sims_seds/bc03_template_z0p671_ms10p02_age3p560_tau11p900_met0p0040_av2p465.txt
459 /Users/baj/Documents/roman_slitless_sims_seds/bc03_template_z1p919_ms10p02_age2p745_tau3p040_met0p0004_av2p578.txt
460 /Users/baj/Documents/roman_slitless_sims_seds/bc03_template_z0p355_ms11p17_age9p660_tau7p500_met0p0200_av3p477.txt
461 /Users/baj/Documents/roman_slitless_sims_seds/bc03_template_z0p531_ms11p14_age6p620_tau7p250_met0p0080_av0p194.txt
462 /Users/baj/Documents/roman_slitless_sims_seds/bc03_template_z0p524_ms10p98_age2p715_tau12p565_met0p0001_av1p117.txt
463 /Users/baj/Documents/roman_slitless_sims_seds/bc03_template_z2p610_ms10p02_age2p210_tau11p790_met0p0001_av3p014.txt
464 /Users/baj/Documents/roman_slitless_sims_seds/bc03_template_z1p368_ms10p47_age2p725_tau7p055_met0p0040_av2p371.txt
465 /Users/baj/Documents/roman_slitless_sims_seds/bc03_template_z2p046_ms10p21_age0p520_tau14p880_met0p0040_av3p358.txt
466 /Users/baj/Documents/roman_slitless_sims_seds/bc03_template_z1p596_ms10p41_age3p005_tau14p235_met0p0080_av1p291.txt
467 /Users/baj/Documents/roman_slitless_sims_seds/bc03_template_z2p177_ms10p73_age2p050_tau0p250_met0p0200_av4p072.txt
468 /Users/baj/Documents/roman_slitless_sims_seds/bc03_template_z2p855_ms10p29_age0p980_tau1p195_met0p0004_av4p350.txt
469 /Users/baj/Documents/roman_slitless_sims_seds/bc03_template_z1p394_ms10p12_age3p135_tau6p380_met0p0500_av1p645.txt
470 /Users/baj/Documents/roman_slitless_sims_seds/bc03_template_z2p101_ms11p09_age2p665_tau11p705_met0p0040_av2p101.txt
471 /Users/baj/Documents/roman_slitless_sims_seds/bc03_template_z0p234_ms10p62_age0p190_tau2p045_met0p0004_av1p450.txt
472 /Users/baj/Documents/roman_slitless_sims_seds/bc03_template_z0p998_ms11p33_age4p110_tau12p810_met0p0001_av3p103.txt
473 /Users/baj/Documents/roman_slitless_sims_seds/bc03_template_z0p292_ms10p29_age4p200_tau9p290_met0p0040_av1p057.txt
474 /Users/baj/Documents/roman_slitless_sims_seds/bc03_template_z2p798_ms10p06_age1p175_tau11p070_met0p0500_av1p753.txt
476 /Users/baj/Documents/roman_slitless_sims_seds/bc03_template_z2p277_ms10p53_age0p925_tau11p985_met0p0004_av1p973.txt
477 /Users/baj/Documents/roman_slitless_sims_seds/bc03_template_z0p498_ms11p41_age1p840_tau12p735_met0p0001_av2p116.txt
478 /Users/baj/Documents/roman_slitless_sims_seds/bc03_template_z2p009_ms10p11_age0p120_tau14p980_met0p0200_av2p390.txt
479 /Users/baj/Documents/roman_slitless_sims_seds/bc03_template_z2p324_ms11p45_age1p000_tau1p600_met0p0080_av3p300.txt
480 /Users/baj/Documents/roman_slitless_sims_seds/bc03_template_z2p689_ms11p08_age0p765_tau5p035_met0p0500_av2p185.txt
481 /Users/baj/Documents/roman_slitless_sims_seds/salt2_spec_day2_z0p443_av4p578.txt
475 /Users/baj/Documents/roman_slitless_sims_seds/bc03_template_z0p443_ms11p39_age4p135_tau2p110_met0p0040_av3p994.txt
482 /Users/baj/Documents/roman_slitless_sims_seds/bc03_template_z1p978_ms11p42_age2p195_tau10p640_met0p0200_av3p160.txt
483 /Users/baj/Documents/roman_slitless_sims_seds/bc03_template_z1p131_ms10p71_age3p320_tau3p155_met0p0080_av4p960.txt
484 /Users/baj/Documents/roman_slitless_sims_seds/bc03_template_z0p817_ms10p44_age3p585_tau9p050_met0p0040_av4p359.txt
485 /Users/baj/Documents/roman_slitless_sims_seds/bc03_template_z2p078_ms11p03_age0p945_tau13p795_met0p0004_av0p797.txt
486 /Users/baj/Documents/roman_slitless_sims_seds/bc03_template_z1p592_ms11p29_age2p435_tau5p840_met0p0001_av2p436.txt
487 /Users/baj/Documents/roman_slitless_sims_seds/bc03_template_z2p042_ms10p06_age2p620_tau10p060_met0p0001_av4p884.txt
488 /Users/baj/Documents/roman_slitless_sims_seds/bc03_template_z0p357_ms10p65_age0p445_tau12p520_met0p0500_av0p138.txt
489 /Users/baj/Documents/roman_slitless_sims_seds/bc03_template_z0p009_ms11p32_age10p400_tau1p345_met0p0200_av3p102.txt
490 /Users/baj/Documents/roman_slitless_sims_seds/bc03_template_z0p748_ms10p41_age3p560_tau11p545_met0p0001_av3p578.txt
491 /Users/baj/Documents/roman_slitless_sims_seds/bc03_template_z2p837_ms11p17_age2p120_tau9p770_met0p0001_av3p340.txt
492 /Users/baj/Documents/roman_slitless_sims_seds/bc03_template_z2p371_ms10p45_age1p860_tau9p550_met0p0001_av3p140.txt
493 /Users/baj/Documents/roman_slitless_sims_seds/bc03_template_z1p859_ms10p91_age2p835_tau6p920_met0p0040_av0p263.txt
494 /Users/baj/Documents/roman_slitless_sims_seds/bc03_template_z2p054_ms11p02_age2p100_tau2p765_met0p0500_av3p679.txt
495 /Users/baj/Documents/roman_slitless_sims_seds/bc03_template_z0p743_ms10p32_age2p580_tau9p255_met0p0500_av2p689.txt
496 /Users/baj/Documents/roman_slitless_sims_seds/bc03_template_z0p245_ms10p41_age10p000_tau2p075_met0p0200_av0p203.txt
497 /Users/baj/Documents/roman_slitless_sims_seds/bc03_template_z1p034_ms10p33_age3p450_tau14p160_met0p0080_av4p569.txt
498 /Users/baj/Documents/roman_slitless_sims_seds/bc03_template_z2p521_ms10p47_age1p725_tau2p775_met0p0001_av1p065.txt
499 /Users/baj/Documents/roman_slitless_sims_seds/bc03_template_z1p558_ms10p48_age3p385_tau4p690_met0p0040_av2p613.txt
500 /Users/baj/Documents/roman_slitless_sims_seds/bc03_template_z2p137_ms10p02_age0p965_tau11p500_met0p0200_av3p880.txt
501 /Users/baj/Documents/roman_slitless_sims_seds/bc03_template_z0p804_ms11p17_age0p910_tau2p525_met0p0004_av1p759.txt
502 /Users/baj/Documents/roman_slitless_sims_seds/bc03_template_z1p318_ms10p36_age1p160_tau1p045_met0p0004_av1p485.txt
503 /Users/baj/Documents/roman_slitless_sims_seds/bc03_template_z2p990_ms10p02_age1p610_tau4p470_met0p0080_av2p108.txt
504 /Users/baj/Documents/roman_slitless_sims_seds/bc03_template_z1p718_ms10p85_age2p525_tau6p790_met0p0500_av4p133.txt
505 /Users/baj/Documents/roman_slitless_sims_seds/bc03_template_z2p068_ms10p47_age2p315_tau13p750_met0p0040_av0p810.txt
506 /Users/baj/Documents/roman_slitless_sims_seds/bc03_template_z0p330_ms11p12_age3p875_tau14p220_met0p0080_av0p452.txt
507 /Users/baj/Documents/roman_slitless_sims_seds/bc03_template_z0p420_ms10p33_age6p685_tau9p025_met0p0500_av0p937.txt
508 /Users/baj/Documents/roman_slitless_sims_seds/bc03_template_z0p032_ms10p08_age8p080_tau11p965_met0p0001_av3p357.txt
509 /Users/baj/Documents/roman_slitless_sims_seds/bc03_template_z0p091_ms10p83_age1p505_tau2p490_met0p0004_av0p702.txt
510 /Users/baj/Documents/roman_slitless_sims_seds/bc03_template_z2p015_ms10p14_age2p420_tau1p675_met0p0001_av3p746.txt
511 /Users/baj/Documents/roman_slitless_sims_seds/bc03_template_z0p665_ms11p30_age3p270_tau7p690_met0p0080_av1p794.txt
512 /Users/baj/Documents/roman_slitless_sims_seds/bc03_template_z0p670_ms10p23_age6p710_tau0p555_met0p0040_av4p065.txt
513 /Users/baj/Documents/roman_slitless_sims_seds/bc03_template_z2p467_ms10p56_age2p050_tau1p455_met0p0040_av1p473.txt
514 /Users/baj/Documents/roman_slitless_sims_seds/bc03_template_z1p149_ms10p02_age1p165_tau4p370_met0p0200_av0p537.txt
515 /Users/baj/Documents/roman_slitless_sims_seds/bc03_template_z1p957_ms11p44_age2p410_tau11p335_met0p0001_av2p198.txt
516 /Users/baj/Documents/roman_slitless_sims_seds/bc03_template_z0p007_ms10p36_age0p900_tau8p755_met0p0001_av0p943.txt
517 /Users/baj/Documents/roman_slitless_sims_seds/bc03_template_z0p233_ms10p44_age10p290_tau4p845_met0p0004_av3p816.txt
518 /Users/baj/Documents/roman_slitless_sims_seds/bc03_template_z1p812_ms10p65_age1p660_tau10p970_met0p0004_av1p053.txt
519 /Users/baj/Documents/roman_slitless_sims_seds/bc03_template_z0p880_ms11p48_age1p800_tau3p290_met0p0001_av1p274.txt
520 /Users/baj/Documents/roman_slitless_sims_seds/bc03_template_z2p150_ms11p38_age0p305_tau14p180_met0p0080_av2p047.txt
521 /Users/baj/Documents/roman_slitless_sims_seds/bc03_template_z2p177_ms10p29_age2p610_tau11p140_met0p0040_av2p100.txt
522 /Users/baj/Documents/roman_slitless_sims_seds/bc03_template_z0p430_ms10p06_age8p880_tau12p020_met0p0004_av1p854.txt
523 /Users/baj/Documents/roman_slitless_sims_seds/bc03_template_z1p882_ms10p26_age2p575_tau9p750_met0p0080_av0p801.txt
524 /Users/baj/Documents/roman_slitless_sims_seds/bc03_template_z1p700_ms10p26_age1p795_tau7p130_met0p0001_av0p821.txt
525 /Users/baj/Documents/roman_slitless_sims_seds/bc03_template_z0p971_ms11p24_age5p405_tau2p980_met0p0004_av3p891.txt
526 /Users/baj/Documents/roman_slitless_sims_seds/bc03_template_z1p346_ms10p12_age2p085_tau13p075_met0p0001_av3p566.txt
527 /Users/baj/Documents/roman_slitless_sims_seds/bc03_template_z0p600_ms11p44_age7p545_tau11p230_met0p0200_av0p920.txt
528 /Users/baj/Documents/roman_slitless_sims_seds/bc03_template_z1p010_ms10p48_age3p385_tau10p360_met0p0500_av2p076.txt
529 /Users/baj/Documents/roman_slitless_sims_seds/bc03_template_z0p002_ms10p39_age12p345_tau6p830_met0p0004_av4p239.txt
530 /Users/baj/Documents/roman_slitless_sims_seds/bc03_template_z2p053_ms10p85_age1p730_tau1p795_met0p0500_av3p083.txt
531 /Users/baj/Documents/roman_slitless_sims_seds/bc03_template_z1p503_ms11p48_age3p040_tau10p305_met0p0200_av2p877.txt
532 /Users/baj/Documents/roman_slitless_sims_seds/bc03_template_z0p310_ms10p80_age4p845_tau14p920_met0p0080_av4p172.txt
533 /Users/baj/Documents/roman_slitless_sims_seds/bc03_template_z0p003_ms10p70_age10p200_tau6p505_met0p0040_av1p535.txt
534 /Users/baj/Documents/roman_slitless_sims_seds/bc03_template_z0p682_ms10p82_age0p785_tau2p360_met0p0500_av3p785.txt
535 /Users/baj/Documents/roman_slitless_sims_seds/bc03_template_z2p701_ms11p35_age0p670_tau5p155_met0p0200_av3p354.txt
536 /Users/baj/Documents/roman_slitless_sims_seds/bc03_template_z0p145_ms11p00_age7p460_tau10p595_met0p0004_av3p640.txt
537 /Users/baj/Documents/roman_slitless_sims_seds/bc03_template_z2p078_ms10p83_age2p490_tau14p455_met0p0040_av0p721.txt
538 /Users/baj/Documents/roman_slitless_sims_seds/bc03_template_z0p469_ms10p97_age3p110_tau8p165_met0p0500_av4p986.txt
539 /Users/baj/Documents/roman_slitless_sims_seds/bc03_template_z0p184_ms10p21_age11p325_tau12p255_met0p0001_av1p350.txt
540 /Users/baj/Documents/roman_slitless_sims_seds/bc03_template_z2p975_ms10p12_age1p840_tau11p130_met0p0001_av0p991.txt
541 /Users/baj/Documents/roman_slitless_sims_seds/bc03_template_z1p081_ms10p76_age4p855_tau13p410_met0p0040_av4p491.txt
542 /Users/baj/Documents/roman_slitless_sims_seds/bc03_template_z2p175_ms10p05_age1p655_tau0p705_met0p0080_av0p592.txt
543 /Users/baj/Documents/roman_slitless_sims_seds/bc03_template_z1p287_ms10p94_age2p405_tau10p970_met0p0001_av3p629.txt
544 /Users/baj/Documents/roman_slitless_sims_seds/bc03_template_z2p666_ms11p23_age0p410_tau11p565_met0p0200_av0p281.txt
545 /Users/baj/Documents/roman_slitless_sims_seds/bc03_template_z2p574_ms10p64_age1p365_tau7p795_met0p0004_av2p386.txt
546 /Users/baj/Documents/roman_slitless_sims_seds/bc03_template_z1p800_ms10p77_age0p110_tau8p425_met0p0500_av0p413.txt
547 /Users/baj/Documents/roman_slitless_sims_seds/salt2_spec_day24_z1p592_av0p203.txt
548 /Users/baj/Documents/roman_slitless_sims_seds/bc03_template_z1p592_ms10p65_age3p770_tau3p835_met0p0200_av0p414.txt
549 /Users/baj/Documents/roman_slitless_sims_seds/bc03_template_z0p830_ms10p47_age3p575_tau1p890_met0p0500_av0p767.txt
550 /Users/baj/Documents/roman_slitless_sims_seds/bc03_template_z0p005_ms10p32_age7p995_tau7p095_met0p0001_av4p328.txt
551 /Users/baj/Documents/roman_slitless_sims_seds/bc03_template_z1p590_ms10p61_age0p390_tau12p655_met0p0080_av2p852.txt
552 /Users/baj/Documents/roman_slitless_sims_seds/bc03_template_z2p515_ms10p48_age0p205_tau8p635_met0p0001_av2p118.txt
553 /Users/baj/Documents/roman_slitless_sims_seds/bc03_template_z2p309_ms10p32_age2p380_tau10p855_met0p0500_av1p894.txt
554 /Users/baj/Documents/roman_slitless_sims_seds/bc03_template_z0p973_ms10p35_age4p175_tau1p005_met0p0500_av1p057.txt
555 /Users/baj/Documents/roman_slitless_sims_seds/bc03_template_z2p183_ms10p82_age2p665_tau13p140_met0p0001_av1p943.txt
556 /Users/baj/Documents/roman_slitless_sims_seds/bc03_template_z1p906_ms11p03_age3p120_tau3p430_met0p0080_av1p969.txt
557 /Users/baj/Documents/roman_slitless_sims_seds/bc03_template_z0p338_ms10p14_age2p435_tau8p790_met0p0001_av4p823.txt
558 /Users/baj/Documents/roman_slitless_sims_seds/bc03_template_z0p424_ms10p45_age2p875_tau13p425_met0p0200_av2p214.txt
559 /Users/baj/Documents/roman_slitless_sims_seds/bc03_template_z1p929_ms10p55_age2p565_tau1p935_met0p0200_av2p302.txt
560 /Users/baj/Documents/roman_slitless_sims_seds/bc03_template_z0p135_ms11p00_age3p320_tau5p050_met0p0004_av4p585.txt
561 /Users/baj/Documents/roman_slitless_sims_seds/bc03_template_z2p755_ms10p94_age1p825_tau3p670_met0p0080_av3p563.txt
562 /Users/baj/Documents/roman_slitless_sims_seds/bc03_template_z0p946_ms11p44_age5p355_tau7p815_met0p0001_av1p820.txt
563 /Users/baj/Documents/roman_slitless_sims_seds/bc03_template_z0p815_ms11p12_age2p890_tau10p175_met0p0004_av0p593.txt
564 /Users/baj/Documents/roman_slitless_sims_seds/bc03_template_z0p160_ms11p38_age9p095_tau5p200_met0p0500_av0p027.txt
565 /Users/baj/Documents/roman_slitless_sims_seds/bc03_template_z2p433_ms11p47_age0p230_tau10p655_met0p0040_av2p527.txt
566 /Users/baj/Documents/roman_slitless_sims_seds/bc03_template_z1p570_ms10p70_age0p985_tau0p880_met0p0500_av1p629.txt
567 /Users/baj/Documents/roman_slitless_sims_seds/bc03_template_z0p893_ms10p08_age5p070_tau1p635_met0p0500_av2p557.txt
568 /Users/baj/Documents/roman_slitless_sims_seds/bc03_template_z1p103_ms11p15_age0p620_tau11p890_met0p0200_av1p576.txt
569 /Users/baj/Documents/roman_slitless_sims_seds/bc03_template_z2p485_ms11p14_age0p340_tau1p105_met0p0040_av2p507.txt
570 /Users/baj/Documents/roman_slitless_sims_seds/bc03_template_z1p592_ms11p42_age3p100_tau9p700_met0p0200_av4p678.txt
571 /Users/baj/Documents/roman_slitless_sims_seds/bc03_template_z2p860_ms10p98_age1p045_tau9p200_met0p0004_av2p280.txt
572 /Users/baj/Documents/roman_slitless_sims_seds/bc03_template_z0p818_ms10p14_age2p015_tau3p575_met0p0040_av1p884.txt
573 /Users/baj/Documents/roman_slitless_sims_seds/bc03_template_z0p312_ms10p86_age1p705_tau10p655_met0p0500_av1p118.txt
574 /Users/baj/Documents/roman_slitless_sims_seds/bc03_template_z0p148_ms10p59_age8p315_tau6p325_met0p0200_av4p390.txt
575 /Users/baj/Documents/roman_slitless_sims_seds/bc03_template_z2p791_ms11p11_age1p020_tau0p445_met0p0200_av3p475.txt
576 /Users/baj/Documents/roman_slitless_sims_seds/bc03_template_z0p563_ms10p80_age1p655_tau13p750_met0p0004_av0p811.txt
577 /Users/baj/Documents/roman_slitless_sims_seds/bc03_template_z0p321_ms11p12_age1p395_tau9p160_met0p0004_av4p540.txt
578 /Users/baj/Documents/roman_slitless_sims_seds/bc03_template_z0p577_ms10p21_age5p275_tau5p565_met0p0001_av3p818.txt
579 /Users/baj/Documents/roman_slitless_sims_seds/bc03_template_z1p817_ms10p29_age1p885_tau11p010_met0p0200_av4p037.txt
580 /Users/baj/Documents/roman_slitless_sims_seds/bc03_template_z0p288_ms10p30_age6p200_tau5p940_met0p0500_av4p509.txt
581 /Users/baj/Documents/roman_slitless_sims_seds/bc03_template_z0p713_ms11p42_age6p200_tau5p305_met0p0040_av0p450.txt
582 /Users/baj/Documents/roman_slitless_sims_seds/bc03_template_z1p819_ms11p38_age2p265_tau5p930_met0p0001_av0p426.txt
583 /Users/baj/Documents/roman_slitless_sims_seds/bc03_template_z1p282_ms10p03_age0p610_tau9p455_met0p0500_av3p278.txt
584 /Users/baj/Documents/roman_slitless_sims_seds/bc03_template_z0p928_ms10p92_age2p410_tau1p370_met0p0040_av4p668.txt
585 /Users/baj/Documents/roman_slitless_sims_seds/bc03_template_z0p423_ms10p39_age1p175_tau10p865_met0p0004_av3p080.txt
586 /Users/baj/Documents/roman_slitless_sims_seds/bc03_template_z2p417_ms10p76_age0p610_tau4p860_met0p0001_av0p252.txt
587 /Users/baj/Documents/roman_slitless_sims_seds/bc03_template_z2p104_ms11p47_age1p760_tau0p830_met0p0200_av1p342.txt
588 /Users/baj/Documents/roman_slitless_sims_seds/bc03_template_z2p366_ms10p02_age0p445_tau9p225_met0p0500_av3p109.txt
589 /Users/baj/Documents/roman_slitless_sims_seds/bc03_template_z0p711_ms11p03_age4p435_tau2p640_met0p0004_av0p523.txt
590 /Users/baj/Documents/roman_slitless_sims_seds/bc03_template_z1p276_ms11p14_age0p845_tau9p815_met0p0040_av0p148.txt
591 /Users/baj/Documents/roman_slitless_sims_seds/bc03_template_z2p210_ms11p48_age1p555_tau10p130_met0p0004_av0p977.txt
592 /Users/baj/Documents/roman_slitless_sims_seds/bc03_template_z1p648_ms10p47_age2p030_tau12p015_met0p0001_av3p825.txt
593 /Users/baj/Documents/roman_slitless_sims_seds/bc03_template_z0p091_ms11p24_age12p440_tau8p640_met0p0200_av1p690.txt
594 /Users/baj/Documents/roman_slitless_sims_seds/bc03_template_z1p098_ms10p77_age1p490_tau14p325_met0p0080_av3p014.txt
595 /Users/baj/Documents/roman_slitless_sims_seds/bc03_template_z0p083_ms10p27_age11p740_tau4p730_met0p0040_av3p088.txt
596 /Users/baj/Documents/roman_slitless_sims_seds/bc03_template_z1p029_ms10p88_age1p765_tau10p340_met0p0004_av0p524.txt
597 /Users/baj/Documents/roman_slitless_sims_seds/bc03_template_z2p042_ms11p39_age0p865_tau6p075_met0p0080_av4p101.txt
598 /Users/baj/Documents/roman_slitless_sims_seds/bc03_template_z0p261_ms10p30_age9p520_tau3p510_met0p0040_av0p379.txt
599 /Users/baj/Documents/roman_slitless_sims_seds/bc03_template_z1p393_ms11p20_age2p625_tau7p535_met0p0500_av1p351.txt
600 /Users/baj/Documents/roman_slitless_sims_seds/bc03_template_z1p133_ms11p39_age4p960_tau6p960_met0p0004_av2p697.txt
