Starting SLURM script
Starting python code from sbatch script...
Starting at: 2021-02-02 12:23:50.663427
b'Architecture:          x86_64
CPU op-mode(s):        32-bit, 64-bit
Byte Order:            Little Endian
CPU(s):                24
On-line CPU(s) list:   0-23
Thread(s) per core:    1
Core(s) per socket:    12
Socket(s):             2
NUMA node(s):          2
Vendor ID:             GenuineIntel
CPU family:            6
Model:                 63
Model name:            Intel(R) Xeon(R) CPU E5-2680 v3 @ 2.50GHz
Stepping:              2
CPU MHz:               2499.847
CPU max MHz:           2500.0000
CPU min MHz:           1200.0000
BogoMIPS:              4989.18
Virtualization:        VT-x
L1d cache:             32K
L1i cache:             32K
L2 cache:              256K
L3 cache:              30720K
NUMA node0 CPU(s):     0-11
NUMA node1 CPU(s):     12-23
Flags:                 fpu vme de pse tsc msr pae mce cx8 apic sep mtrr pge mca cmov pat pse36 clflush dts acpi mmx fxsr sse sse2 ss ht tm pbe syscall nx pdpe1gb rdtscp lm constant_tsc arch_perfmon pebs bts rep_good nopl xtopology nonstop_tsc aperfmperf eagerfpu pni pclmulqdq dtes64 monitor ds_cpl vmx smx est tm2 ssse3 sdbg fma cx16 xtpr pdcm pcid dca sse4_1 sse4_2 x2apic movbe popcnt aes xsave avx f16c rdrand lahf_lm abm epb intel_ppin tpr_shadow vnmi flexpriority ept vpid fsgsbase tsc_adjust bmi1 avx2 smep bmi2 erms invpcid cqm xsaveopt cqm_llc cqm_occup_llc dtherm arat pln pts
'
b''
b'    131.588048 G total memory
      8.428984 G used memory
      8.899720 G active memory
      7.260664 G inactive memory
      
    105496864 K free memory
       105368 K buffer memory
     17556828 K swap cache
            0 K total swap
            0 K used swap
            0 K free swap
       665514 non-nice user cpu ticks
   7400612343 nice user cpu ticks
    221544151 system cpu ticks
   5429505834 idle cpu ticks
     33591283 IO-wait cpu ticks
            0 IRQ cpu ticks
      1376736 softirq cpu ticks
            0 stolen cpu ticks
     37719487 pages paged in
            0 pages paged out
            0 pages swapped in
            0 pages swapped out
   1170554810 interrupts
   4126280851 CPU context switches
   1606831974 boot time
     10788103 forks
     '
b''
