# 1: SEGMENTATION ID
# 2: SED FILE
# 3: REDSHIFT

1 /Users/bhavinjoshi/Documents/roman_slitless_sims_seds/bc03_template_6_gyr.txt 0.5
2 /Users/bhavinjoshi/Documents/roman_slitless_sims_seds/bc03_template_6_gyr.txt 0.5
3 /Users/bhavinjoshi/Documents/roman_slitless_sims_seds/bc03_template_6_gyr.txt 0.5
4 /Users/bhavinjoshi/Documents/roman_slitless_sims_seds/bc03_template_6_gyr.txt 0.5
5 /Users/bhavinjoshi/Documents/roman_slitless_sims_seds/bc03_template_6_gyr.txt 0.5
6 /Users/bhavinjoshi/Documents/roman_slitless_sims_seds/bc03_template_6_gyr.txt 0.5
7 /Users/bhavinjoshi/Documents/roman_slitless_sims_seds/bc03_template_6_gyr.txt 0.5
8 /Users/bhavinjoshi/Documents/roman_slitless_sims_seds/bc03_template_6_gyr.txt 0.5
9 /Users/bhavinjoshi/Documents/roman_slitless_sims_seds/bc03_template_6_gyr.txt 0.5
10 /Users/bhavinjoshi/Documents/roman_slitless_sims_seds/bc03_template_6_gyr.txt 0.5
11 /Users/bhavinjoshi/Documents/roman_slitless_sims_seds/bc03_template_6_gyr.txt 0.5
12 /Users/bhavinjoshi/Documents/roman_slitless_sims_seds/bc03_template_6_gyr.txt 0.5
13 /Users/bhavinjoshi/Documents/roman_slitless_sims_seds/bc03_template_6_gyr.txt 0.5
14 /Users/bhavinjoshi/Documents/roman_slitless_sims_seds/bc03_template_6_gyr.txt 0.5
15 /Users/bhavinjoshi/Documents/roman_slitless_sims_seds/bc03_template_6_gyr.txt 0.5
16 /Users/bhavinjoshi/Documents/roman_slitless_sims_seds/bc03_template_6_gyr.txt 0.5
17 /Users/bhavinjoshi/Documents/roman_slitless_sims_seds/bc03_template_6_gyr.txt 0.5
18 /Users/bhavinjoshi/Documents/roman_slitless_sims_seds/bc03_template_6_gyr.txt 0.5
19 /Users/bhavinjoshi/Documents/roman_slitless_sims_seds/bc03_template_6_gyr.txt 0.5
20 /Users/bhavinjoshi/Documents/roman_slitless_sims_seds/bc03_template_6_gyr.txt 0.5
21 /Users/bhavinjoshi/Documents/roman_slitless_sims_seds/bc03_template_6_gyr.txt 0.5
22 /Users/bhavinjoshi/Documents/roman_slitless_sims_seds/bc03_template_6_gyr.txt 0.5
23 /Users/bhavinjoshi/Documents/roman_slitless_sims_seds/bc03_template_6_gyr.txt 0.5
24 /Users/bhavinjoshi/Documents/roman_slitless_sims_seds/bc03_template_6_gyr.txt 0.5
25 /Users/bhavinjoshi/Documents/roman_slitless_sims_seds/bc03_template_6_gyr.txt 0.5
26 /Users/bhavinjoshi/Documents/roman_slitless_sims_seds/bc03_template_6_gyr.txt 0.5
27 /Users/bhavinjoshi/Documents/roman_slitless_sims_seds/bc03_template_6_gyr.txt 0.5
28 /Users/bhavinjoshi/Documents/roman_slitless_sims_seds/bc03_template_6_gyr.txt 0.5
29 /Users/bhavinjoshi/Documents/roman_slitless_sims_seds/bc03_template_6_gyr.txt 0.5
30 /Users/bhavinjoshi/Documents/roman_slitless_sims_seds/bc03_template_6_gyr.txt 0.5
31 /Users/bhavinjoshi/Documents/roman_slitless_sims_seds/bc03_template_6_gyr.txt 0.5
32 /Users/bhavinjoshi/Documents/roman_slitless_sims_seds/bc03_template_6_gyr.txt 0.5
33 /Users/bhavinjoshi/Documents/roman_slitless_sims_seds/bc03_template_6_gyr.txt 0.5
34 /Users/bhavinjoshi/Documents/roman_slitless_sims_seds/bc03_template_6_gyr.txt 0.5
35 /Users/bhavinjoshi/Documents/roman_slitless_sims_seds/bc03_template_6_gyr.txt 0.5
36 /Users/bhavinjoshi/Documents/roman_slitless_sims_seds/bc03_template_6_gyr.txt 0.5
37 /Users/bhavinjoshi/Documents/roman_slitless_sims_seds/bc03_template_6_gyr.txt 0.5
38 /Users/bhavinjoshi/Documents/roman_slitless_sims_seds/bc03_template_6_gyr.txt 0.5
39 /Users/bhavinjoshi/Documents/roman_slitless_sims_seds/bc03_template_6_gyr.txt 0.5
40 /Users/bhavinjoshi/Documents/roman_slitless_sims_seds/bc03_template_6_gyr.txt 0.5
41 /Users/bhavinjoshi/Documents/roman_slitless_sims_seds/bc03_template_6_gyr.txt 0.5
42 /Users/bhavinjoshi/Documents/roman_slitless_sims_seds/bc03_template_6_gyr.txt 0.5
43 /Users/bhavinjoshi/Documents/roman_slitless_sims_seds/bc03_template_6_gyr.txt 0.5
44 /Users/bhavinjoshi/Documents/roman_slitless_sims_seds/bc03_template_6_gyr.txt 0.5
45 /Users/bhavinjoshi/Documents/roman_slitless_sims_seds/bc03_template_6_gyr.txt 0.5
46 /Users/bhavinjoshi/Documents/roman_slitless_sims_seds/bc03_template_6_gyr.txt 0.5
47 /Users/bhavinjoshi/Documents/roman_slitless_sims_seds/bc03_template_6_gyr.txt 0.5
48 /Users/bhavinjoshi/Documents/roman_slitless_sims_seds/bc03_template_6_gyr.txt 0.5
49 /Users/bhavinjoshi/Documents/roman_slitless_sims_seds/bc03_template_6_gyr.txt 0.5
50 /Users/bhavinjoshi/Documents/roman_slitless_sims_seds/bc03_template_6_gyr.txt 0.5
51 /Users/bhavinjoshi/Documents/roman_slitless_sims_seds/bc03_template_6_gyr.txt 0.5
52 /Users/bhavinjoshi/Documents/roman_slitless_sims_seds/bc03_template_6_gyr.txt 0.5
53 /Users/bhavinjoshi/Documents/roman_slitless_sims_seds/bc03_template_6_gyr.txt 0.5
54 /Users/bhavinjoshi/Documents/roman_slitless_sims_seds/bc03_template_6_gyr.txt 0.5
55 /Users/bhavinjoshi/Documents/roman_slitless_sims_seds/bc03_template_6_gyr.txt 0.5
56 /Users/bhavinjoshi/Documents/roman_slitless_sims_seds/bc03_template_6_gyr.txt 0.5
57 /Users/bhavinjoshi/Documents/roman_slitless_sims_seds/bc03_template_6_gyr.txt 0.5
58 /Users/bhavinjoshi/Documents/roman_slitless_sims_seds/bc03_template_6_gyr.txt 0.5
59 /Users/bhavinjoshi/Documents/roman_slitless_sims_seds/bc03_template_6_gyr.txt 0.5
60 /Users/bhavinjoshi/Documents/roman_slitless_sims_seds/bc03_template_6_gyr.txt 0.5
61 /Users/bhavinjoshi/Documents/roman_slitless_sims_seds/bc03_template_6_gyr.txt 0.5
62 /Users/bhavinjoshi/Documents/roman_slitless_sims_seds/bc03_template_6_gyr.txt 0.5
63 /Users/bhavinjoshi/Documents/roman_slitless_sims_seds/bc03_template_6_gyr.txt 0.5
64 /Users/bhavinjoshi/Documents/roman_slitless_sims_seds/bc03_template_6_gyr.txt 0.5
65 /Users/bhavinjoshi/Documents/roman_slitless_sims_seds/bc03_template_6_gyr.txt 0.5
66 /Users/bhavinjoshi/Documents/roman_slitless_sims_seds/bc03_template_6_gyr.txt 0.5
67 /Users/bhavinjoshi/Documents/roman_slitless_sims_seds/bc03_template_6_gyr.txt 0.5
68 /Users/bhavinjoshi/Documents/roman_slitless_sims_seds/bc03_template_6_gyr.txt 0.5
69 /Users/bhavinjoshi/Documents/roman_slitless_sims_seds/bc03_template_6_gyr.txt 0.5
70 /Users/bhavinjoshi/Documents/roman_slitless_sims_seds/bc03_template_6_gyr.txt 0.5
71 /Users/bhavinjoshi/Documents/roman_slitless_sims_seds/bc03_template_6_gyr.txt 0.5
72 /Users/bhavinjoshi/Documents/roman_slitless_sims_seds/bc03_template_6_gyr.txt 0.5
73 /Users/bhavinjoshi/Documents/roman_slitless_sims_seds/bc03_template_6_gyr.txt 0.5
74 /Users/bhavinjoshi/Documents/roman_slitless_sims_seds/bc03_template_6_gyr.txt 0.5
75 /Users/bhavinjoshi/Documents/roman_slitless_sims_seds/bc03_template_6_gyr.txt 0.5
76 /Users/bhavinjoshi/Documents/roman_slitless_sims_seds/bc03_template_6_gyr.txt 0.5
77 /Users/bhavinjoshi/Documents/roman_slitless_sims_seds/bc03_template_6_gyr.txt 0.5
78 /Users/bhavinjoshi/Documents/roman_slitless_sims_seds/bc03_template_6_gyr.txt 0.5
79 /Users/bhavinjoshi/Documents/roman_slitless_sims_seds/bc03_template_6_gyr.txt 0.5
80 /Users/bhavinjoshi/Documents/roman_slitless_sims_seds/bc03_template_6_gyr.txt 0.5
81 /Users/bhavinjoshi/Documents/roman_slitless_sims_seds/bc03_template_6_gyr.txt 0.5
82 /Users/bhavinjoshi/Documents/roman_slitless_sims_seds/bc03_template_6_gyr.txt 0.5
83 /Users/bhavinjoshi/Documents/roman_slitless_sims_seds/bc03_template_6_gyr.txt 0.5
84 /Users/bhavinjoshi/Documents/roman_slitless_sims_seds/bc03_template_6_gyr.txt 0.5
85 /Users/bhavinjoshi/Documents/roman_slitless_sims_seds/bc03_template_6_gyr.txt 0.5
86 /Users/bhavinjoshi/Documents/roman_slitless_sims_seds/bc03_template_6_gyr.txt 0.5
87 /Users/bhavinjoshi/Documents/roman_slitless_sims_seds/bc03_template_6_gyr.txt 0.5
88 /Users/bhavinjoshi/Documents/roman_slitless_sims_seds/bc03_template_6_gyr.txt 0.5
89 /Users/bhavinjoshi/Documents/roman_slitless_sims_seds/bc03_template_6_gyr.txt 0.5
90 /Users/bhavinjoshi/Documents/roman_slitless_sims_seds/bc03_template_6_gyr.txt 0.5
91 /Users/bhavinjoshi/Documents/roman_slitless_sims_seds/bc03_template_6_gyr.txt 0.5
92 /Users/bhavinjoshi/Documents/roman_slitless_sims_seds/bc03_template_6_gyr.txt 0.5
93 /Users/bhavinjoshi/Documents/roman_slitless_sims_seds/bc03_template_6_gyr.txt 0.5
94 /Users/bhavinjoshi/Documents/roman_slitless_sims_seds/bc03_template_6_gyr.txt 0.5
95 /Users/bhavinjoshi/Documents/roman_slitless_sims_seds/bc03_template_6_gyr.txt 0.5
96 /Users/bhavinjoshi/Documents/roman_slitless_sims_seds/bc03_template_6_gyr.txt 0.5
97 /Users/bhavinjoshi/Documents/roman_slitless_sims_seds/bc03_template_6_gyr.txt 0.5
98 /Users/bhavinjoshi/Documents/roman_slitless_sims_seds/bc03_template_6_gyr.txt 0.5
99 /Users/bhavinjoshi/Documents/roman_slitless_sims_seds/bc03_template_6_gyr.txt 0.5
100 /Users/bhavinjoshi/Documents/roman_slitless_sims_seds/bc03_template_6_gyr.txt 0.5
101 /Users/bhavinjoshi/Documents/roman_slitless_sims_seds/bc03_template_6_gyr.txt 0.5
102 /Users/bhavinjoshi/Documents/roman_slitless_sims_seds/bc03_template_6_gyr.txt 0.5
103 /Users/bhavinjoshi/Documents/roman_slitless_sims_seds/bc03_template_6_gyr.txt 0.5
104 /Users/bhavinjoshi/Documents/roman_slitless_sims_seds/bc03_template_6_gyr.txt 0.5
105 /Users/bhavinjoshi/Documents/roman_slitless_sims_seds/bc03_template_6_gyr.txt 0.5
106 /Users/bhavinjoshi/Documents/roman_slitless_sims_seds/bc03_template_6_gyr.txt 0.5
107 /Users/bhavinjoshi/Documents/roman_slitless_sims_seds/bc03_template_6_gyr.txt 0.5
108 /Users/bhavinjoshi/Documents/roman_slitless_sims_seds/bc03_template_6_gyr.txt 0.5
109 /Users/bhavinjoshi/Documents/roman_slitless_sims_seds/bc03_template_6_gyr.txt 0.5
110 /Users/bhavinjoshi/Documents/roman_slitless_sims_seds/bc03_template_6_gyr.txt 0.5
111 /Users/bhavinjoshi/Documents/roman_slitless_sims_seds/bc03_template_6_gyr.txt 0.5
112 /Users/bhavinjoshi/Documents/roman_slitless_sims_seds/bc03_template_6_gyr.txt 0.5
113 /Users/bhavinjoshi/Documents/roman_slitless_sims_seds/bc03_template_6_gyr.txt 0.5
114 /Users/bhavinjoshi/Documents/roman_slitless_sims_seds/bc03_template_6_gyr.txt 0.5
115 /Users/bhavinjoshi/Documents/roman_slitless_sims_seds/bc03_template_6_gyr.txt 0.5
116 /Users/bhavinjoshi/Documents/roman_slitless_sims_seds/bc03_template_6_gyr.txt 0.5
117 /Users/bhavinjoshi/Documents/roman_slitless_sims_seds/bc03_template_6_gyr.txt 0.5
118 /Users/bhavinjoshi/Documents/roman_slitless_sims_seds/bc03_template_6_gyr.txt 0.5
119 /Users/bhavinjoshi/Documents/roman_slitless_sims_seds/bc03_template_6_gyr.txt 0.5
120 /Users/bhavinjoshi/Documents/roman_slitless_sims_seds/bc03_template_6_gyr.txt 0.5
121 /Users/bhavinjoshi/Documents/roman_slitless_sims_seds/bc03_template_6_gyr.txt 0.5
122 /Users/bhavinjoshi/Documents/roman_slitless_sims_seds/bc03_template_6_gyr.txt 0.5
123 /Users/bhavinjoshi/Documents/roman_slitless_sims_seds/bc03_template_6_gyr.txt 0.5
124 /Users/bhavinjoshi/Documents/roman_slitless_sims_seds/bc03_template_6_gyr.txt 0.5
125 /Users/bhavinjoshi/Documents/roman_slitless_sims_seds/bc03_template_6_gyr.txt 0.5
126 /Users/bhavinjoshi/Documents/roman_slitless_sims_seds/bc03_template_6_gyr.txt 0.5
127 /Users/bhavinjoshi/Documents/roman_slitless_sims_seds/bc03_template_6_gyr.txt 0.5
128 /Users/bhavinjoshi/Documents/roman_slitless_sims_seds/bc03_template_6_gyr.txt 0.5
129 /Users/bhavinjoshi/Documents/roman_slitless_sims_seds/bc03_template_6_gyr.txt 0.5
130 /Users/bhavinjoshi/Documents/roman_slitless_sims_seds/bc03_template_6_gyr.txt 0.5
131 /Users/bhavinjoshi/Documents/roman_slitless_sims_seds/bc03_template_6_gyr.txt 0.5
132 /Users/bhavinjoshi/Documents/roman_slitless_sims_seds/bc03_template_6_gyr.txt 0.5
133 /Users/bhavinjoshi/Documents/roman_slitless_sims_seds/bc03_template_6_gyr.txt 0.5
134 /Users/bhavinjoshi/Documents/roman_slitless_sims_seds/bc03_template_6_gyr.txt 0.5
135 /Users/bhavinjoshi/Documents/roman_slitless_sims_seds/bc03_template_6_gyr.txt 0.5
136 /Users/bhavinjoshi/Documents/roman_slitless_sims_seds/bc03_template_6_gyr.txt 0.5
137 /Users/bhavinjoshi/Documents/roman_slitless_sims_seds/bc03_template_6_gyr.txt 0.5
138 /Users/bhavinjoshi/Documents/roman_slitless_sims_seds/bc03_template_6_gyr.txt 0.5
139 /Users/bhavinjoshi/Documents/roman_slitless_sims_seds/bc03_template_6_gyr.txt 0.5
140 /Users/bhavinjoshi/Documents/roman_slitless_sims_seds/bc03_template_6_gyr.txt 0.5
141 /Users/bhavinjoshi/Documents/roman_slitless_sims_seds/bc03_template_6_gyr.txt 0.5
142 /Users/bhavinjoshi/Documents/roman_slitless_sims_seds/bc03_template_6_gyr.txt 0.5
143 /Users/bhavinjoshi/Documents/roman_slitless_sims_seds/bc03_template_6_gyr.txt 0.5
144 /Users/bhavinjoshi/Documents/roman_slitless_sims_seds/bc03_template_6_gyr.txt 0.5
145 /Users/bhavinjoshi/Documents/roman_slitless_sims_seds/bc03_template_6_gyr.txt 0.5
146 /Users/bhavinjoshi/Documents/roman_slitless_sims_seds/bc03_template_6_gyr.txt 0.5
147 /Users/bhavinjoshi/Documents/roman_slitless_sims_seds/bc03_template_6_gyr.txt 0.5
148 /Users/bhavinjoshi/Documents/roman_slitless_sims_seds/bc03_template_6_gyr.txt 0.5
149 /Users/bhavinjoshi/Documents/roman_slitless_sims_seds/bc03_template_6_gyr.txt 0.5
150 /Users/bhavinjoshi/Documents/roman_slitless_sims_seds/bc03_template_6_gyr.txt 0.5
151 /Users/bhavinjoshi/Documents/roman_slitless_sims_seds/bc03_template_6_gyr.txt 0.5
152 /Users/bhavinjoshi/Documents/roman_slitless_sims_seds/bc03_template_6_gyr.txt 0.5
153 /Users/bhavinjoshi/Documents/roman_slitless_sims_seds/bc03_template_6_gyr.txt 0.5
154 /Users/bhavinjoshi/Documents/roman_slitless_sims_seds/bc03_template_6_gyr.txt 0.5
155 /Users/bhavinjoshi/Documents/roman_slitless_sims_seds/bc03_template_6_gyr.txt 0.5
156 /Users/bhavinjoshi/Documents/roman_slitless_sims_seds/bc03_template_6_gyr.txt 0.5
157 /Users/bhavinjoshi/Documents/roman_slitless_sims_seds/bc03_template_6_gyr.txt 0.5
158 /Users/bhavinjoshi/Documents/roman_slitless_sims_seds/bc03_template_6_gyr.txt 0.5
159 /Users/bhavinjoshi/Documents/roman_slitless_sims_seds/bc03_template_6_gyr.txt 0.5
160 /Users/bhavinjoshi/Documents/roman_slitless_sims_seds/bc03_template_6_gyr.txt 0.5
161 /Users/bhavinjoshi/Documents/roman_slitless_sims_seds/bc03_template_6_gyr.txt 0.5
162 /Users/bhavinjoshi/Documents/roman_slitless_sims_seds/bc03_template_6_gyr.txt 0.5
163 /Users/bhavinjoshi/Documents/roman_slitless_sims_seds/bc03_template_6_gyr.txt 0.5
164 /Users/bhavinjoshi/Documents/roman_slitless_sims_seds/bc03_template_6_gyr.txt 0.5
165 /Users/bhavinjoshi/Documents/roman_slitless_sims_seds/bc03_template_6_gyr.txt 0.5
166 /Users/bhavinjoshi/Documents/roman_slitless_sims_seds/bc03_template_6_gyr.txt 0.5
167 /Users/bhavinjoshi/Documents/roman_slitless_sims_seds/bc03_template_6_gyr.txt 0.5
168 /Users/bhavinjoshi/Documents/roman_slitless_sims_seds/bc03_template_6_gyr.txt 0.5
169 /Users/bhavinjoshi/Documents/roman_slitless_sims_seds/bc03_template_6_gyr.txt 0.5
170 /Users/bhavinjoshi/Documents/roman_slitless_sims_seds/bc03_template_6_gyr.txt 0.5
171 /Users/bhavinjoshi/Documents/roman_slitless_sims_seds/bc03_template_6_gyr.txt 0.5
172 /Users/bhavinjoshi/Documents/roman_slitless_sims_seds/bc03_template_6_gyr.txt 0.5
173 /Users/bhavinjoshi/Documents/roman_slitless_sims_seds/bc03_template_6_gyr.txt 0.5
174 /Users/bhavinjoshi/Documents/roman_slitless_sims_seds/bc03_template_6_gyr.txt 0.5
175 /Users/bhavinjoshi/Documents/roman_slitless_sims_seds/bc03_template_6_gyr.txt 0.5
176 /Users/bhavinjoshi/Documents/roman_slitless_sims_seds/bc03_template_6_gyr.txt 0.5
177 /Users/bhavinjoshi/Documents/roman_slitless_sims_seds/bc03_template_6_gyr.txt 0.5
178 /Users/bhavinjoshi/Documents/roman_slitless_sims_seds/bc03_template_6_gyr.txt 0.5
179 /Users/bhavinjoshi/Documents/roman_slitless_sims_seds/bc03_template_6_gyr.txt 0.5
180 /Users/bhavinjoshi/Documents/roman_slitless_sims_seds/bc03_template_6_gyr.txt 0.5
181 /Users/bhavinjoshi/Documents/roman_slitless_sims_seds/bc03_template_6_gyr.txt 0.5
182 /Users/bhavinjoshi/Documents/roman_slitless_sims_seds/bc03_template_6_gyr.txt 0.5
183 /Users/bhavinjoshi/Documents/roman_slitless_sims_seds/bc03_template_6_gyr.txt 0.5
184 /Users/bhavinjoshi/Documents/roman_slitless_sims_seds/bc03_template_6_gyr.txt 0.5
185 /Users/bhavinjoshi/Documents/roman_slitless_sims_seds/bc03_template_6_gyr.txt 0.5
186 /Users/bhavinjoshi/Documents/roman_slitless_sims_seds/bc03_template_6_gyr.txt 0.5
187 /Users/bhavinjoshi/Documents/roman_slitless_sims_seds/bc03_template_6_gyr.txt 0.5
188 /Users/bhavinjoshi/Documents/roman_slitless_sims_seds/bc03_template_6_gyr.txt 0.5
189 /Users/bhavinjoshi/Documents/roman_slitless_sims_seds/bc03_template_6_gyr.txt 0.5
190 /Users/bhavinjoshi/Documents/roman_slitless_sims_seds/bc03_template_6_gyr.txt 0.5
191 /Users/bhavinjoshi/Documents/roman_slitless_sims_seds/bc03_template_6_gyr.txt 0.5
192 /Users/bhavinjoshi/Documents/roman_slitless_sims_seds/bc03_template_6_gyr.txt 0.5
193 /Users/bhavinjoshi/Documents/roman_slitless_sims_seds/bc03_template_6_gyr.txt 0.5
194 /Users/bhavinjoshi/Documents/roman_slitless_sims_seds/bc03_template_6_gyr.txt 0.5
195 /Users/bhavinjoshi/Documents/roman_slitless_sims_seds/bc03_template_6_gyr.txt 0.5
196 /Users/bhavinjoshi/Documents/roman_slitless_sims_seds/bc03_template_6_gyr.txt 0.5
197 /Users/bhavinjoshi/Documents/roman_slitless_sims_seds/bc03_template_6_gyr.txt 0.5
198 /Users/bhavinjoshi/Documents/roman_slitless_sims_seds/bc03_template_6_gyr.txt 0.5
199 /Users/bhavinjoshi/Documents/roman_slitless_sims_seds/bc03_template_6_gyr.txt 0.5
200 /Users/bhavinjoshi/Documents/roman_slitless_sims_seds/bc03_template_6_gyr.txt 0.5
201 /Users/bhavinjoshi/Documents/roman_slitless_sims_seds/bc03_template_6_gyr.txt 0.5
202 /Users/bhavinjoshi/Documents/roman_slitless_sims_seds/bc03_template_6_gyr.txt 0.5
203 /Users/bhavinjoshi/Documents/roman_slitless_sims_seds/bc03_template_6_gyr.txt 0.5
204 /Users/bhavinjoshi/Documents/roman_slitless_sims_seds/bc03_template_6_gyr.txt 0.5
205 /Users/bhavinjoshi/Documents/roman_slitless_sims_seds/bc03_template_6_gyr.txt 0.5
206 /Users/bhavinjoshi/Documents/roman_slitless_sims_seds/bc03_template_6_gyr.txt 0.5
207 /Users/bhavinjoshi/Documents/roman_slitless_sims_seds/bc03_template_6_gyr.txt 0.5
208 /Users/bhavinjoshi/Documents/roman_slitless_sims_seds/bc03_template_6_gyr.txt 0.5
209 /Users/bhavinjoshi/Documents/roman_slitless_sims_seds/bc03_template_6_gyr.txt 0.5
210 /Users/bhavinjoshi/Documents/roman_slitless_sims_seds/bc03_template_6_gyr.txt 0.5
211 /Users/bhavinjoshi/Documents/roman_slitless_sims_seds/bc03_template_6_gyr.txt 0.5
212 /Users/bhavinjoshi/Documents/roman_slitless_sims_seds/bc03_template_6_gyr.txt 0.5
213 /Users/bhavinjoshi/Documents/roman_slitless_sims_seds/bc03_template_6_gyr.txt 0.5
214 /Users/bhavinjoshi/Documents/roman_slitless_sims_seds/bc03_template_6_gyr.txt 0.5
215 /Users/bhavinjoshi/Documents/roman_slitless_sims_seds/bc03_template_6_gyr.txt 0.5
216 /Users/bhavinjoshi/Documents/roman_slitless_sims_seds/bc03_template_6_gyr.txt 0.5
217 /Users/bhavinjoshi/Documents/roman_slitless_sims_seds/bc03_template_6_gyr.txt 0.5
218 /Users/bhavinjoshi/Documents/roman_slitless_sims_seds/bc03_template_6_gyr.txt 0.5
219 /Users/bhavinjoshi/Documents/roman_slitless_sims_seds/bc03_template_6_gyr.txt 0.5
220 /Users/bhavinjoshi/Documents/roman_slitless_sims_seds/bc03_template_6_gyr.txt 0.5
221 /Users/bhavinjoshi/Documents/roman_slitless_sims_seds/bc03_template_6_gyr.txt 0.5
222 /Users/bhavinjoshi/Documents/roman_slitless_sims_seds/bc03_template_6_gyr.txt 0.5
223 /Users/bhavinjoshi/Documents/roman_slitless_sims_seds/bc03_template_6_gyr.txt 0.5
224 /Users/bhavinjoshi/Documents/roman_slitless_sims_seds/bc03_template_6_gyr.txt 0.5
225 /Users/bhavinjoshi/Documents/roman_slitless_sims_seds/bc03_template_6_gyr.txt 0.5
226 /Users/bhavinjoshi/Documents/roman_slitless_sims_seds/bc03_template_6_gyr.txt 0.5
227 /Users/bhavinjoshi/Documents/roman_slitless_sims_seds/bc03_template_6_gyr.txt 0.5
228 /Users/bhavinjoshi/Documents/roman_slitless_sims_seds/bc03_template_6_gyr.txt 0.5
229 /Users/bhavinjoshi/Documents/roman_slitless_sims_seds/bc03_template_6_gyr.txt 0.5
230 /Users/bhavinjoshi/Documents/roman_slitless_sims_seds/bc03_template_6_gyr.txt 0.5
231 /Users/bhavinjoshi/Documents/roman_slitless_sims_seds/bc03_template_6_gyr.txt 0.5
232 /Users/bhavinjoshi/Documents/roman_slitless_sims_seds/bc03_template_6_gyr.txt 0.5
233 /Users/bhavinjoshi/Documents/roman_slitless_sims_seds/bc03_template_6_gyr.txt 0.5
234 /Users/bhavinjoshi/Documents/roman_slitless_sims_seds/bc03_template_6_gyr.txt 0.5
235 /Users/bhavinjoshi/Documents/roman_slitless_sims_seds/bc03_template_6_gyr.txt 0.5
236 /Users/bhavinjoshi/Documents/roman_slitless_sims_seds/bc03_template_6_gyr.txt 0.5
237 /Users/bhavinjoshi/Documents/roman_slitless_sims_seds/bc03_template_6_gyr.txt 0.5
238 /Users/bhavinjoshi/Documents/roman_slitless_sims_seds/bc03_template_6_gyr.txt 0.5
239 /Users/bhavinjoshi/Documents/roman_slitless_sims_seds/bc03_template_6_gyr.txt 0.5
240 /Users/bhavinjoshi/Documents/roman_slitless_sims_seds/bc03_template_6_gyr.txt 0.5
241 /Users/bhavinjoshi/Documents/roman_slitless_sims_seds/bc03_template_6_gyr.txt 0.5
242 /Users/bhavinjoshi/Documents/roman_slitless_sims_seds/bc03_template_6_gyr.txt 0.5
243 /Users/bhavinjoshi/Documents/roman_slitless_sims_seds/bc03_template_6_gyr.txt 0.5
244 /Users/bhavinjoshi/Documents/roman_slitless_sims_seds/bc03_template_6_gyr.txt 0.5
245 /Users/bhavinjoshi/Documents/roman_slitless_sims_seds/bc03_template_6_gyr.txt 0.5
246 /Users/bhavinjoshi/Documents/roman_slitless_sims_seds/bc03_template_6_gyr.txt 0.5
247 /Users/bhavinjoshi/Documents/roman_slitless_sims_seds/bc03_template_6_gyr.txt 0.5
248 /Users/bhavinjoshi/Documents/roman_slitless_sims_seds/bc03_template_6_gyr.txt 0.5
249 /Users/bhavinjoshi/Documents/roman_slitless_sims_seds/bc03_template_6_gyr.txt 0.5
250 /Users/bhavinjoshi/Documents/roman_slitless_sims_seds/bc03_template_6_gyr.txt 0.5
251 /Users/bhavinjoshi/Documents/roman_slitless_sims_seds/bc03_template_6_gyr.txt 0.5
252 /Users/bhavinjoshi/Documents/roman_slitless_sims_seds/bc03_template_6_gyr.txt 0.5
253 /Users/bhavinjoshi/Documents/roman_slitless_sims_seds/bc03_template_6_gyr.txt 0.5
254 /Users/bhavinjoshi/Documents/roman_slitless_sims_seds/bc03_template_6_gyr.txt 0.5
255 /Users/bhavinjoshi/Documents/roman_slitless_sims_seds/bc03_template_6_gyr.txt 0.5
256 /Users/bhavinjoshi/Documents/roman_slitless_sims_seds/bc03_template_6_gyr.txt 0.5
257 /Users/bhavinjoshi/Documents/roman_slitless_sims_seds/bc03_template_6_gyr.txt 0.5
258 /Users/bhavinjoshi/Documents/roman_slitless_sims_seds/bc03_template_6_gyr.txt 0.5
259 /Users/bhavinjoshi/Documents/roman_slitless_sims_seds/bc03_template_6_gyr.txt 0.5
260 /Users/bhavinjoshi/Documents/roman_slitless_sims_seds/bc03_template_6_gyr.txt 0.5
261 /Users/bhavinjoshi/Documents/roman_slitless_sims_seds/bc03_template_6_gyr.txt 0.5
262 /Users/bhavinjoshi/Documents/roman_slitless_sims_seds/bc03_template_6_gyr.txt 0.5
263 /Users/bhavinjoshi/Documents/roman_slitless_sims_seds/bc03_template_6_gyr.txt 0.5
264 /Users/bhavinjoshi/Documents/roman_slitless_sims_seds/bc03_template_6_gyr.txt 0.5
265 /Users/bhavinjoshi/Documents/roman_slitless_sims_seds/bc03_template_6_gyr.txt 0.5
266 /Users/bhavinjoshi/Documents/roman_slitless_sims_seds/bc03_template_6_gyr.txt 0.5
267 /Users/bhavinjoshi/Documents/roman_slitless_sims_seds/bc03_template_6_gyr.txt 0.5
268 /Users/bhavinjoshi/Documents/roman_slitless_sims_seds/bc03_template_6_gyr.txt 0.5
269 /Users/bhavinjoshi/Documents/roman_slitless_sims_seds/bc03_template_6_gyr.txt 0.5
270 /Users/bhavinjoshi/Documents/roman_slitless_sims_seds/bc03_template_6_gyr.txt 0.5
271 /Users/bhavinjoshi/Documents/roman_slitless_sims_seds/bc03_template_6_gyr.txt 0.5
272 /Users/bhavinjoshi/Documents/roman_slitless_sims_seds/bc03_template_6_gyr.txt 0.5
273 /Users/bhavinjoshi/Documents/roman_slitless_sims_seds/bc03_template_6_gyr.txt 0.5
274 /Users/bhavinjoshi/Documents/roman_slitless_sims_seds/bc03_template_6_gyr.txt 0.5
275 /Users/bhavinjoshi/Documents/roman_slitless_sims_seds/bc03_template_6_gyr.txt 0.5
276 /Users/bhavinjoshi/Documents/roman_slitless_sims_seds/bc03_template_6_gyr.txt 0.5
277 /Users/bhavinjoshi/Documents/roman_slitless_sims_seds/bc03_template_6_gyr.txt 0.5
278 /Users/bhavinjoshi/Documents/roman_slitless_sims_seds/bc03_template_6_gyr.txt 0.5
279 /Users/bhavinjoshi/Documents/roman_slitless_sims_seds/bc03_template_6_gyr.txt 0.5
280 /Users/bhavinjoshi/Documents/roman_slitless_sims_seds/bc03_template_6_gyr.txt 0.5
281 /Users/bhavinjoshi/Documents/roman_slitless_sims_seds/bc03_template_6_gyr.txt 0.5
282 /Users/bhavinjoshi/Documents/roman_slitless_sims_seds/bc03_template_6_gyr.txt 0.5
283 /Users/bhavinjoshi/Documents/roman_slitless_sims_seds/bc03_template_6_gyr.txt 0.5
284 /Users/bhavinjoshi/Documents/roman_slitless_sims_seds/bc03_template_6_gyr.txt 0.5
285 /Users/bhavinjoshi/Documents/roman_slitless_sims_seds/bc03_template_6_gyr.txt 0.5
286 /Users/bhavinjoshi/Documents/roman_slitless_sims_seds/bc03_template_6_gyr.txt 0.5
287 /Users/bhavinjoshi/Documents/roman_slitless_sims_seds/bc03_template_6_gyr.txt 0.5
288 /Users/bhavinjoshi/Documents/roman_slitless_sims_seds/bc03_template_6_gyr.txt 0.5
289 /Users/bhavinjoshi/Documents/roman_slitless_sims_seds/bc03_template_6_gyr.txt 0.5
290 /Users/bhavinjoshi/Documents/roman_slitless_sims_seds/bc03_template_6_gyr.txt 0.5
291 /Users/bhavinjoshi/Documents/roman_slitless_sims_seds/bc03_template_6_gyr.txt 0.5
292 /Users/bhavinjoshi/Documents/roman_slitless_sims_seds/bc03_template_6_gyr.txt 0.5
293 /Users/bhavinjoshi/Documents/roman_slitless_sims_seds/bc03_template_6_gyr.txt 0.5
294 /Users/bhavinjoshi/Documents/roman_slitless_sims_seds/bc03_template_6_gyr.txt 0.5
295 /Users/bhavinjoshi/Documents/roman_slitless_sims_seds/bc03_template_6_gyr.txt 0.5
296 /Users/bhavinjoshi/Documents/roman_slitless_sims_seds/bc03_template_6_gyr.txt 0.5
297 /Users/bhavinjoshi/Documents/roman_slitless_sims_seds/bc03_template_6_gyr.txt 0.5
298 /Users/bhavinjoshi/Documents/roman_slitless_sims_seds/bc03_template_6_gyr.txt 0.5
299 /Users/bhavinjoshi/Documents/roman_slitless_sims_seds/bc03_template_6_gyr.txt 0.5
300 /Users/bhavinjoshi/Documents/roman_slitless_sims_seds/bc03_template_6_gyr.txt 0.5
301 /Users/bhavinjoshi/Documents/roman_slitless_sims_seds/bc03_template_6_gyr.txt 0.5
302 /Users/bhavinjoshi/Documents/roman_slitless_sims_seds/bc03_template_6_gyr.txt 0.5
303 /Users/bhavinjoshi/Documents/roman_slitless_sims_seds/bc03_template_6_gyr.txt 0.5
304 /Users/bhavinjoshi/Documents/roman_slitless_sims_seds/bc03_template_6_gyr.txt 0.5
305 /Users/bhavinjoshi/Documents/roman_slitless_sims_seds/bc03_template_6_gyr.txt 0.5
306 /Users/bhavinjoshi/Documents/roman_slitless_sims_seds/bc03_template_6_gyr.txt 0.5
307 /Users/bhavinjoshi/Documents/roman_slitless_sims_seds/bc03_template_6_gyr.txt 0.5
308 /Users/bhavinjoshi/Documents/roman_slitless_sims_seds/bc03_template_6_gyr.txt 0.5
309 /Users/bhavinjoshi/Documents/roman_slitless_sims_seds/bc03_template_6_gyr.txt 0.5
310 /Users/bhavinjoshi/Documents/roman_slitless_sims_seds/bc03_template_6_gyr.txt 0.5
311 /Users/bhavinjoshi/Documents/roman_slitless_sims_seds/bc03_template_6_gyr.txt 0.5
312 /Users/bhavinjoshi/Documents/roman_slitless_sims_seds/bc03_template_6_gyr.txt 0.5
313 /Users/bhavinjoshi/Documents/roman_slitless_sims_seds/bc03_template_6_gyr.txt 0.5
314 /Users/bhavinjoshi/Documents/roman_slitless_sims_seds/bc03_template_6_gyr.txt 0.5
315 /Users/bhavinjoshi/Documents/roman_slitless_sims_seds/bc03_template_6_gyr.txt 0.5
316 /Users/bhavinjoshi/Documents/roman_slitless_sims_seds/bc03_template_6_gyr.txt 0.5
317 /Users/bhavinjoshi/Documents/roman_slitless_sims_seds/bc03_template_6_gyr.txt 0.5
318 /Users/bhavinjoshi/Documents/roman_slitless_sims_seds/bc03_template_6_gyr.txt 0.5
319 /Users/bhavinjoshi/Documents/roman_slitless_sims_seds/bc03_template_6_gyr.txt 0.5
320 /Users/bhavinjoshi/Documents/roman_slitless_sims_seds/bc03_template_6_gyr.txt 0.5
321 /Users/bhavinjoshi/Documents/roman_slitless_sims_seds/bc03_template_6_gyr.txt 0.5
322 /Users/bhavinjoshi/Documents/roman_slitless_sims_seds/bc03_template_6_gyr.txt 0.5
323 /Users/bhavinjoshi/Documents/roman_slitless_sims_seds/bc03_template_6_gyr.txt 0.5
324 /Users/bhavinjoshi/Documents/roman_slitless_sims_seds/bc03_template_6_gyr.txt 0.5
325 /Users/bhavinjoshi/Documents/roman_slitless_sims_seds/bc03_template_6_gyr.txt 0.5
326 /Users/bhavinjoshi/Documents/roman_slitless_sims_seds/bc03_template_6_gyr.txt 0.5
327 /Users/bhavinjoshi/Documents/roman_slitless_sims_seds/bc03_template_6_gyr.txt 0.5
328 /Users/bhavinjoshi/Documents/roman_slitless_sims_seds/bc03_template_6_gyr.txt 0.5
329 /Users/bhavinjoshi/Documents/roman_slitless_sims_seds/bc03_template_6_gyr.txt 0.5
330 /Users/bhavinjoshi/Documents/roman_slitless_sims_seds/bc03_template_6_gyr.txt 0.5
331 /Users/bhavinjoshi/Documents/roman_slitless_sims_seds/bc03_template_6_gyr.txt 0.5
332 /Users/bhavinjoshi/Documents/roman_slitless_sims_seds/bc03_template_6_gyr.txt 0.5
333 /Users/bhavinjoshi/Documents/roman_slitless_sims_seds/bc03_template_6_gyr.txt 0.5
334 /Users/bhavinjoshi/Documents/roman_slitless_sims_seds/bc03_template_6_gyr.txt 0.5
335 /Users/bhavinjoshi/Documents/roman_slitless_sims_seds/bc03_template_6_gyr.txt 0.5
336 /Users/bhavinjoshi/Documents/roman_slitless_sims_seds/bc03_template_6_gyr.txt 0.5
337 /Users/bhavinjoshi/Documents/roman_slitless_sims_seds/bc03_template_6_gyr.txt 0.5
338 /Users/bhavinjoshi/Documents/roman_slitless_sims_seds/bc03_template_6_gyr.txt 0.5
339 /Users/bhavinjoshi/Documents/roman_slitless_sims_seds/bc03_template_6_gyr.txt 0.5
340 /Users/bhavinjoshi/Documents/roman_slitless_sims_seds/bc03_template_6_gyr.txt 0.5
341 /Users/bhavinjoshi/Documents/roman_slitless_sims_seds/bc03_template_6_gyr.txt 0.5
342 /Users/bhavinjoshi/Documents/roman_slitless_sims_seds/bc03_template_6_gyr.txt 0.5
343 /Users/bhavinjoshi/Documents/roman_slitless_sims_seds/bc03_template_6_gyr.txt 0.5
344 /Users/bhavinjoshi/Documents/roman_slitless_sims_seds/bc03_template_6_gyr.txt 0.5
345 /Users/bhavinjoshi/Documents/roman_slitless_sims_seds/bc03_template_6_gyr.txt 0.5
346 /Users/bhavinjoshi/Documents/roman_slitless_sims_seds/bc03_template_6_gyr.txt 0.5
347 /Users/bhavinjoshi/Documents/roman_slitless_sims_seds/bc03_template_6_gyr.txt 0.5
348 /Users/bhavinjoshi/Documents/roman_slitless_sims_seds/bc03_template_6_gyr.txt 0.5
349 /Users/bhavinjoshi/Documents/roman_slitless_sims_seds/bc03_template_6_gyr.txt 0.5
350 /Users/bhavinjoshi/Documents/roman_slitless_sims_seds/bc03_template_6_gyr.txt 0.5
351 /Users/bhavinjoshi/Documents/roman_slitless_sims_seds/bc03_template_6_gyr.txt 0.5
352 /Users/bhavinjoshi/Documents/roman_slitless_sims_seds/bc03_template_6_gyr.txt 0.5
353 /Users/bhavinjoshi/Documents/roman_slitless_sims_seds/bc03_template_6_gyr.txt 0.5
354 /Users/bhavinjoshi/Documents/roman_slitless_sims_seds/bc03_template_6_gyr.txt 0.5
355 /Users/bhavinjoshi/Documents/roman_slitless_sims_seds/bc03_template_6_gyr.txt 0.5
356 /Users/bhavinjoshi/Documents/roman_slitless_sims_seds/bc03_template_6_gyr.txt 0.5
357 /Users/bhavinjoshi/Documents/roman_slitless_sims_seds/bc03_template_6_gyr.txt 0.5
358 /Users/bhavinjoshi/Documents/roman_slitless_sims_seds/bc03_template_6_gyr.txt 0.5
359 /Users/bhavinjoshi/Documents/roman_slitless_sims_seds/bc03_template_6_gyr.txt 0.5
360 /Users/bhavinjoshi/Documents/roman_slitless_sims_seds/bc03_template_6_gyr.txt 0.5
361 /Users/bhavinjoshi/Documents/roman_slitless_sims_seds/bc03_template_6_gyr.txt 0.5
362 /Users/bhavinjoshi/Documents/roman_slitless_sims_seds/bc03_template_6_gyr.txt 0.5
363 /Users/bhavinjoshi/Documents/roman_slitless_sims_seds/bc03_template_6_gyr.txt 0.5
364 /Users/bhavinjoshi/Documents/roman_slitless_sims_seds/bc03_template_6_gyr.txt 0.5
365 /Users/bhavinjoshi/Documents/roman_slitless_sims_seds/bc03_template_6_gyr.txt 0.5
366 /Users/bhavinjoshi/Documents/roman_slitless_sims_seds/bc03_template_6_gyr.txt 0.5
367 /Users/bhavinjoshi/Documents/roman_slitless_sims_seds/bc03_template_6_gyr.txt 0.5
368 /Users/bhavinjoshi/Documents/roman_slitless_sims_seds/bc03_template_6_gyr.txt 0.5
369 /Users/bhavinjoshi/Documents/roman_slitless_sims_seds/bc03_template_6_gyr.txt 0.5
370 /Users/bhavinjoshi/Documents/roman_slitless_sims_seds/bc03_template_6_gyr.txt 0.5
371 /Users/bhavinjoshi/Documents/roman_slitless_sims_seds/bc03_template_6_gyr.txt 0.5
372 /Users/bhavinjoshi/Documents/roman_slitless_sims_seds/bc03_template_6_gyr.txt 0.5
373 /Users/bhavinjoshi/Documents/roman_slitless_sims_seds/bc03_template_6_gyr.txt 0.5
374 /Users/bhavinjoshi/Documents/roman_slitless_sims_seds/bc03_template_6_gyr.txt 0.5
375 /Users/bhavinjoshi/Documents/roman_slitless_sims_seds/bc03_template_6_gyr.txt 0.5
376 /Users/bhavinjoshi/Documents/roman_slitless_sims_seds/bc03_template_6_gyr.txt 0.5
377 /Users/bhavinjoshi/Documents/roman_slitless_sims_seds/bc03_template_6_gyr.txt 0.5
378 /Users/bhavinjoshi/Documents/roman_slitless_sims_seds/bc03_template_6_gyr.txt 0.5
379 /Users/bhavinjoshi/Documents/roman_slitless_sims_seds/bc03_template_6_gyr.txt 0.5
380 /Users/bhavinjoshi/Documents/roman_slitless_sims_seds/bc03_template_6_gyr.txt 0.5
381 /Users/bhavinjoshi/Documents/roman_slitless_sims_seds/bc03_template_6_gyr.txt 0.5
382 /Users/bhavinjoshi/Documents/roman_slitless_sims_seds/bc03_template_6_gyr.txt 0.5
383 /Users/bhavinjoshi/Documents/roman_slitless_sims_seds/bc03_template_6_gyr.txt 0.5
384 /Users/bhavinjoshi/Documents/roman_slitless_sims_seds/bc03_template_6_gyr.txt 0.5
385 /Users/bhavinjoshi/Documents/roman_slitless_sims_seds/bc03_template_6_gyr.txt 0.5
386 /Users/bhavinjoshi/Documents/roman_slitless_sims_seds/bc03_template_6_gyr.txt 0.5
387 /Users/bhavinjoshi/Documents/roman_slitless_sims_seds/bc03_template_6_gyr.txt 0.5
388 /Users/bhavinjoshi/Documents/roman_slitless_sims_seds/bc03_template_6_gyr.txt 0.5
389 /Users/bhavinjoshi/Documents/roman_slitless_sims_seds/bc03_template_6_gyr.txt 0.5
390 /Users/bhavinjoshi/Documents/roman_slitless_sims_seds/bc03_template_6_gyr.txt 0.5
391 /Users/bhavinjoshi/Documents/roman_slitless_sims_seds/bc03_template_6_gyr.txt 0.5
392 /Users/bhavinjoshi/Documents/roman_slitless_sims_seds/bc03_template_6_gyr.txt 0.5
393 /Users/bhavinjoshi/Documents/roman_slitless_sims_seds/bc03_template_6_gyr.txt 0.5
394 /Users/bhavinjoshi/Documents/roman_slitless_sims_seds/bc03_template_6_gyr.txt 0.5
395 /Users/bhavinjoshi/Documents/roman_slitless_sims_seds/bc03_template_6_gyr.txt 0.5
396 /Users/bhavinjoshi/Documents/roman_slitless_sims_seds/bc03_template_6_gyr.txt 0.5
397 /Users/bhavinjoshi/Documents/roman_slitless_sims_seds/bc03_template_6_gyr.txt 0.5
398 /Users/bhavinjoshi/Documents/roman_slitless_sims_seds/bc03_template_6_gyr.txt 0.5
399 /Users/bhavinjoshi/Documents/roman_slitless_sims_seds/bc03_template_6_gyr.txt 0.5
400 /Users/bhavinjoshi/Documents/roman_slitless_sims_seds/bc03_template_6_gyr.txt 0.5
401 /Users/bhavinjoshi/Documents/roman_slitless_sims_seds/bc03_template_6_gyr.txt 0.5
402 /Users/bhavinjoshi/Documents/roman_slitless_sims_seds/bc03_template_6_gyr.txt 0.5
403 /Users/bhavinjoshi/Documents/roman_slitless_sims_seds/bc03_template_6_gyr.txt 0.5
404 /Users/bhavinjoshi/Documents/roman_slitless_sims_seds/bc03_template_6_gyr.txt 0.5
405 /Users/bhavinjoshi/Documents/roman_slitless_sims_seds/bc03_template_6_gyr.txt 0.5
406 /Users/bhavinjoshi/Documents/roman_slitless_sims_seds/bc03_template_6_gyr.txt 0.5
407 /Users/bhavinjoshi/Documents/roman_slitless_sims_seds/bc03_template_6_gyr.txt 0.5
408 /Users/bhavinjoshi/Documents/roman_slitless_sims_seds/bc03_template_6_gyr.txt 0.5
409 /Users/bhavinjoshi/Documents/roman_slitless_sims_seds/bc03_template_6_gyr.txt 0.5
410 /Users/bhavinjoshi/Documents/roman_slitless_sims_seds/bc03_template_6_gyr.txt 0.5
411 /Users/bhavinjoshi/Documents/roman_slitless_sims_seds/bc03_template_6_gyr.txt 0.5
412 /Users/bhavinjoshi/Documents/roman_slitless_sims_seds/bc03_template_6_gyr.txt 0.5
413 /Users/bhavinjoshi/Documents/roman_slitless_sims_seds/bc03_template_6_gyr.txt 0.5
414 /Users/bhavinjoshi/Documents/roman_slitless_sims_seds/bc03_template_6_gyr.txt 0.5
415 /Users/bhavinjoshi/Documents/roman_slitless_sims_seds/bc03_template_6_gyr.txt 0.5
416 /Users/bhavinjoshi/Documents/roman_slitless_sims_seds/bc03_template_6_gyr.txt 0.5
417 /Users/bhavinjoshi/Documents/roman_slitless_sims_seds/bc03_template_6_gyr.txt 0.5
418 /Users/bhavinjoshi/Documents/roman_slitless_sims_seds/bc03_template_6_gyr.txt 0.5
419 /Users/bhavinjoshi/Documents/roman_slitless_sims_seds/bc03_template_6_gyr.txt 0.5
420 /Users/bhavinjoshi/Documents/roman_slitless_sims_seds/bc03_template_6_gyr.txt 0.5
421 /Users/bhavinjoshi/Documents/roman_slitless_sims_seds/bc03_template_6_gyr.txt 0.5
422 /Users/bhavinjoshi/Documents/roman_slitless_sims_seds/bc03_template_6_gyr.txt 0.5
423 /Users/bhavinjoshi/Documents/roman_slitless_sims_seds/bc03_template_6_gyr.txt 0.5
424 /Users/bhavinjoshi/Documents/roman_slitless_sims_seds/bc03_template_6_gyr.txt 0.5
425 /Users/bhavinjoshi/Documents/roman_slitless_sims_seds/bc03_template_6_gyr.txt 0.5
426 /Users/bhavinjoshi/Documents/roman_slitless_sims_seds/bc03_template_6_gyr.txt 0.5
427 /Users/bhavinjoshi/Documents/roman_slitless_sims_seds/bc03_template_6_gyr.txt 0.5
428 /Users/bhavinjoshi/Documents/roman_slitless_sims_seds/bc03_template_6_gyr.txt 0.5
429 /Users/bhavinjoshi/Documents/roman_slitless_sims_seds/bc03_template_6_gyr.txt 0.5
430 /Users/bhavinjoshi/Documents/roman_slitless_sims_seds/bc03_template_6_gyr.txt 0.5
431 /Users/bhavinjoshi/Documents/roman_slitless_sims_seds/bc03_template_6_gyr.txt 0.5
432 /Users/bhavinjoshi/Documents/roman_slitless_sims_seds/bc03_template_6_gyr.txt 0.5
433 /Users/bhavinjoshi/Documents/roman_slitless_sims_seds/bc03_template_6_gyr.txt 0.5
434 /Users/bhavinjoshi/Documents/roman_slitless_sims_seds/bc03_template_6_gyr.txt 0.5
435 /Users/bhavinjoshi/Documents/roman_slitless_sims_seds/bc03_template_6_gyr.txt 0.5
436 /Users/bhavinjoshi/Documents/roman_slitless_sims_seds/bc03_template_6_gyr.txt 0.5
437 /Users/bhavinjoshi/Documents/roman_slitless_sims_seds/bc03_template_6_gyr.txt 0.5
438 /Users/bhavinjoshi/Documents/roman_slitless_sims_seds/bc03_template_6_gyr.txt 0.5
439 /Users/bhavinjoshi/Documents/roman_slitless_sims_seds/bc03_template_6_gyr.txt 0.5
440 /Users/bhavinjoshi/Documents/roman_slitless_sims_seds/bc03_template_6_gyr.txt 0.5
441 /Users/bhavinjoshi/Documents/roman_slitless_sims_seds/bc03_template_6_gyr.txt 0.5
442 /Users/bhavinjoshi/Documents/roman_slitless_sims_seds/bc03_template_6_gyr.txt 0.5
443 /Users/bhavinjoshi/Documents/roman_slitless_sims_seds/bc03_template_6_gyr.txt 0.5
444 /Users/bhavinjoshi/Documents/roman_slitless_sims_seds/bc03_template_6_gyr.txt 0.5
445 /Users/bhavinjoshi/Documents/roman_slitless_sims_seds/bc03_template_6_gyr.txt 0.5
446 /Users/bhavinjoshi/Documents/roman_slitless_sims_seds/bc03_template_6_gyr.txt 0.5
447 /Users/bhavinjoshi/Documents/roman_slitless_sims_seds/bc03_template_6_gyr.txt 0.5
448 /Users/bhavinjoshi/Documents/roman_slitless_sims_seds/bc03_template_6_gyr.txt 0.5
449 /Users/bhavinjoshi/Documents/roman_slitless_sims_seds/bc03_template_6_gyr.txt 0.5
450 /Users/bhavinjoshi/Documents/roman_slitless_sims_seds/bc03_template_6_gyr.txt 0.5
451 /Users/bhavinjoshi/Documents/roman_slitless_sims_seds/bc03_template_6_gyr.txt 0.5
452 /Users/bhavinjoshi/Documents/roman_slitless_sims_seds/bc03_template_6_gyr.txt 0.5
453 /Users/bhavinjoshi/Documents/roman_slitless_sims_seds/bc03_template_6_gyr.txt 0.5
454 /Users/bhavinjoshi/Documents/roman_slitless_sims_seds/bc03_template_6_gyr.txt 0.5
455 /Users/bhavinjoshi/Documents/roman_slitless_sims_seds/bc03_template_6_gyr.txt 0.5
456 /Users/bhavinjoshi/Documents/roman_slitless_sims_seds/bc03_template_6_gyr.txt 0.5
457 /Users/bhavinjoshi/Documents/roman_slitless_sims_seds/bc03_template_6_gyr.txt 0.5
458 /Users/bhavinjoshi/Documents/roman_slitless_sims_seds/bc03_template_6_gyr.txt 0.5
459 /Users/bhavinjoshi/Documents/roman_slitless_sims_seds/bc03_template_6_gyr.txt 0.5
460 /Users/bhavinjoshi/Documents/roman_slitless_sims_seds/bc03_template_6_gyr.txt 0.5
461 /Users/bhavinjoshi/Documents/roman_slitless_sims_seds/bc03_template_6_gyr.txt 0.5
462 /Users/bhavinjoshi/Documents/roman_slitless_sims_seds/bc03_template_6_gyr.txt 0.5
463 /Users/bhavinjoshi/Documents/roman_slitless_sims_seds/bc03_template_6_gyr.txt 0.5
464 /Users/bhavinjoshi/Documents/roman_slitless_sims_seds/bc03_template_6_gyr.txt 0.5
465 /Users/bhavinjoshi/Documents/roman_slitless_sims_seds/bc03_template_6_gyr.txt 0.5
466 /Users/bhavinjoshi/Documents/roman_slitless_sims_seds/bc03_template_6_gyr.txt 0.5
467 /Users/bhavinjoshi/Documents/roman_slitless_sims_seds/bc03_template_6_gyr.txt 0.5
468 /Users/bhavinjoshi/Documents/roman_slitless_sims_seds/bc03_template_6_gyr.txt 0.5
469 /Users/bhavinjoshi/Documents/roman_slitless_sims_seds/bc03_template_6_gyr.txt 0.5
470 /Users/bhavinjoshi/Documents/roman_slitless_sims_seds/bc03_template_6_gyr.txt 0.5
471 /Users/bhavinjoshi/Documents/roman_slitless_sims_seds/bc03_template_6_gyr.txt 0.5
472 /Users/bhavinjoshi/Documents/roman_slitless_sims_seds/bc03_template_6_gyr.txt 0.5
473 /Users/bhavinjoshi/Documents/roman_slitless_sims_seds/bc03_template_6_gyr.txt 0.5
474 /Users/bhavinjoshi/Documents/roman_slitless_sims_seds/bc03_template_6_gyr.txt 0.5
475 /Users/bhavinjoshi/Documents/roman_slitless_sims_seds/bc03_template_6_gyr.txt 0.5
476 /Users/bhavinjoshi/Documents/roman_slitless_sims_seds/bc03_template_6_gyr.txt 0.5
477 /Users/bhavinjoshi/Documents/roman_slitless_sims_seds/bc03_template_6_gyr.txt 0.5
478 /Users/bhavinjoshi/Documents/roman_slitless_sims_seds/bc03_template_6_gyr.txt 0.5
479 /Users/bhavinjoshi/Documents/roman_slitless_sims_seds/bc03_template_6_gyr.txt 0.5
480 /Users/bhavinjoshi/Documents/roman_slitless_sims_seds/bc03_template_6_gyr.txt 0.5
481 /Users/bhavinjoshi/Documents/roman_slitless_sims_seds/bc03_template_6_gyr.txt 0.5
482 /Users/bhavinjoshi/Documents/roman_slitless_sims_seds/bc03_template_6_gyr.txt 0.5
483 /Users/bhavinjoshi/Documents/roman_slitless_sims_seds/bc03_template_6_gyr.txt 0.5
484 /Users/bhavinjoshi/Documents/roman_slitless_sims_seds/bc03_template_6_gyr.txt 0.5
485 /Users/bhavinjoshi/Documents/roman_slitless_sims_seds/bc03_template_6_gyr.txt 0.5
486 /Users/bhavinjoshi/Documents/roman_slitless_sims_seds/bc03_template_6_gyr.txt 0.5
487 /Users/bhavinjoshi/Documents/roman_slitless_sims_seds/bc03_template_6_gyr.txt 0.5
488 /Users/bhavinjoshi/Documents/roman_slitless_sims_seds/bc03_template_6_gyr.txt 0.5
489 /Users/bhavinjoshi/Documents/roman_slitless_sims_seds/bc03_template_6_gyr.txt 0.5
490 /Users/bhavinjoshi/Documents/roman_slitless_sims_seds/bc03_template_6_gyr.txt 0.5
491 /Users/bhavinjoshi/Documents/roman_slitless_sims_seds/bc03_template_6_gyr.txt 0.5
492 /Users/bhavinjoshi/Documents/roman_slitless_sims_seds/bc03_template_100_myr.txt 0.5
493 /Users/bhavinjoshi/Documents/roman_slitless_sims_seds/bc03_template_6_gyr.txt 0.5
494 /Users/bhavinjoshi/Documents/roman_slitless_sims_seds/bc03_template_6_gyr.txt 0.5
495 /Users/bhavinjoshi/Documents/roman_slitless_sims_seds/bc03_template_6_gyr.txt 0.5
496 /Users/bhavinjoshi/Documents/roman_slitless_sims_seds/bc03_template_6_gyr.txt 0.5
497 /Users/bhavinjoshi/Documents/roman_slitless_sims_seds/bc03_template_6_gyr.txt 0.5
498 /Users/bhavinjoshi/Documents/roman_slitless_sims_seds/bc03_template_6_gyr.txt 0.5
499 /Users/bhavinjoshi/Documents/roman_slitless_sims_seds/bc03_template_6_gyr.txt 0.5
500 /Users/bhavinjoshi/Documents/roman_slitless_sims_seds/bc03_template_6_gyr.txt 0.5
501 /Users/bhavinjoshi/Documents/roman_slitless_sims_seds/bc03_template_6_gyr.txt 0.5
502 /Users/bhavinjoshi/Documents/roman_slitless_sims_seds/bc03_template_6_gyr.txt 0.5
503 /Users/bhavinjoshi/Documents/roman_slitless_sims_seds/bc03_template_6_gyr.txt 0.5
504 /Users/bhavinjoshi/Documents/roman_slitless_sims_seds/bc03_template_6_gyr.txt 0.5
505 /Users/bhavinjoshi/Documents/roman_slitless_sims_seds/bc03_template_6_gyr.txt 0.5
506 /Users/bhavinjoshi/Documents/roman_slitless_sims_seds/bc03_template_6_gyr.txt 0.5
507 /Users/bhavinjoshi/Documents/roman_slitless_sims_seds/bc03_template_6_gyr.txt 0.5
508 /Users/bhavinjoshi/Documents/roman_slitless_sims_seds/bc03_template_6_gyr.txt 0.5
509 /Users/bhavinjoshi/Documents/roman_slitless_sims_seds/bc03_template_6_gyr.txt 0.5
510 /Users/bhavinjoshi/Documents/roman_slitless_sims_seds/bc03_template_6_gyr.txt 0.5
511 /Users/bhavinjoshi/Documents/roman_slitless_sims_seds/bc03_template_6_gyr.txt 0.5
512 /Users/bhavinjoshi/Documents/roman_slitless_sims_seds/bc03_template_6_gyr.txt 0.5
513 /Users/bhavinjoshi/Documents/roman_slitless_sims_seds/bc03_template_6_gyr.txt 0.5
514 /Users/bhavinjoshi/Documents/roman_slitless_sims_seds/bc03_template_6_gyr.txt 0.5
515 /Users/bhavinjoshi/Documents/roman_slitless_sims_seds/bc03_template_6_gyr.txt 0.5
516 /Users/bhavinjoshi/Documents/roman_slitless_sims_seds/bc03_template_6_gyr.txt 0.5
517 /Users/bhavinjoshi/Documents/roman_slitless_sims_seds/bc03_template_6_gyr.txt 0.5
518 /Users/bhavinjoshi/Documents/roman_slitless_sims_seds/bc03_template_6_gyr.txt 0.5
519 /Users/bhavinjoshi/Documents/roman_slitless_sims_seds/bc03_template_6_gyr.txt 0.5
520 /Users/bhavinjoshi/Documents/roman_slitless_sims_seds/bc03_template_6_gyr.txt 0.5
521 /Users/bhavinjoshi/Documents/roman_slitless_sims_seds/bc03_template_6_gyr.txt 0.5
522 /Users/bhavinjoshi/Documents/roman_slitless_sims_seds/bc03_template_6_gyr.txt 0.5
523 /Users/bhavinjoshi/Documents/roman_slitless_sims_seds/bc03_template_6_gyr.txt 0.5
524 /Users/bhavinjoshi/Documents/roman_slitless_sims_seds/bc03_template_6_gyr.txt 0.5
525 /Users/bhavinjoshi/Documents/roman_slitless_sims_seds/bc03_template_6_gyr.txt 0.5
526 /Users/bhavinjoshi/Documents/roman_slitless_sims_seds/bc03_template_6_gyr.txt 0.5
527 /Users/bhavinjoshi/Documents/roman_slitless_sims_seds/bc03_template_6_gyr.txt 0.5
528 /Users/bhavinjoshi/Documents/roman_slitless_sims_seds/bc03_template_6_gyr.txt 0.5
529 /Users/bhavinjoshi/Documents/roman_slitless_sims_seds/bc03_template_6_gyr.txt 0.5
530 /Users/bhavinjoshi/Documents/roman_slitless_sims_seds/bc03_template_6_gyr.txt 0.5
531 /Users/bhavinjoshi/Documents/roman_slitless_sims_seds/bc03_template_6_gyr.txt 0.5
532 /Users/bhavinjoshi/Documents/roman_slitless_sims_seds/bc03_template_6_gyr.txt 0.5
533 /Users/bhavinjoshi/Documents/roman_slitless_sims_seds/bc03_template_6_gyr.txt 0.5
534 /Users/bhavinjoshi/Documents/roman_slitless_sims_seds/bc03_template_6_gyr.txt 0.5
535 /Users/bhavinjoshi/Documents/roman_slitless_sims_seds/bc03_template_6_gyr.txt 0.5
536 /Users/bhavinjoshi/Documents/roman_slitless_sims_seds/bc03_template_6_gyr.txt 0.5
537 /Users/bhavinjoshi/Documents/roman_slitless_sims_seds/bc03_template_6_gyr.txt 0.5
538 /Users/bhavinjoshi/Documents/roman_slitless_sims_seds/bc03_template_6_gyr.txt 0.5
539 /Users/bhavinjoshi/Documents/roman_slitless_sims_seds/bc03_template_6_gyr.txt 0.5
540 /Users/bhavinjoshi/Documents/roman_slitless_sims_seds/bc03_template_6_gyr.txt 0.5
541 /Users/bhavinjoshi/Documents/roman_slitless_sims_seds/bc03_template_6_gyr.txt 0.5
542 /Users/bhavinjoshi/Documents/roman_slitless_sims_seds/bc03_template_6_gyr.txt 0.5
543 /Users/bhavinjoshi/Documents/roman_slitless_sims_seds/bc03_template_6_gyr.txt 0.5
544 /Users/bhavinjoshi/Documents/roman_slitless_sims_seds/bc03_template_6_gyr.txt 0.5
545 /Users/bhavinjoshi/Documents/roman_slitless_sims_seds/bc03_template_6_gyr.txt 0.5
546 /Users/bhavinjoshi/Documents/roman_slitless_sims_seds/bc03_template_6_gyr.txt 0.5
547 /Users/bhavinjoshi/Documents/roman_slitless_sims_seds/bc03_template_6_gyr.txt 0.5
548 /Users/bhavinjoshi/Documents/roman_slitless_sims_seds/bc03_template_6_gyr.txt 0.5
549 /Users/bhavinjoshi/Documents/roman_slitless_sims_seds/bc03_template_6_gyr.txt 0.5
550 /Users/bhavinjoshi/Documents/roman_slitless_sims_seds/bc03_template_6_gyr.txt 0.5
551 /Users/bhavinjoshi/Documents/roman_slitless_sims_seds/bc03_template_6_gyr.txt 0.5
552 /Users/bhavinjoshi/Documents/roman_slitless_sims_seds/bc03_template_6_gyr.txt 0.5
553 /Users/bhavinjoshi/Documents/roman_slitless_sims_seds/bc03_template_6_gyr.txt 0.5
554 /Users/bhavinjoshi/Documents/roman_slitless_sims_seds/bc03_template_6_gyr.txt 0.5
555 /Users/bhavinjoshi/Documents/roman_slitless_sims_seds/bc03_template_6_gyr.txt 0.5
556 /Users/bhavinjoshi/Documents/roman_slitless_sims_seds/bc03_template_6_gyr.txt 0.5
557 /Users/bhavinjoshi/Documents/roman_slitless_sims_seds/bc03_template_6_gyr.txt 0.5
558 /Users/bhavinjoshi/Documents/roman_slitless_sims_seds/bc03_template_6_gyr.txt 0.5
559 /Users/bhavinjoshi/Documents/roman_slitless_sims_seds/bc03_template_6_gyr.txt 0.5
560 /Users/bhavinjoshi/Documents/roman_slitless_sims_seds/bc03_template_6_gyr.txt 0.5
561 /Users/bhavinjoshi/Documents/roman_slitless_sims_seds/bc03_template_6_gyr.txt 0.5
562 /Users/bhavinjoshi/Documents/roman_slitless_sims_seds/bc03_template_6_gyr.txt 0.5
563 /Users/bhavinjoshi/Documents/roman_slitless_sims_seds/bc03_template_6_gyr.txt 0.5
564 /Users/bhavinjoshi/Documents/roman_slitless_sims_seds/bc03_template_6_gyr.txt 0.5
565 /Users/bhavinjoshi/Documents/roman_slitless_sims_seds/bc03_template_6_gyr.txt 0.5
566 /Users/bhavinjoshi/Documents/roman_slitless_sims_seds/bc03_template_6_gyr.txt 0.5
567 /Users/bhavinjoshi/Documents/roman_slitless_sims_seds/bc03_template_6_gyr.txt 0.5
568 /Users/bhavinjoshi/Documents/roman_slitless_sims_seds/bc03_template_6_gyr.txt 0.5
569 /Users/bhavinjoshi/Documents/roman_slitless_sims_seds/bc03_template_6_gyr.txt 0.5
570 /Users/bhavinjoshi/Documents/roman_slitless_sims_seds/bc03_template_6_gyr.txt 0.5
571 /Users/bhavinjoshi/Documents/roman_slitless_sims_seds/bc03_template_6_gyr.txt 0.5
572 /Users/bhavinjoshi/Documents/roman_slitless_sims_seds/bc03_template_6_gyr.txt 0.5
573 /Users/bhavinjoshi/Documents/roman_slitless_sims_seds/bc03_template_6_gyr.txt 0.5
574 /Users/bhavinjoshi/Documents/roman_slitless_sims_seds/bc03_template_6_gyr.txt 0.5
575 /Users/bhavinjoshi/Documents/roman_slitless_sims_seds/bc03_template_6_gyr.txt 0.5
576 /Users/bhavinjoshi/Documents/roman_slitless_sims_seds/bc03_template_6_gyr.txt 0.5
577 /Users/bhavinjoshi/Documents/roman_slitless_sims_seds/bc03_template_6_gyr.txt 0.5
578 /Users/bhavinjoshi/Documents/roman_slitless_sims_seds/bc03_template_6_gyr.txt 0.5
579 /Users/bhavinjoshi/Documents/roman_slitless_sims_seds/bc03_template_6_gyr.txt 0.5
580 /Users/bhavinjoshi/Documents/roman_slitless_sims_seds/bc03_template_6_gyr.txt 0.5
581 /Users/bhavinjoshi/Documents/roman_slitless_sims_seds/bc03_template_6_gyr.txt 0.5
582 /Users/bhavinjoshi/Documents/roman_slitless_sims_seds/bc03_template_6_gyr.txt 0.5
583 /Users/bhavinjoshi/Documents/roman_slitless_sims_seds/bc03_template_6_gyr.txt 0.5
584 /Users/bhavinjoshi/Documents/roman_slitless_sims_seds/bc03_template_6_gyr.txt 0.5
585 /Users/bhavinjoshi/Documents/roman_slitless_sims_seds/bc03_template_6_gyr.txt 0.5
586 /Users/bhavinjoshi/Documents/roman_slitless_sims_seds/bc03_template_6_gyr.txt 0.5
587 /Users/bhavinjoshi/Documents/roman_slitless_sims_seds/bc03_template_6_gyr.txt 0.5
588 /Users/bhavinjoshi/Documents/roman_slitless_sims_seds/bc03_template_6_gyr.txt 0.5
589 /Users/bhavinjoshi/Documents/roman_slitless_sims_seds/bc03_template_6_gyr.txt 0.5
590 /Users/bhavinjoshi/Documents/roman_slitless_sims_seds/bc03_template_6_gyr.txt 0.5
591 /Users/bhavinjoshi/Documents/roman_slitless_sims_seds/bc03_template_6_gyr.txt 0.5
592 /Users/bhavinjoshi/Documents/roman_slitless_sims_seds/bc03_template_6_gyr.txt 0.5
593 /Users/bhavinjoshi/Documents/roman_slitless_sims_seds/bc03_template_6_gyr.txt 0.5
594 /Users/bhavinjoshi/Documents/roman_slitless_sims_seds/bc03_template_6_gyr.txt 0.5
595 /Users/bhavinjoshi/Documents/roman_slitless_sims_seds/bc03_template_6_gyr.txt 0.5
596 /Users/bhavinjoshi/Documents/roman_slitless_sims_seds/bc03_template_6_gyr.txt 0.5
597 /Users/bhavinjoshi/Documents/roman_slitless_sims_seds/bc03_template_6_gyr.txt 0.5
598 /Users/bhavinjoshi/Documents/roman_slitless_sims_seds/bc03_template_6_gyr.txt 0.5
599 /Users/bhavinjoshi/Documents/roman_slitless_sims_seds/bc03_template_6_gyr.txt 0.5
600 /Users/bhavinjoshi/Documents/roman_slitless_sims_seds/bc03_template_6_gyr.txt 0.5
601 /Users/bhavinjoshi/Documents/roman_slitless_sims_seds/bc03_template_6_gyr.txt 0.5
602 /Users/bhavinjoshi/Documents/roman_slitless_sims_seds/bc03_template_6_gyr.txt 0.5
603 /Users/bhavinjoshi/Documents/roman_slitless_sims_seds/bc03_template_6_gyr.txt 0.5
604 /Users/bhavinjoshi/Documents/roman_slitless_sims_seds/bc03_template_6_gyr.txt 0.5
605 /Users/bhavinjoshi/Documents/roman_slitless_sims_seds/bc03_template_6_gyr.txt 0.5
606 /Users/bhavinjoshi/Documents/roman_slitless_sims_seds/bc03_template_6_gyr.txt 0.5
607 /Users/bhavinjoshi/Documents/roman_slitless_sims_seds/bc03_template_6_gyr.txt 0.5
608 /Users/bhavinjoshi/Documents/roman_slitless_sims_seds/bc03_template_6_gyr.txt 0.5
609 /Users/bhavinjoshi/Documents/roman_slitless_sims_seds/bc03_template_6_gyr.txt 0.5
610 /Users/bhavinjoshi/Documents/roman_slitless_sims_seds/bc03_template_6_gyr.txt 0.5
611 /Users/bhavinjoshi/Documents/roman_slitless_sims_seds/bc03_template_6_gyr.txt 0.5
612 /Users/bhavinjoshi/Documents/roman_slitless_sims_seds/bc03_template_6_gyr.txt 0.5
613 /Users/bhavinjoshi/Documents/roman_slitless_sims_seds/bc03_template_6_gyr.txt 0.5
614 /Users/bhavinjoshi/Documents/roman_slitless_sims_seds/bc03_template_6_gyr.txt 0.5
615 /Users/bhavinjoshi/Documents/roman_slitless_sims_seds/bc03_template_6_gyr.txt 0.5
616 /Users/bhavinjoshi/Documents/roman_slitless_sims_seds/bc03_template_6_gyr.txt 0.5
617 /Users/bhavinjoshi/Documents/roman_slitless_sims_seds/bc03_template_6_gyr.txt 0.5
618 /Users/bhavinjoshi/Documents/roman_slitless_sims_seds/bc03_template_6_gyr.txt 0.5
619 /Users/bhavinjoshi/Documents/roman_slitless_sims_seds/bc03_template_6_gyr.txt 0.5
620 /Users/bhavinjoshi/Documents/roman_slitless_sims_seds/bc03_template_6_gyr.txt 0.5
621 /Users/bhavinjoshi/Documents/roman_slitless_sims_seds/bc03_template_6_gyr.txt 0.5
622 /Users/bhavinjoshi/Documents/roman_slitless_sims_seds/bc03_template_6_gyr.txt 0.5
623 /Users/bhavinjoshi/Documents/roman_slitless_sims_seds/bc03_template_6_gyr.txt 0.5
624 /Users/bhavinjoshi/Documents/roman_slitless_sims_seds/bc03_template_6_gyr.txt 0.5
625 /Users/bhavinjoshi/Documents/roman_slitless_sims_seds/bc03_template_6_gyr.txt 0.5
626 /Users/bhavinjoshi/Documents/roman_slitless_sims_seds/bc03_template_6_gyr.txt 0.5
627 /Users/bhavinjoshi/Documents/roman_slitless_sims_seds/bc03_template_6_gyr.txt 0.5
628 /Users/bhavinjoshi/Documents/roman_slitless_sims_seds/bc03_template_6_gyr.txt 0.5
629 /Users/bhavinjoshi/Documents/roman_slitless_sims_seds/bc03_template_6_gyr.txt 0.5
630 /Users/bhavinjoshi/Documents/roman_slitless_sims_seds/bc03_template_6_gyr.txt 0.5
631 /Users/bhavinjoshi/Documents/roman_slitless_sims_seds/bc03_template_6_gyr.txt 0.5
632 /Users/bhavinjoshi/Documents/roman_slitless_sims_seds/bc03_template_6_gyr.txt 0.5
633 /Users/bhavinjoshi/Documents/roman_slitless_sims_seds/bc03_template_6_gyr.txt 0.5
634 /Users/bhavinjoshi/Documents/roman_slitless_sims_seds/bc03_template_6_gyr.txt 0.5
635 /Users/bhavinjoshi/Documents/roman_slitless_sims_seds/bc03_template_6_gyr.txt 0.5
636 /Users/bhavinjoshi/Documents/roman_slitless_sims_seds/bc03_template_6_gyr.txt 0.5
637 /Users/bhavinjoshi/Documents/roman_slitless_sims_seds/bc03_template_6_gyr.txt 0.5
638 /Users/bhavinjoshi/Documents/roman_slitless_sims_seds/bc03_template_6_gyr.txt 0.5
639 /Users/bhavinjoshi/Documents/roman_slitless_sims_seds/bc03_template_6_gyr.txt 0.5
640 /Users/bhavinjoshi/Documents/roman_slitless_sims_seds/bc03_template_6_gyr.txt 0.5
641 /Users/bhavinjoshi/Documents/roman_slitless_sims_seds/bc03_template_6_gyr.txt 0.5
642 /Users/bhavinjoshi/Documents/roman_slitless_sims_seds/bc03_template_6_gyr.txt 0.5
643 /Users/bhavinjoshi/Documents/roman_slitless_sims_seds/bc03_template_6_gyr.txt 0.5
644 /Users/bhavinjoshi/Documents/roman_slitless_sims_seds/bc03_template_6_gyr.txt 0.5
645 /Users/bhavinjoshi/Documents/roman_slitless_sims_seds/bc03_template_6_gyr.txt 0.5
646 /Users/bhavinjoshi/Documents/roman_slitless_sims_seds/bc03_template_6_gyr.txt 0.5
647 /Users/bhavinjoshi/Documents/roman_slitless_sims_seds/bc03_template_6_gyr.txt 0.5
648 /Users/bhavinjoshi/Documents/roman_slitless_sims_seds/bc03_template_6_gyr.txt 0.5
649 /Users/bhavinjoshi/Documents/roman_slitless_sims_seds/bc03_template_6_gyr.txt 0.5
650 /Users/bhavinjoshi/Documents/roman_slitless_sims_seds/bc03_template_6_gyr.txt 0.5
651 /Users/bhavinjoshi/Documents/roman_slitless_sims_seds/bc03_template_6_gyr.txt 0.5
652 /Users/bhavinjoshi/Documents/roman_slitless_sims_seds/bc03_template_6_gyr.txt 0.5
653 /Users/bhavinjoshi/Documents/roman_slitless_sims_seds/bc03_template_6_gyr.txt 0.5
654 /Users/bhavinjoshi/Documents/roman_slitless_sims_seds/bc03_template_6_gyr.txt 0.5
655 /Users/bhavinjoshi/Documents/roman_slitless_sims_seds/bc03_template_6_gyr.txt 0.5
656 /Users/bhavinjoshi/Documents/roman_slitless_sims_seds/bc03_template_6_gyr.txt 0.5
657 /Users/bhavinjoshi/Documents/roman_slitless_sims_seds/bc03_template_6_gyr.txt 0.5
658 /Users/bhavinjoshi/Documents/roman_slitless_sims_seds/bc03_template_6_gyr.txt 0.5
659 /Users/bhavinjoshi/Documents/roman_slitless_sims_seds/bc03_template_6_gyr.txt 0.5
660 /Users/bhavinjoshi/Documents/roman_slitless_sims_seds/bc03_template_6_gyr.txt 0.5
661 /Users/bhavinjoshi/Documents/roman_slitless_sims_seds/bc03_template_6_gyr.txt 0.5
662 /Users/bhavinjoshi/Documents/roman_slitless_sims_seds/bc03_template_6_gyr.txt 0.5
663 /Users/bhavinjoshi/Documents/roman_slitless_sims_seds/bc03_template_6_gyr.txt 0.5
664 /Users/bhavinjoshi/Documents/roman_slitless_sims_seds/bc03_template_6_gyr.txt 0.5
665 /Users/bhavinjoshi/Documents/roman_slitless_sims_seds/bc03_template_6_gyr.txt 0.5
666 /Users/bhavinjoshi/Documents/roman_slitless_sims_seds/bc03_template_6_gyr.txt 0.5
667 /Users/bhavinjoshi/Documents/roman_slitless_sims_seds/bc03_template_6_gyr.txt 0.5
668 /Users/bhavinjoshi/Documents/roman_slitless_sims_seds/bc03_template_6_gyr.txt 0.5
669 /Users/bhavinjoshi/Documents/roman_slitless_sims_seds/bc03_template_6_gyr.txt 0.5
670 /Users/bhavinjoshi/Documents/roman_slitless_sims_seds/bc03_template_6_gyr.txt 0.5
671 /Users/bhavinjoshi/Documents/roman_slitless_sims_seds/bc03_template_6_gyr.txt 0.5
672 /Users/bhavinjoshi/Documents/roman_slitless_sims_seds/bc03_template_6_gyr.txt 0.5
673 /Users/bhavinjoshi/Documents/roman_slitless_sims_seds/bc03_template_6_gyr.txt 0.5
674 /Users/bhavinjoshi/Documents/roman_slitless_sims_seds/bc03_template_6_gyr.txt 0.5
675 /Users/bhavinjoshi/Documents/roman_slitless_sims_seds/bc03_template_6_gyr.txt 0.5
676 /Users/bhavinjoshi/Documents/roman_slitless_sims_seds/bc03_template_6_gyr.txt 0.5
677 /Users/bhavinjoshi/Documents/roman_slitless_sims_seds/bc03_template_6_gyr.txt 0.5
678 /Users/bhavinjoshi/Documents/roman_slitless_sims_seds/bc03_template_6_gyr.txt 0.5
679 /Users/bhavinjoshi/Documents/roman_slitless_sims_seds/bc03_template_6_gyr.txt 0.5
680 /Users/bhavinjoshi/Documents/roman_slitless_sims_seds/bc03_template_6_gyr.txt 0.5
681 /Users/bhavinjoshi/Documents/roman_slitless_sims_seds/bc03_template_6_gyr.txt 0.5
682 /Users/bhavinjoshi/Documents/roman_slitless_sims_seds/bc03_template_6_gyr.txt 0.5
683 /Users/bhavinjoshi/Documents/roman_slitless_sims_seds/bc03_template_6_gyr.txt 0.5
684 /Users/bhavinjoshi/Documents/roman_slitless_sims_seds/bc03_template_6_gyr.txt 0.5
685 /Users/bhavinjoshi/Documents/roman_slitless_sims_seds/bc03_template_6_gyr.txt 0.5
686 /Users/bhavinjoshi/Documents/roman_slitless_sims_seds/bc03_template_6_gyr.txt 0.5
687 /Users/bhavinjoshi/Documents/roman_slitless_sims_seds/bc03_template_6_gyr.txt 0.5
688 /Users/bhavinjoshi/Documents/roman_slitless_sims_seds/bc03_template_6_gyr.txt 0.5
689 /Users/bhavinjoshi/Documents/roman_slitless_sims_seds/bc03_template_6_gyr.txt 0.5
690 /Users/bhavinjoshi/Documents/roman_slitless_sims_seds/bc03_template_6_gyr.txt 0.5
691 /Users/bhavinjoshi/Documents/roman_slitless_sims_seds/bc03_template_6_gyr.txt 0.5
692 /Users/bhavinjoshi/Documents/roman_slitless_sims_seds/bc03_template_6_gyr.txt 0.5
693 /Users/bhavinjoshi/Documents/roman_slitless_sims_seds/bc03_template_6_gyr.txt 0.5
694 /Users/bhavinjoshi/Documents/roman_slitless_sims_seds/bc03_template_6_gyr.txt 0.5
695 /Users/bhavinjoshi/Documents/roman_slitless_sims_seds/bc03_template_6_gyr.txt 0.5
696 /Users/bhavinjoshi/Documents/roman_slitless_sims_seds/bc03_template_6_gyr.txt 0.5
697 /Users/bhavinjoshi/Documents/roman_slitless_sims_seds/bc03_template_6_gyr.txt 0.5
698 /Users/bhavinjoshi/Documents/roman_slitless_sims_seds/bc03_template_6_gyr.txt 0.5
699 /Users/bhavinjoshi/Documents/roman_slitless_sims_seds/bc03_template_6_gyr.txt 0.5
700 /Users/bhavinjoshi/Documents/roman_slitless_sims_seds/bc03_template_6_gyr.txt 0.5
701 /Users/bhavinjoshi/Documents/roman_slitless_sims_seds/bc03_template_6_gyr.txt 0.5
702 /Users/bhavinjoshi/Documents/roman_slitless_sims_seds/bc03_template_6_gyr.txt 0.5
703 /Users/bhavinjoshi/Documents/roman_slitless_sims_seds/bc03_template_6_gyr.txt 0.5
704 /Users/bhavinjoshi/Documents/roman_slitless_sims_seds/bc03_template_6_gyr.txt 0.5
705 /Users/bhavinjoshi/Documents/roman_slitless_sims_seds/bc03_template_6_gyr.txt 0.5
706 /Users/bhavinjoshi/Documents/roman_slitless_sims_seds/bc03_template_6_gyr.txt 0.5
707 /Users/bhavinjoshi/Documents/roman_slitless_sims_seds/bc03_template_6_gyr.txt 0.5
708 /Users/bhavinjoshi/Documents/roman_slitless_sims_seds/bc03_template_6_gyr.txt 0.5
709 /Users/bhavinjoshi/Documents/roman_slitless_sims_seds/bc03_template_6_gyr.txt 0.5
710 /Users/bhavinjoshi/Documents/roman_slitless_sims_seds/bc03_template_6_gyr.txt 0.5
711 /Users/bhavinjoshi/Documents/roman_slitless_sims_seds/bc03_template_6_gyr.txt 0.5
712 /Users/bhavinjoshi/Documents/roman_slitless_sims_seds/bc03_template_6_gyr.txt 0.5
713 /Users/bhavinjoshi/Documents/roman_slitless_sims_seds/bc03_template_6_gyr.txt 0.5
714 /Users/bhavinjoshi/Documents/roman_slitless_sims_seds/bc03_template_6_gyr.txt 0.5
715 /Users/bhavinjoshi/Documents/roman_slitless_sims_seds/bc03_template_6_gyr.txt 0.5
716 /Users/bhavinjoshi/Documents/roman_slitless_sims_seds/bc03_template_6_gyr.txt 0.5
717 /Users/bhavinjoshi/Documents/roman_slitless_sims_seds/bc03_template_6_gyr.txt 0.5
718 /Users/bhavinjoshi/Documents/roman_slitless_sims_seds/bc03_template_6_gyr.txt 0.5
719 /Users/bhavinjoshi/Documents/roman_slitless_sims_seds/bc03_template_6_gyr.txt 0.5
720 /Users/bhavinjoshi/Documents/roman_slitless_sims_seds/bc03_template_6_gyr.txt 0.5
721 /Users/bhavinjoshi/Documents/roman_slitless_sims_seds/bc03_template_6_gyr.txt 0.5
722 /Users/bhavinjoshi/Documents/roman_slitless_sims_seds/bc03_template_6_gyr.txt 0.5
723 /Users/bhavinjoshi/Documents/roman_slitless_sims_seds/bc03_template_6_gyr.txt 0.5
724 /Users/bhavinjoshi/Documents/roman_slitless_sims_seds/bc03_template_6_gyr.txt 0.5
725 /Users/bhavinjoshi/Documents/roman_slitless_sims_seds/bc03_template_6_gyr.txt 0.5
726 /Users/bhavinjoshi/Documents/roman_slitless_sims_seds/bc03_template_6_gyr.txt 0.5
727 /Users/bhavinjoshi/Documents/roman_slitless_sims_seds/bc03_template_6_gyr.txt 0.5
728 /Users/bhavinjoshi/Documents/roman_slitless_sims_seds/bc03_template_6_gyr.txt 0.5
729 /Users/bhavinjoshi/Documents/roman_slitless_sims_seds/bc03_template_6_gyr.txt 0.5
730 /Users/bhavinjoshi/Documents/roman_slitless_sims_seds/bc03_template_6_gyr.txt 0.5
731 /Users/bhavinjoshi/Documents/roman_slitless_sims_seds/bc03_template_6_gyr.txt 0.5
732 /Users/bhavinjoshi/Documents/roman_slitless_sims_seds/bc03_template_6_gyr.txt 0.5
733 /Users/bhavinjoshi/Documents/roman_slitless_sims_seds/bc03_template_6_gyr.txt 0.5
734 /Users/bhavinjoshi/Documents/roman_slitless_sims_seds/bc03_template_6_gyr.txt 0.5
735 /Users/bhavinjoshi/Documents/roman_slitless_sims_seds/bc03_template_6_gyr.txt 0.5
736 /Users/bhavinjoshi/Documents/roman_slitless_sims_seds/bc03_template_6_gyr.txt 0.5
737 /Users/bhavinjoshi/Documents/roman_slitless_sims_seds/bc03_template_6_gyr.txt 0.5
738 /Users/bhavinjoshi/Documents/roman_slitless_sims_seds/bc03_template_6_gyr.txt 0.5
739 /Users/bhavinjoshi/Documents/roman_slitless_sims_seds/bc03_template_6_gyr.txt 0.5
740 /Users/bhavinjoshi/Documents/roman_slitless_sims_seds/bc03_template_6_gyr.txt 0.5
741 /Users/bhavinjoshi/Documents/roman_slitless_sims_seds/bc03_template_6_gyr.txt 0.5
742 /Users/bhavinjoshi/Documents/roman_slitless_sims_seds/bc03_template_6_gyr.txt 0.5
743 /Users/bhavinjoshi/Documents/roman_slitless_sims_seds/bc03_template_6_gyr.txt 0.5
744 /Users/bhavinjoshi/Documents/roman_slitless_sims_seds/bc03_template_6_gyr.txt 0.5
745 /Users/bhavinjoshi/Documents/roman_slitless_sims_seds/bc03_template_6_gyr.txt 0.5
746 /Users/bhavinjoshi/Documents/roman_slitless_sims_seds/bc03_template_6_gyr.txt 0.5
747 /Users/bhavinjoshi/Documents/roman_slitless_sims_seds/bc03_template_6_gyr.txt 0.5
748 /Users/bhavinjoshi/Documents/roman_slitless_sims_seds/bc03_template_6_gyr.txt 0.5
749 /Users/bhavinjoshi/Documents/roman_slitless_sims_seds/bc03_template_6_gyr.txt 0.5
750 /Users/bhavinjoshi/Documents/roman_slitless_sims_seds/bc03_template_6_gyr.txt 0.5
751 /Users/bhavinjoshi/Documents/roman_slitless_sims_seds/bc03_template_6_gyr.txt 0.5
752 /Users/bhavinjoshi/Documents/roman_slitless_sims_seds/bc03_template_6_gyr.txt 0.5
753 /Users/bhavinjoshi/Documents/roman_slitless_sims_seds/bc03_template_6_gyr.txt 0.5
754 /Users/bhavinjoshi/Documents/roman_slitless_sims_seds/bc03_template_6_gyr.txt 0.5
755 /Users/bhavinjoshi/Documents/roman_slitless_sims_seds/bc03_template_6_gyr.txt 0.5
756 /Users/bhavinjoshi/Documents/roman_slitless_sims_seds/bc03_template_6_gyr.txt 0.5
757 /Users/bhavinjoshi/Documents/roman_slitless_sims_seds/bc03_template_6_gyr.txt 0.5
758 /Users/bhavinjoshi/Documents/roman_slitless_sims_seds/bc03_template_6_gyr.txt 0.5
759 /Users/bhavinjoshi/Documents/roman_slitless_sims_seds/bc03_template_6_gyr.txt 0.5
760 /Users/bhavinjoshi/Documents/roman_slitless_sims_seds/bc03_template_6_gyr.txt 0.5
761 /Users/bhavinjoshi/Documents/roman_slitless_sims_seds/bc03_template_6_gyr.txt 0.5
762 /Users/bhavinjoshi/Documents/roman_slitless_sims_seds/bc03_template_6_gyr.txt 0.5
763 /Users/bhavinjoshi/Documents/roman_slitless_sims_seds/bc03_template_6_gyr.txt 0.5
764 /Users/bhavinjoshi/Documents/roman_slitless_sims_seds/bc03_template_6_gyr.txt 0.5
765 /Users/bhavinjoshi/Documents/roman_slitless_sims_seds/bc03_template_6_gyr.txt 0.5
766 /Users/bhavinjoshi/Documents/roman_slitless_sims_seds/bc03_template_6_gyr.txt 0.5
767 /Users/bhavinjoshi/Documents/roman_slitless_sims_seds/bc03_template_6_gyr.txt 0.5
768 /Users/bhavinjoshi/Documents/roman_slitless_sims_seds/bc03_template_6_gyr.txt 0.5
769 /Users/bhavinjoshi/Documents/roman_slitless_sims_seds/bc03_template_6_gyr.txt 0.5
770 /Users/bhavinjoshi/Documents/roman_slitless_sims_seds/bc03_template_6_gyr.txt 0.5
771 /Users/bhavinjoshi/Documents/roman_slitless_sims_seds/bc03_template_6_gyr.txt 0.5
772 /Users/bhavinjoshi/Documents/roman_slitless_sims_seds/bc03_template_6_gyr.txt 0.5
773 /Users/bhavinjoshi/Documents/roman_slitless_sims_seds/bc03_template_6_gyr.txt 0.5
774 /Users/bhavinjoshi/Documents/roman_slitless_sims_seds/bc03_template_6_gyr.txt 0.5
775 /Users/bhavinjoshi/Documents/roman_slitless_sims_seds/bc03_template_6_gyr.txt 0.5
776 /Users/bhavinjoshi/Documents/roman_slitless_sims_seds/bc03_template_6_gyr.txt 0.5
777 /Users/bhavinjoshi/Documents/roman_slitless_sims_seds/bc03_template_6_gyr.txt 0.5
778 /Users/bhavinjoshi/Documents/roman_slitless_sims_seds/bc03_template_6_gyr.txt 0.5
779 /Users/bhavinjoshi/Documents/roman_slitless_sims_seds/bc03_template_6_gyr.txt 0.5
780 /Users/bhavinjoshi/Documents/roman_slitless_sims_seds/bc03_template_6_gyr.txt 0.5
781 /Users/bhavinjoshi/Documents/roman_slitless_sims_seds/bc03_template_6_gyr.txt 0.5
782 /Users/bhavinjoshi/Documents/roman_slitless_sims_seds/bc03_template_6_gyr.txt 0.5
783 /Users/bhavinjoshi/Documents/roman_slitless_sims_seds/bc03_template_6_gyr.txt 0.5
784 /Users/bhavinjoshi/Documents/roman_slitless_sims_seds/bc03_template_6_gyr.txt 0.5
785 /Users/bhavinjoshi/Documents/roman_slitless_sims_seds/bc03_template_6_gyr.txt 0.5
786 /Users/bhavinjoshi/Documents/roman_slitless_sims_seds/bc03_template_6_gyr.txt 0.5
787 /Users/bhavinjoshi/Documents/roman_slitless_sims_seds/bc03_template_6_gyr.txt 0.5
788 /Users/bhavinjoshi/Documents/roman_slitless_sims_seds/bc03_template_6_gyr.txt 0.5
789 /Users/bhavinjoshi/Documents/roman_slitless_sims_seds/bc03_template_6_gyr.txt 0.5
790 /Users/bhavinjoshi/Documents/roman_slitless_sims_seds/bc03_template_6_gyr.txt 0.5
791 /Users/bhavinjoshi/Documents/roman_slitless_sims_seds/bc03_template_6_gyr.txt 0.5
792 /Users/bhavinjoshi/Documents/roman_slitless_sims_seds/bc03_template_6_gyr.txt 0.5
793 /Users/bhavinjoshi/Documents/roman_slitless_sims_seds/bc03_template_6_gyr.txt 0.5
794 /Users/bhavinjoshi/Documents/roman_slitless_sims_seds/bc03_template_6_gyr.txt 0.5
795 /Users/bhavinjoshi/Documents/roman_slitless_sims_seds/bc03_template_6_gyr.txt 0.5
796 /Users/bhavinjoshi/Documents/roman_slitless_sims_seds/bc03_template_6_gyr.txt 0.5
797 /Users/bhavinjoshi/Documents/roman_slitless_sims_seds/bc03_template_6_gyr.txt 0.5
798 /Users/bhavinjoshi/Documents/roman_slitless_sims_seds/bc03_template_6_gyr.txt 0.5
799 /Users/bhavinjoshi/Documents/roman_slitless_sims_seds/bc03_template_6_gyr.txt 0.5
800 /Users/bhavinjoshi/Documents/roman_slitless_sims_seds/bc03_template_6_gyr.txt 0.5
801 /Users/bhavinjoshi/Documents/roman_slitless_sims_seds/bc03_template_6_gyr.txt 0.5
802 /Users/bhavinjoshi/Documents/roman_slitless_sims_seds/bc03_template_6_gyr.txt 0.5
803 /Users/bhavinjoshi/Documents/roman_slitless_sims_seds/bc03_template_6_gyr.txt 0.5
804 /Users/bhavinjoshi/Documents/roman_slitless_sims_seds/bc03_template_6_gyr.txt 0.5
805 /Users/bhavinjoshi/Documents/roman_slitless_sims_seds/bc03_template_6_gyr.txt 0.5
806 /Users/bhavinjoshi/Documents/roman_slitless_sims_seds/bc03_template_6_gyr.txt 0.5
807 /Users/bhavinjoshi/Documents/roman_slitless_sims_seds/bc03_template_6_gyr.txt 0.5
808 /Users/bhavinjoshi/Documents/roman_slitless_sims_seds/bc03_template_6_gyr.txt 0.5
809 /Users/bhavinjoshi/Documents/roman_slitless_sims_seds/bc03_template_6_gyr.txt 0.5
810 /Users/bhavinjoshi/Documents/roman_slitless_sims_seds/bc03_template_6_gyr.txt 0.5
811 /Users/bhavinjoshi/Documents/roman_slitless_sims_seds/bc03_template_6_gyr.txt 0.5
812 /Users/bhavinjoshi/Documents/roman_slitless_sims_seds/bc03_template_6_gyr.txt 0.5
813 /Users/bhavinjoshi/Documents/roman_slitless_sims_seds/bc03_template_6_gyr.txt 0.5
814 /Users/bhavinjoshi/Documents/roman_slitless_sims_seds/bc03_template_6_gyr.txt 0.5
815 /Users/bhavinjoshi/Documents/roman_slitless_sims_seds/bc03_template_6_gyr.txt 0.5
816 /Users/bhavinjoshi/Documents/roman_slitless_sims_seds/bc03_template_6_gyr.txt 0.5
817 /Users/bhavinjoshi/Documents/roman_slitless_sims_seds/bc03_template_6_gyr.txt 0.5
818 /Users/bhavinjoshi/Documents/roman_slitless_sims_seds/bc03_template_6_gyr.txt 0.5
819 /Users/bhavinjoshi/Documents/roman_slitless_sims_seds/bc03_template_6_gyr.txt 0.5
820 /Users/bhavinjoshi/Documents/roman_slitless_sims_seds/bc03_template_6_gyr.txt 0.5
821 /Users/bhavinjoshi/Documents/roman_slitless_sims_seds/bc03_template_6_gyr.txt 0.5
822 /Users/bhavinjoshi/Documents/roman_slitless_sims_seds/bc03_template_6_gyr.txt 0.5
823 /Users/bhavinjoshi/Documents/roman_slitless_sims_seds/bc03_template_6_gyr.txt 0.5
824 /Users/bhavinjoshi/Documents/roman_slitless_sims_seds/bc03_template_6_gyr.txt 0.5
825 /Users/bhavinjoshi/Documents/roman_slitless_sims_seds/bc03_template_6_gyr.txt 0.5
826 /Users/bhavinjoshi/Documents/roman_slitless_sims_seds/bc03_template_6_gyr.txt 0.5
827 /Users/bhavinjoshi/Documents/roman_slitless_sims_seds/bc03_template_6_gyr.txt 0.5
828 /Users/bhavinjoshi/Documents/roman_slitless_sims_seds/bc03_template_6_gyr.txt 0.5
829 /Users/bhavinjoshi/Documents/roman_slitless_sims_seds/bc03_template_6_gyr.txt 0.5
830 /Users/bhavinjoshi/Documents/roman_slitless_sims_seds/bc03_template_6_gyr.txt 0.5
831 /Users/bhavinjoshi/Documents/roman_slitless_sims_seds/bc03_template_6_gyr.txt 0.5
832 /Users/bhavinjoshi/Documents/roman_slitless_sims_seds/bc03_template_6_gyr.txt 0.5
833 /Users/bhavinjoshi/Documents/roman_slitless_sims_seds/bc03_template_6_gyr.txt 0.5
834 /Users/bhavinjoshi/Documents/roman_slitless_sims_seds/bc03_template_6_gyr.txt 0.5
835 /Users/bhavinjoshi/Documents/roman_slitless_sims_seds/bc03_template_6_gyr.txt 0.5
836 /Users/bhavinjoshi/Documents/roman_slitless_sims_seds/bc03_template_6_gyr.txt 0.5
837 /Users/bhavinjoshi/Documents/roman_slitless_sims_seds/bc03_template_6_gyr.txt 0.5
838 /Users/bhavinjoshi/Documents/roman_slitless_sims_seds/bc03_template_6_gyr.txt 0.5
839 /Users/bhavinjoshi/Documents/roman_slitless_sims_seds/bc03_template_6_gyr.txt 0.5
840 /Users/bhavinjoshi/Documents/roman_slitless_sims_seds/bc03_template_6_gyr.txt 0.5
841 /Users/bhavinjoshi/Documents/roman_slitless_sims_seds/bc03_template_6_gyr.txt 0.5
842 /Users/bhavinjoshi/Documents/roman_slitless_sims_seds/bc03_template_6_gyr.txt 0.5
843 /Users/bhavinjoshi/Documents/roman_slitless_sims_seds/bc03_template_6_gyr.txt 0.5
844 /Users/bhavinjoshi/Documents/roman_slitless_sims_seds/bc03_template_6_gyr.txt 0.5
845 /Users/bhavinjoshi/Documents/roman_slitless_sims_seds/bc03_template_6_gyr.txt 0.5
846 /Users/bhavinjoshi/Documents/roman_slitless_sims_seds/bc03_template_6_gyr.txt 0.5
847 /Users/bhavinjoshi/Documents/roman_slitless_sims_seds/bc03_template_6_gyr.txt 0.5
848 /Users/bhavinjoshi/Documents/roman_slitless_sims_seds/bc03_template_6_gyr.txt 0.5
849 /Users/bhavinjoshi/Documents/roman_slitless_sims_seds/bc03_template_6_gyr.txt 0.5
850 /Users/bhavinjoshi/Documents/roman_slitless_sims_seds/bc03_template_6_gyr.txt 0.5
851 /Users/bhavinjoshi/Documents/roman_slitless_sims_seds/bc03_template_6_gyr.txt 0.5
852 /Users/bhavinjoshi/Documents/roman_slitless_sims_seds/bc03_template_6_gyr.txt 0.5
853 /Users/bhavinjoshi/Documents/roman_slitless_sims_seds/bc03_template_6_gyr.txt 0.5
854 /Users/bhavinjoshi/Documents/roman_slitless_sims_seds/bc03_template_6_gyr.txt 0.5
855 /Users/bhavinjoshi/Documents/roman_slitless_sims_seds/bc03_template_6_gyr.txt 0.5
856 /Users/bhavinjoshi/Documents/roman_slitless_sims_seds/bc03_template_6_gyr.txt 0.5
857 /Users/bhavinjoshi/Documents/roman_slitless_sims_seds/bc03_template_6_gyr.txt 0.5
858 /Users/bhavinjoshi/Documents/roman_slitless_sims_seds/bc03_template_6_gyr.txt 0.5
859 /Users/bhavinjoshi/Documents/roman_slitless_sims_seds/bc03_template_6_gyr.txt 0.5
860 /Users/bhavinjoshi/Documents/roman_slitless_sims_seds/bc03_template_6_gyr.txt 0.5
861 /Users/bhavinjoshi/Documents/roman_slitless_sims_seds/bc03_template_6_gyr.txt 0.5
862 /Users/bhavinjoshi/Documents/roman_slitless_sims_seds/bc03_template_6_gyr.txt 0.5
863 /Users/bhavinjoshi/Documents/roman_slitless_sims_seds/bc03_template_6_gyr.txt 0.5
864 /Users/bhavinjoshi/Documents/roman_slitless_sims_seds/bc03_template_6_gyr.txt 0.5
865 /Users/bhavinjoshi/Documents/roman_slitless_sims_seds/bc03_template_6_gyr.txt 0.5
866 /Users/bhavinjoshi/Documents/roman_slitless_sims_seds/bc03_template_6_gyr.txt 0.5
867 /Users/bhavinjoshi/Documents/roman_slitless_sims_seds/bc03_template_6_gyr.txt 0.5
868 /Users/bhavinjoshi/Documents/roman_slitless_sims_seds/bc03_template_6_gyr.txt 0.5
869 /Users/bhavinjoshi/Documents/roman_slitless_sims_seds/bc03_template_6_gyr.txt 0.5
870 /Users/bhavinjoshi/Documents/roman_slitless_sims_seds/bc03_template_6_gyr.txt 0.5
871 /Users/bhavinjoshi/Documents/roman_slitless_sims_seds/bc03_template_6_gyr.txt 0.5
872 /Users/bhavinjoshi/Documents/roman_slitless_sims_seds/bc03_template_6_gyr.txt 0.5
873 /Users/bhavinjoshi/Documents/roman_slitless_sims_seds/bc03_template_6_gyr.txt 0.5
874 /Users/bhavinjoshi/Documents/roman_slitless_sims_seds/bc03_template_6_gyr.txt 0.5
875 /Users/bhavinjoshi/Documents/roman_slitless_sims_seds/bc03_template_6_gyr.txt 0.5
876 /Users/bhavinjoshi/Documents/roman_slitless_sims_seds/bc03_template_6_gyr.txt 0.5
877 /Users/bhavinjoshi/Documents/roman_slitless_sims_seds/bc03_template_6_gyr.txt 0.5
878 /Users/bhavinjoshi/Documents/roman_slitless_sims_seds/bc03_template_6_gyr.txt 0.5
879 /Users/bhavinjoshi/Documents/roman_slitless_sims_seds/bc03_template_6_gyr.txt 0.5
880 /Users/bhavinjoshi/Documents/roman_slitless_sims_seds/bc03_template_6_gyr.txt 0.5
881 /Users/bhavinjoshi/Documents/roman_slitless_sims_seds/bc03_template_6_gyr.txt 0.5
882 /Users/bhavinjoshi/Documents/roman_slitless_sims_seds/bc03_template_6_gyr.txt 0.5
883 /Users/bhavinjoshi/Documents/roman_slitless_sims_seds/bc03_template_6_gyr.txt 0.5
884 /Users/bhavinjoshi/Documents/roman_slitless_sims_seds/bc03_template_6_gyr.txt 0.5
885 /Users/bhavinjoshi/Documents/roman_slitless_sims_seds/bc03_template_6_gyr.txt 0.5
886 /Users/bhavinjoshi/Documents/roman_slitless_sims_seds/bc03_template_6_gyr.txt 0.5
887 /Users/bhavinjoshi/Documents/roman_slitless_sims_seds/bc03_template_6_gyr.txt 0.5
888 /Users/bhavinjoshi/Documents/roman_slitless_sims_seds/bc03_template_6_gyr.txt 0.5
889 /Users/bhavinjoshi/Documents/roman_slitless_sims_seds/bc03_template_6_gyr.txt 0.5
890 /Users/bhavinjoshi/Documents/roman_slitless_sims_seds/bc03_template_6_gyr.txt 0.5
891 /Users/bhavinjoshi/Documents/roman_slitless_sims_seds/bc03_template_6_gyr.txt 0.5
892 /Users/bhavinjoshi/Documents/roman_slitless_sims_seds/bc03_template_6_gyr.txt 0.5
893 /Users/bhavinjoshi/Documents/roman_slitless_sims_seds/bc03_template_6_gyr.txt 0.5
894 /Users/bhavinjoshi/Documents/roman_slitless_sims_seds/bc03_template_6_gyr.txt 0.5
895 /Users/bhavinjoshi/Documents/roman_slitless_sims_seds/bc03_template_6_gyr.txt 0.5
896 /Users/bhavinjoshi/Documents/roman_slitless_sims_seds/bc03_template_6_gyr.txt 0.5
897 /Users/bhavinjoshi/Documents/roman_slitless_sims_seds/bc03_template_6_gyr.txt 0.5
898 /Users/bhavinjoshi/Documents/roman_slitless_sims_seds/bc03_template_6_gyr.txt 0.5
899 /Users/bhavinjoshi/Documents/roman_slitless_sims_seds/bc03_template_6_gyr.txt 0.5
900 /Users/bhavinjoshi/Documents/roman_slitless_sims_seds/bc03_template_6_gyr.txt 0.5
901 /Users/bhavinjoshi/Documents/roman_slitless_sims_seds/bc03_template_6_gyr.txt 0.5
902 /Users/bhavinjoshi/Documents/roman_slitless_sims_seds/bc03_template_6_gyr.txt 0.5
903 /Users/bhavinjoshi/Documents/roman_slitless_sims_seds/bc03_template_6_gyr.txt 0.5
904 /Users/bhavinjoshi/Documents/roman_slitless_sims_seds/bc03_template_6_gyr.txt 0.5
905 /Users/bhavinjoshi/Documents/roman_slitless_sims_seds/bc03_template_6_gyr.txt 0.5
906 /Users/bhavinjoshi/Documents/roman_slitless_sims_seds/bc03_template_6_gyr.txt 0.5
907 /Users/bhavinjoshi/Documents/roman_slitless_sims_seds/bc03_template_6_gyr.txt 0.5
908 /Users/bhavinjoshi/Documents/roman_slitless_sims_seds/bc03_template_6_gyr.txt 0.5
909 /Users/bhavinjoshi/Documents/roman_slitless_sims_seds/bc03_template_6_gyr.txt 0.5
910 /Users/bhavinjoshi/Documents/roman_slitless_sims_seds/bc03_template_6_gyr.txt 0.5
911 /Users/bhavinjoshi/Documents/roman_slitless_sims_seds/bc03_template_6_gyr.txt 0.5
912 /Users/bhavinjoshi/Documents/roman_slitless_sims_seds/bc03_template_6_gyr.txt 0.5
913 /Users/bhavinjoshi/Documents/roman_slitless_sims_seds/bc03_template_6_gyr.txt 0.5
914 /Users/bhavinjoshi/Documents/roman_slitless_sims_seds/bc03_template_6_gyr.txt 0.5
915 /Users/bhavinjoshi/Documents/roman_slitless_sims_seds/bc03_template_6_gyr.txt 0.5
916 /Users/bhavinjoshi/Documents/roman_slitless_sims_seds/bc03_template_6_gyr.txt 0.5
917 /Users/bhavinjoshi/Documents/roman_slitless_sims_seds/bc03_template_6_gyr.txt 0.5
918 /Users/bhavinjoshi/Documents/roman_slitless_sims_seds/bc03_template_6_gyr.txt 0.5
919 /Users/bhavinjoshi/Documents/roman_slitless_sims_seds/bc03_template_6_gyr.txt 0.5
920 /Users/bhavinjoshi/Documents/roman_slitless_sims_seds/bc03_template_6_gyr.txt 0.5
921 /Users/bhavinjoshi/Documents/roman_slitless_sims_seds/bc03_template_6_gyr.txt 0.5
922 /Users/bhavinjoshi/Documents/roman_slitless_sims_seds/bc03_template_6_gyr.txt 0.5
923 /Users/bhavinjoshi/Documents/roman_slitless_sims_seds/bc03_template_6_gyr.txt 0.5
924 /Users/bhavinjoshi/Documents/roman_slitless_sims_seds/bc03_template_6_gyr.txt 0.5
925 /Users/bhavinjoshi/Documents/roman_slitless_sims_seds/bc03_template_6_gyr.txt 0.5
926 /Users/bhavinjoshi/Documents/roman_slitless_sims_seds/bc03_template_6_gyr.txt 0.5
927 /Users/bhavinjoshi/Documents/roman_slitless_sims_seds/bc03_template_6_gyr.txt 0.5
928 /Users/bhavinjoshi/Documents/roman_slitless_sims_seds/bc03_template_6_gyr.txt 0.5
929 /Users/bhavinjoshi/Documents/roman_slitless_sims_seds/bc03_template_6_gyr.txt 0.5
930 /Users/bhavinjoshi/Documents/roman_slitless_sims_seds/bc03_template_6_gyr.txt 0.5
931 /Users/bhavinjoshi/Documents/roman_slitless_sims_seds/bc03_template_6_gyr.txt 0.5
932 /Users/bhavinjoshi/Documents/roman_slitless_sims_seds/bc03_template_6_gyr.txt 0.5
933 /Users/bhavinjoshi/Documents/roman_slitless_sims_seds/bc03_template_6_gyr.txt 0.5
934 /Users/bhavinjoshi/Documents/roman_slitless_sims_seds/bc03_template_6_gyr.txt 0.5
935 /Users/bhavinjoshi/Documents/roman_slitless_sims_seds/bc03_template_6_gyr.txt 0.5
936 /Users/bhavinjoshi/Documents/roman_slitless_sims_seds/bc03_template_6_gyr.txt 0.5
937 /Users/bhavinjoshi/Documents/roman_slitless_sims_seds/bc03_template_6_gyr.txt 0.5
938 /Users/bhavinjoshi/Documents/roman_slitless_sims_seds/bc03_template_6_gyr.txt 0.5
939 /Users/bhavinjoshi/Documents/roman_slitless_sims_seds/bc03_template_6_gyr.txt 0.5
940 /Users/bhavinjoshi/Documents/roman_slitless_sims_seds/bc03_template_6_gyr.txt 0.5
941 /Users/bhavinjoshi/Documents/roman_slitless_sims_seds/bc03_template_6_gyr.txt 0.5
942 /Users/bhavinjoshi/Documents/roman_slitless_sims_seds/bc03_template_6_gyr.txt 0.5
943 /Users/bhavinjoshi/Documents/roman_slitless_sims_seds/bc03_template_6_gyr.txt 0.5
944 /Users/bhavinjoshi/Documents/roman_slitless_sims_seds/bc03_template_6_gyr.txt 0.5
945 /Users/bhavinjoshi/Documents/roman_slitless_sims_seds/bc03_template_6_gyr.txt 0.5
946 /Users/bhavinjoshi/Documents/roman_slitless_sims_seds/bc03_template_6_gyr.txt 0.5
947 /Users/bhavinjoshi/Documents/roman_slitless_sims_seds/bc03_template_6_gyr.txt 0.5
948 /Users/bhavinjoshi/Documents/roman_slitless_sims_seds/bc03_template_6_gyr.txt 0.5
949 /Users/bhavinjoshi/Documents/roman_slitless_sims_seds/bc03_template_6_gyr.txt 0.5
950 /Users/bhavinjoshi/Documents/roman_slitless_sims_seds/bc03_template_6_gyr.txt 0.5
951 /Users/bhavinjoshi/Documents/roman_slitless_sims_seds/bc03_template_6_gyr.txt 0.5
952 /Users/bhavinjoshi/Documents/roman_slitless_sims_seds/bc03_template_6_gyr.txt 0.5
953 /Users/bhavinjoshi/Documents/roman_slitless_sims_seds/bc03_template_6_gyr.txt 0.5
954 /Users/bhavinjoshi/Documents/roman_slitless_sims_seds/bc03_template_6_gyr.txt 0.5
955 /Users/bhavinjoshi/Documents/roman_slitless_sims_seds/bc03_template_6_gyr.txt 0.5
956 /Users/bhavinjoshi/Documents/roman_slitless_sims_seds/bc03_template_6_gyr.txt 0.5
957 /Users/bhavinjoshi/Documents/roman_slitless_sims_seds/bc03_template_6_gyr.txt 0.5
958 /Users/bhavinjoshi/Documents/roman_slitless_sims_seds/bc03_template_6_gyr.txt 0.5
959 /Users/bhavinjoshi/Documents/roman_slitless_sims_seds/bc03_template_6_gyr.txt 0.5
960 /Users/bhavinjoshi/Documents/roman_slitless_sims_seds/bc03_template_6_gyr.txt 0.5
961 /Users/bhavinjoshi/Documents/roman_slitless_sims_seds/bc03_template_6_gyr.txt 0.5
962 /Users/bhavinjoshi/Documents/roman_slitless_sims_seds/bc03_template_6_gyr.txt 0.5
963 /Users/bhavinjoshi/Documents/roman_slitless_sims_seds/bc03_template_6_gyr.txt 0.5
964 /Users/bhavinjoshi/Documents/roman_slitless_sims_seds/bc03_template_6_gyr.txt 0.5
965 /Users/bhavinjoshi/Documents/roman_slitless_sims_seds/bc03_template_6_gyr.txt 0.5
966 /Users/bhavinjoshi/Documents/roman_slitless_sims_seds/bc03_template_6_gyr.txt 0.5
967 /Users/bhavinjoshi/Documents/roman_slitless_sims_seds/bc03_template_6_gyr.txt 0.5
968 /Users/bhavinjoshi/Documents/roman_slitless_sims_seds/bc03_template_6_gyr.txt 0.5
969 /Users/bhavinjoshi/Documents/roman_slitless_sims_seds/bc03_template_6_gyr.txt 0.5
970 /Users/bhavinjoshi/Documents/roman_slitless_sims_seds/bc03_template_6_gyr.txt 0.5
971 /Users/bhavinjoshi/Documents/roman_slitless_sims_seds/bc03_template_6_gyr.txt 0.5
972 /Users/bhavinjoshi/Documents/roman_slitless_sims_seds/bc03_template_6_gyr.txt 0.5
973 /Users/bhavinjoshi/Documents/roman_slitless_sims_seds/bc03_template_6_gyr.txt 0.5
974 /Users/bhavinjoshi/Documents/roman_slitless_sims_seds/bc03_template_6_gyr.txt 0.5
975 /Users/bhavinjoshi/Documents/roman_slitless_sims_seds/bc03_template_6_gyr.txt 0.5
976 /Users/bhavinjoshi/Documents/roman_slitless_sims_seds/bc03_template_6_gyr.txt 0.5
977 /Users/bhavinjoshi/Documents/roman_slitless_sims_seds/bc03_template_6_gyr.txt 0.5
978 /Users/bhavinjoshi/Documents/roman_slitless_sims_seds/bc03_template_6_gyr.txt 0.5
979 /Users/bhavinjoshi/Documents/roman_slitless_sims_seds/bc03_template_6_gyr.txt 0.5
980 /Users/bhavinjoshi/Documents/roman_slitless_sims_seds/bc03_template_6_gyr.txt 0.5
981 /Users/bhavinjoshi/Documents/roman_slitless_sims_seds/bc03_template_6_gyr.txt 0.5
982 /Users/bhavinjoshi/Documents/roman_slitless_sims_seds/bc03_template_6_gyr.txt 0.5
983 /Users/bhavinjoshi/Documents/roman_slitless_sims_seds/bc03_template_6_gyr.txt 0.5
984 /Users/bhavinjoshi/Documents/roman_slitless_sims_seds/bc03_template_6_gyr.txt 0.5
985 /Users/bhavinjoshi/Documents/roman_slitless_sims_seds/bc03_template_6_gyr.txt 0.5
986 /Users/bhavinjoshi/Documents/roman_slitless_sims_seds/bc03_template_6_gyr.txt 0.5
987 /Users/bhavinjoshi/Documents/roman_slitless_sims_seds/bc03_template_6_gyr.txt 0.5
988 /Users/bhavinjoshi/Documents/roman_slitless_sims_seds/bc03_template_6_gyr.txt 0.5
989 /Users/bhavinjoshi/Documents/roman_slitless_sims_seds/bc03_template_6_gyr.txt 0.5
990 /Users/bhavinjoshi/Documents/roman_slitless_sims_seds/bc03_template_6_gyr.txt 0.5
991 /Users/bhavinjoshi/Documents/roman_slitless_sims_seds/bc03_template_6_gyr.txt 0.5
992 /Users/bhavinjoshi/Documents/roman_slitless_sims_seds/bc03_template_6_gyr.txt 0.5
993 /Users/bhavinjoshi/Documents/roman_slitless_sims_seds/bc03_template_6_gyr.txt 0.5
994 /Users/bhavinjoshi/Documents/roman_slitless_sims_seds/bc03_template_6_gyr.txt 0.5
995 /Users/bhavinjoshi/Documents/roman_slitless_sims_seds/bc03_template_6_gyr.txt 0.5
996 /Users/bhavinjoshi/Documents/roman_slitless_sims_seds/bc03_template_6_gyr.txt 0.5
997 /Users/bhavinjoshi/Documents/roman_slitless_sims_seds/bc03_template_6_gyr.txt 0.5
998 /Users/bhavinjoshi/Documents/roman_slitless_sims_seds/bc03_template_6_gyr.txt 0.5
999 /Users/bhavinjoshi/Documents/roman_slitless_sims_seds/bc03_template_6_gyr.txt 0.5
1000 /Users/bhavinjoshi/Documents/roman_slitless_sims_seds/bc03_template_6_gyr.txt 0.5
1001 /Users/bhavinjoshi/Documents/roman_slitless_sims_seds/bc03_template_6_gyr.txt 0.5
1002 /Users/bhavinjoshi/Documents/roman_slitless_sims_seds/bc03_template_6_gyr.txt 0.5
1003 /Users/bhavinjoshi/Documents/roman_slitless_sims_seds/bc03_template_6_gyr.txt 0.5
1004 /Users/bhavinjoshi/Documents/roman_slitless_sims_seds/bc03_template_6_gyr.txt 0.5
1005 /Users/bhavinjoshi/Documents/roman_slitless_sims_seds/bc03_template_6_gyr.txt 0.5
1006 /Users/bhavinjoshi/Documents/roman_slitless_sims_seds/bc03_template_6_gyr.txt 0.5
1007 /Users/bhavinjoshi/Documents/roman_slitless_sims_seds/bc03_template_6_gyr.txt 0.5
1008 /Users/bhavinjoshi/Documents/roman_slitless_sims_seds/bc03_template_6_gyr.txt 0.5
1009 /Users/bhavinjoshi/Documents/roman_slitless_sims_seds/bc03_template_6_gyr.txt 0.5
1010 /Users/bhavinjoshi/Documents/roman_slitless_sims_seds/bc03_template_6_gyr.txt 0.5
1011 /Users/bhavinjoshi/Documents/roman_slitless_sims_seds/bc03_template_6_gyr.txt 0.5
1012 /Users/bhavinjoshi/Documents/roman_slitless_sims_seds/bc03_template_6_gyr.txt 0.5
1013 /Users/bhavinjoshi/Documents/roman_slitless_sims_seds/bc03_template_6_gyr.txt 0.5
1014 /Users/bhavinjoshi/Documents/roman_slitless_sims_seds/bc03_template_6_gyr.txt 0.5
1015 /Users/bhavinjoshi/Documents/roman_slitless_sims_seds/bc03_template_6_gyr.txt 0.5
1016 /Users/bhavinjoshi/Documents/roman_slitless_sims_seds/bc03_template_6_gyr.txt 0.5
1017 /Users/bhavinjoshi/Documents/roman_slitless_sims_seds/bc03_template_6_gyr.txt 0.5
1018 /Users/bhavinjoshi/Documents/roman_slitless_sims_seds/bc03_template_6_gyr.txt 0.5
1019 /Users/bhavinjoshi/Documents/roman_slitless_sims_seds/bc03_template_6_gyr.txt 0.5
1020 /Users/bhavinjoshi/Documents/roman_slitless_sims_seds/bc03_template_6_gyr.txt 0.5
1021 /Users/bhavinjoshi/Documents/roman_slitless_sims_seds/bc03_template_6_gyr.txt 0.5
1022 /Users/bhavinjoshi/Documents/roman_slitless_sims_seds/bc03_template_6_gyr.txt 0.5
1023 /Users/bhavinjoshi/Documents/roman_slitless_sims_seds/bc03_template_6_gyr.txt 0.5
1024 /Users/bhavinjoshi/Documents/roman_slitless_sims_seds/bc03_template_6_gyr.txt 0.5
1025 /Users/bhavinjoshi/Documents/roman_slitless_sims_seds/bc03_template_6_gyr.txt 0.5
1026 /Users/bhavinjoshi/Documents/roman_slitless_sims_seds/bc03_template_6_gyr.txt 0.5
1027 /Users/bhavinjoshi/Documents/roman_slitless_sims_seds/bc03_template_6_gyr.txt 0.5
1028 /Users/bhavinjoshi/Documents/roman_slitless_sims_seds/bc03_template_6_gyr.txt 0.5
1029 /Users/bhavinjoshi/Documents/roman_slitless_sims_seds/bc03_template_6_gyr.txt 0.5
1030 /Users/bhavinjoshi/Documents/roman_slitless_sims_seds/bc03_template_6_gyr.txt 0.5
1031 /Users/bhavinjoshi/Documents/roman_slitless_sims_seds/bc03_template_6_gyr.txt 0.5
1032 /Users/bhavinjoshi/Documents/roman_slitless_sims_seds/bc03_template_6_gyr.txt 0.5
1033 /Users/bhavinjoshi/Documents/roman_slitless_sims_seds/bc03_template_6_gyr.txt 0.5
1034 /Users/bhavinjoshi/Documents/roman_slitless_sims_seds/bc03_template_6_gyr.txt 0.5
1035 /Users/bhavinjoshi/Documents/roman_slitless_sims_seds/bc03_template_6_gyr.txt 0.5
1036 /Users/bhavinjoshi/Documents/roman_slitless_sims_seds/bc03_template_6_gyr.txt 0.5
1037 /Users/bhavinjoshi/Documents/roman_slitless_sims_seds/bc03_template_6_gyr.txt 0.5
1038 /Users/bhavinjoshi/Documents/roman_slitless_sims_seds/bc03_template_6_gyr.txt 0.5
1039 /Users/bhavinjoshi/Documents/roman_slitless_sims_seds/bc03_template_6_gyr.txt 0.5
1040 /Users/bhavinjoshi/Documents/roman_slitless_sims_seds/bc03_template_6_gyr.txt 0.5
1041 /Users/bhavinjoshi/Documents/roman_slitless_sims_seds/bc03_template_6_gyr.txt 0.5
1042 /Users/bhavinjoshi/Documents/roman_slitless_sims_seds/bc03_template_6_gyr.txt 0.5
1043 /Users/bhavinjoshi/Documents/roman_slitless_sims_seds/bc03_template_6_gyr.txt 0.5
1044 /Users/bhavinjoshi/Documents/roman_slitless_sims_seds/bc03_template_6_gyr.txt 0.5
1045 /Users/bhavinjoshi/Documents/roman_slitless_sims_seds/bc03_template_6_gyr.txt 0.5
1046 /Users/bhavinjoshi/Documents/roman_slitless_sims_seds/bc03_template_6_gyr.txt 0.5
1047 /Users/bhavinjoshi/Documents/roman_slitless_sims_seds/bc03_template_6_gyr.txt 0.5
1048 /Users/bhavinjoshi/Documents/roman_slitless_sims_seds/bc03_template_6_gyr.txt 0.5
1049 /Users/bhavinjoshi/Documents/roman_slitless_sims_seds/bc03_template_6_gyr.txt 0.5
1050 /Users/bhavinjoshi/Documents/roman_slitless_sims_seds/bc03_template_6_gyr.txt 0.5
1051 /Users/bhavinjoshi/Documents/roman_slitless_sims_seds/bc03_template_6_gyr.txt 0.5
1052 /Users/bhavinjoshi/Documents/roman_slitless_sims_seds/bc03_template_6_gyr.txt 0.5
1053 /Users/bhavinjoshi/Documents/roman_slitless_sims_seds/bc03_template_6_gyr.txt 0.5
1054 /Users/bhavinjoshi/Documents/roman_slitless_sims_seds/bc03_template_6_gyr.txt 0.5
1055 /Users/bhavinjoshi/Documents/roman_slitless_sims_seds/bc03_template_6_gyr.txt 0.5
1056 /Users/bhavinjoshi/Documents/roman_slitless_sims_seds/bc03_template_6_gyr.txt 0.5
1057 /Users/bhavinjoshi/Documents/roman_slitless_sims_seds/bc03_template_6_gyr.txt 0.5
1058 /Users/bhavinjoshi/Documents/roman_slitless_sims_seds/bc03_template_6_gyr.txt 0.5
1059 /Users/bhavinjoshi/Documents/roman_slitless_sims_seds/bc03_template_6_gyr.txt 0.5
1060 /Users/bhavinjoshi/Documents/roman_slitless_sims_seds/bc03_template_6_gyr.txt 0.5
1061 /Users/bhavinjoshi/Documents/roman_slitless_sims_seds/bc03_template_6_gyr.txt 0.5
1062 /Users/bhavinjoshi/Documents/roman_slitless_sims_seds/bc03_template_6_gyr.txt 0.5
1063 /Users/bhavinjoshi/Documents/roman_slitless_sims_seds/bc03_template_6_gyr.txt 0.5
1064 /Users/bhavinjoshi/Documents/roman_slitless_sims_seds/bc03_template_6_gyr.txt 0.5
1065 /Users/bhavinjoshi/Documents/roman_slitless_sims_seds/bc03_template_6_gyr.txt 0.5
1066 /Users/bhavinjoshi/Documents/roman_slitless_sims_seds/bc03_template_6_gyr.txt 0.5
1067 /Users/bhavinjoshi/Documents/roman_slitless_sims_seds/bc03_template_6_gyr.txt 0.5
1068 /Users/bhavinjoshi/Documents/roman_slitless_sims_seds/bc03_template_6_gyr.txt 0.5
1069 /Users/bhavinjoshi/Documents/roman_slitless_sims_seds/bc03_template_6_gyr.txt 0.5
1070 /Users/bhavinjoshi/Documents/roman_slitless_sims_seds/bc03_template_6_gyr.txt 0.5
1071 /Users/bhavinjoshi/Documents/roman_slitless_sims_seds/bc03_template_6_gyr.txt 0.5
1072 /Users/bhavinjoshi/Documents/roman_slitless_sims_seds/bc03_template_6_gyr.txt 0.5
1073 /Users/bhavinjoshi/Documents/roman_slitless_sims_seds/bc03_template_6_gyr.txt 0.5
1074 /Users/bhavinjoshi/Documents/roman_slitless_sims_seds/bc03_template_6_gyr.txt 0.5
1075 /Users/bhavinjoshi/Documents/roman_slitless_sims_seds/bc03_template_6_gyr.txt 0.5
1076 /Users/bhavinjoshi/Documents/roman_slitless_sims_seds/bc03_template_6_gyr.txt 0.5
1077 /Users/bhavinjoshi/Documents/roman_slitless_sims_seds/bc03_template_6_gyr.txt 0.5
1078 /Users/bhavinjoshi/Documents/roman_slitless_sims_seds/bc03_template_6_gyr.txt 0.5
1079 /Users/bhavinjoshi/Documents/roman_slitless_sims_seds/bc03_template_6_gyr.txt 0.5
1080 /Users/bhavinjoshi/Documents/roman_slitless_sims_seds/bc03_template_6_gyr.txt 0.5
1081 /Users/bhavinjoshi/Documents/roman_slitless_sims_seds/bc03_template_6_gyr.txt 0.5
1082 /Users/bhavinjoshi/Documents/roman_slitless_sims_seds/bc03_template_6_gyr.txt 0.5
1083 /Users/bhavinjoshi/Documents/roman_slitless_sims_seds/bc03_template_6_gyr.txt 0.5
1084 /Users/bhavinjoshi/Documents/roman_slitless_sims_seds/bc03_template_6_gyr.txt 0.5
1085 /Users/bhavinjoshi/Documents/roman_slitless_sims_seds/bc03_template_6_gyr.txt 0.5
1086 /Users/bhavinjoshi/Documents/roman_slitless_sims_seds/bc03_template_6_gyr.txt 0.5
1087 /Users/bhavinjoshi/Documents/roman_slitless_sims_seds/bc03_template_6_gyr.txt 0.5
1088 /Users/bhavinjoshi/Documents/roman_slitless_sims_seds/bc03_template_6_gyr.txt 0.5
1089 /Users/bhavinjoshi/Documents/roman_slitless_sims_seds/bc03_template_6_gyr.txt 0.5
1090 /Users/bhavinjoshi/Documents/roman_slitless_sims_seds/bc03_template_6_gyr.txt 0.5
1091 /Users/bhavinjoshi/Documents/roman_slitless_sims_seds/bc03_template_6_gyr.txt 0.5
1092 /Users/bhavinjoshi/Documents/roman_slitless_sims_seds/bc03_template_6_gyr.txt 0.5
1093 /Users/bhavinjoshi/Documents/roman_slitless_sims_seds/bc03_template_6_gyr.txt 0.5
1094 /Users/bhavinjoshi/Documents/roman_slitless_sims_seds/bc03_template_6_gyr.txt 0.5
1095 /Users/bhavinjoshi/Documents/roman_slitless_sims_seds/bc03_template_6_gyr.txt 0.5
1096 /Users/bhavinjoshi/Documents/roman_slitless_sims_seds/bc03_template_6_gyr.txt 0.5
1097 /Users/bhavinjoshi/Documents/roman_slitless_sims_seds/bc03_template_6_gyr.txt 0.5
1098 /Users/bhavinjoshi/Documents/roman_slitless_sims_seds/bc03_template_6_gyr.txt 0.5
1099 /Users/bhavinjoshi/Documents/roman_slitless_sims_seds/bc03_template_6_gyr.txt 0.5
1100 /Users/bhavinjoshi/Documents/roman_slitless_sims_seds/bc03_template_6_gyr.txt 0.5
1101 /Users/bhavinjoshi/Documents/roman_slitless_sims_seds/bc03_template_6_gyr.txt 0.5
1102 /Users/bhavinjoshi/Documents/roman_slitless_sims_seds/bc03_template_6_gyr.txt 0.5
1103 /Users/bhavinjoshi/Documents/roman_slitless_sims_seds/bc03_template_6_gyr.txt 0.5
1104 /Users/bhavinjoshi/Documents/roman_slitless_sims_seds/bc03_template_6_gyr.txt 0.5
1105 /Users/bhavinjoshi/Documents/roman_slitless_sims_seds/bc03_template_6_gyr.txt 0.5
1106 /Users/bhavinjoshi/Documents/roman_slitless_sims_seds/bc03_template_6_gyr.txt 0.5
1107 /Users/bhavinjoshi/Documents/roman_slitless_sims_seds/bc03_template_6_gyr.txt 0.5
1108 /Users/bhavinjoshi/Documents/roman_slitless_sims_seds/bc03_template_6_gyr.txt 0.5
1109 /Users/bhavinjoshi/Documents/roman_slitless_sims_seds/bc03_template_6_gyr.txt 0.5
1110 /Users/bhavinjoshi/Documents/roman_slitless_sims_seds/bc03_template_6_gyr.txt 0.5
1111 /Users/bhavinjoshi/Documents/roman_slitless_sims_seds/bc03_template_6_gyr.txt 0.5
1112 /Users/bhavinjoshi/Documents/roman_slitless_sims_seds/bc03_template_6_gyr.txt 0.5
1113 /Users/bhavinjoshi/Documents/roman_slitless_sims_seds/bc03_template_6_gyr.txt 0.5
1114 /Users/bhavinjoshi/Documents/roman_slitless_sims_seds/bc03_template_6_gyr.txt 0.5
1115 /Users/bhavinjoshi/Documents/roman_slitless_sims_seds/bc03_template_6_gyr.txt 0.5
1116 /Users/bhavinjoshi/Documents/roman_slitless_sims_seds/bc03_template_6_gyr.txt 0.5
1117 /Users/bhavinjoshi/Documents/roman_slitless_sims_seds/bc03_template_6_gyr.txt 0.5
1118 /Users/bhavinjoshi/Documents/roman_slitless_sims_seds/bc03_template_6_gyr.txt 0.5
1119 /Users/bhavinjoshi/Documents/roman_slitless_sims_seds/bc03_template_6_gyr.txt 0.5
