# 1: SEGMENTATION ID
# 2: SED FILE
1 /Users/baj/Documents/roman_slitless_sims_seds/bc03_template_z0p549_ms10p76_age4p800_tau5p435_met0p0200_av4p815.txt
2 /Users/baj/Documents/roman_slitless_sims_seds/bc03_template_z0p545_ms10p14_age4p665_tau6p780_met0p0200_av3p678.txt
3 /Users/baj/Documents/roman_slitless_sims_seds/bc03_template_z0p770_ms11p36_age6p225_tau9p375_met0p0200_av2p221.txt
4 /Users/baj/Documents/roman_slitless_sims_seds/bc03_template_z0p549_ms10p27_age1p960_tau4p155_met0p0200_av4p038.txt
5 /Users/baj/Documents/roman_slitless_sims_seds/bc03_template_z1p220_ms11p44_age0p180_tau8p230_met0p0200_av1p744.txt
6 /Users/baj/Documents/roman_slitless_sims_seds/bc03_template_z1p024_ms10p70_age3p275_tau12p695_met0p0200_av1p383.txt
7 /Users/baj/Documents/roman_slitless_sims_seds/bc03_template_z1p276_ms11p15_age3p815_tau9p680_met0p0200_av1p399.txt
8 /Users/baj/Documents/roman_slitless_sims_seds/bc03_template_z0p738_ms10p67_age4p840_tau7p250_met0p0200_av2p256.txt
9 /Users/baj/Documents/roman_slitless_sims_seds/bc03_template_z1p282_ms11p02_age0p945_tau10p965_met0p0200_av2p959.txt
10 /Users/baj/Documents/roman_slitless_sims_seds/bc03_template_z0p566_ms10p95_age7p525_tau12p360_met0p0200_av2p445.txt
11 /Users/baj/Documents/roman_slitless_sims_seds/bc03_template_z0p498_ms11p39_age7p935_tau2p510_met0p0200_av4p040.txt
12 /Users/baj/Documents/roman_slitless_sims_seds/bc03_template_z0p880_ms10p80_age0p345_tau12p360_met0p0200_av1p142.txt
13 /Users/baj/Documents/roman_slitless_sims_seds/bc03_template_z0p382_ms10p24_age4p235_tau9p625_met0p0200_av2p099.txt
14 /Users/baj/Documents/roman_slitless_sims_seds/bc03_template_z1p099_ms10p03_age1p935_tau6p730_met0p0200_av3p010.txt
15 /Users/baj/Documents/roman_slitless_sims_seds/bc03_template_z0p873_ms11p18_age3p875_tau4p130_met0p0200_av4p150.txt
17 /Users/baj/Documents/roman_slitless_sims_seds/bc03_template_z0p555_ms10p02_age7p570_tau12p030_met0p0200_av4p193.txt
18 /Users/baj/Documents/roman_slitless_sims_seds/bc03_template_z0p660_ms10p98_age3p235_tau5p245_met0p0200_av3p988.txt
19 /Users/baj/Documents/roman_slitless_sims_seds/bc03_template_z0p632_ms10p97_age1p435_tau6p935_met0p0200_av4p026.txt
20 /Users/baj/Documents/roman_slitless_sims_seds/bc03_template_z0p970_ms11p18_age1p340_tau12p835_met0p0200_av3p432.txt
21 /Users/baj/Documents/roman_slitless_sims_seds/bc03_template_z2p098_ms10p24_age1p200_tau14p835_met0p0200_av1p876.txt
22 /Users/baj/Documents/roman_slitless_sims_seds/bc03_template_z0p626_ms10p41_age4p910_tau10p075_met0p0200_av3p603.txt
23 /Users/baj/Documents/roman_slitless_sims_seds/bc03_template_z1p229_ms11p20_age2p325_tau4p555_met0p0200_av0p294.txt
24 /Users/baj/Documents/roman_slitless_sims_seds/bc03_template_z0p839_ms10p12_age4p360_tau5p350_met0p0200_av3p698.txt
25 /Users/baj/Documents/roman_slitless_sims_seds/bc03_template_z0p241_ms11p30_age6p395_tau3p490_met0p0200_av1p074.txt
26 /Users/baj/Documents/roman_slitless_sims_seds/bc03_template_z0p887_ms10p27_age5p955_tau2p180_met0p0200_av0p841.txt
27 /Users/baj/Documents/roman_slitless_sims_seds/bc03_template_z0p201_ms11p15_age1p425_tau7p570_met0p0200_av3p828.txt
28 /Users/baj/Documents/roman_slitless_sims_seds/bc03_template_z0p162_ms11p23_age1p435_tau4p855_met0p0200_av0p563.txt
29 /Users/baj/Documents/roman_slitless_sims_seds/bc03_template_z1p084_ms10p86_age4p330_tau10p630_met0p0200_av0p958.txt
30 /Users/baj/Documents/roman_slitless_sims_seds/bc03_template_z1p040_ms10p95_age2p620_tau11p450_met0p0200_av3p727.txt
31 /Users/baj/Documents/roman_slitless_sims_seds/bc03_template_z0p576_ms11p29_age4p695_tau4p075_met0p0200_av0p645.txt
32 /Users/baj/Documents/roman_slitless_sims_seds/bc03_template_z0p089_ms10p56_age11p895_tau14p890_met0p0200_av1p519.txt
33 /Users/baj/Documents/roman_slitless_sims_seds/bc03_template_z1p043_ms10p14_age3p240_tau7p530_met0p0200_av4p569.txt
34 /Users/baj/Documents/roman_slitless_sims_seds/bc03_template_z1p268_ms10p56_age4p020_tau5p135_met0p0200_av1p403.txt
35 /Users/baj/Documents/roman_slitless_sims_seds/bc03_template_z0p551_ms10p95_age5p735_tau14p140_met0p0200_av4p008.txt
36 /Users/baj/Documents/roman_slitless_sims_seds/bc03_template_z1p645_ms10p06_age0p240_tau12p640_met0p0200_av4p802.txt
37 /Users/baj/Documents/roman_slitless_sims_seds/bc03_template_z0p161_ms10p88_age2p625_tau9p480_met0p0200_av3p987.txt
38 /Users/baj/Documents/roman_slitless_sims_seds/bc03_template_z1p264_ms10p29_age3p875_tau1p135_met0p0200_av2p620.txt
39 /Users/baj/Documents/roman_slitless_sims_seds/bc03_template_z0p704_ms10p58_age6p965_tau1p880_met0p0200_av0p800.txt
40 /Users/baj/Documents/roman_slitless_sims_seds/bc03_template_z0p260_ms11p33_age6p910_tau14p540_met0p0200_av4p572.txt
41 /Users/baj/Documents/roman_slitless_sims_seds/bc03_template_z0p291_ms10p73_age1p340_tau8p785_met0p0200_av1p574.txt
42 /Users/baj/Documents/roman_slitless_sims_seds/bc03_template_z1p646_ms10p82_age0p565_tau6p115_met0p0200_av1p071.txt
43 /Users/baj/Documents/roman_slitless_sims_seds/bc03_template_z1p438_ms10p92_age0p795_tau5p465_met0p0200_av0p277.txt
44 /Users/baj/Documents/roman_slitless_sims_seds/bc03_template_z0p654_ms11p27_age4p315_tau10p015_met0p0200_av2p683.txt
45 /Users/baj/Documents/roman_slitless_sims_seds/bc03_template_z0p332_ms10p48_age9p600_tau0p415_met0p0200_av3p939.txt
46 /Users/baj/Documents/roman_slitless_sims_seds/bc03_template_z1p180_ms11p38_age2p275_tau14p665_met0p0200_av4p600.txt
47 /Users/baj/Documents/roman_slitless_sims_seds/bc03_template_z0p720_ms10p91_age6p660_tau0p905_met0p0200_av3p797.txt
48 /Users/baj/Documents/roman_slitless_sims_seds/bc03_template_z0p441_ms10p89_age4p810_tau7p920_met0p0200_av4p824.txt
49 /Users/baj/Documents/roman_slitless_sims_seds/bc03_template_z0p400_ms11p35_age1p505_tau2p295_met0p0200_av2p945.txt
50 /Users/baj/Documents/roman_slitless_sims_seds/bc03_template_z0p226_ms10p52_age5p000_tau10p505_met0p0200_av0p720.txt
51 /Users/baj/Documents/roman_slitless_sims_seds/bc03_template_z0p350_ms10p36_age0p555_tau12p390_met0p0200_av0p433.txt
52 /Users/baj/Documents/roman_slitless_sims_seds/bc03_template_z1p172_ms11p32_age4p750_tau1p825_met0p0200_av0p918.txt
53 /Users/baj/Documents/roman_slitless_sims_seds/bc03_template_z1p690_ms10p03_age0p160_tau12p765_met0p0200_av2p719.txt
54 /Users/baj/Documents/roman_slitless_sims_seds/bc03_template_z0p212_ms11p09_age3p460_tau8p950_met0p0200_av1p464.txt
55 /Users/baj/Documents/roman_slitless_sims_seds/bc03_template_z0p737_ms11p45_age3p040_tau14p645_met0p0200_av2p296.txt
56 /Users/baj/Documents/roman_slitless_sims_seds/bc03_template_z0p992_ms10p09_age2p975_tau11p405_met0p0200_av3p310.txt
57 /Users/baj/Documents/roman_slitless_sims_seds/bc03_template_z0p805_ms10p33_age6p395_tau11p660_met0p0200_av1p363.txt
58 /Users/baj/Documents/roman_slitless_sims_seds/bc03_template_z0p348_ms10p35_age2p585_tau10p490_met0p0200_av1p246.txt
59 /Users/baj/Documents/roman_slitless_sims_seds/bc03_template_z0p635_ms10p35_age0p350_tau4p525_met0p0200_av2p067.txt
60 /Users/baj/Documents/roman_slitless_sims_seds/bc03_template_z0p212_ms11p39_age1p300_tau8p810_met0p0200_av3p320.txt
61 /Users/baj/Documents/roman_slitless_sims_seds/bc03_template_z0p684_ms10p50_age4p450_tau5p345_met0p0200_av0p555.txt
62 /Users/baj/Documents/roman_slitless_sims_seds/bc03_template_z0p794_ms11p05_age1p520_tau11p670_met0p0200_av2p290.txt
63 /Users/baj/Documents/roman_slitless_sims_seds/bc03_template_z0p766_ms10p73_age5p915_tau11p535_met0p0200_av1p318.txt
64 /Users/baj/Documents/roman_slitless_sims_seds/bc03_template_z1p115_ms10p42_age2p790_tau4p050_met0p0200_av1p298.txt
65 /Users/baj/Documents/roman_slitless_sims_seds/bc03_template_z0p670_ms11p05_age6p920_tau9p185_met0p0200_av4p279.txt
66 /Users/baj/Documents/roman_slitless_sims_seds/bc03_template_z1p354_ms11p12_age3p675_tau4p780_met0p0200_av4p550.txt
67 /Users/baj/Documents/roman_slitless_sims_seds/bc03_template_z2p581_ms10p17_age0p855_tau2p190_met0p0200_av0p708.txt
68 /Users/baj/Documents/roman_slitless_sims_seds/bc03_template_z0p321_ms10p33_age7p010_tau2p270_met0p0200_av2p034.txt
69 /Users/baj/Documents/roman_slitless_sims_seds/bc03_template_z1p550_ms10p65_age2p965_tau8p275_met0p0200_av3p874.txt
70 /Users/baj/Documents/roman_slitless_sims_seds/bc03_template_z0p230_ms10p85_age8p010_tau0p640_met0p0200_av0p629.txt
71 /Users/baj/Documents/roman_slitless_sims_seds/bc03_template_z1p124_ms10p20_age2p660_tau2p220_met0p0200_av4p701.txt
72 /Users/baj/Documents/roman_slitless_sims_seds/bc03_template_z0p271_ms10p39_age4p270_tau0p560_met0p0200_av1p023.txt
73 /Users/baj/Documents/roman_slitless_sims_seds/bc03_template_z0p511_ms10p23_age1p475_tau4p365_met0p0200_av1p885.txt
74 /Users/baj/Documents/roman_slitless_sims_seds/bc03_template_z0p954_ms10p62_age0p225_tau14p910_met0p0200_av0p628.txt
75 /Users/baj/Documents/roman_slitless_sims_seds/bc03_template_z0p692_ms10p39_age3p670_tau13p595_met0p0200_av2p584.txt
76 /Users/baj/Documents/roman_slitless_sims_seds/bc03_template_z1p359_ms11p38_age2p650_tau4p470_met0p0200_av4p200.txt
77 /Users/baj/Documents/roman_slitless_sims_seds/bc03_template_z0p117_ms10p79_age3p715_tau11p030_met0p0200_av4p571.txt
78 /Users/baj/Documents/roman_slitless_sims_seds/bc03_template_z0p627_ms10p64_age3p785_tau10p005_met0p0200_av4p359.txt
79 /Users/baj/Documents/roman_slitless_sims_seds/bc03_template_z0p920_ms11p24_age1p400_tau10p705_met0p0200_av0p454.txt
80 /Users/baj/Documents/roman_slitless_sims_seds/bc03_template_z1p004_ms11p05_age1p980_tau0p365_met0p0200_av3p870.txt
81 /Users/baj/Documents/roman_slitless_sims_seds/bc03_template_z0p600_ms11p47_age7p550_tau8p980_met0p0200_av2p245.txt
82 /Users/baj/Documents/roman_slitless_sims_seds/bc03_template_z0p929_ms11p42_age2p030_tau11p915_met0p0200_av1p197.txt
83 /Users/baj/Documents/roman_slitless_sims_seds/bc03_template_z0p725_ms10p02_age5p275_tau1p900_met0p0200_av0p757.txt
84 /Users/baj/Documents/roman_slitless_sims_seds/bc03_template_z0p983_ms10p85_age1p785_tau7p945_met0p0200_av3p963.txt
85 /Users/baj/Documents/roman_slitless_sims_seds/bc03_template_z0p491_ms10p64_age0p255_tau14p985_met0p0200_av1p587.txt
86 /Users/baj/Documents/roman_slitless_sims_seds/bc03_template_z1p065_ms10p21_age1p215_tau14p380_met0p0200_av1p826.txt
88 /Users/baj/Documents/roman_slitless_sims_seds/bc03_template_z0p963_ms10p77_age1p930_tau10p775_met0p0200_av1p725.txt
89 /Users/baj/Documents/roman_slitless_sims_seds/bc03_template_z0p415_ms10p26_age5p060_tau11p395_met0p0200_av2p731.txt
90 /Users/baj/Documents/roman_slitless_sims_seds/bc03_template_z0p848_ms10p17_age4p800_tau14p315_met0p0200_av4p875.txt
91 /Users/baj/Documents/roman_slitless_sims_seds/bc03_template_z0p575_ms10p79_age2p060_tau1p105_met0p0200_av0p884.txt
92 /Users/baj/Documents/roman_slitless_sims_seds/bc03_template_z0p426_ms10p74_age7p435_tau12p660_met0p0200_av1p371.txt
93 /Users/baj/Documents/roman_slitless_sims_seds/bc03_template_z0p928_ms10p00_age1p485_tau7p220_met0p0200_av2p166.txt
94 /Users/baj/Documents/roman_slitless_sims_seds/bc03_template_z0p334_ms11p44_age8p905_tau4p445_met0p0200_av3p560.txt
95 /Users/baj/Documents/roman_slitless_sims_seds/bc03_template_z1p094_ms10p77_age1p010_tau13p180_met0p0200_av3p382.txt
96 /Users/baj/Documents/roman_slitless_sims_seds/bc03_template_z0p680_ms10p33_age4p375_tau11p685_met0p0200_av2p125.txt
97 /Users/baj/Documents/roman_slitless_sims_seds/bc03_template_z2p235_ms10p35_age2p455_tau3p405_met0p0200_av4p264.txt
98 /Users/baj/Documents/roman_slitless_sims_seds/bc03_template_z0p030_ms10p29_age7p315_tau5p080_met0p0200_av3p470.txt
99 /Users/baj/Documents/roman_slitless_sims_seds/bc03_template_z1p115_ms10p48_age0p715_tau9p525_met0p0200_av4p672.txt
100 /Users/baj/Documents/roman_slitless_sims_seds/bc03_template_z0p465_ms10p88_age1p375_tau2p325_met0p0200_av1p546.txt
101 /Users/baj/Documents/roman_slitless_sims_seds/bc03_template_z0p638_ms10p44_age0p700_tau7p820_met0p0200_av4p253.txt
102 /Users/baj/Documents/roman_slitless_sims_seds/bc03_template_z0p628_ms10p45_age4p405_tau6p565_met0p0200_av4p348.txt
103 /Users/baj/Documents/roman_slitless_sims_seds/bc03_template_z0p642_ms11p39_age0p740_tau3p090_met0p0200_av3p458.txt
104 /Users/baj/Documents/roman_slitless_sims_seds/bc03_template_z0p698_ms10p74_age6p205_tau0p750_met0p0200_av2p758.txt
105 /Users/baj/Documents/roman_slitless_sims_seds/bc03_template_z0p779_ms11p17_age5p755_tau3p380_met0p0200_av2p377.txt
106 /Users/baj/Documents/roman_slitless_sims_seds/bc03_template_z0p643_ms11p47_age0p740_tau3p840_met0p0200_av0p688.txt
108 /Users/baj/Documents/roman_slitless_sims_seds/bc03_template_z1p230_ms10p20_age1p155_tau1p685_met0p0200_av0p080.txt
109 /Users/baj/Documents/roman_slitless_sims_seds/bc03_template_z0p455_ms10p59_age6p410_tau6p545_met0p0200_av0p072.txt
110 /Users/baj/Documents/roman_slitless_sims_seds/bc03_template_z0p456_ms11p27_age3p565_tau13p875_met0p0200_av2p666.txt
111 /Users/baj/Documents/roman_slitless_sims_seds/bc03_template_z0p204_ms10p62_age0p150_tau9p035_met0p0200_av3p781.txt
112 /Users/baj/Documents/roman_slitless_sims_seds/bc03_template_z0p255_ms10p26_age3p065_tau9p080_met0p0200_av2p999.txt
113 /Users/baj/Documents/roman_slitless_sims_seds/bc03_template_z0p288_ms10p11_age5p725_tau4p900_met0p0200_av2p412.txt
114 /Users/baj/Documents/roman_slitless_sims_seds/bc03_template_z1p220_ms10p50_age1p745_tau14p505_met0p0200_av4p522.txt
115 /Users/baj/Documents/roman_slitless_sims_seds/bc03_template_z0p895_ms11p48_age2p365_tau6p480_met0p0200_av1p493.txt
116 /Users/baj/Documents/roman_slitless_sims_seds/bc03_template_z0p216_ms11p06_age1p540_tau10p875_met0p0200_av4p610.txt
117 /Users/baj/Documents/roman_slitless_sims_seds/bc03_template_z0p407_ms11p39_age7p880_tau10p480_met0p0200_av3p249.txt
118 /Users/baj/Documents/roman_slitless_sims_seds/bc03_template_z0p645_ms10p33_age2p215_tau11p900_met0p0200_av3p934.txt
119 /Users/baj/Documents/roman_slitless_sims_seds/bc03_template_z0p717_ms11p29_age4p515_tau1p035_met0p0200_av0p157.txt
120 /Users/baj/Documents/roman_slitless_sims_seds/bc03_template_z0p492_ms11p02_age6p625_tau0p700_met0p0200_av4p474.txt
121 /Users/baj/Documents/roman_slitless_sims_seds/bc03_template_z1p158_ms10p30_age3p645_tau11p220_met0p0200_av0p191.txt
122 /Users/baj/Documents/roman_slitless_sims_seds/bc03_template_z0p740_ms10p76_age5p285_tau8p475_met0p0200_av2p275.txt
123 /Users/baj/Documents/roman_slitless_sims_seds/bc03_template_z0p718_ms10p85_age0p125_tau6p890_met0p0200_av0p411.txt
124 /Users/baj/Documents/roman_slitless_sims_seds/bc03_template_z2p581_ms10p89_age2p170_tau10p140_met0p0200_av2p595.txt
125 /Users/baj/Documents/roman_slitless_sims_seds/bc03_template_z0p594_ms11p39_age5p470_tau1p965_met0p0200_av0p015.txt
126 /Users/baj/Documents/roman_slitless_sims_seds/bc03_template_z0p862_ms11p35_age4p715_tau3p040_met0p0200_av3p264.txt
127 /Users/baj/Documents/roman_slitless_sims_seds/bc03_template_z0p912_ms11p42_age4p115_tau1p020_met0p0200_av1p830.txt
128 /Users/baj/Documents/roman_slitless_sims_seds/bc03_template_z0p338_ms10p94_age9p090_tau6p380_met0p0200_av1p163.txt
129 /Users/baj/Documents/roman_slitless_sims_seds/bc03_template_z0p565_ms11p29_age4p890_tau1p610_met0p0200_av2p824.txt
130 /Users/baj/Documents/roman_slitless_sims_seds/bc03_template_z1p052_ms10p77_age4p640_tau8p040_met0p0200_av2p477.txt
131 /Users/baj/Documents/roman_slitless_sims_seds/bc03_template_z0p798_ms10p35_age5p095_tau14p040_met0p0200_av4p890.txt
132 /Users/baj/Documents/roman_slitless_sims_seds/bc03_template_z0p900_ms10p21_age2p245_tau6p115_met0p0200_av0p189.txt
133 /Users/baj/Documents/roman_slitless_sims_seds/bc03_template_z0p784_ms10p38_age0p330_tau1p990_met0p0200_av0p037.txt
134 /Users/baj/Documents/roman_slitless_sims_seds/bc03_template_z0p213_ms11p17_age0p325_tau9p155_met0p0200_av1p008.txt
135 /Users/baj/Documents/roman_slitless_sims_seds/bc03_template_z0p512_ms10p50_age6p315_tau6p700_met0p0200_av1p525.txt
136 /Users/baj/Documents/roman_slitless_sims_seds/bc03_template_z0p720_ms10p06_age1p205_tau7p270_met0p0200_av0p431.txt
137 /Users/baj/Documents/roman_slitless_sims_seds/bc03_template_z0p566_ms10p62_age6p095_tau0p500_met0p0200_av0p744.txt
138 /Users/baj/Documents/roman_slitless_sims_seds/bc03_template_z0p350_ms11p11_age2p900_tau9p130_met0p0200_av2p394.txt
139 /Users/baj/Documents/roman_slitless_sims_seds/bc03_template_z0p780_ms11p09_age1p000_tau4p610_met0p0200_av3p190.txt
140 /Users/baj/Documents/roman_slitless_sims_seds/bc03_template_z0p630_ms11p27_age5p250_tau11p640_met0p0200_av2p147.txt
141 /Users/baj/Documents/roman_slitless_sims_seds/bc03_template_z1p150_ms11p38_age3p585_tau6p000_met0p0200_av2p423.txt
142 /Users/baj/Documents/roman_slitless_sims_seds/bc03_template_z0p633_ms10p30_age4p470_tau1p780_met0p0200_av0p088.txt
143 /Users/baj/Documents/roman_slitless_sims_seds/bc03_template_z0p954_ms10p03_age3p910_tau14p460_met0p0200_av4p375.txt
144 /Users/baj/Documents/roman_slitless_sims_seds/bc03_template_z0p853_ms11p36_age1p430_tau11p165_met0p0200_av3p104.txt
145 /Users/baj/Documents/roman_slitless_sims_seds/bc03_template_z0p086_ms11p35_age9p075_tau13p920_met0p0200_av0p946.txt
146 /Users/baj/Documents/roman_slitless_sims_seds/bc03_template_z1p620_ms10p64_age0p785_tau0p085_met0p0200_av2p073.txt
147 /Users/baj/Documents/roman_slitless_sims_seds/bc03_template_z1p379_ms11p29_age3p310_tau1p075_met0p0200_av2p596.txt
148 /Users/baj/Documents/roman_slitless_sims_seds/bc03_template_z0p226_ms10p23_age10p360_tau4p360_met0p0200_av2p622.txt
149 /Users/baj/Documents/roman_slitless_sims_seds/bc03_template_z0p926_ms10p95_age1p815_tau12p355_met0p0200_av1p807.txt
150 /Users/baj/Documents/roman_slitless_sims_seds/bc03_template_z0p295_ms10p32_age8p260_tau6p850_met0p0200_av0p137.txt
151 /Users/baj/Documents/roman_slitless_sims_seds/bc03_template_z0p864_ms11p45_age4p915_tau8p605_met0p0200_av3p036.txt
152 /Users/baj/Documents/roman_slitless_sims_seds/bc03_template_z0p867_ms10p27_age1p905_tau8p005_met0p0200_av0p332.txt
153 /Users/baj/Documents/roman_slitless_sims_seds/bc03_template_z0p271_ms10p30_age5p460_tau10p795_met0p0200_av4p778.txt
154 /Users/baj/Documents/roman_slitless_sims_seds/bc03_template_z1p140_ms10p38_age0p150_tau3p560_met0p0200_av3p036.txt
155 /Users/baj/Documents/roman_slitless_sims_seds/bc03_template_z0p293_ms10p65_age5p415_tau8p800_met0p0200_av2p078.txt
156 /Users/baj/Documents/roman_slitless_sims_seds/bc03_template_z0p677_ms11p47_age5p580_tau1p535_met0p0200_av3p039.txt
157 /Users/baj/Documents/roman_slitless_sims_seds/bc03_template_z0p346_ms10p61_age0p765_tau13p450_met0p0200_av1p539.txt
158 /Users/baj/Documents/roman_slitless_sims_seds/bc03_template_z0p129_ms10p02_age3p035_tau11p595_met0p0200_av2p625.txt
159 /Users/baj/Documents/roman_slitless_sims_seds/bc03_template_z1p577_ms10p71_age1p450_tau12p315_met0p0200_av0p218.txt
160 /Users/baj/Documents/roman_slitless_sims_seds/bc03_template_z0p948_ms10p14_age5p210_tau10p345_met0p0200_av1p184.txt
161 /Users/baj/Documents/roman_slitless_sims_seds/bc03_template_z0p940_ms11p23_age2p520_tau14p505_met0p0200_av3p303.txt
162 /Users/baj/Documents/roman_slitless_sims_seds/bc03_template_z0p201_ms11p29_age2p615_tau1p775_met0p0200_av2p859.txt
163 /Users/baj/Documents/roman_slitless_sims_seds/bc03_template_z1p085_ms11p12_age0p445_tau8p370_met0p0200_av0p826.txt
164 /Users/baj/Documents/roman_slitless_sims_seds/bc03_template_z0p546_ms11p41_age0p965_tau8p355_met0p0200_av2p409.txt
165 /Users/baj/Documents/roman_slitless_sims_seds/bc03_template_z0p454_ms11p14_age7p270_tau6p015_met0p0200_av2p404.txt
166 /Users/baj/Documents/roman_slitless_sims_seds/bc03_template_z0p563_ms11p21_age3p560_tau1p465_met0p0200_av4p294.txt
167 /Users/baj/Documents/roman_slitless_sims_seds/bc03_template_z1p078_ms10p26_age0p890_tau13p715_met0p0200_av0p665.txt
168 /Users/baj/Documents/roman_slitless_sims_seds/bc03_template_z0p534_ms11p32_age7p555_tau1p135_met0p0200_av4p246.txt
169 /Users/baj/Documents/roman_slitless_sims_seds/bc03_template_z0p781_ms11p11_age1p120_tau6p140_met0p0200_av4p816.txt
170 /Users/baj/Documents/roman_slitless_sims_seds/bc03_template_z1p798_ms11p08_age1p390_tau10p940_met0p0200_av1p081.txt
171 /Users/baj/Documents/roman_slitless_sims_seds/bc03_template_z0p300_ms11p11_age6p560_tau5p850_met0p0200_av3p180.txt
172 /Users/baj/Documents/roman_slitless_sims_seds/bc03_template_z1p591_ms10p76_age0p340_tau4p305_met0p0200_av4p114.txt
173 /Users/baj/Documents/roman_slitless_sims_seds/bc03_template_z0p181_ms11p35_age8p835_tau2p750_met0p0200_av1p949.txt
174 /Users/baj/Documents/roman_slitless_sims_seds/bc03_template_z0p499_ms10p98_age7p085_tau11p125_met0p0200_av0p500.txt
175 /Users/baj/Documents/roman_slitless_sims_seds/bc03_template_z0p696_ms11p35_age6p795_tau5p235_met0p0200_av1p030.txt
176 /Users/baj/Documents/roman_slitless_sims_seds/bc03_template_z0p366_ms10p26_age3p655_tau13p925_met0p0200_av1p630.txt
177 /Users/baj/Documents/roman_slitless_sims_seds/bc03_template_z0p892_ms10p74_age5p210_tau4p865_met0p0200_av4p624.txt
178 /Users/baj/Documents/roman_slitless_sims_seds/bc03_template_z0p450_ms10p32_age2p855_tau9p330_met0p0200_av2p858.txt
179 /Users/baj/Documents/roman_slitless_sims_seds/bc03_template_z0p515_ms11p50_age2p460_tau13p140_met0p0200_av1p698.txt
180 /Users/baj/Documents/roman_slitless_sims_seds/bc03_template_z0p663_ms10p18_age6p520_tau1p970_met0p0200_av0p986.txt
181 /Users/baj/Documents/roman_slitless_sims_seds/bc03_template_z0p218_ms11p38_age3p640_tau13p685_met0p0200_av3p044.txt
182 /Users/baj/Documents/roman_slitless_sims_seds/bc03_template_z1p085_ms10p24_age1p005_tau3p460_met0p0200_av2p920.txt
183 /Users/baj/Documents/roman_slitless_sims_seds/bc03_template_z0p909_ms10p55_age2p350_tau12p415_met0p0200_av2p705.txt
184 /Users/baj/Documents/roman_slitless_sims_seds/bc03_template_z0p628_ms11p32_age1p770_tau11p520_met0p0200_av3p131.txt
185 /Users/baj/Documents/roman_slitless_sims_seds/bc03_template_z0p851_ms11p03_age3p985_tau7p615_met0p0200_av4p736.txt
186 /Users/baj/Documents/roman_slitless_sims_seds/bc03_template_z0p730_ms10p83_age1p530_tau2p370_met0p0200_av1p775.txt
187 /Users/baj/Documents/roman_slitless_sims_seds/bc03_template_z0p201_ms10p73_age2p710_tau2p055_met0p0200_av1p835.txt
188 /Users/baj/Documents/roman_slitless_sims_seds/bc03_template_z0p932_ms10p61_age1p280_tau10p890_met0p0200_av4p700.txt
189 /Users/baj/Documents/roman_slitless_sims_seds/salt2_spec_day-1_z0p340_av0p331.txt
190 /Users/baj/Documents/roman_slitless_sims_seds/bc03_template_z0p805_ms11p44_age0p545_tau14p815_met0p0200_av4p698.txt
191 /Users/baj/Documents/roman_slitless_sims_seds/bc03_template_z0p210_ms10p33_age7p625_tau3p750_met0p0200_av4p995.txt
192 /Users/baj/Documents/roman_slitless_sims_seds/bc03_template_z1p000_ms10p03_age5p520_tau0p240_met0p0200_av2p527.txt
193 /Users/baj/Documents/roman_slitless_sims_seds/bc03_template_z0p872_ms11p33_age3p665_tau6p820_met0p0200_av0p064.txt
194 /Users/baj/Documents/roman_slitless_sims_seds/bc03_template_z0p782_ms10p32_age6p110_tau3p200_met0p0200_av0p977.txt
195 /Users/baj/Documents/roman_slitless_sims_seds/bc03_template_z1p227_ms11p30_age3p200_tau8p950_met0p0200_av3p012.txt
196 /Users/baj/Documents/roman_slitless_sims_seds/bc03_template_z0p136_ms10p85_age1p485_tau5p295_met0p0200_av3p932.txt
197 /Users/baj/Documents/roman_slitless_sims_seds/bc03_template_z0p475_ms11p45_age0p860_tau12p720_met0p0200_av3p595.txt
198 /Users/baj/Documents/roman_slitless_sims_seds/bc03_template_z0p350_ms10p83_age5p265_tau14p220_met0p0200_av2p463.txt
199 /Users/baj/Documents/roman_slitless_sims_seds/bc03_template_z0p998_ms10p12_age0p825_tau10p790_met0p0200_av4p352.txt
200 /Users/baj/Documents/roman_slitless_sims_seds/bc03_template_z0p968_ms10p58_age0p795_tau0p050_met0p0200_av2p672.txt
201 /Users/baj/Documents/roman_slitless_sims_seds/bc03_template_z0p434_ms11p00_age3p890_tau10p165_met0p0200_av0p146.txt
202 /Users/baj/Documents/roman_slitless_sims_seds/bc03_template_z0p789_ms11p29_age3p380_tau12p100_met0p0200_av1p253.txt
203 /Users/baj/Documents/roman_slitless_sims_seds/bc03_template_z1p462_ms10p97_age0p220_tau0p765_met0p0200_av4p890.txt
205 /Users/baj/Documents/roman_slitless_sims_seds/bc03_template_z0p432_ms10p14_age3p135_tau8p415_met0p0200_av3p788.txt
206 /Users/baj/Documents/roman_slitless_sims_seds/bc03_template_z0p782_ms11p17_age3p010_tau7p250_met0p0200_av3p496.txt
207 /Users/baj/Documents/roman_slitless_sims_seds/bc03_template_z1p227_ms11p02_age1p960_tau11p995_met0p0200_av3p707.txt
208 /Users/baj/Documents/roman_slitless_sims_seds/bc03_template_z1p029_ms10p83_age0p150_tau4p970_met0p0200_av4p102.txt
209 /Users/baj/Documents/roman_slitless_sims_seds/bc03_template_z0p730_ms10p58_age2p405_tau5p170_met0p0200_av4p124.txt
210 /Users/baj/Documents/roman_slitless_sims_seds/bc03_template_z0p542_ms10p35_age4p725_tau5p905_met0p0200_av2p793.txt
211 /Users/baj/Documents/roman_slitless_sims_seds/bc03_template_z0p660_ms10p71_age1p010_tau1p455_met0p0200_av4p398.txt
212 /Users/baj/Documents/roman_slitless_sims_seds/bc03_template_z1p080_ms10p05_age0p825_tau5p840_met0p0200_av3p687.txt
213 /Users/baj/Documents/roman_slitless_sims_seds/bc03_template_z0p938_ms11p29_age1p655_tau0p490_met0p0200_av1p374.txt
214 /Users/baj/Documents/roman_slitless_sims_seds/bc03_template_z0p626_ms11p38_age4p400_tau8p235_met0p0200_av4p188.txt
215 /Users/baj/Documents/roman_slitless_sims_seds/bc03_template_z0p885_ms11p23_age5p295_tau12p625_met0p0200_av2p826.txt
216 /Users/baj/Documents/roman_slitless_sims_seds/bc03_template_z1p438_ms11p26_age3p960_tau7p095_met0p0200_av1p988.txt
217 /Users/baj/Documents/roman_slitless_sims_seds/bc03_template_z1p020_ms11p12_age1p195_tau13p270_met0p0200_av3p424.txt
218 /Users/baj/Documents/roman_slitless_sims_seds/bc03_template_z0p660_ms11p33_age1p720_tau2p225_met0p0200_av4p366.txt
219 /Users/baj/Documents/roman_slitless_sims_seds/bc03_template_z0p346_ms10p71_age8p040_tau14p475_met0p0200_av1p151.txt
220 /Users/baj/Documents/roman_slitless_sims_seds/bc03_template_z0p920_ms10p08_age2p600_tau10p535_met0p0200_av4p942.txt
221 /Users/baj/Documents/roman_slitless_sims_seds/bc03_template_z0p729_ms11p15_age1p055_tau12p495_met0p0200_av3p616.txt
222 /Users/baj/Documents/roman_slitless_sims_seds/bc03_template_z0p849_ms10p44_age2p160_tau8p070_met0p0200_av4p530.txt
223 /Users/baj/Documents/roman_slitless_sims_seds/bc03_template_z0p674_ms10p45_age1p975_tau2p035_met0p0200_av1p248.txt
224 /Users/baj/Documents/roman_slitless_sims_seds/bc03_template_z0p434_ms11p08_age2p815_tau13p130_met0p0200_av0p213.txt
225 /Users/baj/Documents/roman_slitless_sims_seds/bc03_template_z0p338_ms11p15_age2p445_tau11p550_met0p0200_av0p716.txt
226 /Users/baj/Documents/roman_slitless_sims_seds/bc03_template_z0p613_ms10p94_age6p955_tau13p810_met0p0200_av1p357.txt
227 /Users/baj/Documents/roman_slitless_sims_seds/bc03_template_z1p220_ms10p11_age1p355_tau9p935_met0p0200_av2p511.txt
228 /Users/baj/Documents/roman_slitless_sims_seds/bc03_template_z0p930_ms10p24_age3p960_tau7p075_met0p0200_av2p199.txt
229 /Users/baj/Documents/roman_slitless_sims_seds/bc03_template_z0p696_ms11p50_age0p890_tau9p535_met0p0200_av3p422.txt
230 /Users/baj/Documents/roman_slitless_sims_seds/bc03_template_z0p346_ms10p20_age6p495_tau4p810_met0p0200_av3p233.txt
231 /Users/baj/Documents/roman_slitless_sims_seds/bc03_template_z0p076_ms10p00_age12p285_tau6p805_met0p0200_av1p910.txt
232 /Users/baj/Documents/roman_slitless_sims_seds/bc03_template_z0p468_ms10p24_age7p585_tau4p870_met0p0200_av2p132.txt
233 /Users/baj/Documents/roman_slitless_sims_seds/bc03_template_z0p731_ms11p14_age2p125_tau13p425_met0p0200_av0p600.txt
234 /Users/baj/Documents/roman_slitless_sims_seds/bc03_template_z0p132_ms10p56_age11p420_tau8p200_met0p0200_av2p770.txt
235 /Users/baj/Documents/roman_slitless_sims_seds/bc03_template_z0p434_ms11p32_age6p290_tau12p180_met0p0200_av2p088.txt
236 /Users/baj/Documents/roman_slitless_sims_seds/bc03_template_z0p595_ms11p50_age4p830_tau5p205_met0p0200_av2p516.txt
237 /Users/baj/Documents/roman_slitless_sims_seds/bc03_template_z0p595_ms11p21_age3p225_tau4p865_met0p0200_av0p145.txt
238 /Users/baj/Documents/roman_slitless_sims_seds/bc03_template_z0p665_ms10p55_age6p265_tau3p065_met0p0200_av1p203.txt
239 /Users/baj/Documents/roman_slitless_sims_seds/bc03_template_z0p731_ms10p00_age2p460_tau0p380_met0p0200_av4p176.txt
240 /Users/baj/Documents/roman_slitless_sims_seds/bc03_template_z1p325_ms10p71_age3p010_tau3p115_met0p0200_av0p187.txt
241 /Users/baj/Documents/roman_slitless_sims_seds/bc03_template_z0p621_ms11p03_age0p825_tau0p120_met0p0200_av1p577.txt
242 /Users/baj/Documents/roman_slitless_sims_seds/bc03_template_z1p099_ms10p74_age3p335_tau12p080_met0p0200_av3p111.txt
243 /Users/baj/Documents/roman_slitless_sims_seds/bc03_template_z0p859_ms10p33_age5p750_tau7p480_met0p0200_av1p195.txt
244 /Users/baj/Documents/roman_slitless_sims_seds/bc03_template_z0p910_ms11p45_age1p555_tau6p735_met0p0200_av3p850.txt
245 /Users/baj/Documents/roman_slitless_sims_seds/bc03_template_z0p729_ms10p30_age5p400_tau3p785_met0p0200_av2p548.txt
246 /Users/baj/Documents/roman_slitless_sims_seds/bc03_template_z0p337_ms11p48_age3p050_tau0p685_met0p0200_av2p053.txt
247 /Users/baj/Documents/roman_slitless_sims_seds/bc03_template_z2p746_ms11p27_age1p455_tau5p045_met0p0200_av4p346.txt
248 /Users/baj/Documents/roman_slitless_sims_seds/bc03_template_z1p140_ms11p21_age1p840_tau13p215_met0p0200_av2p614.txt
249 /Users/baj/Documents/roman_slitless_sims_seds/bc03_template_z0p905_ms10p32_age0p620_tau8p275_met0p0200_av0p940.txt
250 /Users/baj/Documents/roman_slitless_sims_seds/bc03_template_z0p640_ms11p44_age0p300_tau10p480_met0p0200_av0p919.txt
251 /Users/baj/Documents/roman_slitless_sims_seds/bc03_template_z1p740_ms11p41_age0p245_tau7p355_met0p0200_av3p385.txt
252 /Users/baj/Documents/roman_slitless_sims_seds/bc03_template_z0p497_ms10p80_age0p270_tau7p170_met0p0200_av0p718.txt
253 /Users/baj/Documents/roman_slitless_sims_seds/bc03_template_z0p643_ms10p53_age2p425_tau8p205_met0p0200_av1p950.txt
254 /Users/baj/Documents/roman_slitless_sims_seds/bc03_template_z0p693_ms10p08_age0p215_tau0p465_met0p0200_av3p095.txt
255 /Users/baj/Documents/roman_slitless_sims_seds/bc03_template_z1p700_ms11p29_age3p580_tau6p950_met0p0200_av4p776.txt
256 /Users/baj/Documents/roman_slitless_sims_seds/bc03_template_z0p514_ms10p80_age0p885_tau1p700_met0p0200_av2p936.txt
257 /Users/baj/Documents/roman_slitless_sims_seds/bc03_template_z0p240_ms11p36_age7p495_tau11p815_met0p0200_av3p096.txt
258 /Users/baj/Documents/roman_slitless_sims_seds/bc03_template_z0p569_ms10p24_age1p625_tau5p160_met0p0200_av4p912.txt
259 /Users/baj/Documents/roman_slitless_sims_seds/bc03_template_z0p667_ms10p74_age0p980_tau4p170_met0p0200_av3p045.txt
260 /Users/baj/Documents/roman_slitless_sims_seds/bc03_template_z0p665_ms11p20_age5p175_tau9p965_met0p0200_av1p075.txt
261 /Users/baj/Documents/roman_slitless_sims_seds/bc03_template_z1p175_ms10p00_age1p690_tau7p575_met0p0200_av1p013.txt
262 /Users/baj/Documents/roman_slitless_sims_seds/bc03_template_z0p680_ms11p45_age0p580_tau3p190_met0p0200_av0p779.txt
263 /Users/baj/Documents/roman_slitless_sims_seds/bc03_template_z0p280_ms11p18_age0p580_tau9p915_met0p0200_av3p863.txt
264 /Users/baj/Documents/roman_slitless_sims_seds/bc03_template_z0p846_ms10p52_age3p560_tau4p590_met0p0200_av0p795.txt
265 /Users/baj/Documents/roman_slitless_sims_seds/bc03_template_z1p079_ms10p09_age2p080_tau4p025_met0p0200_av3p036.txt
266 /Users/baj/Documents/roman_slitless_sims_seds/bc03_template_z1p740_ms10p17_age0p465_tau10p665_met0p0200_av1p670.txt
267 /Users/baj/Documents/roman_slitless_sims_seds/bc03_template_z0p420_ms11p44_age5p485_tau13p705_met0p0200_av4p226.txt
268 /Users/baj/Documents/roman_slitless_sims_seds/bc03_template_z0p501_ms11p26_age5p225_tau5p070_met0p0200_av4p277.txt
269 /Users/baj/Documents/roman_slitless_sims_seds/bc03_template_z0p390_ms11p35_age3p195_tau1p860_met0p0200_av1p247.txt
270 /Users/baj/Documents/roman_slitless_sims_seds/bc03_template_z0p485_ms10p76_age7p405_tau3p200_met0p0200_av1p105.txt
271 /Users/baj/Documents/roman_slitless_sims_seds/bc03_template_z0p740_ms11p24_age2p925_tau12p600_met0p0200_av1p446.txt
272 /Users/baj/Documents/roman_slitless_sims_seds/bc03_template_z0p899_ms11p26_age2p040_tau14p990_met0p0200_av2p453.txt
273 /Users/baj/Documents/roman_slitless_sims_seds/bc03_template_z1p126_ms10p70_age3p465_tau8p535_met0p0200_av0p415.txt
274 /Users/baj/Documents/roman_slitless_sims_seds/bc03_template_z0p736_ms10p44_age5p360_tau5p400_met0p0200_av2p488.txt
275 /Users/baj/Documents/roman_slitless_sims_seds/bc03_template_z0p720_ms10p21_age4p550_tau8p510_met0p0200_av2p305.txt
276 /Users/baj/Documents/roman_slitless_sims_seds/bc03_template_z0p934_ms10p26_age3p405_tau3p950_met0p0200_av4p785.txt
277 /Users/baj/Documents/roman_slitless_sims_seds/bc03_template_z0p825_ms10p82_age4p435_tau9p270_met0p0200_av1p238.txt
278 /Users/baj/Documents/roman_slitless_sims_seds/bc03_template_z1p052_ms10p24_age3p970_tau0p975_met0p0200_av2p938.txt
279 /Users/baj/Documents/roman_slitless_sims_seds/bc03_template_z1p146_ms11p05_age0p325_tau3p435_met0p0200_av4p647.txt
280 /Users/baj/Documents/roman_slitless_sims_seds/bc03_template_z0p857_ms11p14_age1p920_tau11p140_met0p0200_av0p638.txt
281 /Users/baj/Documents/roman_slitless_sims_seds/bc03_template_z0p685_ms11p06_age5p520_tau0p775_met0p0200_av2p883.txt
282 /Users/baj/Documents/roman_slitless_sims_seds/bc03_template_z1p330_ms11p21_age1p205_tau12p510_met0p0200_av3p449.txt
283 /Users/baj/Documents/roman_slitless_sims_seds/bc03_template_z0p625_ms11p27_age0p820_tau11p160_met0p0200_av3p922.txt
284 /Users/baj/Documents/roman_slitless_sims_seds/bc03_template_z0p167_ms10p50_age9p885_tau11p360_met0p0200_av1p570.txt
285 /Users/baj/Documents/roman_slitless_sims_seds/bc03_template_z1p055_ms10p17_age0p315_tau5p815_met0p0200_av3p251.txt
286 /Users/baj/Documents/roman_slitless_sims_seds/bc03_template_z1p357_ms10p39_age2p460_tau0p720_met0p0200_av0p536.txt
287 /Users/baj/Documents/roman_slitless_sims_seds/bc03_template_z0p659_ms10p18_age1p610_tau12p005_met0p0200_av4p030.txt
288 /Users/baj/Documents/roman_slitless_sims_seds/bc03_template_z0p640_ms11p26_age6p240_tau10p470_met0p0200_av1p326.txt
290 /Users/baj/Documents/roman_slitless_sims_seds/bc03_template_z0p453_ms10p35_age0p435_tau6p410_met0p0200_av4p386.txt
291 /Users/baj/Documents/roman_slitless_sims_seds/bc03_template_z0p507_ms11p24_age5p285_tau1p925_met0p0200_av1p772.txt
292 /Users/baj/Documents/roman_slitless_sims_seds/bc03_template_z0p870_ms11p36_age4p565_tau9p820_met0p0200_av0p508.txt
293 /Users/baj/Documents/roman_slitless_sims_seds/bc03_template_z0p413_ms10p94_age2p180_tau3p580_met0p0200_av3p103.txt
294 /Users/baj/Documents/roman_slitless_sims_seds/bc03_template_z1p036_ms10p33_age1p960_tau10p650_met0p0200_av4p501.txt
295 /Users/baj/Documents/roman_slitless_sims_seds/bc03_template_z0p236_ms10p62_age5p080_tau5p340_met0p0200_av2p880.txt
296 /Users/baj/Documents/roman_slitless_sims_seds/bc03_template_z1p191_ms11p05_age1p670_tau4p425_met0p0200_av0p746.txt
297 /Users/baj/Documents/roman_slitless_sims_seds/bc03_template_z0p706_ms11p21_age6p865_tau2p925_met0p0200_av1p284.txt
298 /Users/baj/Documents/roman_slitless_sims_seds/bc03_template_z0p367_ms10p15_age3p850_tau4p030_met0p0200_av4p660.txt
299 /Users/baj/Documents/roman_slitless_sims_seds/bc03_template_z0p890_ms10p14_age5p590_tau10p215_met0p0200_av0p737.txt
300 /Users/baj/Documents/roman_slitless_sims_seds/bc03_template_z0p720_ms10p50_age0p730_tau0p305_met0p0200_av3p856.txt
301 /Users/baj/Documents/roman_slitless_sims_seds/bc03_template_z0p459_ms11p21_age3p300_tau12p450_met0p0200_av4p685.txt
302 /Users/baj/Documents/roman_slitless_sims_seds/bc03_template_z2p060_ms11p03_age2p535_tau7p830_met0p0200_av1p566.txt
303 /Users/baj/Documents/roman_slitless_sims_seds/bc03_template_z0p242_ms11p03_age7p470_tau6p035_met0p0200_av4p920.txt
304 /Users/baj/Documents/roman_slitless_sims_seds/bc03_template_z0p346_ms10p41_age6p675_tau5p585_met0p0200_av3p401.txt
305 /Users/baj/Documents/roman_slitless_sims_seds/bc03_template_z0p821_ms10p55_age2p885_tau9p585_met0p0200_av2p100.txt
306 /Users/baj/Documents/roman_slitless_sims_seds/bc03_template_z0p630_ms10p80_age3p195_tau7p315_met0p0200_av2p540.txt
307 /Users/baj/Documents/roman_slitless_sims_seds/bc03_template_z1p434_ms10p70_age3p360_tau4p960_met0p0200_av2p328.txt
308 /Users/baj/Documents/roman_slitless_sims_seds/bc03_template_z0p886_ms11p06_age4p590_tau13p195_met0p0200_av4p561.txt
309 /Users/baj/Documents/roman_slitless_sims_seds/bc03_template_z1p525_ms10p23_age2p560_tau14p525_met0p0200_av2p336.txt
310 /Users/baj/Documents/roman_slitless_sims_seds/bc03_template_z0p703_ms11p36_age4p425_tau11p125_met0p0200_av4p416.txt
311 /Users/baj/Documents/roman_slitless_sims_seds/bc03_template_z0p547_ms10p76_age7p435_tau12p295_met0p0200_av3p925.txt
312 /Users/baj/Documents/roman_slitless_sims_seds/bc03_template_z0p537_ms11p09_age6p805_tau14p375_met0p0200_av1p475.txt
313 /Users/baj/Documents/roman_slitless_sims_seds/bc03_template_z0p879_ms11p06_age2p925_tau3p075_met0p0200_av0p927.txt
314 /Users/baj/Documents/roman_slitless_sims_seds/bc03_template_z0p632_ms10p83_age5p455_tau3p680_met0p0200_av1p682.txt
315 /Users/baj/Documents/roman_slitless_sims_seds/bc03_template_z0p565_ms11p45_age1p565_tau11p025_met0p0200_av4p359.txt
316 /Users/baj/Documents/roman_slitless_sims_seds/bc03_template_z1p137_ms10p62_age2p325_tau14p370_met0p0200_av1p889.txt
317 /Users/baj/Documents/roman_slitless_sims_seds/bc03_template_z0p945_ms10p52_age4p175_tau10p865_met0p0200_av3p114.txt
318 /Users/baj/Documents/roman_slitless_sims_seds/bc03_template_z1p200_ms10p94_age2p405_tau8p685_met0p0200_av1p981.txt
319 /Users/baj/Documents/roman_slitless_sims_seds/bc03_template_z0p523_ms10p82_age5p275_tau13p040_met0p0200_av0p249.txt
320 /Users/baj/Documents/roman_slitless_sims_seds/bc03_template_z0p961_ms10p52_age3p955_tau4p435_met0p0200_av0p821.txt
321 /Users/baj/Documents/roman_slitless_sims_seds/bc03_template_z0p243_ms10p97_age0p935_tau0p485_met0p0200_av1p918.txt
322 /Users/baj/Documents/roman_slitless_sims_seds/bc03_template_z0p159_ms11p09_age11p105_tau5p745_met0p0200_av3p612.txt
323 /Users/baj/Documents/roman_slitless_sims_seds/bc03_template_z1p160_ms11p06_age4p000_tau2p080_met0p0200_av4p148.txt
324 /Users/baj/Documents/roman_slitless_sims_seds/bc03_template_z0p476_ms11p09_age0p405_tau1p095_met0p0200_av2p681.txt
325 /Users/baj/Documents/roman_slitless_sims_seds/bc03_template_z0p432_ms10p76_age2p595_tau14p335_met0p0200_av1p991.txt
326 /Users/baj/Documents/roman_slitless_sims_seds/bc03_template_z0p239_ms11p00_age6p875_tau1p445_met0p0200_av4p087.txt
327 /Users/baj/Documents/roman_slitless_sims_seds/bc03_template_z0p962_ms11p20_age2p410_tau11p845_met0p0200_av1p523.txt
328 /Users/baj/Documents/roman_slitless_sims_seds/bc03_template_z1p297_ms10p76_age0p955_tau2p785_met0p0200_av1p632.txt
329 /Users/baj/Documents/roman_slitless_sims_seds/bc03_template_z0p748_ms11p50_age4p615_tau5p990_met0p0200_av0p817.txt
330 /Users/baj/Documents/roman_slitless_sims_seds/bc03_template_z0p310_ms10p53_age5p865_tau1p425_met0p0200_av3p962.txt
331 /Users/baj/Documents/roman_slitless_sims_seds/bc03_template_z0p410_ms11p15_age5p470_tau12p335_met0p0200_av0p426.txt
332 /Users/baj/Documents/roman_slitless_sims_seds/bc03_template_z0p333_ms10p03_age1p050_tau7p120_met0p0200_av0p374.txt
333 /Users/baj/Documents/roman_slitless_sims_seds/bc03_template_z1p530_ms10p12_age1p810_tau7p615_met0p0200_av2p283.txt
334 /Users/baj/Documents/roman_slitless_sims_seds/bc03_template_z0p734_ms11p12_age3p115_tau7p820_met0p0200_av4p445.txt
335 /Users/baj/Documents/roman_slitless_sims_seds/bc03_template_z0p425_ms11p38_age7p720_tau13p235_met0p0200_av2p545.txt
336 /Users/baj/Documents/roman_slitless_sims_seds/bc03_template_z0p214_ms11p24_age3p800_tau1p640_met0p0200_av2p821.txt
337 /Users/baj/Documents/roman_slitless_sims_seds/bc03_template_z1p009_ms11p29_age1p520_tau14p015_met0p0200_av3p619.txt
338 /Users/baj/Documents/roman_slitless_sims_seds/bc03_template_z0p650_ms10p92_age7p165_tau3p165_met0p0200_av2p487.txt
339 /Users/baj/Documents/roman_slitless_sims_seds/bc03_template_z1p222_ms10p74_age2p410_tau11p660_met0p0200_av2p203.txt
340 /Users/baj/Documents/roman_slitless_sims_seds/bc03_template_z0p980_ms10p42_age4p305_tau14p190_met0p0200_av3p986.txt
341 /Users/baj/Documents/roman_slitless_sims_seds/bc03_template_z0p907_ms10p05_age0p455_tau9p870_met0p0200_av3p882.txt
342 /Users/baj/Documents/roman_slitless_sims_seds/bc03_template_z1p222_ms10p61_age4p695_tau12p275_met0p0200_av3p127.txt
343 /Users/baj/Documents/roman_slitless_sims_seds/bc03_template_z0p290_ms10p67_age0p420_tau4p550_met0p0200_av2p387.txt
344 /Users/baj/Documents/roman_slitless_sims_seds/bc03_template_z0p596_ms10p88_age7p515_tau8p995_met0p0200_av0p852.txt
345 /Users/baj/Documents/roman_slitless_sims_seds/bc03_template_z0p643_ms11p03_age2p870_tau8p960_met0p0200_av4p671.txt
346 /Users/baj/Documents/roman_slitless_sims_seds/bc03_template_z0p232_ms10p06_age5p570_tau14p280_met0p0200_av4p757.txt
347 /Users/baj/Documents/roman_slitless_sims_seds/bc03_template_z0p530_ms10p61_age2p520_tau10p485_met0p0200_av1p599.txt
348 /Users/baj/Documents/roman_slitless_sims_seds/bc03_template_z0p200_ms10p24_age0p580_tau8p295_met0p0200_av2p161.txt
349 /Users/baj/Documents/roman_slitless_sims_seds/bc03_template_z0p864_ms11p17_age5p245_tau11p760_met0p0200_av3p584.txt
350 /Users/baj/Documents/roman_slitless_sims_seds/bc03_template_z1p990_ms10p65_age1p715_tau10p245_met0p0200_av0p542.txt
351 /Users/baj/Documents/roman_slitless_sims_seds/bc03_template_z0p355_ms11p05_age9p145_tau7p970_met0p0200_av1p202.txt
352 /Users/baj/Documents/roman_slitless_sims_seds/bc03_template_z0p566_ms10p50_age2p260_tau8p800_met0p0200_av3p150.txt
353 /Users/baj/Documents/roman_slitless_sims_seds/bc03_template_z0p750_ms11p23_age5p845_tau6p015_met0p0200_av1p993.txt
354 /Users/baj/Documents/roman_slitless_sims_seds/bc03_template_z0p949_ms10p68_age2p355_tau3p060_met0p0200_av2p097.txt
355 /Users/baj/Documents/roman_slitless_sims_seds/bc03_template_z1p122_ms10p02_age4p575_tau9p705_met0p0200_av2p564.txt
356 /Users/baj/Documents/roman_slitless_sims_seds/bc03_template_z0p500_ms11p41_age3p180_tau4p165_met0p0200_av4p467.txt
357 /Users/baj/Documents/roman_slitless_sims_seds/bc03_template_z0p731_ms10p03_age5p170_tau1p000_met0p0200_av4p361.txt
358 /Users/baj/Documents/roman_slitless_sims_seds/bc03_template_z0p645_ms11p20_age6p915_tau8p500_met0p0200_av0p123.txt
359 /Users/baj/Documents/roman_slitless_sims_seds/bc03_template_z0p328_ms10p17_age0p440_tau12p195_met0p0200_av1p666.txt
360 /Users/baj/Documents/roman_slitless_sims_seds/bc03_template_z1p002_ms10p26_age1p265_tau3p075_met0p0200_av4p691.txt
361 /Users/baj/Documents/roman_slitless_sims_seds/bc03_template_z0p737_ms11p44_age2p090_tau12p025_met0p0200_av1p667.txt
362 /Users/baj/Documents/roman_slitless_sims_seds/bc03_template_z0p878_ms10p05_age5p850_tau8p035_met0p0200_av0p014.txt
364 /Users/baj/Documents/roman_slitless_sims_seds/bc03_template_z0p870_ms10p09_age5p040_tau5p330_met0p0200_av0p710.txt
365 /Users/baj/Documents/roman_slitless_sims_seds/bc03_template_z0p650_ms10p36_age0p950_tau4p100_met0p0200_av0p290.txt
366 /Users/baj/Documents/roman_slitless_sims_seds/bc03_template_z0p228_ms10p05_age6p235_tau8p245_met0p0200_av3p996.txt
367 /Users/baj/Documents/roman_slitless_sims_seds/bc03_template_z0p715_ms10p80_age5p525_tau2p465_met0p0200_av0p739.txt
368 /Users/baj/Documents/roman_slitless_sims_seds/bc03_template_z1p103_ms10p12_age1p405_tau1p630_met0p0200_av0p665.txt
369 /Users/baj/Documents/roman_slitless_sims_seds/bc03_template_z0p927_ms11p11_age0p490_tau13p850_met0p0200_av2p012.txt
370 /Users/baj/Documents/roman_slitless_sims_seds/bc03_template_z0p856_ms10p67_age3p930_tau8p500_met0p0200_av2p921.txt
371 /Users/baj/Documents/roman_slitless_sims_seds/bc03_template_z1p231_ms10p38_age2p930_tau14p335_met0p0200_av0p738.txt
372 /Users/baj/Documents/roman_slitless_sims_seds/bc03_template_z0p759_ms10p09_age3p690_tau11p280_met0p0200_av4p296.txt
373 /Users/baj/Documents/roman_slitless_sims_seds/bc03_template_z0p740_ms10p11_age1p670_tau0p825_met0p0200_av1p926.txt
374 /Users/baj/Documents/roman_slitless_sims_seds/bc03_template_z0p592_ms10p00_age5p960_tau12p675_met0p0200_av0p095.txt
375 /Users/baj/Documents/roman_slitless_sims_seds/bc03_template_z1p095_ms11p03_age4p005_tau13p745_met0p0200_av0p455.txt
376 /Users/baj/Documents/roman_slitless_sims_seds/bc03_template_z1p070_ms10p58_age3p475_tau6p895_met0p0200_av2p336.txt
377 /Users/baj/Documents/roman_slitless_sims_seds/bc03_template_z0p950_ms10p20_age4p585_tau14p450_met0p0200_av0p596.txt
378 /Users/baj/Documents/roman_slitless_sims_seds/bc03_template_z0p580_ms10p29_age6p840_tau4p475_met0p0200_av4p407.txt
379 /Users/baj/Documents/roman_slitless_sims_seds/bc03_template_z0p872_ms10p32_age5p515_tau3p710_met0p0200_av2p602.txt
380 /Users/baj/Documents/roman_slitless_sims_seds/bc03_template_z0p864_ms10p03_age4p115_tau9p295_met0p0200_av2p871.txt
381 /Users/baj/Documents/roman_slitless_sims_seds/bc03_template_z1p431_ms10p89_age2p260_tau14p265_met0p0200_av3p371.txt
382 /Users/baj/Documents/roman_slitless_sims_seds/bc03_template_z0p933_ms10p97_age3p480_tau3p865_met0p0200_av1p690.txt
383 /Users/baj/Documents/roman_slitless_sims_seds/bc03_template_z0p559_ms10p59_age7p740_tau2p925_met0p0200_av0p386.txt
384 /Users/baj/Documents/roman_slitless_sims_seds/bc03_template_z0p943_ms11p23_age0p880_tau0p955_met0p0200_av1p933.txt
385 /Users/baj/Documents/roman_slitless_sims_seds/bc03_template_z0p600_ms11p29_age4p650_tau3p485_met0p0200_av3p312.txt
386 /Users/baj/Documents/roman_slitless_sims_seds/bc03_template_z0p700_ms10p27_age0p110_tau8p635_met0p0200_av1p936.txt
387 /Users/baj/Documents/roman_slitless_sims_seds/bc03_template_z0p754_ms10p30_age2p005_tau0p765_met0p0200_av3p275.txt
388 /Users/baj/Documents/roman_slitless_sims_seds/bc03_template_z0p487_ms10p45_age5p365_tau10p585_met0p0200_av0p871.txt
389 /Users/baj/Documents/roman_slitless_sims_seds/bc03_template_z0p218_ms10p53_age8p720_tau9p940_met0p0200_av1p669.txt
390 /Users/baj/Documents/roman_slitless_sims_seds/bc03_template_z0p601_ms10p20_age3p920_tau6p860_met0p0200_av2p671.txt
391 /Users/baj/Documents/roman_slitless_sims_seds/bc03_template_z1p256_ms10p44_age0p680_tau3p025_met0p0200_av2p726.txt
392 /Users/baj/Documents/roman_slitless_sims_seds/bc03_template_z1p543_ms10p23_age3p175_tau5p700_met0p0200_av1p634.txt
393 /Users/baj/Documents/roman_slitless_sims_seds/bc03_template_z1p001_ms10p73_age0p100_tau9p700_met0p0200_av0p580.txt
394 /Users/baj/Documents/roman_slitless_sims_seds/bc03_template_z0p401_ms11p17_age8p260_tau13p125_met0p0200_av1p825.txt
395 /Users/baj/Documents/roman_slitless_sims_seds/bc03_template_z0p548_ms11p33_age0p670_tau4p135_met0p0200_av1p439.txt
396 /Users/baj/Documents/roman_slitless_sims_seds/bc03_template_z0p847_ms10p20_age4p150_tau13p135_met0p0200_av1p063.txt
397 /Users/baj/Documents/roman_slitless_sims_seds/bc03_template_z0p660_ms11p03_age5p850_tau8p085_met0p0200_av3p674.txt
398 /Users/baj/Documents/roman_slitless_sims_seds/bc03_template_z0p880_ms10p02_age5p190_tau14p700_met0p0200_av1p680.txt
399 /Users/baj/Documents/roman_slitless_sims_seds/bc03_template_z0p951_ms11p11_age1p870_tau12p635_met0p0200_av4p228.txt
400 /Users/baj/Documents/roman_slitless_sims_seds/bc03_template_z0p624_ms10p08_age3p775_tau7p640_met0p0200_av0p076.txt
401 /Users/baj/Documents/roman_slitless_sims_seds/bc03_template_z0p070_ms11p33_age9p760_tau4p275_met0p0200_av4p886.txt
402 /Users/baj/Documents/roman_slitless_sims_seds/bc03_template_z0p735_ms10p55_age5p265_tau2p890_met0p0200_av4p904.txt
403 /Users/baj/Documents/roman_slitless_sims_seds/bc03_template_z0p215_ms10p32_age9p180_tau4p660_met0p0200_av4p026.txt
404 /Users/baj/Documents/roman_slitless_sims_seds/bc03_template_z1p743_ms10p00_age2p015_tau7p695_met0p0200_av0p263.txt
405 /Users/baj/Documents/roman_slitless_sims_seds/bc03_template_z0p923_ms10p94_age0p995_tau11p425_met0p0200_av4p889.txt
406 /Users/baj/Documents/roman_slitless_sims_seds/bc03_template_z0p880_ms10p83_age2p700_tau10p965_met0p0200_av3p539.txt
407 /Users/baj/Documents/roman_slitless_sims_seds/bc03_template_z1p390_ms10p65_age0p575_tau6p280_met0p0200_av2p576.txt
408 /Users/baj/Documents/roman_slitless_sims_seds/bc03_template_z0p733_ms10p65_age2p770_tau1p940_met0p0200_av0p987.txt
409 /Users/baj/Documents/roman_slitless_sims_seds/bc03_template_z0p695_ms10p65_age0p875_tau5p060_met0p0200_av0p324.txt
410 /Users/baj/Documents/roman_slitless_sims_seds/bc03_template_z0p110_ms10p83_age11p825_tau3p210_met0p0200_av4p117.txt
411 /Users/baj/Documents/roman_slitless_sims_seds/bc03_template_z0p485_ms11p02_age4p685_tau7p580_met0p0200_av0p686.txt
412 /Users/baj/Documents/roman_slitless_sims_seds/bc03_template_z0p966_ms10p82_age3p780_tau1p810_met0p0200_av2p292.txt
413 /Users/baj/Documents/roman_slitless_sims_seds/bc03_template_z0p735_ms10p62_age2p670_tau5p270_met0p0200_av4p388.txt
414 /Users/baj/Documents/roman_slitless_sims_seds/bc03_template_z0p741_ms10p18_age6p440_tau13p850_met0p0200_av2p523.txt
415 /Users/baj/Documents/roman_slitless_sims_seds/bc03_template_z0p746_ms10p83_age3p655_tau0p330_met0p0200_av4p523.txt
416 /Users/baj/Documents/roman_slitless_sims_seds/bc03_template_z1p019_ms11p24_age5p265_tau12p210_met0p0200_av4p325.txt
417 /Users/baj/Documents/roman_slitless_sims_seds/bc03_template_z0p910_ms11p12_age0p225_tau7p240_met0p0200_av4p445.txt
418 /Users/baj/Documents/roman_slitless_sims_seds/bc03_template_z0p622_ms10p45_age4p560_tau1p725_met0p0200_av2p950.txt
419 /Users/baj/Documents/roman_slitless_sims_seds/bc03_template_z0p225_ms10p26_age6p155_tau8p715_met0p0200_av3p220.txt
420 /Users/baj/Documents/roman_slitless_sims_seds/bc03_template_z0p226_ms10p74_age8p215_tau3p085_met0p0200_av4p118.txt
421 /Users/baj/Documents/roman_slitless_sims_seds/bc03_template_z0p458_ms10p82_age7p520_tau0p140_met0p0200_av3p269.txt
422 /Users/baj/Documents/roman_slitless_sims_seds/bc03_template_z0p686_ms10p67_age3p755_tau0p850_met0p0200_av0p602.txt
423 /Users/baj/Documents/roman_slitless_sims_seds/bc03_template_z0p306_ms11p41_age4p095_tau8p320_met0p0200_av0p825.txt
424 /Users/baj/Documents/roman_slitless_sims_seds/bc03_template_z0p520_ms10p18_age0p575_tau11p080_met0p0200_av3p551.txt
425 /Users/baj/Documents/roman_slitless_sims_seds/bc03_template_z0p558_ms11p00_age6p550_tau8p495_met0p0200_av3p771.txt
426 /Users/baj/Documents/roman_slitless_sims_seds/bc03_template_z0p680_ms10p79_age2p760_tau6p950_met0p0200_av0p163.txt
427 /Users/baj/Documents/roman_slitless_sims_seds/bc03_template_z0p885_ms10p71_age2p155_tau14p200_met0p0200_av2p710.txt
428 /Users/baj/Documents/roman_slitless_sims_seds/bc03_template_z0p617_ms10p44_age1p665_tau11p590_met0p0200_av0p349.txt
429 /Users/baj/Documents/roman_slitless_sims_seds/bc03_template_z0p971_ms10p55_age2p700_tau4p325_met0p0200_av3p047.txt
430 /Users/baj/Documents/roman_slitless_sims_seds/bc03_template_z0p752_ms11p21_age5p750_tau12p960_met0p0200_av2p281.txt
431 /Users/baj/Documents/roman_slitless_sims_seds/bc03_template_z0p563_ms11p30_age7p035_tau7p110_met0p0200_av1p876.txt
432 /Users/baj/Documents/roman_slitless_sims_seds/bc03_template_z0p940_ms10p30_age4p020_tau4p820_met0p0200_av2p910.txt
433 /Users/baj/Documents/roman_slitless_sims_seds/bc03_template_z0p730_ms10p21_age0p720_tau1p930_met0p0200_av0p658.txt
434 /Users/baj/Documents/roman_slitless_sims_seds/bc03_template_z1p218_ms10p20_age4p415_tau13p130_met0p0200_av0p775.txt
435 /Users/baj/Documents/roman_slitless_sims_seds/bc03_template_z0p707_ms10p45_age2p925_tau1p590_met0p0200_av2p646.txt
436 /Users/baj/Documents/roman_slitless_sims_seds/bc03_template_z0p157_ms10p94_age6p405_tau14p210_met0p0200_av4p229.txt
437 /Users/baj/Documents/roman_slitless_sims_seds/bc03_template_z1p213_ms10p36_age2p280_tau5p295_met0p0200_av0p369.txt
438 /Users/baj/Documents/roman_slitless_sims_seds/bc03_template_z0p645_ms10p03_age6p240_tau11p970_met0p0200_av0p364.txt
439 /Users/baj/Documents/roman_slitless_sims_seds/bc03_template_z0p930_ms10p30_age1p800_tau9p505_met0p0200_av3p964.txt
440 /Users/baj/Documents/roman_slitless_sims_seds/bc03_template_z1p359_ms11p36_age0p255_tau14p715_met0p0200_av3p256.txt
441 /Users/baj/Documents/roman_slitless_sims_seds/bc03_template_z0p320_ms11p26_age9p025_tau7p280_met0p0200_av1p754.txt
442 /Users/baj/Documents/roman_slitless_sims_seds/bc03_template_z1p023_ms10p14_age0p540_tau4p970_met0p0200_av3p267.txt
443 /Users/baj/Documents/roman_slitless_sims_seds/bc03_template_z0p185_ms10p64_age10p035_tau9p080_met0p0200_av2p555.txt
444 /Users/baj/Documents/roman_slitless_sims_seds/bc03_template_z0p903_ms11p02_age3p845_tau9p255_met0p0200_av4p030.txt
445 /Users/baj/Documents/roman_slitless_sims_seds/bc03_template_z0p375_ms11p23_age6p410_tau13p305_met0p0200_av3p254.txt
446 /Users/baj/Documents/roman_slitless_sims_seds/bc03_template_z0p749_ms11p42_age5p145_tau7p195_met0p0200_av3p739.txt
447 /Users/baj/Documents/roman_slitless_sims_seds/bc03_template_z0p454_ms10p98_age2p190_tau1p110_met0p0200_av0p477.txt
448 /Users/baj/Documents/roman_slitless_sims_seds/bc03_template_z0p940_ms10p14_age2p425_tau4p170_met0p0200_av1p918.txt
449 /Users/baj/Documents/roman_slitless_sims_seds/bc03_template_z1p519_ms11p23_age2p880_tau14p880_met0p0200_av3p298.txt
450 /Users/baj/Documents/roman_slitless_sims_seds/bc03_template_z0p880_ms10p94_age2p520_tau4p320_met0p0200_av1p293.txt
451 /Users/baj/Documents/roman_slitless_sims_seds/bc03_template_z0p530_ms11p24_age3p945_tau4p125_met0p0200_av0p687.txt
452 /Users/baj/Documents/roman_slitless_sims_seds/bc03_template_z0p366_ms11p44_age6p815_tau12p570_met0p0200_av1p704.txt
453 /Users/baj/Documents/roman_slitless_sims_seds/bc03_template_z1p417_ms10p74_age1p130_tau13p830_met0p0200_av3p516.txt
454 /Users/baj/Documents/roman_slitless_sims_seds/bc03_template_z2p004_ms10p20_age0p320_tau2p520_met0p0200_av3p162.txt
455 /Users/baj/Documents/roman_slitless_sims_seds/bc03_template_z0p369_ms10p73_age2p750_tau2p130_met0p0200_av2p113.txt
456 /Users/baj/Documents/roman_slitless_sims_seds/bc03_template_z0p577_ms10p80_age4p910_tau2p920_met0p0200_av4p317.txt
457 /Users/baj/Documents/roman_slitless_sims_seds/bc03_template_z0p736_ms10p56_age2p360_tau6p205_met0p0200_av0p601.txt
458 /Users/baj/Documents/roman_slitless_sims_seds/bc03_template_z0p565_ms11p08_age5p645_tau7p360_met0p0200_av0p118.txt
459 /Users/baj/Documents/roman_slitless_sims_seds/bc03_template_z0p971_ms10p45_age3p020_tau1p645_met0p0200_av2p539.txt
460 /Users/baj/Documents/roman_slitless_sims_seds/bc03_template_z0p254_ms10p20_age2p055_tau7p795_met0p0200_av4p092.txt
461 /Users/baj/Documents/roman_slitless_sims_seds/bc03_template_z0p846_ms10p45_age5p015_tau6p060_met0p0200_av1p263.txt
462 /Users/baj/Documents/roman_slitless_sims_seds/bc03_template_z0p371_ms11p30_age4p215_tau14p960_met0p0200_av0p005.txt
463 /Users/baj/Documents/roman_slitless_sims_seds/bc03_template_z0p510_ms11p48_age5p770_tau11p125_met0p0200_av4p367.txt
464 /Users/baj/Documents/roman_slitless_sims_seds/bc03_template_z0p580_ms10p00_age3p640_tau8p370_met0p0200_av4p138.txt
465 /Users/baj/Documents/roman_slitless_sims_seds/bc03_template_z0p670_ms11p38_age2p365_tau11p505_met0p0200_av1p596.txt
466 /Users/baj/Documents/roman_slitless_sims_seds/bc03_template_z0p867_ms10p24_age5p705_tau7p830_met0p0200_av3p072.txt
467 /Users/baj/Documents/roman_slitless_sims_seds/bc03_template_z1p015_ms10p48_age5p505_tau9p205_met0p0200_av3p835.txt
468 /Users/baj/Documents/roman_slitless_sims_seds/bc03_template_z0p294_ms10p06_age9p565_tau13p640_met0p0200_av4p642.txt
469 /Users/baj/Documents/roman_slitless_sims_seds/bc03_template_z0p817_ms10p53_age6p090_tau14p535_met0p0200_av2p865.txt
470 /Users/baj/Documents/roman_slitless_sims_seds/bc03_template_z0p491_ms10p73_age5p685_tau2p170_met0p0200_av1p085.txt
471 /Users/baj/Documents/roman_slitless_sims_seds/bc03_template_z1p041_ms10p20_age1p820_tau8p390_met0p0200_av2p300.txt
472 /Users/baj/Documents/roman_slitless_sims_seds/bc03_template_z0p120_ms11p32_age8p995_tau6p985_met0p0200_av3p832.txt
473 /Users/baj/Documents/roman_slitless_sims_seds/bc03_template_z0p186_ms10p11_age9p560_tau2p820_met0p0200_av4p328.txt
474 /Users/baj/Documents/roman_slitless_sims_seds/bc03_template_z0p635_ms10p03_age7p155_tau8p695_met0p0200_av2p026.txt
475 /Users/baj/Documents/roman_slitless_sims_seds/bc03_template_z0p653_ms10p36_age1p485_tau6p205_met0p0200_av3p423.txt
476 /Users/baj/Documents/roman_slitless_sims_seds/bc03_template_z0p968_ms11p44_age0p100_tau9p525_met0p0200_av3p354.txt
477 /Users/baj/Documents/roman_slitless_sims_seds/bc03_template_z0p640_ms11p23_age3p470_tau11p770_met0p0200_av0p077.txt
478 /Users/baj/Documents/roman_slitless_sims_seds/bc03_template_z1p032_ms11p00_age1p620_tau8p055_met0p0200_av2p380.txt
479 /Users/baj/Documents/roman_slitless_sims_seds/bc03_template_z0p819_ms10p55_age0p430_tau14p515_met0p0200_av2p705.txt
480 /Users/baj/Documents/roman_slitless_sims_seds/bc03_template_z1p030_ms10p47_age4p025_tau11p775_met0p0200_av3p175.txt
481 /Users/baj/Documents/roman_slitless_sims_seds/bc03_template_z0p458_ms11p44_age7p185_tau7p065_met0p0200_av4p414.txt
482 /Users/baj/Documents/roman_slitless_sims_seds/bc03_template_z0p469_ms11p38_age1p890_tau12p370_met0p0200_av4p219.txt
483 /Users/baj/Documents/roman_slitless_sims_seds/bc03_template_z0p660_ms10p50_age5p640_tau1p610_met0p0200_av4p637.txt
484 /Users/baj/Documents/roman_slitless_sims_seds/bc03_template_z0p342_ms11p23_age6p530_tau3p795_met0p0200_av1p745.txt
485 /Users/baj/Documents/roman_slitless_sims_seds/bc03_template_z0p399_ms10p55_age7p575_tau6p170_met0p0200_av4p686.txt
486 /Users/baj/Documents/roman_slitless_sims_seds/bc03_template_z0p639_ms10p62_age2p105_tau4p155_met0p0200_av2p412.txt
487 /Users/baj/Documents/roman_slitless_sims_seds/bc03_template_z0p887_ms11p12_age5p820_tau8p480_met0p0200_av4p206.txt
488 /Users/baj/Documents/roman_slitless_sims_seds/bc03_template_z0p523_ms11p17_age4p630_tau12p980_met0p0200_av0p422.txt
489 /Users/baj/Documents/roman_slitless_sims_seds/bc03_template_z1p188_ms10p89_age1p320_tau14p855_met0p0200_av3p634.txt
490 /Users/baj/Documents/roman_slitless_sims_seds/bc03_template_z0p145_ms11p12_age9p125_tau3p170_met0p0200_av2p322.txt
491 /Users/baj/Documents/roman_slitless_sims_seds/bc03_template_z0p636_ms10p62_age2p035_tau13p265_met0p0200_av0p045.txt
492 /Users/baj/Documents/roman_slitless_sims_seds/bc03_template_z0p720_ms10p53_age6p155_tau2p590_met0p0200_av3p031.txt
493 /Users/baj/Documents/roman_slitless_sims_seds/bc03_template_z1p617_ms10p74_age2p705_tau0p715_met0p0200_av0p330.txt
494 /Users/baj/Documents/roman_slitless_sims_seds/bc03_template_z0p450_ms10p29_age1p435_tau5p780_met0p0200_av0p042.txt
495 /Users/baj/Documents/roman_slitless_sims_seds/bc03_template_z0p668_ms10p35_age0p630_tau0p310_met0p0200_av2p838.txt
496 /Users/baj/Documents/roman_slitless_sims_seds/bc03_template_z0p350_ms10p55_age6p170_tau11p830_met0p0200_av2p386.txt
497 /Users/baj/Documents/roman_slitless_sims_seds/bc03_template_z0p565_ms11p18_age4p300_tau6p240_met0p0200_av0p311.txt
498 /Users/baj/Documents/roman_slitless_sims_seds/bc03_template_z0p295_ms10p17_age2p015_tau6p055_met0p0200_av3p254.txt
499 /Users/baj/Documents/roman_slitless_sims_seds/bc03_template_z1p383_ms11p21_age4p060_tau0p770_met0p0200_av4p074.txt
500 /Users/baj/Documents/roman_slitless_sims_seds/bc03_template_z0p230_ms11p48_age8p520_tau9p360_met0p0200_av0p441.txt
501 /Users/baj/Documents/roman_slitless_sims_seds/bc03_template_z1p507_ms11p39_age2p725_tau12p020_met0p0200_av4p581.txt
502 /Users/baj/Documents/roman_slitless_sims_seds/bc03_template_z0p232_ms10p38_age5p980_tau0p285_met0p0200_av0p589.txt
503 /Users/baj/Documents/roman_slitless_sims_seds/bc03_template_z2p381_ms10p68_age1p160_tau2p210_met0p0200_av2p068.txt
504 /Users/baj/Documents/roman_slitless_sims_seds/bc03_template_z0p512_ms11p45_age1p580_tau8p370_met0p0200_av0p589.txt
505 /Users/baj/Documents/roman_slitless_sims_seds/bc03_template_z1p016_ms11p42_age0p855_tau4p495_met0p0200_av3p171.txt
506 /Users/baj/Documents/roman_slitless_sims_seds/bc03_template_z0p185_ms10p52_age4p895_tau6p110_met0p0200_av3p579.txt
507 /Users/baj/Documents/roman_slitless_sims_seds/bc03_template_z0p890_ms11p00_age3p070_tau3p540_met0p0200_av1p361.txt
508 /Users/baj/Documents/roman_slitless_sims_seds/bc03_template_z0p962_ms11p36_age3p790_tau3p200_met0p0200_av1p627.txt
509 /Users/baj/Documents/roman_slitless_sims_seds/bc03_template_z0p796_ms11p41_age1p565_tau8p235_met0p0200_av3p004.txt
510 /Users/baj/Documents/roman_slitless_sims_seds/bc03_template_z0p074_ms10p55_age10p615_tau4p125_met0p0200_av2p306.txt
511 /Users/baj/Documents/roman_slitless_sims_seds/bc03_template_z1p158_ms10p68_age1p605_tau13p880_met0p0200_av3p487.txt
512 /Users/baj/Documents/roman_slitless_sims_seds/bc03_template_z0p473_ms11p48_age3p745_tau8p710_met0p0200_av0p808.txt
513 /Users/baj/Documents/roman_slitless_sims_seds/bc03_template_z0p157_ms10p89_age4p020_tau3p370_met0p0200_av2p054.txt
514 /Users/baj/Documents/roman_slitless_sims_seds/bc03_template_z0p850_ms11p14_age3p790_tau14p825_met0p0200_av3p188.txt
515 /Users/baj/Documents/roman_slitless_sims_seds/bc03_template_z0p110_ms10p41_age10p795_tau3p575_met0p0200_av2p326.txt
516 /Users/baj/Documents/roman_slitless_sims_seds/bc03_template_z0p549_ms10p80_age6p030_tau3p095_met0p0200_av3p981.txt
517 /Users/baj/Documents/roman_slitless_sims_seds/bc03_template_z0p532_ms10p61_age5p275_tau4p210_met0p0200_av3p147.txt
518 /Users/baj/Documents/roman_slitless_sims_seds/bc03_template_z2p471_ms11p50_age0p970_tau0p985_met0p0200_av4p240.txt
519 /Users/baj/Documents/roman_slitless_sims_seds/bc03_template_z0p714_ms10p55_age5p795_tau8p060_met0p0200_av2p627.txt
520 /Users/baj/Documents/roman_slitless_sims_seds/bc03_template_z0p212_ms10p74_age6p020_tau4p565_met0p0200_av4p140.txt
521 /Users/baj/Documents/roman_slitless_sims_seds/bc03_template_z0p920_ms11p50_age5p730_tau14p685_met0p0200_av1p345.txt
522 /Users/baj/Documents/roman_slitless_sims_seds/bc03_template_z0p137_ms10p56_age9p425_tau7p340_met0p0200_av2p253.txt
523 /Users/baj/Documents/roman_slitless_sims_seds/bc03_template_z1p432_ms10p56_age0p715_tau8p930_met0p0200_av1p692.txt
524 /Users/baj/Documents/roman_slitless_sims_seds/bc03_template_z1p060_ms10p70_age4p895_tau11p390_met0p0200_av4p950.txt
525 /Users/baj/Documents/roman_slitless_sims_seds/bc03_template_z1p518_ms10p59_age3p110_tau0p930_met0p0200_av4p129.txt
526 /Users/baj/Documents/roman_slitless_sims_seds/bc03_template_z0p413_ms10p48_age7p325_tau13p035_met0p0200_av3p316.txt
527 /Users/baj/Documents/roman_slitless_sims_seds/bc03_template_z0p650_ms10p55_age0p225_tau8p050_met0p0200_av2p588.txt
528 /Users/baj/Documents/roman_slitless_sims_seds/bc03_template_z0p345_ms10p12_age1p775_tau6p805_met0p0200_av0p913.txt
529 /Users/baj/Documents/roman_slitless_sims_seds/bc03_template_z0p850_ms10p35_age6p035_tau12p610_met0p0200_av2p170.txt
530 /Users/baj/Documents/roman_slitless_sims_seds/bc03_template_z0p201_ms10p76_age1p875_tau8p450_met0p0200_av4p708.txt
531 /Users/baj/Documents/roman_slitless_sims_seds/bc03_template_z0p229_ms11p45_age10p230_tau1p595_met0p0200_av1p961.txt
532 /Users/baj/Documents/roman_slitless_sims_seds/bc03_template_z0p732_ms11p21_age6p760_tau5p375_met0p0200_av1p258.txt
533 /Users/baj/Documents/roman_slitless_sims_seds/bc03_template_z0p429_ms10p42_age3p695_tau6p030_met0p0200_av3p257.txt
534 /Users/baj/Documents/roman_slitless_sims_seds/bc03_template_z0p840_ms10p88_age1p160_tau4p340_met0p0200_av2p675.txt
535 /Users/baj/Documents/roman_slitless_sims_seds/bc03_template_z0p856_ms10p76_age6p165_tau7p370_met0p0200_av4p946.txt
536 /Users/baj/Documents/roman_slitless_sims_seds/bc03_template_z0p733_ms10p38_age5p310_tau13p360_met0p0200_av2p497.txt
537 /Users/baj/Documents/roman_slitless_sims_seds/bc03_template_z0p677_ms10p38_age1p340_tau6p590_met0p0200_av0p604.txt
538 /Users/baj/Documents/roman_slitless_sims_seds/bc03_template_z0p511_ms11p08_age8p090_tau1p000_met0p0200_av2p890.txt
539 /Users/baj/Documents/roman_slitless_sims_seds/bc03_template_z0p681_ms10p55_age0p425_tau6p340_met0p0200_av4p046.txt
540 /Users/baj/Documents/roman_slitless_sims_seds/bc03_template_z0p680_ms11p45_age4p590_tau12p535_met0p0200_av1p715.txt
541 /Users/baj/Documents/roman_slitless_sims_seds/bc03_template_z1p648_ms10p67_age3p160_tau8p410_met0p0200_av0p483.txt
542 /Users/baj/Documents/roman_slitless_sims_seds/bc03_template_z1p160_ms10p62_age3p600_tau3p000_met0p0200_av1p524.txt
543 /Users/baj/Documents/roman_slitless_sims_seds/bc03_template_z0p619_ms11p48_age5p090_tau14p880_met0p0200_av4p771.txt
544 /Users/baj/Documents/roman_slitless_sims_seds/bc03_template_z0p668_ms10p97_age2p480_tau8p690_met0p0200_av1p533.txt
545 /Users/baj/Documents/roman_slitless_sims_seds/bc03_template_z0p200_ms11p38_age10p870_tau12p825_met0p0200_av3p765.txt
546 /Users/baj/Documents/roman_slitless_sims_seds/bc03_template_z0p194_ms11p15_age9p735_tau3p275_met0p0200_av3p695.txt
547 /Users/baj/Documents/roman_slitless_sims_seds/bc03_template_z0p860_ms10p74_age4p045_tau9p185_met0p0200_av3p918.txt
548 /Users/baj/Documents/roman_slitless_sims_seds/bc03_template_z1p084_ms10p83_age3p070_tau0p780_met0p0200_av1p463.txt
549 /Users/baj/Documents/roman_slitless_sims_seds/bc03_template_z0p898_ms10p52_age5p555_tau12p610_met0p0200_av1p159.txt
550 /Users/baj/Documents/roman_slitless_sims_seds/bc03_template_z0p527_ms11p20_age8p085_tau7p700_met0p0200_av1p559.txt
551 /Users/baj/Documents/roman_slitless_sims_seds/bc03_template_z0p359_ms11p18_age4p250_tau1p910_met0p0200_av3p343.txt
552 /Users/baj/Documents/roman_slitless_sims_seds/bc03_template_z0p472_ms10p95_age1p410_tau7p655_met0p0200_av4p955.txt
553 /Users/baj/Documents/roman_slitless_sims_seds/bc03_template_z0p650_ms10p36_age2p625_tau10p365_met0p0200_av4p856.txt
554 /Users/baj/Documents/roman_slitless_sims_seds/bc03_template_z1p789_ms11p05_age0p180_tau4p490_met0p0200_av2p163.txt
555 /Users/baj/Documents/roman_slitless_sims_seds/bc03_template_z0p321_ms10p98_age2p430_tau8p200_met0p0200_av1p586.txt
556 /Users/baj/Documents/roman_slitless_sims_seds/bc03_template_z0p659_ms10p62_age3p645_tau12p990_met0p0200_av1p519.txt
557 /Users/baj/Documents/roman_slitless_sims_seds/bc03_template_z0p850_ms11p18_age0p330_tau2p885_met0p0200_av1p118.txt
558 /Users/baj/Documents/roman_slitless_sims_seds/bc03_template_z0p483_ms11p18_age0p785_tau1p865_met0p0200_av1p250.txt
559 /Users/baj/Documents/roman_slitless_sims_seds/bc03_template_z1p506_ms10p62_age2p435_tau9p200_met0p0200_av1p664.txt
560 /Users/baj/Documents/roman_slitless_sims_seds/bc03_template_z0p851_ms10p68_age0p315_tau1p085_met0p0200_av2p835.txt
561 /Users/baj/Documents/roman_slitless_sims_seds/bc03_template_z0p090_ms11p38_age9p285_tau8p755_met0p0200_av1p616.txt
562 /Users/baj/Documents/roman_slitless_sims_seds/bc03_template_z0p390_ms10p20_age4p230_tau9p185_met0p0200_av0p631.txt
563 /Users/baj/Documents/roman_slitless_sims_seds/bc03_template_z0p934_ms10p05_age3p435_tau1p415_met0p0200_av3p704.txt
564 /Users/baj/Documents/roman_slitless_sims_seds/bc03_template_z1p040_ms11p45_age3p025_tau6p940_met0p0200_av1p703.txt
565 /Users/baj/Documents/roman_slitless_sims_seds/bc03_template_z0p653_ms10p79_age5p715_tau12p410_met0p0200_av2p442.txt
566 /Users/baj/Documents/roman_slitless_sims_seds/bc03_template_z1p158_ms11p17_age4p870_tau6p715_met0p0200_av0p306.txt
567 /Users/baj/Documents/roman_slitless_sims_seds/bc03_template_z1p102_ms10p42_age2p440_tau10p110_met0p0200_av0p417.txt
568 /Users/baj/Documents/roman_slitless_sims_seds/bc03_template_z0p327_ms10p05_age3p585_tau13p495_met0p0200_av2p779.txt
569 /Users/baj/Documents/roman_slitless_sims_seds/bc03_template_z1p028_ms11p06_age1p395_tau9p290_met0p0200_av4p240.txt
570 /Users/baj/Documents/roman_slitless_sims_seds/bc03_template_z2p398_ms10p05_age2p415_tau5p330_met0p0200_av2p278.txt
571 /Users/baj/Documents/roman_slitless_sims_seds/bc03_template_z0p937_ms11p05_age0p180_tau6p970_met0p0200_av4p873.txt
572 /Users/baj/Documents/roman_slitless_sims_seds/bc03_template_z1p174_ms10p52_age0p185_tau7p280_met0p0200_av1p308.txt
573 /Users/baj/Documents/roman_slitless_sims_seds/bc03_template_z0p734_ms10p18_age6p555_tau7p825_met0p0200_av0p350.txt
574 /Users/baj/Documents/roman_slitless_sims_seds/bc03_template_z0p468_ms10p42_age6p240_tau3p115_met0p0200_av4p698.txt
575 /Users/baj/Documents/roman_slitless_sims_seds/bc03_template_z0p403_ms11p39_age3p185_tau2p220_met0p0200_av0p612.txt
576 /Users/baj/Documents/roman_slitless_sims_seds/bc03_template_z1p172_ms11p11_age2p660_tau10p650_met0p0200_av0p413.txt
577 /Users/baj/Documents/roman_slitless_sims_seds/bc03_template_z0p900_ms10p29_age0p960_tau3p905_met0p0200_av0p380.txt
578 /Users/baj/Documents/roman_slitless_sims_seds/bc03_template_z0p750_ms11p14_age2p430_tau0p805_met0p0200_av2p814.txt
579 /Users/baj/Documents/roman_slitless_sims_seds/bc03_template_z0p690_ms11p17_age2p275_tau3p130_met0p0200_av1p349.txt
580 /Users/baj/Documents/roman_slitless_sims_seds/bc03_template_z0p431_ms10p53_age5p290_tau12p170_met0p0200_av1p636.txt
581 /Users/baj/Documents/roman_slitless_sims_seds/bc03_template_z1p210_ms10p32_age2p145_tau12p820_met0p0200_av1p921.txt
582 /Users/baj/Documents/roman_slitless_sims_seds/bc03_template_z0p526_ms10p06_age6p345_tau14p095_met0p0200_av1p302.txt
583 /Users/baj/Documents/roman_slitless_sims_seds/bc03_template_z2p370_ms11p09_age2p100_tau9p715_met0p0200_av3p058.txt
584 /Users/baj/Documents/roman_slitless_sims_seds/bc03_template_z0p594_ms11p02_age6p575_tau5p120_met0p0200_av4p893.txt
585 /Users/baj/Documents/roman_slitless_sims_seds/bc03_template_z0p730_ms10p94_age6p890_tau0p885_met0p0200_av4p660.txt
586 /Users/baj/Documents/roman_slitless_sims_seds/bc03_template_z0p878_ms10p91_age0p870_tau2p525_met0p0200_av2p807.txt
587 /Users/baj/Documents/roman_slitless_sims_seds/bc03_template_z0p850_ms10p52_age1p680_tau11p615_met0p0200_av3p952.txt
588 /Users/baj/Documents/roman_slitless_sims_seds/bc03_template_z1p099_ms10p08_age2p075_tau10p685_met0p0200_av1p829.txt
590 /Users/baj/Documents/roman_slitless_sims_seds/bc03_template_z0p654_ms10p26_age6p080_tau14p455_met0p0200_av2p024.txt
591 /Users/baj/Documents/roman_slitless_sims_seds/bc03_template_z0p824_ms10p36_age6p000_tau0p570_met0p0200_av2p169.txt
592 /Users/baj/Documents/roman_slitless_sims_seds/bc03_template_z0p679_ms10p41_age3p275_tau7p260_met0p0200_av3p472.txt
593 /Users/baj/Documents/roman_slitless_sims_seds/bc03_template_z0p742_ms10p85_age2p760_tau1p270_met0p0200_av1p462.txt
594 /Users/baj/Documents/roman_slitless_sims_seds/bc03_template_z0p526_ms11p30_age0p250_tau4p825_met0p0200_av2p106.txt
595 /Users/baj/Documents/roman_slitless_sims_seds/bc03_template_z0p835_ms10p52_age0p935_tau7p135_met0p0200_av2p830.txt
596 /Users/baj/Documents/roman_slitless_sims_seds/bc03_template_z0p270_ms10p35_age0p305_tau11p190_met0p0200_av0p505.txt
597 /Users/baj/Documents/roman_slitless_sims_seds/bc03_template_z0p813_ms11p00_age2p025_tau6p435_met0p0200_av3p876.txt
598 /Users/baj/Documents/roman_slitless_sims_seds/bc03_template_z0p577_ms10p50_age1p555_tau4p755_met0p0200_av3p441.txt
599 /Users/baj/Documents/roman_slitless_sims_seds/bc03_template_z0p356_ms11p14_age5p100_tau3p000_met0p0200_av3p016.txt
600 /Users/baj/Documents/roman_slitless_sims_seds/bc03_template_z0p617_ms10p68_age6p930_tau5p920_met0p0200_av2p275.txt
601 /Users/baj/Documents/roman_slitless_sims_seds/bc03_template_z0p570_ms10p71_age6p660_tau4p835_met0p0200_av2p815.txt
602 /Users/baj/Documents/roman_slitless_sims_seds/bc03_template_z0p680_ms10p05_age2p540_tau8p885_met0p0200_av4p899.txt
603 /Users/baj/Documents/roman_slitless_sims_seds/bc03_template_z0p682_ms10p80_age3p450_tau5p820_met0p0200_av4p872.txt
604 /Users/baj/Documents/roman_slitless_sims_seds/bc03_template_z0p093_ms10p83_age11p515_tau12p640_met0p0200_av1p636.txt
605 /Users/baj/Documents/roman_slitless_sims_seds/bc03_template_z0p410_ms11p41_age4p995_tau0p795_met0p0200_av0p350.txt
606 /Users/baj/Documents/roman_slitless_sims_seds/bc03_template_z0p720_ms10p98_age4p265_tau3p925_met0p0200_av4p884.txt
607 /Users/baj/Documents/roman_slitless_sims_seds/bc03_template_z0p780_ms10p71_age0p495_tau14p535_met0p0200_av4p970.txt
608 /Users/baj/Documents/roman_slitless_sims_seds/bc03_template_z0p527_ms10p42_age6p485_tau0p185_met0p0200_av0p330.txt
609 /Users/baj/Documents/roman_slitless_sims_seds/bc03_template_z1p268_ms11p11_age1p210_tau1p155_met0p0200_av0p991.txt
610 /Users/baj/Documents/roman_slitless_sims_seds/bc03_template_z1p090_ms10p76_age1p455_tau5p920_met0p0200_av4p570.txt
611 /Users/baj/Documents/roman_slitless_sims_seds/bc03_template_z0p516_ms10p36_age1p080_tau13p725_met0p0200_av4p716.txt
612 /Users/baj/Documents/roman_slitless_sims_seds/bc03_template_z0p651_ms10p56_age4p865_tau0p765_met0p0200_av1p770.txt
613 /Users/baj/Documents/roman_slitless_sims_seds/bc03_template_z1p039_ms10p77_age2p990_tau4p975_met0p0200_av1p079.txt
614 /Users/baj/Documents/roman_slitless_sims_seds/bc03_template_z1p083_ms10p17_age3p360_tau4p250_met0p0200_av3p502.txt
615 /Users/baj/Documents/roman_slitless_sims_seds/bc03_template_z0p339_ms11p50_age6p940_tau14p785_met0p0200_av0p455.txt
616 /Users/baj/Documents/roman_slitless_sims_seds/bc03_template_z0p150_ms11p33_age8p145_tau2p995_met0p0200_av3p516.txt
617 /Users/baj/Documents/roman_slitless_sims_seds/bc03_template_z1p075_ms11p45_age0p250_tau4p145_met0p0200_av2p225.txt
618 /Users/baj/Documents/roman_slitless_sims_seds/bc03_template_z1p183_ms10p91_age3p725_tau7p875_met0p0200_av0p541.txt
619 /Users/baj/Documents/roman_slitless_sims_seds/bc03_template_z1p610_ms10p82_age3p025_tau2p555_met0p0200_av4p168.txt
620 /Users/baj/Documents/roman_slitless_sims_seds/bc03_template_z1p142_ms11p05_age2p980_tau4p320_met0p0200_av1p427.txt
621 /Users/baj/Documents/roman_slitless_sims_seds/bc03_template_z0p218_ms10p64_age4p710_tau3p955_met0p0200_av2p702.txt
622 /Users/baj/Documents/roman_slitless_sims_seds/bc03_template_z0p660_ms10p08_age6p855_tau6p990_met0p0200_av0p450.txt
623 /Users/baj/Documents/roman_slitless_sims_seds/bc03_template_z1p252_ms10p94_age3p065_tau12p330_met0p0200_av2p630.txt
624 /Users/baj/Documents/roman_slitless_sims_seds/bc03_template_z0p759_ms10p58_age6p205_tau4p855_met0p0200_av0p078.txt
625 /Users/baj/Documents/roman_slitless_sims_seds/bc03_template_z0p263_ms11p12_age9p315_tau14p890_met0p0200_av3p666.txt
626 /Users/baj/Documents/roman_slitless_sims_seds/bc03_template_z0p380_ms11p05_age2p590_tau10p850_met0p0200_av2p745.txt
627 /Users/baj/Documents/roman_slitless_sims_seds/bc03_template_z0p594_ms10p44_age2p165_tau12p160_met0p0200_av2p626.txt
628 /Users/baj/Documents/roman_slitless_sims_seds/bc03_template_z1p282_ms10p77_age2p250_tau3p225_met0p0200_av3p753.txt
629 /Users/baj/Documents/roman_slitless_sims_seds/bc03_template_z0p748_ms10p73_age4p155_tau6p480_met0p0200_av3p421.txt
630 /Users/baj/Documents/roman_slitless_sims_seds/bc03_template_z0p230_ms11p36_age4p065_tau14p865_met0p0200_av0p076.txt
631 /Users/baj/Documents/roman_slitless_sims_seds/bc03_template_z0p320_ms11p32_age4p695_tau14p020_met0p0200_av0p772.txt
632 /Users/baj/Documents/roman_slitless_sims_seds/bc03_template_z0p773_ms10p55_age6p005_tau13p845_met0p0200_av0p923.txt
633 /Users/baj/Documents/roman_slitless_sims_seds/bc03_template_z1p256_ms10p61_age0p790_tau5p745_met0p0200_av2p855.txt
634 /Users/baj/Documents/roman_slitless_sims_seds/bc03_template_z0p434_ms10p06_age1p400_tau5p925_met0p0200_av2p657.txt
635 /Users/baj/Documents/roman_slitless_sims_seds/bc03_template_z0p961_ms10p45_age0p405_tau7p405_met0p0200_av3p975.txt
636 /Users/baj/Documents/roman_slitless_sims_seds/bc03_template_z0p335_ms11p36_age7p115_tau3p610_met0p0200_av0p172.txt
637 /Users/baj/Documents/roman_slitless_sims_seds/bc03_template_z0p722_ms11p32_age0p515_tau1p355_met0p0200_av2p333.txt
638 /Users/baj/Documents/roman_slitless_sims_seds/bc03_template_z2p217_ms10p97_age1p235_tau14p620_met0p0200_av1p170.txt
639 /Users/baj/Documents/roman_slitless_sims_seds/bc03_template_z0p748_ms10p85_age3p875_tau12p325_met0p0200_av1p664.txt
640 /Users/baj/Documents/roman_slitless_sims_seds/bc03_template_z0p932_ms10p08_age4p725_tau4p885_met0p0200_av3p500.txt
641 /Users/baj/Documents/roman_slitless_sims_seds/bc03_template_z1p271_ms10p20_age1p325_tau10p085_met0p0200_av1p479.txt
642 /Users/baj/Documents/roman_slitless_sims_seds/bc03_template_z0p822_ms10p76_age4p280_tau12p185_met0p0200_av3p218.txt
643 /Users/baj/Documents/roman_slitless_sims_seds/bc03_template_z0p749_ms11p00_age4p495_tau14p905_met0p0200_av2p210.txt
644 /Users/baj/Documents/roman_slitless_sims_seds/bc03_template_z1p307_ms11p36_age1p270_tau4p545_met0p0200_av2p380.txt
645 /Users/baj/Documents/roman_slitless_sims_seds/bc03_template_z0p672_ms10p02_age1p310_tau7p845_met0p0200_av4p861.txt
646 /Users/baj/Documents/roman_slitless_sims_seds/bc03_template_z1p257_ms10p33_age2p380_tau0p770_met0p0200_av1p288.txt
647 /Users/baj/Documents/roman_slitless_sims_seds/bc03_template_z1p257_ms10p71_age4p490_tau0p015_met0p0200_av2p021.txt
648 /Users/baj/Documents/roman_slitless_sims_seds/bc03_template_z0p286_ms11p15_age8p325_tau9p195_met0p0200_av3p245.txt
649 /Users/baj/Documents/roman_slitless_sims_seds/bc03_template_z0p771_ms11p32_age3p675_tau5p210_met0p0200_av3p044.txt
650 /Users/baj/Documents/roman_slitless_sims_seds/bc03_template_z0p641_ms11p36_age5p905_tau5p890_met0p0200_av0p309.txt
651 /Users/baj/Documents/roman_slitless_sims_seds/bc03_template_z0p831_ms10p12_age5p545_tau3p465_met0p0200_av0p845.txt
652 /Users/baj/Documents/roman_slitless_sims_seds/bc03_template_z0p346_ms10p82_age9p005_tau9p020_met0p0200_av2p579.txt
653 /Users/baj/Documents/roman_slitless_sims_seds/bc03_template_z0p720_ms10p41_age0p470_tau8p040_met0p0200_av2p616.txt
654 /Users/baj/Documents/roman_slitless_sims_seds/bc03_template_z1p038_ms10p92_age1p540_tau9p870_met0p0200_av1p980.txt
655 /Users/baj/Documents/roman_slitless_sims_seds/bc03_template_z0p438_ms11p00_age6p935_tau12p810_met0p0200_av1p270.txt
656 /Users/baj/Documents/roman_slitless_sims_seds/bc03_template_z0p650_ms10p77_age3p175_tau10p235_met0p0200_av2p651.txt
657 /Users/baj/Documents/roman_slitless_sims_seds/bc03_template_z0p419_ms10p82_age7p185_tau7p705_met0p0200_av3p126.txt
658 /Users/baj/Documents/roman_slitless_sims_seds/bc03_template_z0p286_ms11p27_age1p390_tau10p340_met0p0200_av2p592.txt
659 /Users/baj/Documents/roman_slitless_sims_seds/bc03_template_z0p647_ms10p88_age6p155_tau10p970_met0p0200_av3p901.txt
660 /Users/baj/Documents/roman_slitless_sims_seds/bc03_template_z0p571_ms10p70_age2p190_tau0p350_met0p0200_av3p603.txt
661 /Users/baj/Documents/roman_slitless_sims_seds/bc03_template_z1p338_ms10p11_age3p385_tau8p875_met0p0200_av4p397.txt
662 /Users/baj/Documents/roman_slitless_sims_seds/bc03_template_z0p497_ms10p65_age3p990_tau10p345_met0p0200_av4p798.txt
663 /Users/baj/Documents/roman_slitless_sims_seds/bc03_template_z0p485_ms10p27_age0p555_tau0p790_met0p0200_av3p406.txt
664 /Users/baj/Documents/roman_slitless_sims_seds/bc03_template_z0p441_ms10p12_age7p995_tau10p250_met0p0200_av4p825.txt
666 /Users/baj/Documents/roman_slitless_sims_seds/bc03_template_z0p212_ms11p09_age9p660_tau1p295_met0p0200_av4p144.txt
667 /Users/baj/Documents/roman_slitless_sims_seds/bc03_template_z0p830_ms10p56_age6p070_tau7p390_met0p0200_av2p063.txt
668 /Users/baj/Documents/roman_slitless_sims_seds/bc03_template_z0p878_ms11p27_age5p285_tau5p545_met0p0200_av0p281.txt
669 /Users/baj/Documents/roman_slitless_sims_seds/bc03_template_z1p441_ms10p94_age3p715_tau5p210_met0p0200_av4p326.txt
670 /Users/baj/Documents/roman_slitless_sims_seds/bc03_template_z1p084_ms10p36_age2p130_tau14p285_met0p0200_av1p583.txt
671 /Users/baj/Documents/roman_slitless_sims_seds/bc03_template_z1p070_ms10p62_age2p860_tau10p300_met0p0200_av3p686.txt
672 /Users/baj/Documents/roman_slitless_sims_seds/bc03_template_z0p998_ms11p47_age4p920_tau6p120_met0p0200_av1p381.txt
673 /Users/baj/Documents/roman_slitless_sims_seds/bc03_template_z0p513_ms10p65_age7p400_tau11p265_met0p0200_av4p850.txt
674 /Users/baj/Documents/roman_slitless_sims_seds/bc03_template_z0p735_ms10p12_age1p265_tau4p630_met0p0200_av0p452.txt
675 /Users/baj/Documents/roman_slitless_sims_seds/bc03_template_z0p353_ms11p41_age3p485_tau7p575_met0p0200_av2p192.txt
676 /Users/baj/Documents/roman_slitless_sims_seds/bc03_template_z0p894_ms10p14_age4p510_tau3p280_met0p0200_av0p458.txt
677 /Users/baj/Documents/roman_slitless_sims_seds/bc03_template_z0p686_ms11p15_age6p510_tau3p645_met0p0200_av2p670.txt
678 /Users/baj/Documents/roman_slitless_sims_seds/bc03_template_z0p200_ms11p00_age10p775_tau7p175_met0p0200_av3p287.txt
679 /Users/baj/Documents/roman_slitless_sims_seds/bc03_template_z0p911_ms10p80_age5p775_tau10p995_met0p0200_av4p357.txt
680 /Users/baj/Documents/roman_slitless_sims_seds/bc03_template_z0p899_ms11p48_age4p775_tau8p705_met0p0200_av3p697.txt
681 /Users/baj/Documents/roman_slitless_sims_seds/bc03_template_z0p735_ms10p24_age6p320_tau11p370_met0p0200_av4p385.txt
682 /Users/baj/Documents/roman_slitless_sims_seds/bc03_template_z0p410_ms11p02_age8p415_tau10p990_met0p0200_av2p701.txt
683 /Users/baj/Documents/roman_slitless_sims_seds/bc03_template_z0p660_ms10p88_age6p545_tau6p030_met0p0200_av2p431.txt
684 /Users/baj/Documents/roman_slitless_sims_seds/bc03_template_z1p156_ms10p06_age3p945_tau0p945_met0p0200_av1p002.txt
685 /Users/baj/Documents/roman_slitless_sims_seds/bc03_template_z0p674_ms11p42_age4p580_tau3p480_met0p0200_av3p563.txt
686 /Users/baj/Documents/roman_slitless_sims_seds/bc03_template_z0p930_ms10p53_age1p110_tau4p515_met0p0200_av3p344.txt
687 /Users/baj/Documents/roman_slitless_sims_seds/bc03_template_z1p258_ms10p85_age3p645_tau6p750_met0p0200_av0p522.txt
688 /Users/baj/Documents/roman_slitless_sims_seds/bc03_template_z1p332_ms10p92_age1p690_tau2p830_met0p0200_av4p806.txt
689 /Users/baj/Documents/roman_slitless_sims_seds/bc03_template_z0p731_ms10p52_age3p065_tau14p405_met0p0200_av2p394.txt
690 /Users/baj/Documents/roman_slitless_sims_seds/bc03_template_z0p100_ms11p29_age6p635_tau2p770_met0p0200_av4p703.txt
691 /Users/baj/Documents/roman_slitless_sims_seds/bc03_template_z1p120_ms10p73_age1p395_tau3p665_met0p0200_av0p843.txt
692 /Users/baj/Documents/roman_slitless_sims_seds/bc03_template_z1p357_ms10p29_age1p430_tau7p095_met0p0200_av2p238.txt
693 /Users/baj/Documents/roman_slitless_sims_seds/bc03_template_z1p381_ms11p05_age1p800_tau1p530_met0p0200_av3p421.txt
694 /Users/baj/Documents/roman_slitless_sims_seds/bc03_template_z0p726_ms11p08_age0p470_tau3p545_met0p0200_av0p036.txt
695 /Users/baj/Documents/roman_slitless_sims_seds/bc03_template_z0p516_ms11p02_age7p810_tau2p000_met0p0200_av0p583.txt
696 /Users/baj/Documents/roman_slitless_sims_seds/bc03_template_z1p028_ms10p53_age4p390_tau2p715_met0p0200_av1p366.txt
697 /Users/baj/Documents/roman_slitless_sims_seds/bc03_template_z0p510_ms10p17_age0p730_tau7p195_met0p0200_av4p586.txt
698 /Users/baj/Documents/roman_slitless_sims_seds/bc03_template_z1p266_ms11p48_age1p495_tau14p475_met0p0200_av4p279.txt
699 /Users/baj/Documents/roman_slitless_sims_seds/bc03_template_z1p457_ms11p27_age2p160_tau13p195_met0p0200_av1p564.txt
700 /Users/baj/Documents/roman_slitless_sims_seds/bc03_template_z0p684_ms10p05_age4p475_tau2p120_met0p0200_av1p821.txt
701 /Users/baj/Documents/roman_slitless_sims_seds/bc03_template_z0p159_ms10p58_age8p500_tau2p005_met0p0200_av2p145.txt
702 /Users/baj/Documents/roman_slitless_sims_seds/bc03_template_z0p728_ms10p91_age4p560_tau7p765_met0p0200_av3p458.txt
703 /Users/baj/Documents/roman_slitless_sims_seds/bc03_template_z0p663_ms10p83_age5p855_tau0p620_met0p0200_av4p944.txt
704 /Users/baj/Documents/roman_slitless_sims_seds/bc03_template_z1p188_ms10p70_age2p045_tau14p080_met0p0200_av2p715.txt
705 /Users/baj/Documents/roman_slitless_sims_seds/bc03_template_z0p726_ms10p83_age0p400_tau8p255_met0p0200_av4p209.txt
706 /Users/baj/Documents/roman_slitless_sims_seds/bc03_template_z1p005_ms10p89_age5p305_tau14p185_met0p0200_av0p935.txt
707 /Users/baj/Documents/roman_slitless_sims_seds/bc03_template_z0p890_ms10p39_age2p165_tau0p745_met0p0200_av2p243.txt
708 /Users/baj/Documents/roman_slitless_sims_seds/bc03_template_z0p783_ms11p20_age1p465_tau10p640_met0p0200_av3p146.txt
709 /Users/baj/Documents/roman_slitless_sims_seds/bc03_template_z1p603_ms10p21_age2p910_tau13p075_met0p0200_av4p012.txt
710 /Users/baj/Documents/roman_slitless_sims_seds/bc03_template_z1p345_ms10p50_age2p565_tau3p995_met0p0200_av1p491.txt
711 /Users/baj/Documents/roman_slitless_sims_seds/bc03_template_z0p276_ms11p08_age1p640_tau13p320_met0p0200_av0p826.txt
712 /Users/baj/Documents/roman_slitless_sims_seds/bc03_template_z1p086_ms11p47_age3p830_tau1p140_met0p0200_av3p253.txt
713 /Users/baj/Documents/roman_slitless_sims_seds/bc03_template_z0p725_ms10p97_age2p000_tau6p615_met0p0200_av3p960.txt
714 /Users/baj/Documents/roman_slitless_sims_seds/bc03_template_z0p479_ms11p14_age8p055_tau0p900_met0p0200_av1p024.txt
715 /Users/baj/Documents/roman_slitless_sims_seds/bc03_template_z0p474_ms10p50_age4p005_tau14p135_met0p0200_av3p001.txt
716 /Users/baj/Documents/roman_slitless_sims_seds/bc03_template_z0p735_ms10p53_age4p495_tau4p255_met0p0200_av1p120.txt
717 /Users/baj/Documents/roman_slitless_sims_seds/bc03_template_z2p584_ms10p65_age0p480_tau1p935_met0p0200_av1p731.txt
718 /Users/baj/Documents/roman_slitless_sims_seds/bc03_template_z0p359_ms11p36_age6p525_tau2p280_met0p0200_av1p332.txt
719 /Users/baj/Documents/roman_slitless_sims_seds/bc03_template_z1p366_ms10p50_age0p425_tau11p940_met0p0200_av0p229.txt
720 /Users/baj/Documents/roman_slitless_sims_seds/bc03_template_z0p504_ms10p50_age4p775_tau12p535_met0p0200_av1p055.txt
721 /Users/baj/Documents/roman_slitless_sims_seds/bc03_template_z0p570_ms10p61_age1p830_tau13p135_met0p0200_av1p248.txt
722 /Users/baj/Documents/roman_slitless_sims_seds/bc03_template_z1p030_ms10p92_age0p330_tau11p135_met0p0200_av3p902.txt
723 /Users/baj/Documents/roman_slitless_sims_seds/bc03_template_z0p656_ms10p14_age1p640_tau5p495_met0p0200_av0p792.txt
724 /Users/baj/Documents/roman_slitless_sims_seds/bc03_template_z1p086_ms10p21_age3p265_tau2p615_met0p0200_av3p474.txt
725 /Users/baj/Documents/roman_slitless_sims_seds/bc03_template_z0p913_ms10p83_age2p145_tau0p495_met0p0200_av2p076.txt
726 /Users/baj/Documents/roman_slitless_sims_seds/bc03_template_z0p630_ms10p08_age1p785_tau7p440_met0p0200_av3p617.txt
727 /Users/baj/Documents/roman_slitless_sims_seds/bc03_template_z0p625_ms10p98_age1p260_tau3p745_met0p0200_av2p674.txt
728 /Users/baj/Documents/roman_slitless_sims_seds/bc03_template_z0p432_ms11p36_age6p020_tau5p870_met0p0200_av1p187.txt
729 /Users/baj/Documents/roman_slitless_sims_seds/bc03_template_z0p923_ms10p27_age3p640_tau6p040_met0p0200_av3p216.txt
730 /Users/baj/Documents/roman_slitless_sims_seds/bc03_template_z0p897_ms10p79_age1p020_tau1p160_met0p0200_av0p940.txt
731 /Users/baj/Documents/roman_slitless_sims_seds/bc03_template_z0p626_ms10p12_age3p970_tau0p870_met0p0200_av3p175.txt
732 /Users/baj/Documents/roman_slitless_sims_seds/bc03_template_z0p286_ms10p24_age8p365_tau13p745_met0p0200_av0p024.txt
733 /Users/baj/Documents/roman_slitless_sims_seds/bc03_template_z0p230_ms10p89_age8p760_tau10p370_met0p0200_av2p197.txt
734 /Users/baj/Documents/roman_slitless_sims_seds/bc03_template_z0p319_ms11p41_age3p095_tau1p000_met0p0200_av0p505.txt
736 /Users/baj/Documents/roman_slitless_sims_seds/bc03_template_z0p681_ms11p14_age3p085_tau13p890_met0p0200_av3p076.txt
737 /Users/baj/Documents/roman_slitless_sims_seds/bc03_template_z0p803_ms11p23_age4p720_tau3p375_met0p0200_av0p999.txt
738 /Users/baj/Documents/roman_slitless_sims_seds/bc03_template_z0p747_ms10p71_age0p725_tau8p300_met0p0200_av2p476.txt
739 /Users/baj/Documents/roman_slitless_sims_seds/bc03_template_z0p940_ms10p50_age5p300_tau11p190_met0p0200_av1p080.txt
740 /Users/baj/Documents/roman_slitless_sims_seds/bc03_template_z0p686_ms11p47_age7p110_tau14p870_met0p0200_av2p826.txt
741 /Users/baj/Documents/roman_slitless_sims_seds/bc03_template_z1p123_ms11p21_age0p540_tau11p430_met0p0200_av1p896.txt
742 /Users/baj/Documents/roman_slitless_sims_seds/bc03_template_z0p708_ms10p71_age0p630_tau10p675_met0p0200_av3p283.txt
743 /Users/baj/Documents/roman_slitless_sims_seds/bc03_template_z1p126_ms10p42_age1p320_tau4p370_met0p0200_av4p160.txt
744 /Users/baj/Documents/roman_slitless_sims_seds/bc03_template_z0p486_ms10p47_age6p960_tau7p085_met0p0200_av1p750.txt
745 /Users/baj/Documents/roman_slitless_sims_seds/bc03_template_z0p475_ms10p97_age6p605_tau7p725_met0p0200_av2p808.txt
746 /Users/baj/Documents/roman_slitless_sims_seds/bc03_template_z0p354_ms11p06_age5p980_tau14p660_met0p0200_av1p424.txt
747 /Users/baj/Documents/roman_slitless_sims_seds/bc03_template_z1p151_ms11p06_age2p745_tau10p470_met0p0200_av0p889.txt
748 /Users/baj/Documents/roman_slitless_sims_seds/bc03_template_z0p600_ms10p44_age1p035_tau3p840_met0p0200_av3p656.txt
749 /Users/baj/Documents/roman_slitless_sims_seds/bc03_template_z0p646_ms11p47_age5p930_tau11p525_met0p0200_av2p619.txt
750 /Users/baj/Documents/roman_slitless_sims_seds/bc03_template_z0p484_ms11p45_age1p315_tau3p135_met0p0200_av2p889.txt
751 /Users/baj/Documents/roman_slitless_sims_seds/bc03_template_z0p079_ms10p61_age7p255_tau14p580_met0p0200_av1p730.txt
752 /Users/baj/Documents/roman_slitless_sims_seds/bc03_template_z0p553_ms10p91_age5p825_tau14p650_met0p0200_av1p156.txt
753 /Users/baj/Documents/roman_slitless_sims_seds/bc03_template_z1p158_ms10p45_age3p935_tau13p545_met0p0200_av1p857.txt
754 /Users/baj/Documents/roman_slitless_sims_seds/bc03_template_z1p480_ms10p02_age2p200_tau7p165_met0p0200_av4p080.txt
755 /Users/baj/Documents/roman_slitless_sims_seds/bc03_template_z0p587_ms10p80_age3p710_tau10p940_met0p0200_av4p136.txt
756 /Users/baj/Documents/roman_slitless_sims_seds/bc03_template_z0p573_ms10p39_age6p245_tau12p690_met0p0200_av2p572.txt
757 /Users/baj/Documents/roman_slitless_sims_seds/bc03_template_z0p659_ms10p68_age3p930_tau7p945_met0p0200_av2p437.txt
758 /Users/baj/Documents/roman_slitless_sims_seds/bc03_template_z1p500_ms10p20_age0p675_tau14p925_met0p0200_av2p071.txt
759 /Users/baj/Documents/roman_slitless_sims_seds/bc03_template_z0p200_ms11p45_age7p380_tau2p815_met0p0200_av3p791.txt
760 /Users/baj/Documents/roman_slitless_sims_seds/bc03_template_z1p400_ms11p30_age1p985_tau12p115_met0p0200_av2p837.txt
761 /Users/baj/Documents/roman_slitless_sims_seds/bc03_template_z0p507_ms11p11_age5p475_tau11p010_met0p0200_av0p123.txt
762 /Users/baj/Documents/roman_slitless_sims_seds/bc03_template_z0p938_ms10p52_age0p205_tau6p740_met0p0200_av1p109.txt
763 /Users/baj/Documents/roman_slitless_sims_seds/bc03_template_z0p267_ms11p00_age7p950_tau1p050_met0p0200_av2p036.txt
764 /Users/baj/Documents/roman_slitless_sims_seds/bc03_template_z0p671_ms11p33_age1p540_tau6p750_met0p0200_av2p257.txt
765 /Users/baj/Documents/roman_slitless_sims_seds/bc03_template_z1p010_ms11p50_age3p960_tau13p350_met0p0200_av1p335.txt
766 /Users/baj/Documents/roman_slitless_sims_seds/salt2_spec_day23_z0p485_av0p811.txt
767 /Users/baj/Documents/roman_slitless_sims_seds/bc03_template_z0p470_ms10p20_age2p210_tau9p850_met0p0200_av0p052.txt
768 /Users/baj/Documents/roman_slitless_sims_seds/bc03_template_z0p924_ms11p02_age1p680_tau13p450_met0p0200_av1p743.txt
769 /Users/baj/Documents/roman_slitless_sims_seds/bc03_template_z0p253_ms10p95_age10p075_tau12p645_met0p0200_av3p578.txt
770 /Users/baj/Documents/roman_slitless_sims_seds/bc03_template_z0p833_ms10p50_age1p600_tau11p620_met0p0200_av0p981.txt
771 /Users/baj/Documents/roman_slitless_sims_seds/bc03_template_z0p771_ms10p41_age6p565_tau7p685_met0p0200_av3p774.txt
772 /Users/baj/Documents/roman_slitless_sims_seds/bc03_template_z0p448_ms10p73_age4p625_tau5p300_met0p0200_av3p977.txt
773 /Users/baj/Documents/roman_slitless_sims_seds/bc03_template_z0p876_ms10p91_age5p075_tau1p895_met0p0200_av0p410.txt
774 /Users/baj/Documents/roman_slitless_sims_seds/bc03_template_z0p505_ms10p58_age0p880_tau0p825_met0p0200_av4p717.txt
775 /Users/baj/Documents/roman_slitless_sims_seds/bc03_template_z0p954_ms10p55_age0p545_tau5p765_met0p0200_av4p452.txt
776 /Users/baj/Documents/roman_slitless_sims_seds/bc03_template_z0p350_ms10p36_age7p040_tau1p345_met0p0200_av4p295.txt
777 /Users/baj/Documents/roman_slitless_sims_seds/bc03_template_z1p620_ms10p30_age0p865_tau4p635_met0p0200_av1p992.txt
778 /Users/baj/Documents/roman_slitless_sims_seds/bc03_template_z0p920_ms10p47_age4p525_tau9p835_met0p0200_av3p240.txt
779 /Users/baj/Documents/roman_slitless_sims_seds/bc03_template_z0p247_ms10p80_age4p460_tau13p675_met0p0200_av2p450.txt
780 /Users/baj/Documents/roman_slitless_sims_seds/bc03_template_z0p861_ms11p39_age3p625_tau3p000_met0p0200_av2p880.txt
781 /Users/baj/Documents/roman_slitless_sims_seds/bc03_template_z0p880_ms10p11_age2p650_tau9p300_met0p0200_av3p062.txt
782 /Users/baj/Documents/roman_slitless_sims_seds/bc03_template_z1p433_ms10p89_age0p605_tau13p450_met0p0200_av2p396.txt
783 /Users/baj/Documents/roman_slitless_sims_seds/bc03_template_z0p220_ms11p27_age1p935_tau4p565_met0p0200_av2p984.txt
784 /Users/baj/Documents/roman_slitless_sims_seds/bc03_template_z0p203_ms10p71_age10p105_tau13p545_met0p0200_av0p549.txt
785 /Users/baj/Documents/roman_slitless_sims_seds/bc03_template_z0p475_ms10p21_age5p215_tau7p150_met0p0200_av4p428.txt
786 /Users/baj/Documents/roman_slitless_sims_seds/bc03_template_z0p260_ms10p76_age2p200_tau1p720_met0p0200_av2p904.txt
787 /Users/baj/Documents/roman_slitless_sims_seds/bc03_template_z0p796_ms11p27_age1p195_tau2p595_met0p0200_av0p812.txt
788 /Users/baj/Documents/roman_slitless_sims_seds/bc03_template_z0p937_ms11p38_age4p490_tau9p440_met0p0200_av4p711.txt
789 /Users/baj/Documents/roman_slitless_sims_seds/bc03_template_z0p923_ms11p38_age2p010_tau11p585_met0p0200_av2p891.txt
790 /Users/baj/Documents/roman_slitless_sims_seds/bc03_template_z0p103_ms11p41_age0p940_tau10p685_met0p0200_av3p736.txt
792 /Users/baj/Documents/roman_slitless_sims_seds/bc03_template_z0p533_ms11p09_age0p645_tau6p570_met0p0200_av0p548.txt
793 /Users/baj/Documents/roman_slitless_sims_seds/bc03_template_z0p446_ms10p23_age4p975_tau8p930_met0p0200_av0p594.txt
794 /Users/baj/Documents/roman_slitless_sims_seds/bc03_template_z0p116_ms10p45_age9p370_tau9p135_met0p0200_av1p728.txt
795 /Users/baj/Documents/roman_slitless_sims_seds/bc03_template_z0p900_ms10p29_age2p225_tau11p160_met0p0200_av2p937.txt
796 /Users/baj/Documents/roman_slitless_sims_seds/bc03_template_z1p922_ms11p50_age0p305_tau6p435_met0p0200_av4p984.txt
797 /Users/baj/Documents/roman_slitless_sims_seds/bc03_template_z0p667_ms10p53_age4p070_tau5p655_met0p0200_av1p569.txt
798 /Users/baj/Documents/roman_slitless_sims_seds/bc03_template_z1p419_ms10p41_age0p675_tau1p795_met0p0200_av4p200.txt
799 /Users/baj/Documents/roman_slitless_sims_seds/bc03_template_z0p532_ms10p39_age2p125_tau1p520_met0p0200_av0p088.txt
800 /Users/baj/Documents/roman_slitless_sims_seds/bc03_template_z0p656_ms10p91_age0p885_tau13p005_met0p0200_av4p002.txt
801 /Users/baj/Documents/roman_slitless_sims_seds/bc03_template_z0p910_ms11p20_age0p685_tau6p360_met0p0200_av0p682.txt
802 /Users/baj/Documents/roman_slitless_sims_seds/bc03_template_z1p210_ms10p24_age3p460_tau5p690_met0p0200_av3p480.txt
803 /Users/baj/Documents/roman_slitless_sims_seds/bc03_template_z1p609_ms11p12_age1p540_tau1p060_met0p0200_av0p378.txt
804 /Users/baj/Documents/roman_slitless_sims_seds/bc03_template_z0p258_ms11p36_age8p735_tau0p350_met0p0200_av0p135.txt
805 /Users/baj/Documents/roman_slitless_sims_seds/bc03_template_z1p299_ms10p12_age4p240_tau6p305_met0p0200_av2p004.txt
806 /Users/baj/Documents/roman_slitless_sims_seds/bc03_template_z0p880_ms10p32_age0p465_tau1p005_met0p0200_av2p079.txt
807 /Users/baj/Documents/roman_slitless_sims_seds/bc03_template_z0p670_ms10p94_age1p865_tau6p195_met0p0200_av0p508.txt
808 /Users/baj/Documents/roman_slitless_sims_seds/bc03_template_z0p690_ms10p24_age6p660_tau2p030_met0p0200_av3p389.txt
809 /Users/baj/Documents/roman_slitless_sims_seds/bc03_template_z0p688_ms10p17_age6p240_tau14p175_met0p0200_av2p570.txt
810 /Users/baj/Documents/roman_slitless_sims_seds/bc03_template_z1p130_ms11p24_age0p855_tau14p610_met0p0200_av1p695.txt
811 /Users/baj/Documents/roman_slitless_sims_seds/bc03_template_z0p570_ms10p77_age0p605_tau14p260_met0p0200_av2p304.txt
812 /Users/baj/Documents/roman_slitless_sims_seds/bc03_template_z0p863_ms11p45_age0p685_tau7p840_met0p0200_av1p915.txt
813 /Users/baj/Documents/roman_slitless_sims_seds/bc03_template_z0p666_ms10p55_age4p355_tau10p590_met0p0200_av3p168.txt
814 /Users/baj/Documents/roman_slitless_sims_seds/bc03_template_z1p277_ms11p36_age4p080_tau2p630_met0p0200_av4p709.txt
815 /Users/baj/Documents/roman_slitless_sims_seds/bc03_template_z1p572_ms10p18_age2p595_tau11p110_met0p0200_av2p670.txt
816 /Users/baj/Documents/roman_slitless_sims_seds/bc03_template_z1p020_ms11p00_age3p940_tau4p515_met0p0200_av1p246.txt
817 /Users/baj/Documents/roman_slitless_sims_seds/bc03_template_z0p635_ms11p27_age1p580_tau6p415_met0p0200_av3p768.txt
818 /Users/baj/Documents/roman_slitless_sims_seds/bc03_template_z0p815_ms11p11_age1p785_tau12p275_met0p0200_av3p125.txt
819 /Users/baj/Documents/roman_slitless_sims_seds/bc03_template_z0p949_ms10p30_age3p885_tau5p040_met0p0200_av1p580.txt
820 /Users/baj/Documents/roman_slitless_sims_seds/bc03_template_z1p359_ms10p85_age0p135_tau9p645_met0p0200_av3p809.txt
821 /Users/baj/Documents/roman_slitless_sims_seds/bc03_template_z0p459_ms10p83_age5p150_tau11p230_met0p0200_av3p691.txt
822 /Users/baj/Documents/roman_slitless_sims_seds/bc03_template_z0p534_ms10p74_age1p510_tau10p470_met0p0200_av4p018.txt
823 /Users/baj/Documents/roman_slitless_sims_seds/bc03_template_z0p727_ms11p17_age6p815_tau4p265_met0p0200_av4p520.txt
824 /Users/baj/Documents/roman_slitless_sims_seds/bc03_template_z0p621_ms10p53_age2p050_tau5p740_met0p0200_av4p140.txt
825 /Users/baj/Documents/roman_slitless_sims_seds/bc03_template_z0p528_ms10p35_age2p820_tau5p505_met0p0200_av0p177.txt
826 /Users/baj/Documents/roman_slitless_sims_seds/bc03_template_z0p559_ms11p03_age3p415_tau14p845_met0p0200_av3p354.txt
827 /Users/baj/Documents/roman_slitless_sims_seds/bc03_template_z0p246_ms10p30_age3p960_tau4p845_met0p0200_av0p096.txt
828 /Users/baj/Documents/roman_slitless_sims_seds/bc03_template_z1p009_ms10p70_age1p850_tau13p295_met0p0200_av3p644.txt
829 /Users/baj/Documents/roman_slitless_sims_seds/bc03_template_z1p270_ms10p03_age2p235_tau2p945_met0p0200_av1p650.txt
830 /Users/baj/Documents/roman_slitless_sims_seds/bc03_template_z0p474_ms10p15_age7p935_tau4p530_met0p0200_av1p482.txt
831 /Users/baj/Documents/roman_slitless_sims_seds/bc03_template_z1p938_ms10p92_age1p445_tau11p580_met0p0200_av4p752.txt
832 /Users/baj/Documents/roman_slitless_sims_seds/bc03_template_z0p875_ms10p11_age5p380_tau8p355_met0p0200_av1p435.txt
833 /Users/baj/Documents/roman_slitless_sims_seds/bc03_template_z0p833_ms10p53_age6p290_tau5p280_met0p0200_av2p732.txt
834 /Users/baj/Documents/roman_slitless_sims_seds/bc03_template_z0p672_ms10p77_age6p230_tau2p945_met0p0200_av0p550.txt
835 /Users/baj/Documents/roman_slitless_sims_seds/bc03_template_z0p504_ms10p14_age3p080_tau11p505_met0p0200_av0p141.txt
836 /Users/baj/Documents/roman_slitless_sims_seds/bc03_template_z0p549_ms10p38_age0p895_tau13p375_met0p0200_av3p861.txt
