# 1: SEGMENTATION ID
# 2: SED FILE
1 /Users/baj/Documents/roman_slitless_sims_seds/bc03_template_z0p549_ms10p14_age3p965_tau1p210_met0p0200_av3p412.txt
2 /Users/baj/Documents/roman_slitless_sims_seds/bc03_template_z0p545_ms11p42_age4p460_tau11p405_met0p0200_av4p898.txt
3 /Users/baj/Documents/roman_slitless_sims_seds/bc03_template_z0p770_ms10p18_age0p555_tau14p995_met0p0200_av1p612.txt
4 /Users/baj/Documents/roman_slitless_sims_seds/bc03_template_z0p549_ms11p21_age7p445_tau9p525_met0p0200_av2p020.txt
5 /Users/baj/Documents/roman_slitless_sims_seds/bc03_template_z1p220_ms11p38_age3p045_tau5p980_met0p0200_av1p800.txt
6 /Users/baj/Documents/roman_slitless_sims_seds/bc03_template_z1p024_ms11p50_age2p340_tau14p900_met0p0200_av3p582.txt
7 /Users/baj/Documents/roman_slitless_sims_seds/bc03_template_z1p276_ms10p89_age2p570_tau13p900_met0p0200_av4p047.txt
8 /Users/baj/Documents/roman_slitless_sims_seds/bc03_template_z0p738_ms11p12_age1p330_tau13p215_met0p0200_av4p197.txt
9 /Users/baj/Documents/roman_slitless_sims_seds/bc03_template_z1p282_ms11p05_age4p220_tau5p440_met0p0200_av3p715.txt
10 /Users/baj/Documents/roman_slitless_sims_seds/bc03_template_z0p566_ms11p33_age0p700_tau8p290_met0p0200_av1p625.txt
11 /Users/baj/Documents/roman_slitless_sims_seds/bc03_template_z0p498_ms10p97_age8p130_tau2p905_met0p0200_av4p968.txt
12 /Users/baj/Documents/roman_slitless_sims_seds/bc03_template_z0p880_ms10p62_age1p840_tau5p335_met0p0200_av4p749.txt
13 /Users/baj/Documents/roman_slitless_sims_seds/bc03_template_z0p382_ms10p65_age5p415_tau11p505_met0p0200_av2p830.txt
14 /Users/baj/Documents/roman_slitless_sims_seds/bc03_template_z1p099_ms11p36_age1p670_tau14p760_met0p0200_av4p707.txt
15 /Users/baj/Documents/roman_slitless_sims_seds/bc03_template_z0p873_ms10p12_age3p560_tau9p810_met0p0200_av4p136.txt
17 /Users/baj/Documents/roman_slitless_sims_seds/bc03_template_z0p555_ms10p30_age2p155_tau13p470_met0p0200_av0p454.txt
18 /Users/baj/Documents/roman_slitless_sims_seds/bc03_template_z0p660_ms10p89_age4p490_tau12p365_met0p0200_av4p903.txt
19 /Users/baj/Documents/roman_slitless_sims_seds/bc03_template_z0p632_ms10p35_age5p590_tau12p945_met0p0200_av4p975.txt
20 /Users/baj/Documents/roman_slitless_sims_seds/bc03_template_z0p970_ms10p14_age3p530_tau10p980_met0p0200_av3p991.txt
21 /Users/baj/Documents/roman_slitless_sims_seds/bc03_template_z2p098_ms10p02_age0p970_tau6p965_met0p0200_av4p446.txt
22 /Users/baj/Documents/roman_slitless_sims_seds/bc03_template_z0p626_ms10p98_age6p960_tau14p585_met0p0200_av4p260.txt
23 /Users/baj/Documents/roman_slitless_sims_seds/bc03_template_z1p229_ms11p00_age3p400_tau12p235_met0p0200_av3p799.txt
24 /Users/baj/Documents/roman_slitless_sims_seds/bc03_template_z0p839_ms10p08_age3p860_tau5p940_met0p0200_av0p791.txt
25 /Users/baj/Documents/roman_slitless_sims_seds/bc03_template_z0p241_ms10p80_age0p265_tau7p530_met0p0200_av4p295.txt
26 /Users/baj/Documents/roman_slitless_sims_seds/bc03_template_z0p887_ms10p92_age4p655_tau7p665_met0p0200_av0p583.txt
27 /Users/baj/Documents/roman_slitless_sims_seds/bc03_template_z0p201_ms11p12_age7p970_tau4p955_met0p0200_av1p494.txt
28 /Users/baj/Documents/roman_slitless_sims_seds/bc03_template_z0p162_ms11p26_age1p870_tau2p845_met0p0200_av0p482.txt
29 /Users/baj/Documents/roman_slitless_sims_seds/bc03_template_z1p084_ms11p06_age3p220_tau13p360_met0p0200_av0p739.txt
30 /Users/baj/Documents/roman_slitless_sims_seds/bc03_template_z1p040_ms10p18_age4p850_tau7p030_met0p0200_av4p150.txt
31 /Users/baj/Documents/roman_slitless_sims_seds/bc03_template_z0p576_ms10p27_age1p735_tau11p530_met0p0200_av4p030.txt
32 /Users/baj/Documents/roman_slitless_sims_seds/bc03_template_z0p089_ms10p89_age5p885_tau13p640_met0p0200_av0p660.txt
33 /Users/baj/Documents/roman_slitless_sims_seds/bc03_template_z1p043_ms10p27_age0p340_tau9p280_met0p0200_av2p319.txt
34 /Users/baj/Documents/roman_slitless_sims_seds/bc03_template_z1p268_ms10p95_age1p645_tau4p420_met0p0200_av3p714.txt
35 /Users/baj/Documents/roman_slitless_sims_seds/bc03_template_z0p551_ms10p79_age4p825_tau13p110_met0p0200_av1p091.txt
36 /Users/baj/Documents/roman_slitless_sims_seds/bc03_template_z1p645_ms10p89_age1p755_tau4p825_met0p0200_av0p922.txt
37 /Users/baj/Documents/roman_slitless_sims_seds/bc03_template_z0p161_ms11p48_age10p290_tau13p505_met0p0200_av4p164.txt
38 /Users/baj/Documents/roman_slitless_sims_seds/bc03_template_z1p264_ms10p95_age2p915_tau5p690_met0p0200_av3p459.txt
39 /Users/baj/Documents/roman_slitless_sims_seds/bc03_template_z0p704_ms11p26_age1p490_tau6p420_met0p0200_av4p097.txt
40 /Users/baj/Documents/roman_slitless_sims_seds/bc03_template_z0p260_ms10p94_age4p440_tau11p585_met0p0200_av4p755.txt
41 /Users/baj/Documents/roman_slitless_sims_seds/bc03_template_z0p291_ms11p47_age4p655_tau1p165_met0p0200_av0p187.txt
42 /Users/baj/Documents/roman_slitless_sims_seds/bc03_template_z1p646_ms10p59_age2p715_tau3p800_met0p0200_av2p002.txt
43 /Users/baj/Documents/roman_slitless_sims_seds/bc03_template_z1p438_ms10p36_age0p980_tau9p590_met0p0200_av3p478.txt
44 /Users/baj/Documents/roman_slitless_sims_seds/bc03_template_z0p654_ms10p70_age3p560_tau1p470_met0p0200_av4p385.txt
45 /Users/baj/Documents/roman_slitless_sims_seds/bc03_template_z0p332_ms10p50_age6p540_tau8p220_met0p0200_av3p989.txt
46 /Users/baj/Documents/roman_slitless_sims_seds/bc03_template_z1p180_ms10p55_age3p640_tau6p305_met0p0200_av1p614.txt
47 /Users/baj/Documents/roman_slitless_sims_seds/bc03_template_z0p720_ms10p89_age1p690_tau6p855_met0p0200_av3p656.txt
48 /Users/baj/Documents/roman_slitless_sims_seds/bc03_template_z0p441_ms10p39_age8p395_tau8p260_met0p0200_av0p231.txt
49 /Users/baj/Documents/roman_slitless_sims_seds/bc03_template_z0p400_ms10p91_age1p510_tau11p930_met0p0200_av4p046.txt
50 /Users/baj/Documents/roman_slitless_sims_seds/bc03_template_z0p226_ms10p18_age7p240_tau1p805_met0p0200_av2p298.txt
51 /Users/baj/Documents/roman_slitless_sims_seds/bc03_template_z0p350_ms11p03_age3p810_tau2p615_met0p0200_av1p035.txt
52 /Users/baj/Documents/roman_slitless_sims_seds/bc03_template_z1p172_ms10p27_age4p225_tau3p085_met0p0200_av4p416.txt
53 /Users/baj/Documents/roman_slitless_sims_seds/bc03_template_z1p690_ms10p47_age2p480_tau6p665_met0p0200_av2p763.txt
54 /Users/baj/Documents/roman_slitless_sims_seds/bc03_template_z0p212_ms11p15_age7p975_tau14p415_met0p0200_av0p145.txt
55 /Users/baj/Documents/roman_slitless_sims_seds/bc03_template_z0p737_ms11p00_age3p545_tau10p475_met0p0200_av1p985.txt
56 /Users/baj/Documents/roman_slitless_sims_seds/bc03_template_z0p992_ms10p55_age0p220_tau6p470_met0p0200_av2p713.txt
57 /Users/baj/Documents/roman_slitless_sims_seds/bc03_template_z0p805_ms10p26_age0p940_tau14p875_met0p0200_av0p110.txt
58 /Users/baj/Documents/roman_slitless_sims_seds/bc03_template_z0p348_ms10p03_age2p730_tau14p885_met0p0200_av2p493.txt
59 /Users/baj/Documents/roman_slitless_sims_seds/bc03_template_z0p635_ms11p03_age0p405_tau14p260_met0p0200_av0p239.txt
60 /Users/baj/Documents/roman_slitless_sims_seds/bc03_template_z0p212_ms10p32_age2p840_tau3p200_met0p0200_av4p688.txt
61 /Users/baj/Documents/roman_slitless_sims_seds/bc03_template_z0p684_ms10p68_age5p915_tau0p180_met0p0200_av2p698.txt
62 /Users/baj/Documents/roman_slitless_sims_seds/bc03_template_z0p794_ms10p55_age2p660_tau12p335_met0p0200_av4p143.txt
63 /Users/baj/Documents/roman_slitless_sims_seds/bc03_template_z0p766_ms10p48_age6p645_tau7p490_met0p0200_av2p037.txt
64 /Users/baj/Documents/roman_slitless_sims_seds/bc03_template_z1p115_ms10p24_age2p450_tau0p525_met0p0200_av4p664.txt
65 /Users/baj/Documents/roman_slitless_sims_seds/bc03_template_z0p670_ms11p23_age4p160_tau5p800_met0p0200_av3p686.txt
66 /Users/baj/Documents/roman_slitless_sims_seds/bc03_template_z1p354_ms10p77_age2p905_tau12p170_met0p0200_av3p145.txt
67 /Users/baj/Documents/roman_slitless_sims_seds/bc03_template_z2p581_ms10p45_age2p050_tau4p585_met0p0200_av2p266.txt
68 /Users/baj/Documents/roman_slitless_sims_seds/bc03_template_z0p321_ms10p29_age8p170_tau6p150_met0p0200_av0p077.txt
69 /Users/baj/Documents/roman_slitless_sims_seds/bc03_template_z1p550_ms10p47_age1p070_tau14p250_met0p0200_av1p355.txt
70 /Users/baj/Documents/roman_slitless_sims_seds/bc03_template_z0p230_ms11p00_age8p480_tau1p250_met0p0200_av0p976.txt
71 /Users/baj/Documents/roman_slitless_sims_seds/bc03_template_z1p124_ms10p14_age2p820_tau13p550_met0p0200_av0p196.txt
72 /Users/baj/Documents/roman_slitless_sims_seds/bc03_template_z0p271_ms10p92_age2p155_tau11p540_met0p0200_av0p806.txt
73 /Users/baj/Documents/roman_slitless_sims_seds/bc03_template_z0p511_ms11p33_age1p260_tau6p895_met0p0200_av0p945.txt
74 /Users/baj/Documents/roman_slitless_sims_seds/bc03_template_z0p954_ms11p18_age4p305_tau9p450_met0p0200_av4p365.txt
75 /Users/baj/Documents/roman_slitless_sims_seds/bc03_template_z0p692_ms10p11_age5p615_tau12p525_met0p0200_av1p612.txt
76 /Users/baj/Documents/roman_slitless_sims_seds/bc03_template_z1p359_ms11p39_age0p310_tau7p980_met0p0200_av1p343.txt
77 /Users/baj/Documents/roman_slitless_sims_seds/bc03_template_z0p117_ms10p36_age3p560_tau3p095_met0p0200_av1p551.txt
78 /Users/baj/Documents/roman_slitless_sims_seds/bc03_template_z0p627_ms10p80_age6p635_tau0p460_met0p0200_av0p073.txt
79 /Users/baj/Documents/roman_slitless_sims_seds/bc03_template_z0p920_ms10p83_age5p690_tau0p860_met0p0200_av4p946.txt
80 /Users/baj/Documents/roman_slitless_sims_seds/bc03_template_z1p004_ms11p41_age4p920_tau8p005_met0p0200_av0p512.txt
81 /Users/baj/Documents/roman_slitless_sims_seds/bc03_template_z0p600_ms10p17_age4p815_tau4p570_met0p0200_av2p157.txt
82 /Users/baj/Documents/roman_slitless_sims_seds/bc03_template_z0p929_ms11p27_age2p410_tau10p315_met0p0200_av4p707.txt
83 /Users/baj/Documents/roman_slitless_sims_seds/bc03_template_z0p725_ms11p50_age4p040_tau11p745_met0p0200_av0p525.txt
84 /Users/baj/Documents/roman_slitless_sims_seds/bc03_template_z0p983_ms10p48_age5p655_tau14p910_met0p0200_av1p113.txt
85 /Users/baj/Documents/roman_slitless_sims_seds/bc03_template_z0p491_ms11p15_age3p000_tau4p395_met0p0200_av0p763.txt
86 /Users/baj/Documents/roman_slitless_sims_seds/bc03_template_z1p065_ms10p56_age1p075_tau13p525_met0p0200_av0p436.txt
88 /Users/baj/Documents/roman_slitless_sims_seds/bc03_template_z0p963_ms11p17_age1p145_tau13p835_met0p0200_av2p985.txt
89 /Users/baj/Documents/roman_slitless_sims_seds/bc03_template_z0p415_ms10p70_age5p590_tau10p845_met0p0200_av3p476.txt
90 /Users/baj/Documents/roman_slitless_sims_seds/bc03_template_z0p848_ms10p82_age5p845_tau3p440_met0p0200_av2p560.txt
91 /Users/baj/Documents/roman_slitless_sims_seds/bc03_template_z0p575_ms10p92_age1p145_tau3p525_met0p0200_av0p413.txt
92 /Users/baj/Documents/roman_slitless_sims_seds/bc03_template_z0p426_ms11p00_age6p255_tau11p380_met0p0200_av1p361.txt
93 /Users/baj/Documents/roman_slitless_sims_seds/bc03_template_z0p928_ms10p64_age4p595_tau4p500_met0p0200_av0p334.txt
94 /Users/baj/Documents/roman_slitless_sims_seds/bc03_template_z0p334_ms11p00_age5p780_tau13p025_met0p0200_av4p598.txt
95 /Users/baj/Documents/roman_slitless_sims_seds/bc03_template_z1p094_ms11p17_age3p325_tau14p220_met0p0200_av4p998.txt
96 /Users/baj/Documents/roman_slitless_sims_seds/bc03_template_z0p680_ms11p24_age2p290_tau14p335_met0p0200_av3p893.txt
97 /Users/baj/Documents/roman_slitless_sims_seds/bc03_template_z2p235_ms10p44_age1p905_tau9p675_met0p0200_av0p900.txt
98 /Users/baj/Documents/roman_slitless_sims_seds/bc03_template_z0p030_ms10p62_age8p370_tau5p710_met0p0200_av4p853.txt
99 /Users/baj/Documents/roman_slitless_sims_seds/bc03_template_z1p115_ms10p62_age3p210_tau0p970_met0p0200_av2p478.txt
100 /Users/baj/Documents/roman_slitless_sims_seds/bc03_template_z0p465_ms10p48_age4p495_tau2p375_met0p0200_av2p577.txt
101 /Users/baj/Documents/roman_slitless_sims_seds/bc03_template_z0p638_ms10p06_age5p230_tau6p520_met0p0200_av2p252.txt
102 /Users/baj/Documents/roman_slitless_sims_seds/bc03_template_z0p628_ms10p48_age6p725_tau11p345_met0p0200_av2p997.txt
103 /Users/baj/Documents/roman_slitless_sims_seds/bc03_template_z0p642_ms10p05_age6p725_tau5p480_met0p0200_av4p791.txt
104 /Users/baj/Documents/roman_slitless_sims_seds/bc03_template_z0p698_ms10p42_age0p350_tau13p495_met0p0200_av2p006.txt
105 /Users/baj/Documents/roman_slitless_sims_seds/bc03_template_z0p779_ms10p91_age1p640_tau9p270_met0p0200_av4p538.txt
106 /Users/baj/Documents/roman_slitless_sims_seds/bc03_template_z0p643_ms10p94_age0p760_tau12p075_met0p0200_av0p053.txt
108 /Users/baj/Documents/roman_slitless_sims_seds/bc03_template_z1p230_ms10p38_age4p500_tau8p805_met0p0200_av0p372.txt
109 /Users/baj/Documents/roman_slitless_sims_seds/bc03_template_z0p455_ms10p71_age6p835_tau2p950_met0p0200_av4p517.txt
110 /Users/baj/Documents/roman_slitless_sims_seds/bc03_template_z0p456_ms10p86_age8p320_tau8p115_met0p0200_av0p957.txt
111 /Users/baj/Documents/roman_slitless_sims_seds/bc03_template_z0p204_ms10p61_age2p275_tau9p845_met0p0200_av3p051.txt
112 /Users/baj/Documents/roman_slitless_sims_seds/bc03_template_z0p255_ms11p24_age3p390_tau6p555_met0p0200_av1p074.txt
113 /Users/baj/Documents/roman_slitless_sims_seds/bc03_template_z0p288_ms10p59_age1p385_tau12p170_met0p0200_av1p644.txt
114 /Users/baj/Documents/roman_slitless_sims_seds/bc03_template_z1p220_ms10p38_age1p380_tau3p640_met0p0200_av0p371.txt
115 /Users/baj/Documents/roman_slitless_sims_seds/bc03_template_z0p895_ms11p35_age1p065_tau13p485_met0p0200_av0p450.txt
116 /Users/baj/Documents/roman_slitless_sims_seds/bc03_template_z0p216_ms10p33_age7p325_tau0p320_met0p0200_av2p226.txt
117 /Users/baj/Documents/roman_slitless_sims_seds/bc03_template_z0p407_ms11p39_age5p875_tau0p755_met0p0200_av2p728.txt
118 /Users/baj/Documents/roman_slitless_sims_seds/bc03_template_z0p645_ms11p23_age6p795_tau10p580_met0p0200_av2p057.txt
119 /Users/baj/Documents/roman_slitless_sims_seds/bc03_template_z0p717_ms10p39_age0p935_tau1p875_met0p0200_av3p220.txt
120 /Users/baj/Documents/roman_slitless_sims_seds/bc03_template_z0p492_ms10p12_age2p550_tau10p900_met0p0200_av4p586.txt
121 /Users/baj/Documents/roman_slitless_sims_seds/bc03_template_z1p158_ms11p15_age0p360_tau5p540_met0p0200_av0p744.txt
122 /Users/baj/Documents/roman_slitless_sims_seds/bc03_template_z0p740_ms11p18_age1p060_tau5p895_met0p0200_av2p754.txt
123 /Users/baj/Documents/roman_slitless_sims_seds/bc03_template_z0p718_ms10p76_age6p680_tau13p625_met0p0200_av2p717.txt
124 /Users/baj/Documents/roman_slitless_sims_seds/bc03_template_z2p581_ms11p48_age1p900_tau10p560_met0p0200_av3p342.txt
125 /Users/baj/Documents/roman_slitless_sims_seds/bc03_template_z0p594_ms10p67_age1p485_tau14p890_met0p0200_av3p647.txt
126 /Users/baj/Documents/roman_slitless_sims_seds/bc03_template_z0p862_ms11p06_age5p395_tau0p740_met0p0200_av4p738.txt
127 /Users/baj/Documents/roman_slitless_sims_seds/bc03_template_z0p912_ms10p08_age5p045_tau2p045_met0p0200_av1p286.txt
128 /Users/baj/Documents/roman_slitless_sims_seds/bc03_template_z0p338_ms11p15_age6p505_tau6p555_met0p0200_av2p298.txt
129 /Users/baj/Documents/roman_slitless_sims_seds/bc03_template_z0p565_ms10p94_age4p070_tau1p800_met0p0200_av2p532.txt
130 /Users/baj/Documents/roman_slitless_sims_seds/bc03_template_z1p052_ms10p77_age1p370_tau11p465_met0p0200_av3p095.txt
131 /Users/baj/Documents/roman_slitless_sims_seds/bc03_template_z0p798_ms11p06_age6p060_tau1p075_met0p0200_av2p278.txt
132 /Users/baj/Documents/roman_slitless_sims_seds/bc03_template_z0p900_ms11p08_age3p600_tau8p275_met0p0200_av4p266.txt
133 /Users/baj/Documents/roman_slitless_sims_seds/bc03_template_z0p784_ms11p47_age1p595_tau3p840_met0p0200_av2p144.txt
134 /Users/baj/Documents/roman_slitless_sims_seds/bc03_template_z0p213_ms11p23_age4p010_tau13p245_met0p0200_av2p761.txt
135 /Users/baj/Documents/roman_slitless_sims_seds/bc03_template_z0p512_ms11p09_age5p760_tau7p570_met0p0200_av2p712.txt
136 /Users/baj/Documents/roman_slitless_sims_seds/bc03_template_z0p720_ms10p30_age5p325_tau8p770_met0p0200_av1p363.txt
137 /Users/baj/Documents/roman_slitless_sims_seds/bc03_template_z0p566_ms10p67_age7p385_tau4p570_met0p0200_av3p020.txt
138 /Users/baj/Documents/roman_slitless_sims_seds/bc03_template_z0p350_ms10p77_age1p975_tau14p850_met0p0200_av2p160.txt
139 /Users/baj/Documents/roman_slitless_sims_seds/bc03_template_z0p780_ms10p70_age3p440_tau12p645_met0p0200_av3p226.txt
140 /Users/baj/Documents/roman_slitless_sims_seds/bc03_template_z0p630_ms10p70_age1p280_tau13p710_met0p0200_av3p017.txt
141 /Users/baj/Documents/roman_slitless_sims_seds/bc03_template_z1p150_ms10p59_age1p020_tau4p780_met0p0200_av0p093.txt
142 /Users/baj/Documents/roman_slitless_sims_seds/bc03_template_z0p633_ms10p15_age7p060_tau14p555_met0p0200_av3p482.txt
143 /Users/baj/Documents/roman_slitless_sims_seds/bc03_template_z0p954_ms10p36_age4p670_tau10p045_met0p0200_av2p355.txt
144 /Users/baj/Documents/roman_slitless_sims_seds/bc03_template_z0p853_ms10p59_age5p070_tau3p395_met0p0200_av1p904.txt
145 /Users/baj/Documents/roman_slitless_sims_seds/bc03_template_z0p086_ms11p48_age11p410_tau12p390_met0p0200_av0p876.txt
146 /Users/baj/Documents/roman_slitless_sims_seds/bc03_template_z1p620_ms10p94_age2p480_tau12p010_met0p0200_av0p259.txt
147 /Users/baj/Documents/roman_slitless_sims_seds/bc03_template_z1p379_ms11p35_age1p150_tau12p685_met0p0200_av2p488.txt
148 /Users/baj/Documents/roman_slitless_sims_seds/bc03_template_z0p226_ms11p48_age0p410_tau0p050_met0p0200_av0p122.txt
149 /Users/baj/Documents/roman_slitless_sims_seds/bc03_template_z0p926_ms10p62_age3p915_tau5p520_met0p0200_av4p198.txt
150 /Users/baj/Documents/roman_slitless_sims_seds/bc03_template_z0p295_ms11p11_age0p600_tau7p055_met0p0200_av2p418.txt
151 /Users/baj/Documents/roman_slitless_sims_seds/bc03_template_z0p864_ms10p53_age0p990_tau6p830_met0p0200_av1p598.txt
152 /Users/baj/Documents/roman_slitless_sims_seds/bc03_template_z0p867_ms11p03_age1p910_tau8p545_met0p0200_av4p742.txt
153 /Users/baj/Documents/roman_slitless_sims_seds/bc03_template_z0p271_ms11p26_age8p525_tau1p540_met0p0200_av2p399.txt
154 /Users/baj/Documents/roman_slitless_sims_seds/bc03_template_z1p140_ms11p50_age3p145_tau12p780_met0p0200_av1p447.txt
155 /Users/baj/Documents/roman_slitless_sims_seds/bc03_template_z0p293_ms10p92_age6p960_tau8p195_met0p0200_av0p916.txt
156 /Users/baj/Documents/roman_slitless_sims_seds/bc03_template_z0p677_ms10p64_age5p150_tau10p730_met0p0200_av2p936.txt
157 /Users/baj/Documents/roman_slitless_sims_seds/bc03_template_z0p346_ms10p85_age7p140_tau2p730_met0p0200_av0p796.txt
158 /Users/baj/Documents/roman_slitless_sims_seds/bc03_template_z0p129_ms11p30_age4p180_tau13p765_met0p0200_av4p936.txt
159 /Users/baj/Documents/roman_slitless_sims_seds/bc03_template_z1p577_ms10p98_age0p125_tau0p505_met0p0200_av0p402.txt
160 /Users/baj/Documents/roman_slitless_sims_seds/bc03_template_z0p948_ms11p35_age1p510_tau11p305_met0p0200_av2p186.txt
161 /Users/baj/Documents/roman_slitless_sims_seds/bc03_template_z0p940_ms10p52_age3p155_tau4p730_met0p0200_av2p879.txt
162 /Users/baj/Documents/roman_slitless_sims_seds/bc03_template_z0p201_ms11p45_age10p115_tau13p260_met0p0200_av3p892.txt
163 /Users/baj/Documents/roman_slitless_sims_seds/bc03_template_z1p085_ms10p56_age0p620_tau5p515_met0p0200_av0p037.txt
164 /Users/baj/Documents/roman_slitless_sims_seds/bc03_template_z0p546_ms10p12_age1p875_tau3p315_met0p0200_av0p039.txt
165 /Users/baj/Documents/roman_slitless_sims_seds/bc03_template_z0p454_ms11p09_age7p125_tau13p950_met0p0200_av4p235.txt
166 /Users/baj/Documents/roman_slitless_sims_seds/bc03_template_z0p563_ms10p00_age6p520_tau4p775_met0p0200_av3p707.txt
167 /Users/baj/Documents/roman_slitless_sims_seds/bc03_template_z1p078_ms11p21_age4p310_tau5p410_met0p0200_av2p989.txt
168 /Users/baj/Documents/roman_slitless_sims_seds/bc03_template_z0p534_ms10p85_age4p840_tau8p895_met0p0200_av1p089.txt
169 /Users/baj/Documents/roman_slitless_sims_seds/bc03_template_z0p781_ms10p67_age5p305_tau13p160_met0p0200_av4p875.txt
170 /Users/baj/Documents/roman_slitless_sims_seds/bc03_template_z1p798_ms10p61_age0p700_tau6p120_met0p0200_av2p181.txt
171 /Users/baj/Documents/roman_slitless_sims_seds/bc03_template_z0p300_ms10p62_age4p935_tau7p320_met0p0200_av1p212.txt
172 /Users/baj/Documents/roman_slitless_sims_seds/bc03_template_z1p591_ms11p06_age1p720_tau2p185_met0p0200_av0p560.txt
173 /Users/baj/Documents/roman_slitless_sims_seds/bc03_template_z0p181_ms10p68_age9p995_tau1p690_met0p0200_av0p342.txt
174 /Users/baj/Documents/roman_slitless_sims_seds/bc03_template_z0p499_ms10p08_age3p170_tau5p665_met0p0200_av2p894.txt
175 /Users/baj/Documents/roman_slitless_sims_seds/bc03_template_z0p696_ms11p02_age5p040_tau3p815_met0p0200_av4p720.txt
176 /Users/baj/Documents/roman_slitless_sims_seds/bc03_template_z0p366_ms10p82_age5p135_tau3p525_met0p0200_av0p055.txt
177 /Users/baj/Documents/roman_slitless_sims_seds/bc03_template_z0p892_ms11p41_age3p300_tau12p865_met0p0200_av1p122.txt
178 /Users/baj/Documents/roman_slitless_sims_seds/bc03_template_z0p450_ms10p85_age5p460_tau1p445_met0p0200_av3p297.txt
179 /Users/baj/Documents/roman_slitless_sims_seds/bc03_template_z0p515_ms10p00_age3p190_tau2p420_met0p0200_av4p766.txt
180 /Users/baj/Documents/roman_slitless_sims_seds/bc03_template_z0p663_ms11p24_age4p240_tau0p895_met0p0200_av4p856.txt
181 /Users/baj/Documents/roman_slitless_sims_seds/bc03_template_z0p218_ms10p32_age7p170_tau8p680_met0p0200_av1p401.txt
182 /Users/baj/Documents/roman_slitless_sims_seds/bc03_template_z1p085_ms10p74_age4p875_tau1p595_met0p0200_av3p917.txt
183 /Users/baj/Documents/roman_slitless_sims_seds/bc03_template_z0p909_ms11p09_age2p970_tau3p560_met0p0200_av2p839.txt
184 /Users/baj/Documents/roman_slitless_sims_seds/bc03_template_z0p628_ms10p41_age2p895_tau7p755_met0p0200_av1p170.txt
185 /Users/baj/Documents/roman_slitless_sims_seds/bc03_template_z0p851_ms11p06_age1p715_tau13p180_met0p0200_av2p329.txt
186 /Users/baj/Documents/roman_slitless_sims_seds/bc03_template_z0p730_ms11p44_age3p995_tau11p295_met0p0200_av3p699.txt
187 /Users/baj/Documents/roman_slitless_sims_seds/bc03_template_z0p201_ms10p08_age6p675_tau8p280_met0p0200_av0p453.txt
188 /Users/baj/Documents/roman_slitless_sims_seds/bc03_template_z0p932_ms10p39_age5p740_tau12p100_met0p0200_av4p650.txt
189 /Users/baj/Documents/roman_slitless_sims_seds/salt2_spec_day8_z0p340_av3p099.txt
190 /Users/baj/Documents/roman_slitless_sims_seds/bc03_template_z0p805_ms11p50_age3p460_tau14p195_met0p0200_av0p924.txt
191 /Users/baj/Documents/roman_slitless_sims_seds/bc03_template_z0p210_ms11p36_age4p585_tau1p870_met0p0200_av3p364.txt
192 /Users/baj/Documents/roman_slitless_sims_seds/bc03_template_z1p000_ms10p08_age4p410_tau5p430_met0p0200_av1p522.txt
193 /Users/baj/Documents/roman_slitless_sims_seds/bc03_template_z0p872_ms10p15_age1p270_tau0p085_met0p0200_av2p243.txt
194 /Users/baj/Documents/roman_slitless_sims_seds/bc03_template_z0p782_ms10p64_age0p540_tau7p350_met0p0200_av2p403.txt
195 /Users/baj/Documents/roman_slitless_sims_seds/bc03_template_z1p227_ms10p26_age4p760_tau4p895_met0p0200_av2p190.txt
196 /Users/baj/Documents/roman_slitless_sims_seds/bc03_template_z0p136_ms10p26_age6p920_tau0p495_met0p0200_av2p335.txt
197 /Users/baj/Documents/roman_slitless_sims_seds/bc03_template_z0p475_ms10p71_age3p890_tau9p655_met0p0200_av0p974.txt
198 /Users/baj/Documents/roman_slitless_sims_seds/bc03_template_z0p350_ms11p06_age0p910_tau4p635_met0p0200_av4p097.txt
199 /Users/baj/Documents/roman_slitless_sims_seds/bc03_template_z0p998_ms10p09_age3p145_tau3p150_met0p0200_av1p753.txt
200 /Users/baj/Documents/roman_slitless_sims_seds/bc03_template_z0p968_ms10p76_age1p660_tau10p490_met0p0200_av0p317.txt
201 /Users/baj/Documents/roman_slitless_sims_seds/bc03_template_z0p434_ms11p50_age7p080_tau6p065_met0p0200_av4p595.txt
202 /Users/baj/Documents/roman_slitless_sims_seds/bc03_template_z0p789_ms11p14_age2p760_tau3p360_met0p0200_av3p119.txt
203 /Users/baj/Documents/roman_slitless_sims_seds/bc03_template_z1p462_ms11p12_age3p435_tau14p585_met0p0200_av1p969.txt
205 /Users/baj/Documents/roman_slitless_sims_seds/bc03_template_z0p432_ms10p65_age8p525_tau13p890_met0p0200_av3p837.txt
206 /Users/baj/Documents/roman_slitless_sims_seds/bc03_template_z0p782_ms10p59_age5p900_tau8p360_met0p0200_av1p328.txt
207 /Users/baj/Documents/roman_slitless_sims_seds/bc03_template_z1p227_ms11p38_age1p340_tau13p060_met0p0200_av2p491.txt
208 /Users/baj/Documents/roman_slitless_sims_seds/bc03_template_z1p029_ms11p26_age0p475_tau4p670_met0p0200_av3p943.txt
209 /Users/baj/Documents/roman_slitless_sims_seds/bc03_template_z0p730_ms10p14_age1p505_tau2p315_met0p0200_av4p335.txt
210 /Users/baj/Documents/roman_slitless_sims_seds/bc03_template_z0p542_ms10p79_age0p515_tau1p985_met0p0200_av4p076.txt
211 /Users/baj/Documents/roman_slitless_sims_seds/bc03_template_z0p660_ms10p27_age4p520_tau10p765_met0p0200_av4p550.txt
212 /Users/baj/Documents/roman_slitless_sims_seds/bc03_template_z1p080_ms10p27_age3p620_tau14p255_met0p0200_av0p075.txt
213 /Users/baj/Documents/roman_slitless_sims_seds/bc03_template_z0p938_ms11p44_age3p945_tau2p490_met0p0200_av2p879.txt
214 /Users/baj/Documents/roman_slitless_sims_seds/bc03_template_z0p626_ms10p42_age2p575_tau3p545_met0p0200_av1p784.txt
215 /Users/baj/Documents/roman_slitless_sims_seds/bc03_template_z0p885_ms10p08_age0p215_tau1p755_met0p0200_av1p491.txt
216 /Users/baj/Documents/roman_slitless_sims_seds/bc03_template_z1p438_ms10p33_age0p465_tau14p960_met0p0200_av0p637.txt
217 /Users/baj/Documents/roman_slitless_sims_seds/bc03_template_z1p020_ms10p47_age1p310_tau4p475_met0p0200_av2p347.txt
218 /Users/baj/Documents/roman_slitless_sims_seds/bc03_template_z0p660_ms11p21_age5p260_tau7p420_met0p0200_av4p358.txt
219 /Users/baj/Documents/roman_slitless_sims_seds/bc03_template_z0p346_ms10p73_age8p275_tau14p860_met0p0200_av3p081.txt
220 /Users/baj/Documents/roman_slitless_sims_seds/bc03_template_z0p920_ms11p44_age2p075_tau6p455_met0p0200_av0p496.txt
221 /Users/baj/Documents/roman_slitless_sims_seds/bc03_template_z0p729_ms10p02_age5p960_tau0p695_met0p0200_av1p679.txt
222 /Users/baj/Documents/roman_slitless_sims_seds/bc03_template_z0p849_ms10p14_age3p815_tau9p810_met0p0200_av2p009.txt
223 /Users/baj/Documents/roman_slitless_sims_seds/bc03_template_z0p674_ms11p26_age1p580_tau5p090_met0p0200_av4p526.txt
224 /Users/baj/Documents/roman_slitless_sims_seds/bc03_template_z0p434_ms10p08_age6p405_tau5p830_met0p0200_av4p542.txt
225 /Users/baj/Documents/roman_slitless_sims_seds/bc03_template_z0p338_ms10p00_age8p725_tau14p650_met0p0200_av1p369.txt
226 /Users/baj/Documents/roman_slitless_sims_seds/bc03_template_z0p613_ms10p56_age1p540_tau6p550_met0p0200_av1p414.txt
227 /Users/baj/Documents/roman_slitless_sims_seds/bc03_template_z1p220_ms10p14_age3p705_tau8p275_met0p0200_av3p056.txt
228 /Users/baj/Documents/roman_slitless_sims_seds/bc03_template_z0p930_ms11p36_age5p420_tau4p650_met0p0200_av2p557.txt
229 /Users/baj/Documents/roman_slitless_sims_seds/bc03_template_z0p696_ms10p08_age3p505_tau2p405_met0p0200_av4p176.txt
230 /Users/baj/Documents/roman_slitless_sims_seds/bc03_template_z0p346_ms10p67_age0p230_tau12p090_met0p0200_av0p492.txt
231 /Users/baj/Documents/roman_slitless_sims_seds/bc03_template_z0p076_ms10p38_age3p535_tau14p290_met0p0200_av0p162.txt
232 /Users/baj/Documents/roman_slitless_sims_seds/bc03_template_z0p468_ms11p09_age3p975_tau3p900_met0p0200_av2p442.txt
233 /Users/baj/Documents/roman_slitless_sims_seds/bc03_template_z0p731_ms10p42_age2p185_tau3p675_met0p0200_av1p081.txt
234 /Users/baj/Documents/roman_slitless_sims_seds/bc03_template_z0p132_ms10p12_age9p165_tau10p515_met0p0200_av3p498.txt
235 /Users/baj/Documents/roman_slitless_sims_seds/bc03_template_z0p434_ms10p85_age1p695_tau8p100_met0p0200_av2p547.txt
236 /Users/baj/Documents/roman_slitless_sims_seds/bc03_template_z0p595_ms10p09_age0p630_tau10p115_met0p0200_av2p977.txt
237 /Users/baj/Documents/roman_slitless_sims_seds/bc03_template_z0p595_ms10p89_age1p520_tau10p810_met0p0200_av2p497.txt
238 /Users/baj/Documents/roman_slitless_sims_seds/bc03_template_z0p665_ms10p70_age1p480_tau7p945_met0p0200_av2p580.txt
239 /Users/baj/Documents/roman_slitless_sims_seds/bc03_template_z0p731_ms11p20_age0p510_tau0p065_met0p0200_av2p836.txt
240 /Users/baj/Documents/roman_slitless_sims_seds/bc03_template_z1p325_ms11p05_age2p140_tau0p185_met0p0200_av1p852.txt
241 /Users/baj/Documents/roman_slitless_sims_seds/bc03_template_z0p621_ms11p50_age4p050_tau9p280_met0p0200_av4p408.txt
242 /Users/baj/Documents/roman_slitless_sims_seds/bc03_template_z1p099_ms11p38_age4p300_tau3p625_met0p0200_av0p844.txt
243 /Users/baj/Documents/roman_slitless_sims_seds/bc03_template_z0p859_ms11p42_age0p865_tau0p720_met0p0200_av3p298.txt
244 /Users/baj/Documents/roman_slitless_sims_seds/bc03_template_z0p910_ms10p32_age2p525_tau1p830_met0p0200_av2p867.txt
245 /Users/baj/Documents/roman_slitless_sims_seds/bc03_template_z0p729_ms10p86_age5p920_tau9p090_met0p0200_av2p894.txt
246 /Users/baj/Documents/roman_slitless_sims_seds/bc03_template_z0p337_ms10p42_age8p235_tau10p115_met0p0200_av4p962.txt
247 /Users/baj/Documents/roman_slitless_sims_seds/bc03_template_z2p746_ms10p00_age1p890_tau7p320_met0p0200_av2p927.txt
248 /Users/baj/Documents/roman_slitless_sims_seds/bc03_template_z1p140_ms10p17_age2p075_tau7p675_met0p0200_av2p524.txt
249 /Users/baj/Documents/roman_slitless_sims_seds/bc03_template_z0p905_ms11p21_age4p405_tau2p010_met0p0200_av4p724.txt
250 /Users/baj/Documents/roman_slitless_sims_seds/bc03_template_z0p640_ms10p41_age5p375_tau3p820_met0p0200_av2p452.txt
251 /Users/baj/Documents/roman_slitless_sims_seds/bc03_template_z1p740_ms10p52_age0p820_tau0p650_met0p0200_av2p939.txt
252 /Users/baj/Documents/roman_slitless_sims_seds/bc03_template_z0p497_ms11p09_age0p890_tau13p420_met0p0200_av2p933.txt
253 /Users/baj/Documents/roman_slitless_sims_seds/bc03_template_z0p643_ms10p27_age3p620_tau1p895_met0p0200_av0p504.txt
254 /Users/baj/Documents/roman_slitless_sims_seds/bc03_template_z0p693_ms10p05_age1p720_tau3p140_met0p0200_av3p349.txt
255 /Users/baj/Documents/roman_slitless_sims_seds/bc03_template_z1p700_ms10p85_age2p830_tau10p265_met0p0200_av1p369.txt
256 /Users/baj/Documents/roman_slitless_sims_seds/bc03_template_z0p514_ms10p20_age7p480_tau14p315_met0p0200_av4p840.txt
257 /Users/baj/Documents/roman_slitless_sims_seds/bc03_template_z0p240_ms10p92_age5p725_tau0p940_met0p0200_av2p860.txt
258 /Users/baj/Documents/roman_slitless_sims_seds/bc03_template_z0p569_ms10p80_age6p825_tau9p760_met0p0200_av4p491.txt
259 /Users/baj/Documents/roman_slitless_sims_seds/bc03_template_z0p667_ms11p36_age6p865_tau6p470_met0p0200_av4p365.txt
260 /Users/baj/Documents/roman_slitless_sims_seds/bc03_template_z0p665_ms10p70_age2p915_tau8p625_met0p0200_av3p315.txt
261 /Users/baj/Documents/roman_slitless_sims_seds/bc03_template_z1p175_ms10p95_age2p775_tau5p670_met0p0200_av3p045.txt
262 /Users/baj/Documents/roman_slitless_sims_seds/bc03_template_z0p680_ms11p17_age3p170_tau9p005_met0p0200_av4p089.txt
263 /Users/baj/Documents/roman_slitless_sims_seds/bc03_template_z0p280_ms10p17_age8p420_tau1p530_met0p0200_av0p859.txt
264 /Users/baj/Documents/roman_slitless_sims_seds/bc03_template_z0p846_ms10p48_age1p790_tau12p510_met0p0200_av2p003.txt
265 /Users/baj/Documents/roman_slitless_sims_seds/bc03_template_z1p079_ms10p21_age2p815_tau0p540_met0p0200_av2p315.txt
266 /Users/baj/Documents/roman_slitless_sims_seds/bc03_template_z1p740_ms11p35_age1p095_tau10p910_met0p0200_av1p024.txt
267 /Users/baj/Documents/roman_slitless_sims_seds/bc03_template_z0p420_ms11p05_age0p860_tau9p795_met0p0200_av3p301.txt
268 /Users/baj/Documents/roman_slitless_sims_seds/bc03_template_z0p501_ms10p53_age2p225_tau10p135_met0p0200_av3p720.txt
269 /Users/baj/Documents/roman_slitless_sims_seds/bc03_template_z0p390_ms11p33_age1p540_tau5p435_met0p0200_av1p317.txt
270 /Users/baj/Documents/roman_slitless_sims_seds/bc03_template_z0p485_ms11p38_age3p355_tau9p825_met0p0200_av3p059.txt
271 /Users/baj/Documents/roman_slitless_sims_seds/bc03_template_z0p740_ms11p03_age3p125_tau8p315_met0p0200_av2p599.txt
272 /Users/baj/Documents/roman_slitless_sims_seds/bc03_template_z0p899_ms11p47_age5p975_tau6p285_met0p0200_av1p731.txt
273 /Users/baj/Documents/roman_slitless_sims_seds/bc03_template_z1p126_ms11p05_age1p075_tau2p045_met0p0200_av3p926.txt
274 /Users/baj/Documents/roman_slitless_sims_seds/bc03_template_z0p736_ms10p24_age2p640_tau4p965_met0p0200_av2p842.txt
275 /Users/baj/Documents/roman_slitless_sims_seds/bc03_template_z0p720_ms11p26_age4p205_tau9p410_met0p0200_av0p710.txt
276 /Users/baj/Documents/roman_slitless_sims_seds/bc03_template_z0p934_ms10p42_age0p365_tau14p895_met0p0200_av1p155.txt
277 /Users/baj/Documents/roman_slitless_sims_seds/bc03_template_z0p825_ms10p73_age0p650_tau14p725_met0p0200_av0p809.txt
278 /Users/baj/Documents/roman_slitless_sims_seds/bc03_template_z1p052_ms10p42_age2p205_tau1p075_met0p0200_av2p919.txt
279 /Users/baj/Documents/roman_slitless_sims_seds/bc03_template_z1p146_ms11p14_age0p635_tau13p735_met0p0200_av2p632.txt
280 /Users/baj/Documents/roman_slitless_sims_seds/bc03_template_z0p857_ms11p27_age4p200_tau14p070_met0p0200_av1p533.txt
281 /Users/baj/Documents/roman_slitless_sims_seds/bc03_template_z0p685_ms11p41_age3p730_tau5p060_met0p0200_av3p198.txt
282 /Users/baj/Documents/roman_slitless_sims_seds/bc03_template_z1p330_ms10p32_age1p500_tau12p025_met0p0200_av2p368.txt
283 /Users/baj/Documents/roman_slitless_sims_seds/bc03_template_z0p625_ms10p03_age5p370_tau11p115_met0p0200_av3p191.txt
284 /Users/baj/Documents/roman_slitless_sims_seds/bc03_template_z0p167_ms10p86_age5p280_tau5p520_met0p0200_av3p710.txt
285 /Users/baj/Documents/roman_slitless_sims_seds/bc03_template_z1p055_ms10p38_age2p250_tau5p430_met0p0200_av3p286.txt
286 /Users/baj/Documents/roman_slitless_sims_seds/bc03_template_z1p357_ms10p92_age2p985_tau6p345_met0p0200_av2p750.txt
287 /Users/baj/Documents/roman_slitless_sims_seds/bc03_template_z0p659_ms10p12_age6p080_tau0p505_met0p0200_av0p971.txt
288 /Users/baj/Documents/roman_slitless_sims_seds/bc03_template_z0p640_ms10p44_age3p995_tau0p550_met0p0200_av2p739.txt
290 /Users/baj/Documents/roman_slitless_sims_seds/bc03_template_z0p453_ms11p20_age8p425_tau9p235_met0p0200_av2p420.txt
291 /Users/baj/Documents/roman_slitless_sims_seds/bc03_template_z0p507_ms11p35_age0p995_tau6p500_met0p0200_av0p902.txt
292 /Users/baj/Documents/roman_slitless_sims_seds/bc03_template_z0p870_ms11p09_age2p115_tau11p095_met0p0200_av0p969.txt
293 /Users/baj/Documents/roman_slitless_sims_seds/bc03_template_z0p413_ms10p38_age5p920_tau9p955_met0p0200_av0p953.txt
294 /Users/baj/Documents/roman_slitless_sims_seds/bc03_template_z1p036_ms11p39_age0p480_tau7p620_met0p0200_av0p003.txt
295 /Users/baj/Documents/roman_slitless_sims_seds/bc03_template_z0p236_ms11p29_age3p645_tau2p660_met0p0200_av0p411.txt
296 /Users/baj/Documents/roman_slitless_sims_seds/bc03_template_z1p191_ms10p97_age2p295_tau6p970_met0p0200_av0p320.txt
297 /Users/baj/Documents/roman_slitless_sims_seds/bc03_template_z0p706_ms11p26_age2p700_tau5p940_met0p0200_av0p115.txt
298 /Users/baj/Documents/roman_slitless_sims_seds/bc03_template_z0p367_ms11p45_age3p645_tau10p630_met0p0200_av0p087.txt
299 /Users/baj/Documents/roman_slitless_sims_seds/bc03_template_z0p890_ms11p42_age4p000_tau14p695_met0p0200_av2p906.txt
300 /Users/baj/Documents/roman_slitless_sims_seds/bc03_template_z0p720_ms11p30_age4p510_tau11p205_met0p0200_av3p441.txt
301 /Users/baj/Documents/roman_slitless_sims_seds/bc03_template_z0p459_ms10p24_age3p765_tau4p555_met0p0200_av0p956.txt
302 /Users/baj/Documents/roman_slitless_sims_seds/bc03_template_z2p060_ms11p44_age2p955_tau8p215_met0p0200_av1p026.txt
303 /Users/baj/Documents/roman_slitless_sims_seds/bc03_template_z0p242_ms10p52_age5p700_tau3p530_met0p0200_av2p307.txt
304 /Users/baj/Documents/roman_slitless_sims_seds/bc03_template_z0p346_ms11p38_age0p555_tau3p520_met0p0200_av2p054.txt
305 /Users/baj/Documents/roman_slitless_sims_seds/bc03_template_z0p821_ms11p36_age0p925_tau0p650_met0p0200_av0p203.txt
306 /Users/baj/Documents/roman_slitless_sims_seds/bc03_template_z0p630_ms10p24_age1p580_tau4p555_met0p0200_av4p679.txt
307 /Users/baj/Documents/roman_slitless_sims_seds/bc03_template_z1p434_ms10p80_age4p020_tau6p430_met0p0200_av1p575.txt
308 /Users/baj/Documents/roman_slitless_sims_seds/bc03_template_z0p886_ms10p11_age2p275_tau12p455_met0p0200_av0p106.txt
309 /Users/baj/Documents/roman_slitless_sims_seds/bc03_template_z1p525_ms10p39_age2p450_tau11p055_met0p0200_av2p808.txt
310 /Users/baj/Documents/roman_slitless_sims_seds/bc03_template_z0p703_ms10p23_age6p435_tau1p935_met0p0200_av1p198.txt
311 /Users/baj/Documents/roman_slitless_sims_seds/bc03_template_z0p547_ms10p86_age4p330_tau7p415_met0p0200_av0p795.txt
312 /Users/baj/Documents/roman_slitless_sims_seds/bc03_template_z0p537_ms10p86_age2p655_tau13p860_met0p0200_av1p386.txt
313 /Users/baj/Documents/roman_slitless_sims_seds/bc03_template_z0p879_ms11p32_age1p580_tau5p080_met0p0200_av1p058.txt
314 /Users/baj/Documents/roman_slitless_sims_seds/bc03_template_z0p632_ms11p09_age4p480_tau9p715_met0p0200_av3p686.txt
315 /Users/baj/Documents/roman_slitless_sims_seds/bc03_template_z0p565_ms10p29_age7p810_tau2p450_met0p0200_av1p430.txt
316 /Users/baj/Documents/roman_slitless_sims_seds/bc03_template_z1p137_ms10p08_age1p410_tau14p490_met0p0200_av4p521.txt
317 /Users/baj/Documents/roman_slitless_sims_seds/bc03_template_z0p945_ms10p53_age0p330_tau0p970_met0p0200_av4p912.txt
318 /Users/baj/Documents/roman_slitless_sims_seds/bc03_template_z1p200_ms10p45_age1p305_tau0p195_met0p0200_av2p698.txt
319 /Users/baj/Documents/roman_slitless_sims_seds/bc03_template_z0p523_ms11p08_age0p850_tau4p380_met0p0200_av3p170.txt
320 /Users/baj/Documents/roman_slitless_sims_seds/bc03_template_z0p961_ms10p48_age4p440_tau6p575_met0p0200_av2p767.txt
321 /Users/baj/Documents/roman_slitless_sims_seds/bc03_template_z0p243_ms10p27_age0p185_tau10p840_met0p0200_av2p459.txt
322 /Users/baj/Documents/roman_slitless_sims_seds/bc03_template_z0p159_ms11p12_age11p170_tau9p125_met0p0200_av3p790.txt
323 /Users/baj/Documents/roman_slitless_sims_seds/bc03_template_z1p160_ms10p94_age3p465_tau7p545_met0p0200_av1p656.txt
324 /Users/baj/Documents/roman_slitless_sims_seds/bc03_template_z0p476_ms10p41_age3p285_tau6p510_met0p0200_av0p611.txt
325 /Users/baj/Documents/roman_slitless_sims_seds/bc03_template_z0p432_ms11p00_age1p690_tau4p230_met0p0200_av0p840.txt
326 /Users/baj/Documents/roman_slitless_sims_seds/bc03_template_z0p239_ms10p30_age7p655_tau12p405_met0p0200_av4p157.txt
327 /Users/baj/Documents/roman_slitless_sims_seds/bc03_template_z0p962_ms10p21_age4p905_tau0p740_met0p0200_av3p996.txt
328 /Users/baj/Documents/roman_slitless_sims_seds/bc03_template_z1p297_ms10p36_age0p400_tau13p995_met0p0200_av0p119.txt
329 /Users/baj/Documents/roman_slitless_sims_seds/bc03_template_z0p748_ms10p95_age0p450_tau11p625_met0p0200_av4p122.txt
330 /Users/baj/Documents/roman_slitless_sims_seds/bc03_template_z0p310_ms11p48_age8p550_tau6p595_met0p0200_av0p892.txt
331 /Users/baj/Documents/roman_slitless_sims_seds/bc03_template_z0p410_ms10p15_age4p420_tau2p590_met0p0200_av1p696.txt
332 /Users/baj/Documents/roman_slitless_sims_seds/bc03_template_z0p333_ms10p91_age3p760_tau4p590_met0p0200_av4p661.txt
333 /Users/baj/Documents/roman_slitless_sims_seds/bc03_template_z1p530_ms11p41_age3p940_tau4p530_met0p0200_av1p674.txt
334 /Users/baj/Documents/roman_slitless_sims_seds/bc03_template_z0p734_ms10p47_age3p230_tau8p320_met0p0200_av4p826.txt
335 /Users/baj/Documents/roman_slitless_sims_seds/bc03_template_z0p425_ms11p33_age6p655_tau13p130_met0p0200_av1p704.txt
336 /Users/baj/Documents/roman_slitless_sims_seds/bc03_template_z0p214_ms10p30_age0p530_tau2p865_met0p0200_av1p991.txt
337 /Users/baj/Documents/roman_slitless_sims_seds/bc03_template_z1p009_ms10p11_age0p960_tau12p275_met0p0200_av1p564.txt
338 /Users/baj/Documents/roman_slitless_sims_seds/bc03_template_z0p650_ms10p45_age4p115_tau0p515_met0p0200_av4p064.txt
339 /Users/baj/Documents/roman_slitless_sims_seds/bc03_template_z1p222_ms11p42_age1p465_tau4p340_met0p0200_av1p998.txt
340 /Users/baj/Documents/roman_slitless_sims_seds/bc03_template_z0p980_ms10p48_age3p745_tau9p760_met0p0200_av3p486.txt
341 /Users/baj/Documents/roman_slitless_sims_seds/bc03_template_z0p907_ms10p91_age2p000_tau4p655_met0p0200_av1p179.txt
342 /Users/baj/Documents/roman_slitless_sims_seds/bc03_template_z1p222_ms10p86_age4p225_tau14p715_met0p0200_av4p059.txt
343 /Users/baj/Documents/roman_slitless_sims_seds/bc03_template_z0p290_ms10p52_age0p350_tau3p780_met0p0200_av0p406.txt
344 /Users/baj/Documents/roman_slitless_sims_seds/bc03_template_z0p596_ms10p11_age4p885_tau0p380_met0p0200_av0p658.txt
345 /Users/baj/Documents/roman_slitless_sims_seds/bc03_template_z0p643_ms10p15_age5p630_tau7p010_met0p0200_av3p838.txt
346 /Users/baj/Documents/roman_slitless_sims_seds/bc03_template_z0p232_ms10p68_age1p585_tau12p055_met0p0200_av3p106.txt
347 /Users/baj/Documents/roman_slitless_sims_seds/bc03_template_z0p530_ms10p21_age0p525_tau7p520_met0p0200_av2p719.txt
348 /Users/baj/Documents/roman_slitless_sims_seds/bc03_template_z0p200_ms11p15_age8p805_tau6p235_met0p0200_av3p918.txt
349 /Users/baj/Documents/roman_slitless_sims_seds/bc03_template_z0p864_ms11p09_age3p910_tau3p070_met0p0200_av0p923.txt
350 /Users/baj/Documents/roman_slitless_sims_seds/bc03_template_z1p990_ms10p27_age2p540_tau5p660_met0p0200_av2p895.txt
351 /Users/baj/Documents/roman_slitless_sims_seds/bc03_template_z0p355_ms10p24_age2p330_tau5p565_met0p0200_av0p028.txt
352 /Users/baj/Documents/roman_slitless_sims_seds/bc03_template_z0p566_ms10p23_age2p405_tau2p975_met0p0200_av3p182.txt
353 /Users/baj/Documents/roman_slitless_sims_seds/bc03_template_z0p750_ms10p74_age1p200_tau1p170_met0p0200_av1p846.txt
354 /Users/baj/Documents/roman_slitless_sims_seds/bc03_template_z0p949_ms11p47_age5p485_tau5p805_met0p0200_av1p341.txt
355 /Users/baj/Documents/roman_slitless_sims_seds/bc03_template_z1p122_ms10p41_age4p270_tau8p150_met0p0200_av3p013.txt
356 /Users/baj/Documents/roman_slitless_sims_seds/bc03_template_z0p500_ms10p42_age4p435_tau8p255_met0p0200_av1p377.txt
357 /Users/baj/Documents/roman_slitless_sims_seds/bc03_template_z0p731_ms11p30_age5p935_tau10p000_met0p0200_av1p485.txt
358 /Users/baj/Documents/roman_slitless_sims_seds/bc03_template_z0p645_ms10p55_age0p325_tau12p765_met0p0200_av4p804.txt
359 /Users/baj/Documents/roman_slitless_sims_seds/bc03_template_z0p328_ms10p61_age2p015_tau11p665_met0p0200_av4p925.txt
360 /Users/baj/Documents/roman_slitless_sims_seds/bc03_template_z1p002_ms10p36_age1p580_tau6p960_met0p0200_av4p484.txt
361 /Users/baj/Documents/roman_slitless_sims_seds/bc03_template_z0p737_ms10p65_age6p280_tau7p400_met0p0200_av2p372.txt
362 /Users/baj/Documents/roman_slitless_sims_seds/bc03_template_z0p878_ms10p89_age3p870_tau4p335_met0p0200_av3p543.txt
364 /Users/baj/Documents/roman_slitless_sims_seds/bc03_template_z0p870_ms10p64_age6p180_tau14p710_met0p0200_av4p728.txt
365 /Users/baj/Documents/roman_slitless_sims_seds/bc03_template_z0p650_ms10p85_age3p010_tau2p755_met0p0200_av2p313.txt
366 /Users/baj/Documents/roman_slitless_sims_seds/bc03_template_z0p228_ms10p59_age6p725_tau2p625_met0p0200_av3p576.txt
367 /Users/baj/Documents/roman_slitless_sims_seds/bc03_template_z0p715_ms10p98_age2p115_tau14p835_met0p0200_av2p115.txt
368 /Users/baj/Documents/roman_slitless_sims_seds/bc03_template_z1p103_ms10p18_age3p935_tau9p245_met0p0200_av4p349.txt
369 /Users/baj/Documents/roman_slitless_sims_seds/bc03_template_z0p927_ms10p42_age5p810_tau13p580_met0p0200_av1p055.txt
370 /Users/baj/Documents/roman_slitless_sims_seds/bc03_template_z0p856_ms10p83_age1p835_tau9p090_met0p0200_av4p489.txt
371 /Users/baj/Documents/roman_slitless_sims_seds/bc03_template_z1p231_ms10p95_age4p445_tau5p595_met0p0200_av1p090.txt
372 /Users/baj/Documents/roman_slitless_sims_seds/bc03_template_z0p759_ms10p83_age5p820_tau9p355_met0p0200_av2p266.txt
373 /Users/baj/Documents/roman_slitless_sims_seds/bc03_template_z0p740_ms10p17_age3p225_tau0p195_met0p0200_av0p278.txt
374 /Users/baj/Documents/roman_slitless_sims_seds/bc03_template_z0p592_ms10p18_age7p065_tau9p105_met0p0200_av3p859.txt
375 /Users/baj/Documents/roman_slitless_sims_seds/bc03_template_z1p095_ms10p62_age3p755_tau8p120_met0p0200_av1p104.txt
376 /Users/baj/Documents/roman_slitless_sims_seds/bc03_template_z1p070_ms10p62_age5p085_tau7p480_met0p0200_av3p839.txt
377 /Users/baj/Documents/roman_slitless_sims_seds/bc03_template_z0p950_ms10p30_age1p025_tau14p220_met0p0200_av3p397.txt
378 /Users/baj/Documents/roman_slitless_sims_seds/bc03_template_z0p580_ms10p76_age3p425_tau12p035_met0p0200_av1p549.txt
379 /Users/baj/Documents/roman_slitless_sims_seds/bc03_template_z0p872_ms11p00_age5p800_tau14p460_met0p0200_av0p428.txt
380 /Users/baj/Documents/roman_slitless_sims_seds/bc03_template_z0p864_ms10p18_age5p455_tau0p635_met0p0200_av3p011.txt
381 /Users/baj/Documents/roman_slitless_sims_seds/bc03_template_z1p431_ms10p45_age1p780_tau1p655_met0p0200_av4p949.txt
382 /Users/baj/Documents/roman_slitless_sims_seds/bc03_template_z0p933_ms10p41_age4p925_tau4p540_met0p0200_av1p537.txt
383 /Users/baj/Documents/roman_slitless_sims_seds/bc03_template_z0p559_ms10p71_age6p585_tau10p655_met0p0200_av1p691.txt
384 /Users/baj/Documents/roman_slitless_sims_seds/bc03_template_z0p943_ms11p15_age2p505_tau4p605_met0p0200_av0p685.txt
385 /Users/baj/Documents/roman_slitless_sims_seds/bc03_template_z0p600_ms11p36_age1p265_tau7p765_met0p0200_av4p368.txt
386 /Users/baj/Documents/roman_slitless_sims_seds/bc03_template_z0p700_ms11p15_age0p300_tau10p410_met0p0200_av4p518.txt
387 /Users/baj/Documents/roman_slitless_sims_seds/bc03_template_z0p754_ms11p39_age3p665_tau5p295_met0p0200_av0p725.txt
388 /Users/baj/Documents/roman_slitless_sims_seds/bc03_template_z0p487_ms11p20_age0p325_tau13p590_met0p0200_av3p552.txt
389 /Users/baj/Documents/roman_slitless_sims_seds/bc03_template_z0p218_ms10p98_age7p510_tau5p225_met0p0200_av2p659.txt
390 /Users/baj/Documents/roman_slitless_sims_seds/bc03_template_z0p601_ms11p09_age5p910_tau5p380_met0p0200_av3p096.txt
391 /Users/baj/Documents/roman_slitless_sims_seds/bc03_template_z1p256_ms11p38_age1p435_tau2p190_met0p0200_av2p466.txt
392 /Users/baj/Documents/roman_slitless_sims_seds/bc03_template_z1p543_ms10p62_age2p205_tau1p940_met0p0200_av3p343.txt
393 /Users/baj/Documents/roman_slitless_sims_seds/bc03_template_z1p001_ms10p53_age4p935_tau10p815_met0p0200_av0p004.txt
394 /Users/baj/Documents/roman_slitless_sims_seds/bc03_template_z0p401_ms10p58_age7p980_tau7p890_met0p0200_av3p928.txt
395 /Users/baj/Documents/roman_slitless_sims_seds/bc03_template_z0p548_ms10p80_age6p825_tau11p725_met0p0200_av3p173.txt
396 /Users/baj/Documents/roman_slitless_sims_seds/bc03_template_z0p847_ms10p03_age1p835_tau6p895_met0p0200_av3p363.txt
397 /Users/baj/Documents/roman_slitless_sims_seds/bc03_template_z0p660_ms10p48_age7p110_tau1p435_met0p0200_av4p919.txt
398 /Users/baj/Documents/roman_slitless_sims_seds/bc03_template_z0p880_ms10p24_age1p605_tau0p570_met0p0200_av3p993.txt
399 /Users/baj/Documents/roman_slitless_sims_seds/bc03_template_z0p951_ms10p27_age2p070_tau12p015_met0p0200_av3p852.txt
400 /Users/baj/Documents/roman_slitless_sims_seds/bc03_template_z0p624_ms10p38_age3p075_tau3p650_met0p0200_av4p709.txt
401 /Users/baj/Documents/roman_slitless_sims_seds/bc03_template_z0p070_ms10p41_age5p200_tau5p430_met0p0200_av2p535.txt
402 /Users/baj/Documents/roman_slitless_sims_seds/bc03_template_z0p735_ms10p71_age1p045_tau12p310_met0p0200_av4p150.txt
403 /Users/baj/Documents/roman_slitless_sims_seds/bc03_template_z0p215_ms10p94_age8p890_tau14p110_met0p0200_av0p162.txt
404 /Users/baj/Documents/roman_slitless_sims_seds/bc03_template_z1p743_ms10p17_age2p055_tau0p705_met0p0200_av0p140.txt
405 /Users/baj/Documents/roman_slitless_sims_seds/bc03_template_z0p923_ms10p70_age1p450_tau5p740_met0p0200_av3p345.txt
406 /Users/baj/Documents/roman_slitless_sims_seds/bc03_template_z0p880_ms10p65_age5p055_tau8p345_met0p0200_av2p602.txt
407 /Users/baj/Documents/roman_slitless_sims_seds/bc03_template_z1p390_ms10p61_age0p290_tau11p930_met0p0200_av3p476.txt
408 /Users/baj/Documents/roman_slitless_sims_seds/bc03_template_z0p733_ms10p91_age4p215_tau10p315_met0p0200_av4p597.txt
409 /Users/baj/Documents/roman_slitless_sims_seds/bc03_template_z0p695_ms10p89_age2p390_tau3p545_met0p0200_av0p728.txt
410 /Users/baj/Documents/roman_slitless_sims_seds/bc03_template_z0p110_ms11p38_age2p910_tau8p845_met0p0200_av2p649.txt
411 /Users/baj/Documents/roman_slitless_sims_seds/bc03_template_z0p485_ms10p00_age5p425_tau5p270_met0p0200_av4p884.txt
412 /Users/baj/Documents/roman_slitless_sims_seds/bc03_template_z0p966_ms11p20_age3p075_tau5p695_met0p0200_av2p983.txt
413 /Users/baj/Documents/roman_slitless_sims_seds/bc03_template_z0p735_ms11p09_age6p615_tau4p330_met0p0200_av2p478.txt
414 /Users/baj/Documents/roman_slitless_sims_seds/bc03_template_z0p741_ms10p95_age0p385_tau3p375_met0p0200_av2p967.txt
415 /Users/baj/Documents/roman_slitless_sims_seds/bc03_template_z0p746_ms10p00_age0p670_tau6p790_met0p0200_av0p335.txt
416 /Users/baj/Documents/roman_slitless_sims_seds/bc03_template_z1p019_ms11p35_age3p540_tau2p175_met0p0200_av3p228.txt
417 /Users/baj/Documents/roman_slitless_sims_seds/bc03_template_z0p910_ms10p61_age0p170_tau6p215_met0p0200_av0p747.txt
418 /Users/baj/Documents/roman_slitless_sims_seds/bc03_template_z0p622_ms10p73_age5p395_tau8p975_met0p0200_av0p636.txt
419 /Users/baj/Documents/roman_slitless_sims_seds/bc03_template_z0p225_ms11p18_age6p865_tau1p835_met0p0200_av0p546.txt
420 /Users/baj/Documents/roman_slitless_sims_seds/bc03_template_z0p226_ms10p08_age7p940_tau2p905_met0p0200_av4p354.txt
421 /Users/baj/Documents/roman_slitless_sims_seds/bc03_template_z0p458_ms10p15_age4p700_tau10p970_met0p0200_av1p075.txt
422 /Users/baj/Documents/roman_slitless_sims_seds/bc03_template_z0p686_ms11p42_age5p535_tau2p785_met0p0200_av3p616.txt
423 /Users/baj/Documents/roman_slitless_sims_seds/bc03_template_z0p306_ms11p30_age8p860_tau5p615_met0p0200_av3p254.txt
424 /Users/baj/Documents/roman_slitless_sims_seds/bc03_template_z0p520_ms11p03_age2p750_tau12p035_met0p0200_av3p589.txt
425 /Users/baj/Documents/roman_slitless_sims_seds/bc03_template_z0p558_ms11p12_age5p865_tau8p415_met0p0200_av2p298.txt
426 /Users/baj/Documents/roman_slitless_sims_seds/bc03_template_z0p680_ms10p27_age0p490_tau12p535_met0p0200_av4p440.txt
427 /Users/baj/Documents/roman_slitless_sims_seds/bc03_template_z0p885_ms10p24_age1p775_tau12p280_met0p0200_av3p231.txt
428 /Users/baj/Documents/roman_slitless_sims_seds/bc03_template_z0p617_ms10p89_age7p540_tau5p935_met0p0200_av4p843.txt
429 /Users/baj/Documents/roman_slitless_sims_seds/bc03_template_z0p971_ms10p73_age0p360_tau4p235_met0p0200_av4p158.txt
430 /Users/baj/Documents/roman_slitless_sims_seds/bc03_template_z0p752_ms10p80_age1p355_tau1p135_met0p0200_av2p962.txt
431 /Users/baj/Documents/roman_slitless_sims_seds/bc03_template_z0p563_ms11p50_age4p840_tau11p470_met0p0200_av3p195.txt
432 /Users/baj/Documents/roman_slitless_sims_seds/bc03_template_z0p940_ms10p91_age4p520_tau14p735_met0p0200_av3p135.txt
433 /Users/baj/Documents/roman_slitless_sims_seds/bc03_template_z0p730_ms10p91_age0p295_tau6p485_met0p0200_av2p345.txt
434 /Users/baj/Documents/roman_slitless_sims_seds/bc03_template_z1p218_ms11p30_age3p920_tau14p255_met0p0200_av3p460.txt
435 /Users/baj/Documents/roman_slitless_sims_seds/bc03_template_z0p707_ms11p45_age4p205_tau13p765_met0p0200_av0p135.txt
436 /Users/baj/Documents/roman_slitless_sims_seds/bc03_template_z0p157_ms10p91_age1p930_tau5p405_met0p0200_av0p238.txt
437 /Users/baj/Documents/roman_slitless_sims_seds/bc03_template_z1p213_ms10p27_age1p380_tau6p720_met0p0200_av4p150.txt
438 /Users/baj/Documents/roman_slitless_sims_seds/bc03_template_z0p645_ms10p41_age5p325_tau2p500_met0p0200_av0p722.txt
439 /Users/baj/Documents/roman_slitless_sims_seds/bc03_template_z0p930_ms11p50_age4p905_tau13p725_met0p0200_av0p492.txt
440 /Users/baj/Documents/roman_slitless_sims_seds/bc03_template_z1p359_ms10p39_age0p350_tau14p980_met0p0200_av4p513.txt
441 /Users/baj/Documents/roman_slitless_sims_seds/bc03_template_z0p320_ms10p39_age4p240_tau9p505_met0p0200_av4p523.txt
442 /Users/baj/Documents/roman_slitless_sims_seds/bc03_template_z1p023_ms11p14_age3p355_tau14p180_met0p0200_av4p108.txt
443 /Users/baj/Documents/roman_slitless_sims_seds/bc03_template_z0p185_ms10p95_age4p140_tau5p790_met0p0200_av3p077.txt
444 /Users/baj/Documents/roman_slitless_sims_seds/bc03_template_z0p903_ms10p67_age2p425_tau14p075_met0p0200_av2p381.txt
445 /Users/baj/Documents/roman_slitless_sims_seds/bc03_template_z0p375_ms11p42_age5p765_tau12p115_met0p0200_av1p415.txt
446 /Users/baj/Documents/roman_slitless_sims_seds/bc03_template_z0p749_ms10p08_age3p360_tau2p720_met0p0200_av2p277.txt
447 /Users/baj/Documents/roman_slitless_sims_seds/bc03_template_z0p454_ms10p39_age8p535_tau6p830_met0p0200_av2p762.txt
448 /Users/baj/Documents/roman_slitless_sims_seds/bc03_template_z0p940_ms11p27_age3p175_tau2p390_met0p0200_av0p679.txt
449 /Users/baj/Documents/roman_slitless_sims_seds/bc03_template_z1p519_ms10p20_age0p140_tau9p175_met0p0200_av0p300.txt
450 /Users/baj/Documents/roman_slitless_sims_seds/bc03_template_z0p880_ms11p09_age4p870_tau9p720_met0p0200_av4p522.txt
451 /Users/baj/Documents/roman_slitless_sims_seds/bc03_template_z0p530_ms10p24_age5p900_tau7p125_met0p0200_av4p944.txt
452 /Users/baj/Documents/roman_slitless_sims_seds/bc03_template_z0p366_ms10p41_age2p950_tau7p720_met0p0200_av4p796.txt
453 /Users/baj/Documents/roman_slitless_sims_seds/bc03_template_z1p417_ms10p47_age2p600_tau10p415_met0p0200_av4p435.txt
454 /Users/baj/Documents/roman_slitless_sims_seds/bc03_template_z2p004_ms10p59_age2p060_tau4p495_met0p0200_av1p471.txt
455 /Users/baj/Documents/roman_slitless_sims_seds/bc03_template_z0p369_ms10p11_age1p920_tau12p460_met0p0200_av1p410.txt
456 /Users/baj/Documents/roman_slitless_sims_seds/bc03_template_z0p577_ms11p36_age4p665_tau11p535_met0p0200_av0p157.txt
457 /Users/baj/Documents/roman_slitless_sims_seds/bc03_template_z0p736_ms11p12_age4p645_tau1p175_met0p0200_av2p031.txt
458 /Users/baj/Documents/roman_slitless_sims_seds/bc03_template_z0p565_ms11p36_age4p170_tau1p375_met0p0200_av0p344.txt
459 /Users/baj/Documents/roman_slitless_sims_seds/bc03_template_z0p971_ms10p15_age2p500_tau1p625_met0p0200_av1p293.txt
460 /Users/baj/Documents/roman_slitless_sims_seds/bc03_template_z0p254_ms10p30_age1p480_tau13p500_met0p0200_av2p686.txt
461 /Users/baj/Documents/roman_slitless_sims_seds/bc03_template_z0p846_ms10p79_age0p830_tau9p800_met0p0200_av2p456.txt
462 /Users/baj/Documents/roman_slitless_sims_seds/bc03_template_z0p371_ms11p38_age1p400_tau4p930_met0p0200_av0p822.txt
463 /Users/baj/Documents/roman_slitless_sims_seds/bc03_template_z0p510_ms11p02_age0p290_tau6p075_met0p0200_av1p009.txt
464 /Users/baj/Documents/roman_slitless_sims_seds/bc03_template_z0p580_ms10p50_age3p550_tau10p375_met0p0200_av3p954.txt
465 /Users/baj/Documents/roman_slitless_sims_seds/bc03_template_z0p670_ms11p38_age2p280_tau2p140_met0p0200_av3p420.txt
466 /Users/baj/Documents/roman_slitless_sims_seds/bc03_template_z0p867_ms10p74_age0p520_tau9p725_met0p0200_av2p196.txt
467 /Users/baj/Documents/roman_slitless_sims_seds/bc03_template_z1p015_ms10p73_age1p780_tau12p245_met0p0200_av2p483.txt
468 /Users/baj/Documents/roman_slitless_sims_seds/bc03_template_z0p294_ms10p00_age7p705_tau7p185_met0p0200_av1p083.txt
469 /Users/baj/Documents/roman_slitless_sims_seds/bc03_template_z0p817_ms10p48_age5p060_tau8p220_met0p0200_av3p052.txt
470 /Users/baj/Documents/roman_slitless_sims_seds/bc03_template_z0p491_ms10p80_age6p685_tau7p550_met0p0200_av2p704.txt
471 /Users/baj/Documents/roman_slitless_sims_seds/bc03_template_z1p041_ms11p33_age4p360_tau10p745_met0p0200_av2p100.txt
472 /Users/baj/Documents/roman_slitless_sims_seds/bc03_template_z0p120_ms11p41_age9p255_tau6p265_met0p0200_av4p114.txt
473 /Users/baj/Documents/roman_slitless_sims_seds/bc03_template_z0p186_ms10p09_age0p710_tau2p905_met0p0200_av0p033.txt
474 /Users/baj/Documents/roman_slitless_sims_seds/bc03_template_z0p635_ms10p11_age2p365_tau4p405_met0p0200_av4p666.txt
475 /Users/baj/Documents/roman_slitless_sims_seds/bc03_template_z0p653_ms10p95_age4p555_tau14p555_met0p0200_av1p402.txt
476 /Users/baj/Documents/roman_slitless_sims_seds/bc03_template_z0p968_ms10p02_age3p520_tau9p060_met0p0200_av3p997.txt
477 /Users/baj/Documents/roman_slitless_sims_seds/bc03_template_z0p640_ms10p35_age4p690_tau8p145_met0p0200_av1p917.txt
478 /Users/baj/Documents/roman_slitless_sims_seds/bc03_template_z1p032_ms11p36_age2p365_tau1p790_met0p0200_av3p103.txt
479 /Users/baj/Documents/roman_slitless_sims_seds/bc03_template_z0p819_ms10p44_age0p335_tau12p625_met0p0200_av3p861.txt
480 /Users/baj/Documents/roman_slitless_sims_seds/bc03_template_z1p030_ms10p00_age4p770_tau8p585_met0p0200_av2p057.txt
481 /Users/baj/Documents/roman_slitless_sims_seds/bc03_template_z0p458_ms11p06_age7p405_tau12p605_met0p0200_av1p727.txt
482 /Users/baj/Documents/roman_slitless_sims_seds/bc03_template_z0p469_ms10p95_age7p665_tau5p855_met0p0200_av0p545.txt
483 /Users/baj/Documents/roman_slitless_sims_seds/bc03_template_z0p660_ms10p05_age6p825_tau1p970_met0p0200_av3p290.txt
484 /Users/baj/Documents/roman_slitless_sims_seds/bc03_template_z0p342_ms10p73_age9p415_tau13p470_met0p0200_av4p900.txt
485 /Users/baj/Documents/roman_slitless_sims_seds/bc03_template_z0p399_ms10p89_age3p255_tau8p865_met0p0200_av0p203.txt
486 /Users/baj/Documents/roman_slitless_sims_seds/bc03_template_z0p639_ms10p58_age2p685_tau9p310_met0p0200_av4p315.txt
487 /Users/baj/Documents/roman_slitless_sims_seds/bc03_template_z0p887_ms11p39_age4p710_tau1p840_met0p0200_av0p898.txt
488 /Users/baj/Documents/roman_slitless_sims_seds/bc03_template_z0p523_ms11p33_age7p205_tau4p660_met0p0200_av0p567.txt
489 /Users/baj/Documents/roman_slitless_sims_seds/bc03_template_z1p188_ms10p11_age3p075_tau11p320_met0p0200_av1p692.txt
490 /Users/baj/Documents/roman_slitless_sims_seds/bc03_template_z0p145_ms10p29_age5p605_tau6p275_met0p0200_av2p890.txt
491 /Users/baj/Documents/roman_slitless_sims_seds/bc03_template_z0p636_ms10p06_age6p435_tau6p660_met0p0200_av1p941.txt
492 /Users/baj/Documents/roman_slitless_sims_seds/bc03_template_z0p720_ms10p24_age1p565_tau0p135_met0p0200_av3p112.txt
493 /Users/baj/Documents/roman_slitless_sims_seds/bc03_template_z1p617_ms11p26_age3p035_tau9p310_met0p0200_av0p029.txt
494 /Users/baj/Documents/roman_slitless_sims_seds/bc03_template_z0p450_ms10p62_age7p830_tau1p430_met0p0200_av1p125.txt
495 /Users/baj/Documents/roman_slitless_sims_seds/bc03_template_z0p668_ms10p41_age0p560_tau12p335_met0p0200_av4p109.txt
496 /Users/baj/Documents/roman_slitless_sims_seds/bc03_template_z0p350_ms10p91_age6p370_tau7p665_met0p0200_av4p540.txt
497 /Users/baj/Documents/roman_slitless_sims_seds/bc03_template_z0p565_ms10p65_age4p460_tau14p245_met0p0200_av0p686.txt
498 /Users/baj/Documents/roman_slitless_sims_seds/bc03_template_z0p295_ms10p83_age6p320_tau7p810_met0p0200_av0p103.txt
499 /Users/baj/Documents/roman_slitless_sims_seds/bc03_template_z1p383_ms11p08_age1p580_tau11p585_met0p0200_av3p568.txt
500 /Users/baj/Documents/roman_slitless_sims_seds/bc03_template_z0p230_ms10p53_age4p700_tau7p665_met0p0200_av0p446.txt
501 /Users/baj/Documents/roman_slitless_sims_seds/bc03_template_z1p507_ms10p05_age1p125_tau0p415_met0p0200_av3p144.txt
502 /Users/baj/Documents/roman_slitless_sims_seds/bc03_template_z0p232_ms11p15_age0p535_tau6p185_met0p0200_av0p902.txt
503 /Users/baj/Documents/roman_slitless_sims_seds/bc03_template_z2p381_ms10p68_age0p105_tau6p655_met0p0200_av1p158.txt
504 /Users/baj/Documents/roman_slitless_sims_seds/bc03_template_z0p512_ms11p35_age3p935_tau8p785_met0p0200_av3p991.txt
505 /Users/baj/Documents/roman_slitless_sims_seds/bc03_template_z1p016_ms10p53_age5p490_tau8p965_met0p0200_av3p131.txt
506 /Users/baj/Documents/roman_slitless_sims_seds/bc03_template_z0p185_ms11p23_age3p510_tau4p205_met0p0200_av0p567.txt
507 /Users/baj/Documents/roman_slitless_sims_seds/bc03_template_z0p890_ms10p74_age5p305_tau9p820_met0p0200_av4p392.txt
508 /Users/baj/Documents/roman_slitless_sims_seds/bc03_template_z0p962_ms10p65_age5p175_tau10p195_met0p0200_av4p540.txt
509 /Users/baj/Documents/roman_slitless_sims_seds/bc03_template_z0p796_ms10p67_age2p795_tau14p265_met0p0200_av1p111.txt
510 /Users/baj/Documents/roman_slitless_sims_seds/bc03_template_z0p074_ms10p55_age5p380_tau5p850_met0p0200_av3p690.txt
511 /Users/baj/Documents/roman_slitless_sims_seds/bc03_template_z1p158_ms10p21_age2p810_tau12p035_met0p0200_av3p150.txt
512 /Users/baj/Documents/roman_slitless_sims_seds/bc03_template_z0p473_ms11p06_age7p245_tau2p665_met0p0200_av4p572.txt
513 /Users/baj/Documents/roman_slitless_sims_seds/bc03_template_z0p157_ms10p70_age10p145_tau11p845_met0p0200_av1p063.txt
514 /Users/baj/Documents/roman_slitless_sims_seds/bc03_template_z0p850_ms11p47_age1p260_tau11p970_met0p0200_av3p060.txt
515 /Users/baj/Documents/roman_slitless_sims_seds/bc03_template_z0p110_ms11p41_age4p895_tau2p265_met0p0200_av4p814.txt
516 /Users/baj/Documents/roman_slitless_sims_seds/bc03_template_z0p549_ms11p20_age4p575_tau7p005_met0p0200_av1p746.txt
517 /Users/baj/Documents/roman_slitless_sims_seds/bc03_template_z0p532_ms10p64_age7p225_tau7p510_met0p0200_av1p143.txt
518 /Users/baj/Documents/roman_slitless_sims_seds/bc03_template_z2p471_ms10p59_age1p020_tau3p780_met0p0200_av0p507.txt
519 /Users/baj/Documents/roman_slitless_sims_seds/bc03_template_z0p714_ms11p12_age0p610_tau8p575_met0p0200_av3p358.txt
520 /Users/baj/Documents/roman_slitless_sims_seds/bc03_template_z0p212_ms10p82_age7p295_tau7p330_met0p0200_av4p911.txt
521 /Users/baj/Documents/roman_slitless_sims_seds/bc03_template_z0p920_ms11p36_age5p540_tau13p990_met0p0200_av4p082.txt
522 /Users/baj/Documents/roman_slitless_sims_seds/bc03_template_z0p137_ms10p38_age4p055_tau7p885_met0p0200_av0p262.txt
523 /Users/baj/Documents/roman_slitless_sims_seds/bc03_template_z1p432_ms10p88_age1p560_tau6p255_met0p0200_av3p308.txt
524 /Users/baj/Documents/roman_slitless_sims_seds/bc03_template_z1p060_ms10p24_age5p215_tau5p290_met0p0200_av0p053.txt
525 /Users/baj/Documents/roman_slitless_sims_seds/bc03_template_z1p518_ms10p52_age1p165_tau14p290_met0p0200_av2p522.txt
526 /Users/baj/Documents/roman_slitless_sims_seds/bc03_template_z0p413_ms10p74_age1p385_tau7p305_met0p0200_av3p317.txt
527 /Users/baj/Documents/roman_slitless_sims_seds/bc03_template_z0p650_ms11p12_age7p160_tau5p775_met0p0200_av0p264.txt
528 /Users/baj/Documents/roman_slitless_sims_seds/bc03_template_z0p345_ms10p42_age1p110_tau1p115_met0p0200_av2p245.txt
529 /Users/baj/Documents/roman_slitless_sims_seds/bc03_template_z0p850_ms10p82_age0p470_tau0p285_met0p0200_av4p698.txt
530 /Users/baj/Documents/roman_slitless_sims_seds/bc03_template_z0p201_ms10p52_age7p490_tau11p685_met0p0200_av0p155.txt
531 /Users/baj/Documents/roman_slitless_sims_seds/bc03_template_z0p229_ms11p42_age0p330_tau4p285_met0p0200_av0p412.txt
532 /Users/baj/Documents/roman_slitless_sims_seds/bc03_template_z0p732_ms10p76_age3p750_tau11p535_met0p0200_av0p855.txt
533 /Users/baj/Documents/roman_slitless_sims_seds/bc03_template_z0p429_ms10p32_age4p865_tau9p890_met0p0200_av3p782.txt
534 /Users/baj/Documents/roman_slitless_sims_seds/bc03_template_z0p840_ms10p38_age3p245_tau12p830_met0p0200_av2p311.txt
535 /Users/baj/Documents/roman_slitless_sims_seds/bc03_template_z0p856_ms10p79_age6p265_tau9p775_met0p0200_av1p085.txt
536 /Users/baj/Documents/roman_slitless_sims_seds/bc03_template_z0p733_ms11p23_age4p800_tau8p100_met0p0200_av0p198.txt
537 /Users/baj/Documents/roman_slitless_sims_seds/bc03_template_z0p677_ms10p91_age6p775_tau0p920_met0p0200_av2p157.txt
538 /Users/baj/Documents/roman_slitless_sims_seds/bc03_template_z0p511_ms10p53_age6p580_tau12p845_met0p0200_av2p325.txt
539 /Users/baj/Documents/roman_slitless_sims_seds/bc03_template_z0p681_ms10p17_age6p935_tau1p340_met0p0200_av2p659.txt
540 /Users/baj/Documents/roman_slitless_sims_seds/bc03_template_z0p680_ms10p95_age0p105_tau11p505_met0p0200_av0p713.txt
541 /Users/baj/Documents/roman_slitless_sims_seds/bc03_template_z1p648_ms11p00_age2p605_tau7p445_met0p0200_av0p099.txt
542 /Users/baj/Documents/roman_slitless_sims_seds/bc03_template_z1p160_ms10p00_age2p775_tau10p885_met0p0200_av2p693.txt
543 /Users/baj/Documents/roman_slitless_sims_seds/bc03_template_z0p619_ms10p47_age5p745_tau1p075_met0p0200_av3p111.txt
544 /Users/baj/Documents/roman_slitless_sims_seds/bc03_template_z0p668_ms10p05_age1p200_tau8p035_met0p0200_av1p782.txt
545 /Users/baj/Documents/roman_slitless_sims_seds/bc03_template_z0p200_ms10p82_age0p830_tau14p565_met0p0200_av4p962.txt
546 /Users/baj/Documents/roman_slitless_sims_seds/bc03_template_z0p194_ms10p38_age9p735_tau7p005_met0p0200_av1p479.txt
547 /Users/baj/Documents/roman_slitless_sims_seds/bc03_template_z0p860_ms10p58_age4p400_tau14p745_met0p0200_av1p679.txt
548 /Users/baj/Documents/roman_slitless_sims_seds/bc03_template_z1p084_ms10p52_age2p345_tau6p810_met0p0200_av2p362.txt
549 /Users/baj/Documents/roman_slitless_sims_seds/bc03_template_z0p898_ms11p27_age2p030_tau12p835_met0p0200_av0p354.txt
550 /Users/baj/Documents/roman_slitless_sims_seds/bc03_template_z0p527_ms11p24_age0p115_tau9p575_met0p0200_av1p030.txt
551 /Users/baj/Documents/roman_slitless_sims_seds/bc03_template_z0p359_ms11p02_age4p655_tau0p760_met0p0200_av2p560.txt
552 /Users/baj/Documents/roman_slitless_sims_seds/bc03_template_z0p472_ms10p00_age4p615_tau7p075_met0p0200_av1p804.txt
553 /Users/baj/Documents/roman_slitless_sims_seds/bc03_template_z0p650_ms10p32_age3p280_tau4p310_met0p0200_av2p028.txt
554 /Users/baj/Documents/roman_slitless_sims_seds/bc03_template_z1p789_ms11p05_age3p405_tau2p375_met0p0200_av3p996.txt
555 /Users/baj/Documents/roman_slitless_sims_seds/bc03_template_z0p321_ms10p27_age4p980_tau11p950_met0p0200_av2p763.txt
556 /Users/baj/Documents/roman_slitless_sims_seds/bc03_template_z0p659_ms11p23_age4p020_tau2p065_met0p0200_av3p513.txt
557 /Users/baj/Documents/roman_slitless_sims_seds/bc03_template_z0p850_ms10p80_age5p710_tau13p975_met0p0200_av3p210.txt
558 /Users/baj/Documents/roman_slitless_sims_seds/bc03_template_z0p483_ms10p89_age5p275_tau11p385_met0p0200_av3p664.txt
559 /Users/baj/Documents/roman_slitless_sims_seds/bc03_template_z1p506_ms11p21_age0p990_tau5p165_met0p0200_av2p093.txt
560 /Users/baj/Documents/roman_slitless_sims_seds/bc03_template_z0p851_ms10p00_age3p160_tau10p235_met0p0200_av0p067.txt
561 /Users/baj/Documents/roman_slitless_sims_seds/bc03_template_z0p090_ms10p65_age2p680_tau4p030_met0p0200_av2p841.txt
562 /Users/baj/Documents/roman_slitless_sims_seds/bc03_template_z0p390_ms11p47_age8p695_tau4p390_met0p0200_av0p672.txt
563 /Users/baj/Documents/roman_slitless_sims_seds/bc03_template_z0p934_ms11p20_age0p275_tau3p610_met0p0200_av2p095.txt
564 /Users/baj/Documents/roman_slitless_sims_seds/bc03_template_z1p040_ms10p97_age1p205_tau4p960_met0p0200_av2p126.txt
565 /Users/baj/Documents/roman_slitless_sims_seds/bc03_template_z0p653_ms10p09_age1p885_tau3p865_met0p0200_av2p885.txt
566 /Users/baj/Documents/roman_slitless_sims_seds/bc03_template_z1p158_ms10p76_age5p040_tau7p645_met0p0200_av2p419.txt
567 /Users/baj/Documents/roman_slitless_sims_seds/bc03_template_z1p102_ms10p61_age0p150_tau7p785_met0p0200_av1p672.txt
568 /Users/baj/Documents/roman_slitless_sims_seds/bc03_template_z0p327_ms10p26_age3p290_tau13p855_met0p0200_av2p898.txt
569 /Users/baj/Documents/roman_slitless_sims_seds/bc03_template_z1p028_ms11p41_age3p450_tau1p345_met0p0200_av0p538.txt
570 /Users/baj/Documents/roman_slitless_sims_seds/bc03_template_z2p398_ms10p06_age1p995_tau13p400_met0p0200_av3p724.txt
571 /Users/baj/Documents/roman_slitless_sims_seds/bc03_template_z0p937_ms10p29_age4p140_tau11p070_met0p0200_av2p270.txt
572 /Users/baj/Documents/roman_slitless_sims_seds/bc03_template_z1p174_ms10p36_age4p065_tau9p120_met0p0200_av4p833.txt
573 /Users/baj/Documents/roman_slitless_sims_seds/bc03_template_z0p734_ms11p14_age3p460_tau8p370_met0p0200_av1p964.txt
574 /Users/baj/Documents/roman_slitless_sims_seds/bc03_template_z0p468_ms11p50_age2p080_tau9p405_met0p0200_av2p919.txt
575 /Users/baj/Documents/roman_slitless_sims_seds/bc03_template_z0p403_ms10p92_age6p845_tau1p555_met0p0200_av4p637.txt
576 /Users/baj/Documents/roman_slitless_sims_seds/bc03_template_z1p172_ms11p00_age1p240_tau5p990_met0p0200_av2p910.txt
577 /Users/baj/Documents/roman_slitless_sims_seds/bc03_template_z0p900_ms10p32_age2p915_tau4p780_met0p0200_av0p992.txt
578 /Users/baj/Documents/roman_slitless_sims_seds/bc03_template_z0p750_ms11p21_age0p640_tau2p700_met0p0200_av0p452.txt
579 /Users/baj/Documents/roman_slitless_sims_seds/bc03_template_z0p690_ms10p79_age1p400_tau9p110_met0p0200_av0p726.txt
580 /Users/baj/Documents/roman_slitless_sims_seds/bc03_template_z0p431_ms10p58_age6p810_tau7p580_met0p0200_av2p845.txt
581 /Users/baj/Documents/roman_slitless_sims_seds/bc03_template_z1p210_ms10p70_age4p885_tau3p255_met0p0200_av0p706.txt
582 /Users/baj/Documents/roman_slitless_sims_seds/bc03_template_z0p526_ms11p44_age8p045_tau7p915_met0p0200_av2p102.txt
583 /Users/baj/Documents/roman_slitless_sims_seds/bc03_template_z2p370_ms11p20_age1p000_tau10p075_met0p0200_av1p362.txt
584 /Users/baj/Documents/roman_slitless_sims_seds/bc03_template_z0p594_ms11p42_age6p225_tau12p955_met0p0200_av4p020.txt
585 /Users/baj/Documents/roman_slitless_sims_seds/bc03_template_z0p730_ms11p15_age5p640_tau3p745_met0p0200_av0p161.txt
586 /Users/baj/Documents/roman_slitless_sims_seds/bc03_template_z0p878_ms10p58_age3p485_tau1p565_met0p0200_av2p480.txt
587 /Users/baj/Documents/roman_slitless_sims_seds/bc03_template_z0p850_ms10p53_age0p470_tau0p480_met0p0200_av1p493.txt
588 /Users/baj/Documents/roman_slitless_sims_seds/bc03_template_z1p099_ms10p71_age2p315_tau4p045_met0p0200_av3p334.txt
590 /Users/baj/Documents/roman_slitless_sims_seds/bc03_template_z0p654_ms10p29_age0p685_tau0p440_met0p0200_av3p103.txt
591 /Users/baj/Documents/roman_slitless_sims_seds/bc03_template_z0p824_ms10p27_age1p495_tau4p985_met0p0200_av3p958.txt
592 /Users/baj/Documents/roman_slitless_sims_seds/bc03_template_z0p679_ms10p91_age5p805_tau7p530_met0p0200_av2p155.txt
593 /Users/baj/Documents/roman_slitless_sims_seds/bc03_template_z0p742_ms11p23_age4p670_tau11p965_met0p0200_av0p525.txt
594 /Users/baj/Documents/roman_slitless_sims_seds/bc03_template_z0p526_ms10p48_age6p885_tau7p080_met0p0200_av1p613.txt
595 /Users/baj/Documents/roman_slitless_sims_seds/bc03_template_z0p835_ms10p29_age0p935_tau5p585_met0p0200_av2p311.txt
596 /Users/baj/Documents/roman_slitless_sims_seds/bc03_template_z0p270_ms11p18_age2p440_tau13p260_met0p0200_av1p796.txt
597 /Users/baj/Documents/roman_slitless_sims_seds/bc03_template_z0p813_ms10p50_age4p825_tau12p480_met0p0200_av4p112.txt
598 /Users/baj/Documents/roman_slitless_sims_seds/bc03_template_z0p577_ms11p48_age5p365_tau0p215_met0p0200_av0p019.txt
599 /Users/baj/Documents/roman_slitless_sims_seds/bc03_template_z0p356_ms10p73_age5p645_tau11p110_met0p0200_av1p130.txt
600 /Users/baj/Documents/roman_slitless_sims_seds/bc03_template_z0p617_ms10p14_age6p925_tau14p955_met0p0200_av1p452.txt
601 /Users/baj/Documents/roman_slitless_sims_seds/bc03_template_z0p570_ms11p23_age2p025_tau9p490_met0p0200_av0p543.txt
602 /Users/baj/Documents/roman_slitless_sims_seds/bc03_template_z0p680_ms10p55_age1p985_tau4p055_met0p0200_av3p300.txt
603 /Users/baj/Documents/roman_slitless_sims_seds/bc03_template_z0p682_ms10p88_age4p250_tau11p695_met0p0200_av4p127.txt
604 /Users/baj/Documents/roman_slitless_sims_seds/bc03_template_z0p093_ms10p00_age11p945_tau7p985_met0p0200_av0p198.txt
605 /Users/baj/Documents/roman_slitless_sims_seds/bc03_template_z0p410_ms11p29_age3p535_tau9p350_met0p0200_av4p257.txt
606 /Users/baj/Documents/roman_slitless_sims_seds/bc03_template_z0p720_ms11p39_age6p805_tau5p320_met0p0200_av2p364.txt
607 /Users/baj/Documents/roman_slitless_sims_seds/bc03_template_z0p780_ms11p15_age5p335_tau11p740_met0p0200_av1p042.txt
608 /Users/baj/Documents/roman_slitless_sims_seds/bc03_template_z0p527_ms10p33_age7p785_tau3p585_met0p0200_av4p749.txt
609 /Users/baj/Documents/roman_slitless_sims_seds/bc03_template_z1p268_ms10p41_age0p570_tau11p120_met0p0200_av4p092.txt
610 /Users/baj/Documents/roman_slitless_sims_seds/bc03_template_z1p090_ms10p61_age4p935_tau0p600_met0p0200_av3p267.txt
611 /Users/baj/Documents/roman_slitless_sims_seds/bc03_template_z0p516_ms10p17_age7p000_tau7p070_met0p0200_av2p362.txt
612 /Users/baj/Documents/roman_slitless_sims_seds/bc03_template_z0p651_ms10p00_age5p955_tau4p765_met0p0200_av3p235.txt
613 /Users/baj/Documents/roman_slitless_sims_seds/bc03_template_z1p039_ms10p80_age3p870_tau9p920_met0p0200_av1p793.txt
614 /Users/baj/Documents/roman_slitless_sims_seds/bc03_template_z1p083_ms11p48_age0p150_tau2p465_met0p0200_av0p515.txt
615 /Users/baj/Documents/roman_slitless_sims_seds/bc03_template_z0p339_ms10p89_age8p270_tau0p195_met0p0200_av0p083.txt
616 /Users/baj/Documents/roman_slitless_sims_seds/bc03_template_z0p150_ms10p82_age4p560_tau6p665_met0p0200_av2p708.txt
617 /Users/baj/Documents/roman_slitless_sims_seds/bc03_template_z1p075_ms10p24_age1p650_tau4p130_met0p0200_av4p675.txt
618 /Users/baj/Documents/roman_slitless_sims_seds/bc03_template_z1p183_ms10p73_age2p965_tau3p325_met0p0200_av2p349.txt
619 /Users/baj/Documents/roman_slitless_sims_seds/bc03_template_z1p610_ms10p70_age3p435_tau9p870_met0p0200_av4p578.txt
620 /Users/baj/Documents/roman_slitless_sims_seds/bc03_template_z1p142_ms10p67_age2p415_tau13p695_met0p0200_av0p526.txt
621 /Users/baj/Documents/roman_slitless_sims_seds/bc03_template_z0p218_ms11p42_age1p860_tau2p905_met0p0200_av1p197.txt
622 /Users/baj/Documents/roman_slitless_sims_seds/bc03_template_z0p660_ms10p92_age1p835_tau9p465_met0p0200_av2p284.txt
623 /Users/baj/Documents/roman_slitless_sims_seds/bc03_template_z1p252_ms11p50_age0p265_tau3p025_met0p0200_av2p128.txt
624 /Users/baj/Documents/roman_slitless_sims_seds/bc03_template_z0p759_ms11p14_age6p300_tau1p050_met0p0200_av1p919.txt
625 /Users/baj/Documents/roman_slitless_sims_seds/bc03_template_z0p263_ms10p33_age7p365_tau10p990_met0p0200_av2p567.txt
626 /Users/baj/Documents/roman_slitless_sims_seds/bc03_template_z0p380_ms10p20_age2p555_tau9p295_met0p0200_av2p096.txt
627 /Users/baj/Documents/roman_slitless_sims_seds/bc03_template_z0p594_ms11p47_age4p190_tau11p300_met0p0200_av1p786.txt
628 /Users/baj/Documents/roman_slitless_sims_seds/bc03_template_z1p282_ms10p48_age3p950_tau9p760_met0p0200_av2p733.txt
629 /Users/baj/Documents/roman_slitless_sims_seds/bc03_template_z0p748_ms11p17_age5p555_tau12p955_met0p0200_av0p209.txt
630 /Users/baj/Documents/roman_slitless_sims_seds/bc03_template_z0p230_ms10p62_age0p115_tau6p115_met0p0200_av4p356.txt
631 /Users/baj/Documents/roman_slitless_sims_seds/bc03_template_z0p320_ms11p48_age1p655_tau7p145_met0p0200_av2p676.txt
632 /Users/baj/Documents/roman_slitless_sims_seds/bc03_template_z0p773_ms11p20_age0p435_tau2p125_met0p0200_av3p073.txt
633 /Users/baj/Documents/roman_slitless_sims_seds/bc03_template_z1p256_ms11p12_age0p735_tau9p740_met0p0200_av1p805.txt
634 /Users/baj/Documents/roman_slitless_sims_seds/bc03_template_z0p434_ms11p02_age8p110_tau12p565_met0p0200_av0p636.txt
635 /Users/baj/Documents/roman_slitless_sims_seds/bc03_template_z0p961_ms10p15_age1p710_tau1p445_met0p0200_av0p977.txt
636 /Users/baj/Documents/roman_slitless_sims_seds/bc03_template_z0p335_ms10p56_age7p815_tau8p515_met0p0200_av1p787.txt
637 /Users/baj/Documents/roman_slitless_sims_seds/bc03_template_z0p722_ms10p03_age3p615_tau3p670_met0p0200_av0p409.txt
638 /Users/baj/Documents/roman_slitless_sims_seds/bc03_template_z2p217_ms10p98_age0p610_tau13p870_met0p0200_av3p225.txt
639 /Users/baj/Documents/roman_slitless_sims_seds/bc03_template_z0p748_ms10p44_age2p005_tau7p460_met0p0200_av2p783.txt
640 /Users/baj/Documents/roman_slitless_sims_seds/bc03_template_z0p932_ms10p61_age1p670_tau9p920_met0p0200_av2p730.txt
641 /Users/baj/Documents/roman_slitless_sims_seds/bc03_template_z1p271_ms10p24_age3p130_tau9p135_met0p0200_av4p420.txt
642 /Users/baj/Documents/roman_slitless_sims_seds/bc03_template_z0p822_ms11p11_age3p590_tau9p480_met0p0200_av3p576.txt
643 /Users/baj/Documents/roman_slitless_sims_seds/bc03_template_z0p749_ms10p73_age0p665_tau5p490_met0p0200_av2p734.txt
644 /Users/baj/Documents/roman_slitless_sims_seds/bc03_template_z1p307_ms11p32_age2p955_tau5p910_met0p0200_av2p167.txt
645 /Users/baj/Documents/roman_slitless_sims_seds/bc03_template_z0p672_ms10p73_age0p680_tau10p705_met0p0200_av2p692.txt
646 /Users/baj/Documents/roman_slitless_sims_seds/bc03_template_z1p257_ms10p14_age4p385_tau4p190_met0p0200_av1p175.txt
647 /Users/baj/Documents/roman_slitless_sims_seds/bc03_template_z1p257_ms11p00_age1p400_tau0p630_met0p0200_av4p313.txt
648 /Users/baj/Documents/roman_slitless_sims_seds/bc03_template_z0p286_ms10p45_age9p070_tau2p485_met0p0200_av3p281.txt
649 /Users/baj/Documents/roman_slitless_sims_seds/bc03_template_z0p771_ms11p44_age1p375_tau8p260_met0p0200_av3p367.txt
650 /Users/baj/Documents/roman_slitless_sims_seds/bc03_template_z0p641_ms10p02_age3p030_tau6p955_met0p0200_av4p637.txt
651 /Users/baj/Documents/roman_slitless_sims_seds/bc03_template_z0p831_ms10p97_age4p725_tau14p815_met0p0200_av2p284.txt
652 /Users/baj/Documents/roman_slitless_sims_seds/bc03_template_z0p346_ms10p71_age4p735_tau5p530_met0p0200_av3p748.txt
653 /Users/baj/Documents/roman_slitless_sims_seds/bc03_template_z0p720_ms10p24_age1p075_tau6p930_met0p0200_av3p401.txt
654 /Users/baj/Documents/roman_slitless_sims_seds/bc03_template_z1p038_ms11p26_age3p375_tau11p325_met0p0200_av2p345.txt
655 /Users/baj/Documents/roman_slitless_sims_seds/bc03_template_z0p438_ms10p47_age4p225_tau11p725_met0p0200_av1p090.txt
656 /Users/baj/Documents/roman_slitless_sims_seds/bc03_template_z0p650_ms11p18_age2p315_tau6p850_met0p0200_av4p945.txt
657 /Users/baj/Documents/roman_slitless_sims_seds/bc03_template_z0p419_ms10p56_age6p400_tau2p005_met0p0200_av4p403.txt
658 /Users/baj/Documents/roman_slitless_sims_seds/bc03_template_z0p286_ms10p89_age8p920_tau14p560_met0p0200_av2p689.txt
659 /Users/baj/Documents/roman_slitless_sims_seds/bc03_template_z0p647_ms11p23_age1p300_tau4p220_met0p0200_av4p678.txt
660 /Users/baj/Documents/roman_slitless_sims_seds/bc03_template_z0p571_ms10p41_age7p055_tau0p090_met0p0200_av1p138.txt
661 /Users/baj/Documents/roman_slitless_sims_seds/bc03_template_z1p338_ms10p95_age3p885_tau9p010_met0p0200_av3p748.txt
662 /Users/baj/Documents/roman_slitless_sims_seds/bc03_template_z0p497_ms10p79_age3p025_tau4p660_met0p0200_av2p327.txt
663 /Users/baj/Documents/roman_slitless_sims_seds/bc03_template_z0p485_ms10p92_age3p260_tau6p865_met0p0200_av2p685.txt
664 /Users/baj/Documents/roman_slitless_sims_seds/bc03_template_z0p441_ms10p50_age4p855_tau10p220_met0p0200_av4p713.txt
666 /Users/baj/Documents/roman_slitless_sims_seds/bc03_template_z0p212_ms10p42_age2p910_tau3p340_met0p0200_av2p593.txt
667 /Users/baj/Documents/roman_slitless_sims_seds/bc03_template_z0p830_ms11p32_age5p765_tau14p570_met0p0200_av1p411.txt
668 /Users/baj/Documents/roman_slitless_sims_seds/bc03_template_z0p878_ms11p32_age0p270_tau9p750_met0p0200_av1p731.txt
669 /Users/baj/Documents/roman_slitless_sims_seds/bc03_template_z1p441_ms11p15_age0p590_tau1p230_met0p0200_av4p365.txt
670 /Users/baj/Documents/roman_slitless_sims_seds/bc03_template_z1p084_ms10p35_age0p575_tau10p645_met0p0200_av4p143.txt
671 /Users/baj/Documents/roman_slitless_sims_seds/bc03_template_z1p070_ms10p71_age2p130_tau4p315_met0p0200_av4p575.txt
672 /Users/baj/Documents/roman_slitless_sims_seds/bc03_template_z0p998_ms10p70_age2p320_tau1p935_met0p0200_av3p174.txt
673 /Users/baj/Documents/roman_slitless_sims_seds/bc03_template_z0p513_ms11p11_age2p015_tau9p390_met0p0200_av4p723.txt
674 /Users/baj/Documents/roman_slitless_sims_seds/bc03_template_z0p735_ms10p17_age6p415_tau4p245_met0p0200_av4p434.txt
675 /Users/baj/Documents/roman_slitless_sims_seds/bc03_template_z0p353_ms11p11_age0p195_tau0p485_met0p0200_av1p488.txt
676 /Users/baj/Documents/roman_slitless_sims_seds/bc03_template_z0p894_ms10p89_age0p400_tau4p180_met0p0200_av3p204.txt
677 /Users/baj/Documents/roman_slitless_sims_seds/bc03_template_z0p686_ms10p73_age4p535_tau6p700_met0p0200_av0p156.txt
678 /Users/baj/Documents/roman_slitless_sims_seds/bc03_template_z0p200_ms11p44_age4p885_tau6p105_met0p0200_av4p893.txt
679 /Users/baj/Documents/roman_slitless_sims_seds/bc03_template_z0p911_ms10p94_age1p380_tau2p995_met0p0200_av0p170.txt
680 /Users/baj/Documents/roman_slitless_sims_seds/bc03_template_z0p899_ms11p08_age3p130_tau3p805_met0p0200_av0p309.txt
681 /Users/baj/Documents/roman_slitless_sims_seds/bc03_template_z0p735_ms10p91_age0p125_tau4p120_met0p0200_av1p425.txt
682 /Users/baj/Documents/roman_slitless_sims_seds/bc03_template_z0p410_ms10p26_age8p165_tau12p885_met0p0200_av1p396.txt
683 /Users/baj/Documents/roman_slitless_sims_seds/bc03_template_z0p660_ms10p11_age0p865_tau14p880_met0p0200_av1p890.txt
684 /Users/baj/Documents/roman_slitless_sims_seds/bc03_template_z1p156_ms10p80_age1p425_tau0p850_met0p0200_av2p141.txt
685 /Users/baj/Documents/roman_slitless_sims_seds/bc03_template_z0p674_ms10p02_age4p645_tau9p105_met0p0200_av2p772.txt
686 /Users/baj/Documents/roman_slitless_sims_seds/bc03_template_z0p930_ms10p11_age5p695_tau7p195_met0p0200_av3p227.txt
687 /Users/baj/Documents/roman_slitless_sims_seds/bc03_template_z1p258_ms10p05_age3p705_tau14p095_met0p0200_av0p508.txt
688 /Users/baj/Documents/roman_slitless_sims_seds/bc03_template_z1p332_ms10p42_age2p465_tau3p825_met0p0200_av3p315.txt
689 /Users/baj/Documents/roman_slitless_sims_seds/bc03_template_z0p731_ms11p42_age6p140_tau0p695_met0p0200_av3p652.txt
690 /Users/baj/Documents/roman_slitless_sims_seds/bc03_template_z0p100_ms10p71_age10p245_tau13p985_met0p0200_av2p600.txt
691 /Users/baj/Documents/roman_slitless_sims_seds/bc03_template_z1p120_ms11p39_age3p980_tau10p585_met0p0200_av0p447.txt
692 /Users/baj/Documents/roman_slitless_sims_seds/bc03_template_z1p357_ms11p14_age1p520_tau6p630_met0p0200_av0p372.txt
693 /Users/baj/Documents/roman_slitless_sims_seds/bc03_template_z1p381_ms10p95_age1p865_tau9p035_met0p0200_av3p310.txt
694 /Users/baj/Documents/roman_slitless_sims_seds/bc03_template_z0p726_ms10p29_age3p145_tau5p280_met0p0200_av3p340.txt
695 /Users/baj/Documents/roman_slitless_sims_seds/bc03_template_z0p516_ms11p26_age7p265_tau2p495_met0p0200_av0p840.txt
696 /Users/baj/Documents/roman_slitless_sims_seds/bc03_template_z1p028_ms11p27_age2p610_tau11p575_met0p0200_av0p739.txt
697 /Users/baj/Documents/roman_slitless_sims_seds/bc03_template_z0p510_ms11p33_age6p815_tau13p170_met0p0200_av2p082.txt
698 /Users/baj/Documents/roman_slitless_sims_seds/bc03_template_z1p266_ms10p56_age2p505_tau0p435_met0p0200_av1p538.txt
699 /Users/baj/Documents/roman_slitless_sims_seds/bc03_template_z1p457_ms11p36_age4p190_tau12p150_met0p0200_av2p593.txt
700 /Users/baj/Documents/roman_slitless_sims_seds/bc03_template_z0p684_ms10p18_age6p275_tau11p130_met0p0200_av3p125.txt
701 /Users/baj/Documents/roman_slitless_sims_seds/bc03_template_z0p159_ms10p18_age9p955_tau11p260_met0p0200_av2p618.txt
702 /Users/baj/Documents/roman_slitless_sims_seds/bc03_template_z0p728_ms11p26_age3p020_tau14p455_met0p0200_av4p918.txt
703 /Users/baj/Documents/roman_slitless_sims_seds/bc03_template_z0p663_ms11p03_age2p240_tau3p160_met0p0200_av3p084.txt
704 /Users/baj/Documents/roman_slitless_sims_seds/bc03_template_z1p188_ms11p32_age2p055_tau6p225_met0p0200_av0p682.txt
705 /Users/baj/Documents/roman_slitless_sims_seds/bc03_template_z0p726_ms10p32_age0p315_tau4p425_met0p0200_av4p232.txt
706 /Users/baj/Documents/roman_slitless_sims_seds/bc03_template_z1p005_ms11p12_age3p210_tau12p830_met0p0200_av3p887.txt
707 /Users/baj/Documents/roman_slitless_sims_seds/bc03_template_z0p890_ms10p44_age4p665_tau6p045_met0p0200_av1p782.txt
708 /Users/baj/Documents/roman_slitless_sims_seds/bc03_template_z0p783_ms11p15_age4p980_tau14p905_met0p0200_av2p691.txt
709 /Users/baj/Documents/roman_slitless_sims_seds/bc03_template_z1p603_ms10p24_age3p070_tau8p810_met0p0200_av0p502.txt
710 /Users/baj/Documents/roman_slitless_sims_seds/bc03_template_z1p345_ms10p95_age0p885_tau1p640_met0p0200_av0p984.txt
711 /Users/baj/Documents/roman_slitless_sims_seds/bc03_template_z0p276_ms10p11_age0p735_tau12p565_met0p0200_av0p729.txt
712 /Users/baj/Documents/roman_slitless_sims_seds/bc03_template_z1p086_ms10p47_age5p055_tau3p455_met0p0200_av0p362.txt
713 /Users/baj/Documents/roman_slitless_sims_seds/bc03_template_z0p725_ms10p82_age5p265_tau6p590_met0p0200_av1p518.txt
714 /Users/baj/Documents/roman_slitless_sims_seds/bc03_template_z0p479_ms11p45_age2p030_tau2p760_met0p0200_av1p675.txt
715 /Users/baj/Documents/roman_slitless_sims_seds/bc03_template_z0p474_ms10p73_age8p205_tau9p665_met0p0200_av0p444.txt
716 /Users/baj/Documents/roman_slitless_sims_seds/bc03_template_z0p735_ms11p36_age0p265_tau7p420_met0p0200_av2p671.txt
717 /Users/baj/Documents/roman_slitless_sims_seds/bc03_template_z2p584_ms11p27_age0p145_tau14p760_met0p0200_av4p622.txt
718 /Users/baj/Documents/roman_slitless_sims_seds/bc03_template_z0p359_ms10p15_age3p190_tau13p130_met0p0200_av1p359.txt
719 /Users/baj/Documents/roman_slitless_sims_seds/bc03_template_z1p366_ms10p50_age1p615_tau11p585_met0p0200_av4p574.txt
720 /Users/baj/Documents/roman_slitless_sims_seds/bc03_template_z0p504_ms10p61_age8p135_tau4p295_met0p0200_av0p115.txt
721 /Users/baj/Documents/roman_slitless_sims_seds/bc03_template_z0p570_ms10p26_age5p000_tau11p765_met0p0200_av0p634.txt
722 /Users/baj/Documents/roman_slitless_sims_seds/bc03_template_z1p030_ms10p62_age1p270_tau14p730_met0p0200_av3p935.txt
723 /Users/baj/Documents/roman_slitless_sims_seds/bc03_template_z0p656_ms11p48_age6p305_tau5p715_met0p0200_av3p942.txt
724 /Users/baj/Documents/roman_slitless_sims_seds/bc03_template_z1p086_ms11p21_age5p055_tau0p255_met0p0200_av3p328.txt
725 /Users/baj/Documents/roman_slitless_sims_seds/bc03_template_z0p913_ms10p11_age0p190_tau1p970_met0p0200_av2p376.txt
726 /Users/baj/Documents/roman_slitless_sims_seds/bc03_template_z0p630_ms10p00_age4p355_tau13p955_met0p0200_av4p067.txt
727 /Users/baj/Documents/roman_slitless_sims_seds/bc03_template_z0p625_ms10p65_age7p095_tau8p290_met0p0200_av4p901.txt
728 /Users/baj/Documents/roman_slitless_sims_seds/bc03_template_z0p432_ms10p33_age5p375_tau3p730_met0p0200_av1p899.txt
729 /Users/baj/Documents/roman_slitless_sims_seds/bc03_template_z0p923_ms10p89_age1p370_tau13p160_met0p0200_av2p856.txt
730 /Users/baj/Documents/roman_slitless_sims_seds/bc03_template_z0p897_ms11p18_age1p020_tau11p755_met0p0200_av2p593.txt
731 /Users/baj/Documents/roman_slitless_sims_seds/bc03_template_z0p626_ms10p41_age6p795_tau5p760_met0p0200_av0p659.txt
732 /Users/baj/Documents/roman_slitless_sims_seds/bc03_template_z0p286_ms10p65_age5p405_tau2p350_met0p0200_av2p982.txt
733 /Users/baj/Documents/roman_slitless_sims_seds/bc03_template_z0p230_ms10p36_age4p325_tau9p070_met0p0200_av2p512.txt
734 /Users/baj/Documents/roman_slitless_sims_seds/bc03_template_z0p319_ms11p15_age8p645_tau7p495_met0p0200_av3p491.txt
736 /Users/baj/Documents/roman_slitless_sims_seds/bc03_template_z0p681_ms11p15_age5p985_tau1p815_met0p0200_av4p508.txt
737 /Users/baj/Documents/roman_slitless_sims_seds/bc03_template_z0p803_ms11p17_age5p990_tau4p485_met0p0200_av0p828.txt
738 /Users/baj/Documents/roman_slitless_sims_seds/bc03_template_z0p747_ms10p30_age0p880_tau13p765_met0p0200_av1p728.txt
739 /Users/baj/Documents/roman_slitless_sims_seds/bc03_template_z0p940_ms10p52_age0p220_tau10p745_met0p0200_av3p482.txt
740 /Users/baj/Documents/roman_slitless_sims_seds/bc03_template_z0p686_ms10p09_age3p050_tau12p145_met0p0200_av1p951.txt
741 /Users/baj/Documents/roman_slitless_sims_seds/bc03_template_z1p123_ms10p83_age0p385_tau11p790_met0p0200_av1p683.txt
742 /Users/baj/Documents/roman_slitless_sims_seds/bc03_template_z0p708_ms10p45_age4p565_tau13p080_met0p0200_av4p066.txt
743 /Users/baj/Documents/roman_slitless_sims_seds/bc03_template_z1p126_ms11p39_age0p495_tau9p020_met0p0200_av1p946.txt
744 /Users/baj/Documents/roman_slitless_sims_seds/bc03_template_z0p486_ms10p92_age2p230_tau3p055_met0p0200_av0p156.txt
745 /Users/baj/Documents/roman_slitless_sims_seds/bc03_template_z0p475_ms10p12_age7p900_tau1p000_met0p0200_av4p457.txt
746 /Users/baj/Documents/roman_slitless_sims_seds/bc03_template_z0p354_ms10p30_age2p260_tau13p290_met0p0200_av4p532.txt
747 /Users/baj/Documents/roman_slitless_sims_seds/bc03_template_z1p151_ms10p73_age3p185_tau7p130_met0p0200_av2p879.txt
748 /Users/baj/Documents/roman_slitless_sims_seds/bc03_template_z0p600_ms11p27_age3p465_tau2p170_met0p0200_av0p904.txt
749 /Users/baj/Documents/roman_slitless_sims_seds/bc03_template_z0p646_ms10p67_age5p835_tau7p925_met0p0200_av0p164.txt
750 /Users/baj/Documents/roman_slitless_sims_seds/bc03_template_z0p484_ms11p38_age6p905_tau12p315_met0p0200_av1p798.txt
751 /Users/baj/Documents/roman_slitless_sims_seds/bc03_template_z0p079_ms10p59_age12p310_tau9p845_met0p0200_av2p835.txt
752 /Users/baj/Documents/roman_slitless_sims_seds/bc03_template_z0p553_ms11p50_age5p620_tau11p470_met0p0200_av2p068.txt
753 /Users/baj/Documents/roman_slitless_sims_seds/bc03_template_z1p158_ms11p12_age4p205_tau10p025_met0p0200_av2p426.txt
754 /Users/baj/Documents/roman_slitless_sims_seds/bc03_template_z1p480_ms10p91_age3p700_tau2p905_met0p0200_av2p260.txt
755 /Users/baj/Documents/roman_slitless_sims_seds/bc03_template_z0p587_ms10p48_age7p160_tau0p110_met0p0200_av1p106.txt
756 /Users/baj/Documents/roman_slitless_sims_seds/bc03_template_z0p573_ms11p27_age1p810_tau13p110_met0p0200_av2p616.txt
757 /Users/baj/Documents/roman_slitless_sims_seds/bc03_template_z0p659_ms10p55_age3p675_tau11p090_met0p0200_av2p299.txt
758 /Users/baj/Documents/roman_slitless_sims_seds/bc03_template_z1p500_ms10p14_age3p760_tau8p610_met0p0200_av3p928.txt
759 /Users/baj/Documents/roman_slitless_sims_seds/bc03_template_z0p200_ms10p05_age6p410_tau8p760_met0p0200_av0p309.txt
760 /Users/baj/Documents/roman_slitless_sims_seds/bc03_template_z1p400_ms11p35_age2p135_tau4p335_met0p0200_av4p835.txt
761 /Users/baj/Documents/roman_slitless_sims_seds/bc03_template_z0p507_ms10p59_age7p210_tau5p460_met0p0200_av2p241.txt
762 /Users/baj/Documents/roman_slitless_sims_seds/bc03_template_z0p938_ms10p67_age2p725_tau8p065_met0p0200_av0p551.txt
763 /Users/baj/Documents/roman_slitless_sims_seds/bc03_template_z0p267_ms11p27_age1p035_tau1p285_met0p0200_av4p778.txt
764 /Users/baj/Documents/roman_slitless_sims_seds/bc03_template_z0p671_ms11p36_age0p550_tau4p860_met0p0200_av3p905.txt
765 /Users/baj/Documents/roman_slitless_sims_seds/bc03_template_z1p010_ms11p29_age1p250_tau0p955_met0p0200_av4p964.txt
766 /Users/baj/Documents/roman_slitless_sims_seds/salt2_spec_day23_z0p485_av3p868.txt
767 /Users/baj/Documents/roman_slitless_sims_seds/bc03_template_z0p470_ms11p00_age2p420_tau14p215_met0p0200_av4p123.txt
768 /Users/baj/Documents/roman_slitless_sims_seds/bc03_template_z0p924_ms10p41_age2p390_tau2p830_met0p0200_av3p671.txt
769 /Users/baj/Documents/roman_slitless_sims_seds/bc03_template_z0p253_ms10p86_age9p415_tau0p860_met0p0200_av1p773.txt
770 /Users/baj/Documents/roman_slitless_sims_seds/bc03_template_z0p833_ms10p06_age5p860_tau14p220_met0p0200_av0p333.txt
771 /Users/baj/Documents/roman_slitless_sims_seds/bc03_template_z0p771_ms10p41_age1p420_tau3p240_met0p0200_av3p367.txt
772 /Users/baj/Documents/roman_slitless_sims_seds/bc03_template_z0p448_ms10p17_age5p220_tau4p745_met0p0200_av0p608.txt
773 /Users/baj/Documents/roman_slitless_sims_seds/bc03_template_z0p876_ms10p62_age4p275_tau11p800_met0p0200_av3p209.txt
774 /Users/baj/Documents/roman_slitless_sims_seds/bc03_template_z0p505_ms10p77_age2p945_tau5p065_met0p0200_av0p503.txt
775 /Users/baj/Documents/roman_slitless_sims_seds/bc03_template_z0p954_ms10p21_age3p200_tau0p215_met0p0200_av0p569.txt
776 /Users/baj/Documents/roman_slitless_sims_seds/bc03_template_z0p350_ms11p24_age4p895_tau11p770_met0p0200_av1p512.txt
777 /Users/baj/Documents/roman_slitless_sims_seds/bc03_template_z1p620_ms11p20_age3p100_tau11p230_met0p0200_av4p961.txt
778 /Users/baj/Documents/roman_slitless_sims_seds/bc03_template_z0p920_ms10p41_age1p600_tau8p695_met0p0200_av4p130.txt
779 /Users/baj/Documents/roman_slitless_sims_seds/bc03_template_z0p247_ms10p18_age3p450_tau3p405_met0p0200_av4p666.txt
780 /Users/baj/Documents/roman_slitless_sims_seds/bc03_template_z0p861_ms11p18_age2p865_tau4p295_met0p0200_av2p225.txt
781 /Users/baj/Documents/roman_slitless_sims_seds/bc03_template_z0p880_ms11p08_age4p445_tau10p185_met0p0200_av1p679.txt
782 /Users/baj/Documents/roman_slitless_sims_seds/bc03_template_z1p433_ms11p41_age2p500_tau1p365_met0p0200_av3p836.txt
783 /Users/baj/Documents/roman_slitless_sims_seds/bc03_template_z0p220_ms10p58_age6p730_tau3p740_met0p0200_av0p303.txt
784 /Users/baj/Documents/roman_slitless_sims_seds/bc03_template_z0p203_ms11p12_age1p660_tau3p125_met0p0200_av4p956.txt
785 /Users/baj/Documents/roman_slitless_sims_seds/bc03_template_z0p475_ms10p85_age5p155_tau6p910_met0p0200_av0p174.txt
786 /Users/baj/Documents/roman_slitless_sims_seds/bc03_template_z0p260_ms11p27_age5p235_tau13p205_met0p0200_av0p853.txt
787 /Users/baj/Documents/roman_slitless_sims_seds/bc03_template_z0p796_ms10p89_age5p240_tau3p815_met0p0200_av3p988.txt
788 /Users/baj/Documents/roman_slitless_sims_seds/bc03_template_z0p937_ms10p17_age1p955_tau0p265_met0p0200_av1p570.txt
789 /Users/baj/Documents/roman_slitless_sims_seds/bc03_template_z0p923_ms10p65_age5p415_tau6p020_met0p0200_av0p711.txt
790 /Users/baj/Documents/roman_slitless_sims_seds/bc03_template_z0p103_ms10p02_age11p010_tau3p215_met0p0200_av3p589.txt
792 /Users/baj/Documents/roman_slitless_sims_seds/bc03_template_z0p533_ms11p44_age1p405_tau5p320_met0p0200_av0p023.txt
793 /Users/baj/Documents/roman_slitless_sims_seds/bc03_template_z0p446_ms10p27_age0p100_tau6p645_met0p0200_av0p005.txt
794 /Users/baj/Documents/roman_slitless_sims_seds/bc03_template_z0p116_ms10p35_age0p940_tau3p400_met0p0200_av3p858.txt
795 /Users/baj/Documents/roman_slitless_sims_seds/bc03_template_z0p900_ms10p09_age0p560_tau1p630_met0p0200_av2p784.txt
796 /Users/baj/Documents/roman_slitless_sims_seds/bc03_template_z1p922_ms10p67_age0p660_tau13p210_met0p0200_av0p322.txt
797 /Users/baj/Documents/roman_slitless_sims_seds/bc03_template_z0p667_ms10p55_age6p480_tau12p160_met0p0200_av4p455.txt
798 /Users/baj/Documents/roman_slitless_sims_seds/bc03_template_z1p419_ms10p12_age2p310_tau9p520_met0p0200_av0p323.txt
799 /Users/baj/Documents/roman_slitless_sims_seds/bc03_template_z0p532_ms10p86_age0p250_tau12p890_met0p0200_av2p328.txt
800 /Users/baj/Documents/roman_slitless_sims_seds/bc03_template_z0p656_ms10p03_age5p050_tau6p290_met0p0200_av2p467.txt
801 /Users/baj/Documents/roman_slitless_sims_seds/bc03_template_z0p910_ms11p14_age1p410_tau7p070_met0p0200_av3p823.txt
802 /Users/baj/Documents/roman_slitless_sims_seds/bc03_template_z1p210_ms10p05_age2p670_tau7p615_met0p0200_av2p722.txt
803 /Users/baj/Documents/roman_slitless_sims_seds/bc03_template_z1p609_ms10p03_age0p970_tau14p130_met0p0200_av4p012.txt
804 /Users/baj/Documents/roman_slitless_sims_seds/bc03_template_z0p258_ms10p08_age6p185_tau7p375_met0p0200_av2p903.txt
805 /Users/baj/Documents/roman_slitless_sims_seds/bc03_template_z1p299_ms10p77_age3p945_tau1p595_met0p0200_av3p214.txt
806 /Users/baj/Documents/roman_slitless_sims_seds/bc03_template_z0p880_ms10p18_age5p410_tau1p100_met0p0200_av3p027.txt
807 /Users/baj/Documents/roman_slitless_sims_seds/bc03_template_z0p670_ms11p17_age5p040_tau6p070_met0p0200_av2p133.txt
808 /Users/baj/Documents/roman_slitless_sims_seds/bc03_template_z0p690_ms11p32_age5p755_tau7p475_met0p0200_av1p956.txt
809 /Users/baj/Documents/roman_slitless_sims_seds/bc03_template_z0p688_ms11p38_age6p110_tau8p290_met0p0200_av4p799.txt
810 /Users/baj/Documents/roman_slitless_sims_seds/bc03_template_z1p130_ms10p62_age0p625_tau13p575_met0p0200_av0p666.txt
811 /Users/baj/Documents/roman_slitless_sims_seds/bc03_template_z0p570_ms10p73_age5p440_tau2p930_met0p0200_av0p736.txt
812 /Users/baj/Documents/roman_slitless_sims_seds/bc03_template_z0p863_ms10p95_age3p570_tau9p140_met0p0200_av3p985.txt
813 /Users/baj/Documents/roman_slitless_sims_seds/bc03_template_z0p666_ms11p45_age6p370_tau8p525_met0p0200_av3p303.txt
814 /Users/baj/Documents/roman_slitless_sims_seds/bc03_template_z1p277_ms11p50_age2p475_tau1p410_met0p0200_av0p028.txt
815 /Users/baj/Documents/roman_slitless_sims_seds/bc03_template_z1p572_ms11p42_age3p210_tau1p110_met0p0200_av4p993.txt
816 /Users/baj/Documents/roman_slitless_sims_seds/bc03_template_z1p020_ms11p41_age0p465_tau2p115_met0p0200_av3p358.txt
817 /Users/baj/Documents/roman_slitless_sims_seds/bc03_template_z0p635_ms10p38_age0p180_tau6p475_met0p0200_av4p111.txt
818 /Users/baj/Documents/roman_slitless_sims_seds/bc03_template_z0p815_ms11p33_age2p775_tau8p010_met0p0200_av2p327.txt
819 /Users/baj/Documents/roman_slitless_sims_seds/bc03_template_z0p949_ms11p29_age2p725_tau5p495_met0p0200_av0p767.txt
820 /Users/baj/Documents/roman_slitless_sims_seds/bc03_template_z1p359_ms10p97_age0p905_tau13p405_met0p0200_av0p902.txt
821 /Users/baj/Documents/roman_slitless_sims_seds/bc03_template_z0p459_ms10p55_age0p820_tau12p705_met0p0200_av4p415.txt
822 /Users/baj/Documents/roman_slitless_sims_seds/bc03_template_z0p534_ms10p26_age3p895_tau11p050_met0p0200_av0p340.txt
823 /Users/baj/Documents/roman_slitless_sims_seds/bc03_template_z0p727_ms10p11_age3p655_tau4p105_met0p0200_av1p192.txt
824 /Users/baj/Documents/roman_slitless_sims_seds/bc03_template_z0p621_ms10p74_age6p690_tau11p675_met0p0200_av2p293.txt
825 /Users/baj/Documents/roman_slitless_sims_seds/bc03_template_z0p528_ms10p58_age3p145_tau11p085_met0p0200_av1p118.txt
826 /Users/baj/Documents/roman_slitless_sims_seds/bc03_template_z0p559_ms10p61_age1p460_tau9p305_met0p0200_av4p765.txt
827 /Users/baj/Documents/roman_slitless_sims_seds/bc03_template_z0p246_ms10p95_age8p210_tau4p710_met0p0200_av3p552.txt
828 /Users/baj/Documents/roman_slitless_sims_seds/bc03_template_z1p009_ms10p39_age0p985_tau3p545_met0p0200_av4p238.txt
829 /Users/baj/Documents/roman_slitless_sims_seds/bc03_template_z1p270_ms10p64_age1p130_tau0p990_met0p0200_av2p122.txt
830 /Users/baj/Documents/roman_slitless_sims_seds/bc03_template_z0p474_ms11p27_age5p400_tau3p260_met0p0200_av2p343.txt
831 /Users/baj/Documents/roman_slitless_sims_seds/bc03_template_z1p938_ms10p76_age1p450_tau13p815_met0p0200_av4p500.txt
832 /Users/baj/Documents/roman_slitless_sims_seds/bc03_template_z0p875_ms10p20_age1p885_tau0p175_met0p0200_av4p940.txt
833 /Users/baj/Documents/roman_slitless_sims_seds/bc03_template_z0p833_ms11p39_age6p265_tau0p190_met0p0200_av4p662.txt
834 /Users/baj/Documents/roman_slitless_sims_seds/bc03_template_z0p672_ms10p24_age1p620_tau9p765_met0p0200_av2p351.txt
835 /Users/baj/Documents/roman_slitless_sims_seds/bc03_template_z0p504_ms10p21_age4p180_tau1p620_met0p0200_av2p524.txt
836 /Users/baj/Documents/roman_slitless_sims_seds/bc03_template_z0p549_ms10p52_age4p920_tau1p040_met0p0200_av3p589.txt
