# 1: SEGMENTATION ID
# 2: SED FILE
1 /Users/baj/Documents/roman_slitless_sims_seds/bc03_template_z0p626_ms10p64_age4p840_tau14p595_met0p0200_av2p391.txt
2 /Users/baj/Documents/roman_slitless_sims_seds/bc03_template_z0p103_ms10p88_age9p090_tau1p340_met0p0200_av4p191.txt
3 /Users/baj/Documents/roman_slitless_sims_seds/bc03_template_z0p278_ms11p12_age8p800_tau7p175_met0p0200_av0p441.txt
4 /Users/baj/Documents/roman_slitless_sims_seds/bc03_template_z0p253_ms10p35_age6p950_tau6p885_met0p0200_av1p888.txt
5 /Users/baj/Documents/roman_slitless_sims_seds/bc03_template_z0p890_ms10p65_age0p440_tau9p760_met0p0200_av0p147.txt
7 /Users/baj/Documents/roman_slitless_sims_seds/bc03_template_z0p215_ms11p21_age1p920_tau13p970_met0p0200_av2p605.txt
8 /Users/baj/Documents/roman_slitless_sims_seds/bc03_template_z1p156_ms11p17_age2p070_tau10p530_met0p0200_av1p897.txt
9 /Users/baj/Documents/roman_slitless_sims_seds/bc03_template_z0p427_ms11p00_age5p190_tau0p515_met0p0200_av2p488.txt
10 /Users/baj/Documents/roman_slitless_sims_seds/bc03_template_z1p037_ms11p41_age0p120_tau11p080_met0p0200_av0p922.txt
11 /Users/baj/Documents/roman_slitless_sims_seds/bc03_template_z1p016_ms10p67_age5p470_tau12p625_met0p0200_av2p722.txt
12 /Users/baj/Documents/roman_slitless_sims_seds/bc03_template_z1p230_ms10p18_age0p800_tau6p095_met0p0200_av4p248.txt
13 /Users/baj/Documents/roman_slitless_sims_seds/bc03_template_z0p693_ms10p14_age0p660_tau11p775_met0p0200_av4p448.txt
14 /Users/baj/Documents/roman_slitless_sims_seds/bc03_template_z0p762_ms10p06_age4p735_tau2p435_met0p0200_av2p206.txt
15 /Users/baj/Documents/roman_slitless_sims_seds/bc03_template_z0p642_ms10p03_age3p600_tau0p280_met0p0200_av1p574.txt
16 /Users/baj/Documents/roman_slitless_sims_seds/bc03_template_z0p440_ms10p86_age7p835_tau8p990_met0p0200_av0p057.txt
17 /Users/baj/Documents/roman_slitless_sims_seds/bc03_template_z2p320_ms11p29_age2p585_tau7p330_met0p0200_av2p146.txt
18 /Users/baj/Documents/roman_slitless_sims_seds/bc03_template_z0p990_ms11p42_age1p880_tau11p370_met0p0200_av1p327.txt
19 /Users/baj/Documents/roman_slitless_sims_seds/bc03_template_z0p616_ms10p45_age5p075_tau11p885_met0p0200_av0p287.txt
20 /Users/baj/Documents/roman_slitless_sims_seds/bc03_template_z0p387_ms10p29_age2p720_tau9p905_met0p0200_av1p134.txt
21 /Users/baj/Documents/roman_slitless_sims_seds/bc03_template_z1p094_ms10p58_age0p510_tau10p680_met0p0200_av1p748.txt
22 /Users/baj/Documents/roman_slitless_sims_seds/bc03_template_z1p582_ms10p33_age3p560_tau9p415_met0p0200_av4p430.txt
23 /Users/baj/Documents/roman_slitless_sims_seds/bc03_template_z0p706_ms10p67_age1p645_tau1p270_met0p0200_av1p365.txt
24 /Users/baj/Documents/roman_slitless_sims_seds/bc03_template_z0p475_ms10p17_age1p505_tau8p525_met0p0200_av0p814.txt
25 /Users/baj/Documents/roman_slitless_sims_seds/bc03_template_z0p433_ms10p64_age4p690_tau2p815_met0p0200_av4p048.txt
26 /Users/baj/Documents/roman_slitless_sims_seds/bc03_template_z0p557_ms11p42_age6p040_tau11p200_met0p0200_av3p356.txt
27 /Users/baj/Documents/roman_slitless_sims_seds/bc03_template_z0p731_ms10p53_age0p505_tau13p685_met0p0200_av4p578.txt
28 /Users/baj/Documents/roman_slitless_sims_seds/bc03_template_z1p036_ms11p14_age1p400_tau5p825_met0p0200_av1p492.txt
29 /Users/baj/Documents/roman_slitless_sims_seds/bc03_template_z0p789_ms10p50_age2p760_tau6p695_met0p0200_av2p250.txt
30 /Users/baj/Documents/roman_slitless_sims_seds/bc03_template_z0p642_ms10p73_age6p380_tau3p840_met0p0200_av1p745.txt
31 /Users/baj/Documents/roman_slitless_sims_seds/bc03_template_z0p433_ms10p21_age8p695_tau6p900_met0p0200_av4p412.txt
32 /Users/baj/Documents/roman_slitless_sims_seds/bc03_template_z0p940_ms10p17_age0p705_tau7p625_met0p0200_av4p044.txt
33 /Users/baj/Documents/roman_slitless_sims_seds/bc03_template_z0p603_ms10p55_age0p995_tau4p740_met0p0200_av0p282.txt
34 /Users/baj/Documents/roman_slitless_sims_seds/bc03_template_z1p141_ms10p73_age4p390_tau8p225_met0p0200_av3p794.txt
35 /Users/baj/Documents/roman_slitless_sims_seds/bc03_template_z1p101_ms10p70_age3p990_tau12p640_met0p0200_av3p168.txt
36 /Users/baj/Documents/roman_slitless_sims_seds/bc03_template_z0p742_ms10p36_age2p815_tau13p970_met0p0200_av3p133.txt
37 /Users/baj/Documents/roman_slitless_sims_seds/bc03_template_z0p835_ms11p47_age3p000_tau3p095_met0p0200_av1p244.txt
38 /Users/baj/Documents/roman_slitless_sims_seds/bc03_template_z0p561_ms10p68_age5p670_tau10p920_met0p0200_av4p498.txt
39 /Users/baj/Documents/roman_slitless_sims_seds/bc03_template_z0p627_ms10p86_age7p315_tau0p750_met0p0200_av3p527.txt
40 /Users/baj/Documents/roman_slitless_sims_seds/bc03_template_z0p698_ms10p82_age4p735_tau9p555_met0p0200_av0p899.txt
41 /Users/baj/Documents/roman_slitless_sims_seds/bc03_template_z0p841_ms10p83_age0p890_tau7p945_met0p0200_av1p267.txt
42 /Users/baj/Documents/roman_slitless_sims_seds/bc03_template_z0p605_ms10p76_age2p620_tau11p845_met0p0200_av4p251.txt
43 /Users/baj/Documents/roman_slitless_sims_seds/bc03_template_z0p665_ms10p21_age2p080_tau4p655_met0p0200_av3p974.txt
44 /Users/baj/Documents/roman_slitless_sims_seds/bc03_template_z0p649_ms10p48_age4p565_tau6p090_met0p0200_av4p210.txt
45 /Users/baj/Documents/roman_slitless_sims_seds/bc03_template_z0p579_ms10p71_age3p345_tau5p170_met0p0200_av1p927.txt
46 /Users/baj/Documents/roman_slitless_sims_seds/bc03_template_z0p980_ms11p08_age4p270_tau9p465_met0p0200_av3p280.txt
47 /Users/baj/Documents/roman_slitless_sims_seds/bc03_template_z0p441_ms10p23_age5p460_tau10p400_met0p0200_av3p019.txt
48 /Users/baj/Documents/roman_slitless_sims_seds/bc03_template_z0p600_ms11p12_age7p170_tau10p145_met0p0200_av4p012.txt
49 /Users/baj/Documents/roman_slitless_sims_seds/bc03_template_z1p035_ms11p26_age3p990_tau7p200_met0p0200_av2p673.txt
50 /Users/baj/Documents/roman_slitless_sims_seds/bc03_template_z0p210_ms10p74_age4p040_tau12p065_met0p0200_av0p803.txt
51 /Users/baj/Documents/roman_slitless_sims_seds/bc03_template_z0p673_ms10p79_age4p890_tau9p245_met0p0200_av0p000.txt
52 /Users/baj/Documents/roman_slitless_sims_seds/bc03_template_z1p020_ms10p98_age1p270_tau10p910_met0p0200_av1p321.txt
53 /Users/baj/Documents/roman_slitless_sims_seds/bc03_template_z0p943_ms10p86_age5p660_tau10p610_met0p0200_av4p389.txt
54 /Users/baj/Documents/roman_slitless_sims_seds/bc03_template_z0p392_ms11p17_age5p105_tau7p240_met0p0200_av0p258.txt
55 /Users/baj/Documents/roman_slitless_sims_seds/bc03_template_z1p913_ms10p70_age0p275_tau9p535_met0p0200_av2p781.txt
56 /Users/baj/Documents/roman_slitless_sims_seds/bc03_template_z1p910_ms11p23_age3p220_tau0p975_met0p0200_av0p588.txt
57 /Users/baj/Documents/roman_slitless_sims_seds/bc03_template_z0p955_ms10p92_age4p845_tau0p695_met0p0200_av2p255.txt
59 /Users/baj/Documents/roman_slitless_sims_seds/bc03_template_z0p296_ms11p50_age3p925_tau10p530_met0p0200_av3p486.txt
60 /Users/baj/Documents/roman_slitless_sims_seds/bc03_template_z1p251_ms11p35_age3p895_tau12p985_met0p0200_av2p016.txt
61 /Users/baj/Documents/roman_slitless_sims_seds/bc03_template_z0p729_ms10p85_age0p235_tau3p645_met0p0200_av3p649.txt
62 /Users/baj/Documents/roman_slitless_sims_seds/bc03_template_z1p350_ms11p24_age0p145_tau8p580_met0p0200_av4p823.txt
63 /Users/baj/Documents/roman_slitless_sims_seds/bc03_template_z1p072_ms10p89_age0p815_tau4p650_met0p0200_av2p865.txt
64 /Users/baj/Documents/roman_slitless_sims_seds/bc03_template_z0p451_ms10p48_age5p620_tau11p995_met0p0200_av0p985.txt
65 /Users/baj/Documents/roman_slitless_sims_seds/bc03_template_z0p759_ms10p23_age6p665_tau14p070_met0p0200_av4p608.txt
66 /Users/baj/Documents/roman_slitless_sims_seds/bc03_template_z0p280_ms10p45_age6p560_tau4p590_met0p0200_av1p457.txt
67 /Users/baj/Documents/roman_slitless_sims_seds/bc03_template_z0p848_ms10p92_age2p975_tau4p980_met0p0200_av4p744.txt
68 /Users/baj/Documents/roman_slitless_sims_seds/bc03_template_z0p506_ms10p64_age1p670_tau11p575_met0p0200_av4p663.txt
69 /Users/baj/Documents/roman_slitless_sims_seds/bc03_template_z1p210_ms10p79_age4p225_tau7p795_met0p0200_av2p531.txt
70 /Users/baj/Documents/roman_slitless_sims_seds/bc03_template_z0p572_ms10p45_age5p805_tau10p880_met0p0200_av1p605.txt
71 /Users/baj/Documents/roman_slitless_sims_seds/bc03_template_z0p310_ms10p03_age4p840_tau3p525_met0p0200_av4p771.txt
72 /Users/baj/Documents/roman_slitless_sims_seds/bc03_template_z1p624_ms10p59_age1p905_tau9p470_met0p0200_av1p842.txt
73 /Users/baj/Documents/roman_slitless_sims_seds/salt2_spec_day7_z0p937_av0p121.txt
74 /Users/baj/Documents/roman_slitless_sims_seds/bc03_template_z0p246_ms10p71_age8p930_tau2p465_met0p0200_av0p175.txt
75 /Users/baj/Documents/roman_slitless_sims_seds/bc03_template_z0p328_ms10p48_age5p055_tau5p885_met0p0200_av0p278.txt
76 /Users/baj/Documents/roman_slitless_sims_seds/bc03_template_z0p659_ms10p12_age2p150_tau6p320_met0p0200_av4p435.txt
77 /Users/baj/Documents/roman_slitless_sims_seds/bc03_template_z0p486_ms10p74_age8p270_tau11p545_met0p0200_av3p928.txt
78 /Users/baj/Documents/roman_slitless_sims_seds/bc03_template_z0p710_ms10p18_age4p935_tau10p410_met0p0200_av1p646.txt
79 /Users/baj/Documents/roman_slitless_sims_seds/bc03_template_z1p246_ms11p23_age0p200_tau12p170_met0p0200_av2p849.txt
81 /Users/baj/Documents/roman_slitless_sims_seds/bc03_template_z0p950_ms10p45_age0p980_tau6p420_met0p0200_av2p915.txt
82 /Users/baj/Documents/roman_slitless_sims_seds/bc03_template_z1p140_ms10p29_age3p665_tau1p720_met0p0200_av1p141.txt
83 /Users/baj/Documents/roman_slitless_sims_seds/bc03_template_z0p557_ms10p47_age4p530_tau9p350_met0p0200_av3p275.txt
84 /Users/baj/Documents/roman_slitless_sims_seds/bc03_template_z0p877_ms11p18_age3p725_tau2p765_met0p0200_av2p672.txt
85 /Users/baj/Documents/roman_slitless_sims_seds/bc03_template_z0p201_ms10p35_age0p860_tau4p240_met0p0200_av2p448.txt
86 /Users/baj/Documents/roman_slitless_sims_seds/bc03_template_z0p748_ms10p29_age4p635_tau8p475_met0p0200_av3p958.txt
87 /Users/baj/Documents/roman_slitless_sims_seds/bc03_template_z0p981_ms10p44_age2p290_tau10p495_met0p0200_av3p449.txt
88 /Users/baj/Documents/roman_slitless_sims_seds/bc03_template_z1p079_ms11p02_age2p295_tau5p070_met0p0200_av0p559.txt
89 /Users/baj/Documents/roman_slitless_sims_seds/bc03_template_z0p457_ms10p02_age1p745_tau7p300_met0p0200_av2p403.txt
90 /Users/baj/Documents/roman_slitless_sims_seds/bc03_template_z0p897_ms10p92_age0p375_tau13p955_met0p0200_av2p483.txt
91 /Users/baj/Documents/roman_slitless_sims_seds/bc03_template_z0p603_ms10p56_age4p125_tau14p190_met0p0200_av2p709.txt
92 /Users/baj/Documents/roman_slitless_sims_seds/bc03_template_z0p815_ms11p00_age0p285_tau13p745_met0p0200_av3p439.txt
93 /Users/baj/Documents/roman_slitless_sims_seds/bc03_template_z0p547_ms10p21_age1p455_tau12p140_met0p0200_av3p335.txt
94 /Users/baj/Documents/roman_slitless_sims_seds/bc03_template_z0p075_ms10p59_age6p145_tau6p175_met0p0200_av4p315.txt
95 /Users/baj/Documents/roman_slitless_sims_seds/bc03_template_z1p333_ms10p79_age1p930_tau5p380_met0p0200_av2p383.txt
96 /Users/baj/Documents/roman_slitless_sims_seds/bc03_template_z1p085_ms10p30_age1p920_tau4p505_met0p0200_av0p415.txt
97 /Users/baj/Documents/roman_slitless_sims_seds/bc03_template_z0p889_ms10p02_age5p230_tau9p450_met0p0200_av0p489.txt
98 /Users/baj/Documents/roman_slitless_sims_seds/bc03_template_z1p031_ms10p65_age1p790_tau4p710_met0p0200_av0p701.txt
99 /Users/baj/Documents/roman_slitless_sims_seds/bc03_template_z0p526_ms10p71_age7p455_tau9p045_met0p0200_av2p271.txt
100 /Users/baj/Documents/roman_slitless_sims_seds/bc03_template_z0p203_ms10p55_age1p790_tau13p675_met0p0200_av2p586.txt
101 /Users/baj/Documents/roman_slitless_sims_seds/bc03_template_z0p355_ms10p02_age7p885_tau14p255_met0p0200_av4p090.txt
102 /Users/baj/Documents/roman_slitless_sims_seds/bc03_template_z0p850_ms11p00_age5p335_tau6p090_met0p0200_av4p965.txt
103 /Users/baj/Documents/roman_slitless_sims_seds/bc03_template_z1p170_ms10p52_age4p900_tau10p890_met0p0200_av4p844.txt
104 /Users/baj/Documents/roman_slitless_sims_seds/bc03_template_z1p020_ms10p09_age3p275_tau5p560_met0p0200_av0p041.txt
105 /Users/baj/Documents/roman_slitless_sims_seds/bc03_template_z0p940_ms10p11_age0p570_tau6p250_met0p0200_av2p678.txt
106 /Users/baj/Documents/roman_slitless_sims_seds/bc03_template_z0p663_ms11p41_age5p115_tau10p875_met0p0200_av1p277.txt
107 /Users/baj/Documents/roman_slitless_sims_seds/bc03_template_z0p747_ms11p33_age1p840_tau2p085_met0p0200_av4p768.txt
108 /Users/baj/Documents/roman_slitless_sims_seds/bc03_template_z0p220_ms10p41_age4p610_tau2p955_met0p0200_av4p745.txt
109 /Users/baj/Documents/roman_slitless_sims_seds/bc03_template_z0p694_ms10p61_age5p710_tau10p420_met0p0200_av3p204.txt
110 /Users/baj/Documents/roman_slitless_sims_seds/bc03_template_z0p076_ms10p18_age9p240_tau9p590_met0p0200_av3p070.txt
111 /Users/baj/Documents/roman_slitless_sims_seds/bc03_template_z0p803_ms10p64_age0p155_tau8p065_met0p0200_av3p257.txt
112 /Users/baj/Documents/roman_slitless_sims_seds/bc03_template_z1p798_ms10p88_age3p335_tau13p535_met0p0200_av3p542.txt
113 /Users/baj/Documents/roman_slitless_sims_seds/bc03_template_z0p709_ms11p09_age5p200_tau13p970_met0p0200_av1p003.txt
114 /Users/baj/Documents/roman_slitless_sims_seds/bc03_template_z0p771_ms11p39_age4p055_tau2p540_met0p0200_av0p080.txt
115 /Users/baj/Documents/roman_slitless_sims_seds/bc03_template_z0p457_ms11p02_age5p565_tau2p140_met0p0200_av2p871.txt
116 /Users/baj/Documents/roman_slitless_sims_seds/bc03_template_z0p657_ms10p29_age3p240_tau8p460_met0p0200_av4p507.txt
117 /Users/baj/Documents/roman_slitless_sims_seds/bc03_template_z1p330_ms10p47_age2p370_tau10p650_met0p0200_av2p260.txt
118 /Users/baj/Documents/roman_slitless_sims_seds/bc03_template_z0p238_ms10p47_age7p680_tau0p955_met0p0200_av4p745.txt
119 /Users/baj/Documents/roman_slitless_sims_seds/bc03_template_z1p543_ms11p30_age0p805_tau2p325_met0p0200_av2p051.txt
120 /Users/baj/Documents/roman_slitless_sims_seds/bc03_template_z0p537_ms10p39_age0p505_tau8p130_met0p0200_av4p527.txt
121 /Users/baj/Documents/roman_slitless_sims_seds/bc03_template_z0p338_ms11p38_age6p040_tau0p025_met0p0200_av3p210.txt
122 /Users/baj/Documents/roman_slitless_sims_seds/bc03_template_z0p272_ms10p71_age1p360_tau9p885_met0p0200_av2p655.txt
123 /Users/baj/Documents/roman_slitless_sims_seds/bc03_template_z0p882_ms10p85_age6p110_tau3p735_met0p0200_av0p431.txt
124 /Users/baj/Documents/roman_slitless_sims_seds/bc03_template_z0p530_ms10p92_age4p720_tau14p790_met0p0200_av2p368.txt
125 /Users/baj/Documents/roman_slitless_sims_seds/bc03_template_z0p915_ms11p18_age4p465_tau5p320_met0p0200_av3p463.txt
126 /Users/baj/Documents/roman_slitless_sims_seds/bc03_template_z0p915_ms11p29_age1p910_tau2p835_met0p0200_av1p529.txt
127 /Users/baj/Documents/roman_slitless_sims_seds/bc03_template_z0p786_ms10p27_age2p350_tau9p445_met0p0200_av1p979.txt
128 /Users/baj/Documents/roman_slitless_sims_seds/bc03_template_z0p778_ms10p58_age0p190_tau2p460_met0p0200_av4p695.txt
129 /Users/baj/Documents/roman_slitless_sims_seds/bc03_template_z0p110_ms10p08_age2p615_tau9p355_met0p0200_av0p603.txt
130 /Users/baj/Documents/roman_slitless_sims_seds/bc03_template_z0p654_ms10p74_age4p225_tau7p480_met0p0200_av2p808.txt
132 /Users/baj/Documents/roman_slitless_sims_seds/bc03_template_z0p780_ms10p45_age0p300_tau14p735_met0p0200_av0p826.txt
133 /Users/baj/Documents/roman_slitless_sims_seds/bc03_template_z0p603_ms10p86_age2p635_tau13p435_met0p0200_av4p466.txt
134 /Users/baj/Documents/roman_slitless_sims_seds/bc03_template_z0p958_ms10p36_age0p895_tau11p225_met0p0200_av1p679.txt
135 /Users/baj/Documents/roman_slitless_sims_seds/bc03_template_z0p514_ms11p12_age5p845_tau11p690_met0p0200_av4p645.txt
136 /Users/baj/Documents/roman_slitless_sims_seds/bc03_template_z0p432_ms11p38_age8p015_tau3p260_met0p0200_av4p750.txt
137 /Users/baj/Documents/roman_slitless_sims_seds/bc03_template_z1p226_ms10p55_age1p675_tau4p200_met0p0200_av4p447.txt
138 /Users/baj/Documents/roman_slitless_sims_seds/bc03_template_z1p170_ms10p67_age0p270_tau12p730_met0p0200_av1p485.txt
139 /Users/baj/Documents/roman_slitless_sims_seds/bc03_template_z0p475_ms10p71_age0p805_tau12p620_met0p0200_av3p928.txt
140 /Users/baj/Documents/roman_slitless_sims_seds/bc03_template_z0p580_ms10p52_age3p125_tau11p545_met0p0200_av2p420.txt
141 /Users/baj/Documents/roman_slitless_sims_seds/bc03_template_z0p678_ms10p18_age2p580_tau4p165_met0p0200_av1p751.txt
142 /Users/baj/Documents/roman_slitless_sims_seds/bc03_template_z1p087_ms10p56_age0p220_tau1p420_met0p0200_av1p659.txt
143 /Users/baj/Documents/roman_slitless_sims_seds/bc03_template_z0p563_ms10p11_age7p845_tau0p295_met0p0200_av3p478.txt
144 /Users/baj/Documents/roman_slitless_sims_seds/bc03_template_z0p049_ms10p12_age12p495_tau0p430_met0p0200_av4p469.txt
145 /Users/baj/Documents/roman_slitless_sims_seds/bc03_template_z0p228_ms10p65_age10p420_tau11p560_met0p0200_av1p554.txt
146 /Users/baj/Documents/roman_slitless_sims_seds/bc03_template_z0p955_ms10p30_age0p400_tau0p940_met0p0200_av2p321.txt
147 /Users/baj/Documents/roman_slitless_sims_seds/bc03_template_z0p675_ms10p05_age6p170_tau11p995_met0p0200_av3p238.txt
148 /Users/baj/Documents/roman_slitless_sims_seds/bc03_template_z0p360_ms11p48_age2p965_tau10p450_met0p0200_av0p654.txt
149 /Users/baj/Documents/roman_slitless_sims_seds/bc03_template_z1p018_ms11p23_age0p785_tau3p235_met0p0200_av3p691.txt
150 /Users/baj/Documents/roman_slitless_sims_seds/bc03_template_z1p264_ms10p42_age2p470_tau7p955_met0p0200_av3p311.txt
151 /Users/baj/Documents/roman_slitless_sims_seds/bc03_template_z1p096_ms11p48_age3p250_tau7p420_met0p0200_av3p165.txt
152 /Users/baj/Documents/roman_slitless_sims_seds/bc03_template_z0p650_ms10p74_age2p625_tau6p680_met0p0200_av1p295.txt
153 /Users/baj/Documents/roman_slitless_sims_seds/bc03_template_z1p068_ms11p50_age1p275_tau1p175_met0p0200_av2p465.txt
154 /Users/baj/Documents/roman_slitless_sims_seds/bc03_template_z1p068_ms11p03_age3p025_tau9p265_met0p0200_av0p975.txt
155 /Users/baj/Documents/roman_slitless_sims_seds/bc03_template_z1p222_ms10p91_age4p410_tau3p010_met0p0200_av1p021.txt
156 /Users/baj/Documents/roman_slitless_sims_seds/bc03_template_z0p845_ms10p09_age1p075_tau6p935_met0p0200_av4p256.txt
157 /Users/baj/Documents/roman_slitless_sims_seds/bc03_template_z0p979_ms11p30_age5p495_tau5p420_met0p0200_av3p726.txt
158 /Users/baj/Documents/roman_slitless_sims_seds/bc03_template_z0p845_ms11p41_age3p620_tau14p575_met0p0200_av0p500.txt
159 /Users/baj/Documents/roman_slitless_sims_seds/bc03_template_z0p610_ms10p88_age6p370_tau9p580_met0p0200_av1p904.txt
160 /Users/baj/Documents/roman_slitless_sims_seds/bc03_template_z0p504_ms10p58_age3p750_tau11p370_met0p0200_av0p748.txt
161 /Users/baj/Documents/roman_slitless_sims_seds/bc03_template_z0p002_ms10p80_age5p585_tau10p270_met0p0200_av3p494.txt
162 /Users/baj/Documents/roman_slitless_sims_seds/bc03_template_z0p350_ms11p50_age8p165_tau10p075_met0p0200_av3p987.txt
163 /Users/baj/Documents/roman_slitless_sims_seds/bc03_template_z0p589_ms11p05_age3p810_tau4p635_met0p0200_av2p059.txt
164 /Users/baj/Documents/roman_slitless_sims_seds/bc03_template_z0p850_ms11p33_age5p400_tau11p935_met0p0200_av0p844.txt
165 /Users/baj/Documents/roman_slitless_sims_seds/bc03_template_z0p880_ms10p44_age1p790_tau4p860_met0p0200_av2p215.txt
166 /Users/baj/Documents/roman_slitless_sims_seds/bc03_template_z1p073_ms10p23_age0p420_tau13p755_met0p0200_av0p210.txt
167 /Users/baj/Documents/roman_slitless_sims_seds/bc03_template_z1p102_ms10p41_age4p335_tau2p035_met0p0200_av2p733.txt
168 /Users/baj/Documents/roman_slitless_sims_seds/bc03_template_z1p022_ms10p27_age1p865_tau10p815_met0p0200_av2p210.txt
169 /Users/baj/Documents/roman_slitless_sims_seds/bc03_template_z0p615_ms10p12_age6p250_tau0p295_met0p0200_av2p671.txt
170 /Users/baj/Documents/roman_slitless_sims_seds/bc03_template_z1p072_ms10p23_age2p820_tau3p975_met0p0200_av4p381.txt
171 /Users/baj/Documents/roman_slitless_sims_seds/bc03_template_z1p609_ms10p61_age0p505_tau1p890_met0p0200_av0p445.txt
172 /Users/baj/Documents/roman_slitless_sims_seds/bc03_template_z0p217_ms10p86_age6p480_tau4p050_met0p0200_av4p625.txt
173 /Users/baj/Documents/roman_slitless_sims_seds/bc03_template_z0p668_ms11p50_age5p330_tau1p630_met0p0200_av1p618.txt
174 /Users/baj/Documents/roman_slitless_sims_seds/bc03_template_z0p836_ms10p14_age6p040_tau7p665_met0p0200_av1p351.txt
175 /Users/baj/Documents/roman_slitless_sims_seds/salt2_spec_day24_z0p669_av1p185.txt
176 /Users/baj/Documents/roman_slitless_sims_seds/bc03_template_z1p253_ms11p41_age1p830_tau12p070_met0p0200_av2p608.txt
177 /Users/baj/Documents/roman_slitless_sims_seds/bc03_template_z1p150_ms10p33_age5p015_tau14p500_met0p0200_av0p313.txt
178 /Users/baj/Documents/roman_slitless_sims_seds/bc03_template_z0p110_ms11p09_age9p885_tau10p890_met0p0200_av2p408.txt
179 /Users/baj/Documents/roman_slitless_sims_seds/bc03_template_z0p541_ms10p02_age5p995_tau14p205_met0p0200_av1p184.txt
180 /Users/baj/Documents/roman_slitless_sims_seds/bc03_template_z0p210_ms11p20_age5p235_tau12p760_met0p0200_av1p142.txt
181 /Users/baj/Documents/roman_slitless_sims_seds/bc03_template_z0p405_ms10p91_age1p715_tau4p670_met0p0200_av3p326.txt
182 /Users/baj/Documents/roman_slitless_sims_seds/bc03_template_z0p390_ms10p08_age2p385_tau8p925_met0p0200_av2p087.txt
183 /Users/baj/Documents/roman_slitless_sims_seds/bc03_template_z0p690_ms10p33_age2p745_tau0p035_met0p0200_av1p165.txt
184 /Users/baj/Documents/roman_slitless_sims_seds/bc03_template_z0p924_ms11p20_age1p335_tau3p485_met0p0200_av4p057.txt
185 /Users/baj/Documents/roman_slitless_sims_seds/bc03_template_z0p914_ms10p70_age3p785_tau13p310_met0p0200_av2p876.txt
186 /Users/baj/Documents/roman_slitless_sims_seds/bc03_template_z0p566_ms10p17_age1p840_tau6p375_met0p0200_av4p703.txt
187 /Users/baj/Documents/roman_slitless_sims_seds/bc03_template_z0p971_ms10p48_age1p925_tau6p640_met0p0200_av1p407.txt
188 /Users/baj/Documents/roman_slitless_sims_seds/bc03_template_z0p959_ms10p89_age0p340_tau13p240_met0p0200_av2p178.txt
189 /Users/baj/Documents/roman_slitless_sims_seds/bc03_template_z1p222_ms10p32_age2p895_tau4p295_met0p0200_av4p626.txt
190 /Users/baj/Documents/roman_slitless_sims_seds/bc03_template_z0p360_ms11p18_age1p170_tau11p905_met0p0200_av4p139.txt
191 /Users/baj/Documents/roman_slitless_sims_seds/bc03_template_z0p921_ms11p08_age4p115_tau8p505_met0p0200_av2p751.txt
192 /Users/baj/Documents/roman_slitless_sims_seds/bc03_template_z1p103_ms10p00_age2p220_tau11p920_met0p0200_av2p870.txt
193 /Users/baj/Documents/roman_slitless_sims_seds/bc03_template_z0p860_ms10p23_age4p495_tau0p680_met0p0200_av1p620.txt
194 /Users/baj/Documents/roman_slitless_sims_seds/bc03_template_z1p231_ms10p27_age2p130_tau14p945_met0p0200_av4p920.txt
195 /Users/baj/Documents/roman_slitless_sims_seds/bc03_template_z0p623_ms11p03_age3p280_tau0p265_met0p0200_av4p321.txt
196 /Users/baj/Documents/roman_slitless_sims_seds/bc03_template_z1p044_ms10p39_age3p585_tau8p940_met0p0200_av0p763.txt
197 /Users/baj/Documents/roman_slitless_sims_seds/bc03_template_z0p513_ms10p17_age8p195_tau12p145_met0p0200_av0p226.txt
198 /Users/baj/Documents/roman_slitless_sims_seds/bc03_template_z0p515_ms10p44_age1p265_tau9p030_met0p0200_av3p175.txt
199 /Users/baj/Documents/roman_slitless_sims_seds/bc03_template_z0p738_ms10p58_age3p255_tau1p785_met0p0200_av4p724.txt
200 /Users/baj/Documents/roman_slitless_sims_seds/bc03_template_z1p358_ms10p77_age0p110_tau3p255_met0p0200_av1p101.txt
201 /Users/baj/Documents/roman_slitless_sims_seds/bc03_template_z1p045_ms10p88_age1p115_tau14p490_met0p0200_av3p406.txt
202 /Users/baj/Documents/roman_slitless_sims_seds/bc03_template_z0p648_ms10p61_age2p300_tau3p250_met0p0200_av4p312.txt
203 /Users/baj/Documents/roman_slitless_sims_seds/bc03_template_z1p258_ms10p39_age1p370_tau11p835_met0p0200_av0p806.txt
204 /Users/baj/Documents/roman_slitless_sims_seds/bc03_template_z0p880_ms11p18_age1p830_tau6p355_met0p0200_av1p954.txt
205 /Users/baj/Documents/roman_slitless_sims_seds/bc03_template_z0p105_ms10p29_age3p380_tau8p495_met0p0200_av4p087.txt
206 /Users/baj/Documents/roman_slitless_sims_seds/bc03_template_z0p480_ms10p41_age4p860_tau4p855_met0p0200_av0p259.txt
207 /Users/baj/Documents/roman_slitless_sims_seds/bc03_template_z0p680_ms10p86_age0p860_tau5p345_met0p0200_av2p139.txt
208 /Users/baj/Documents/roman_slitless_sims_seds/bc03_template_z0p430_ms10p45_age1p760_tau7p570_met0p0200_av2p859.txt
209 /Users/baj/Documents/roman_slitless_sims_seds/bc03_template_z0p849_ms11p50_age2p290_tau2p350_met0p0200_av0p544.txt
211 /Users/baj/Documents/roman_slitless_sims_seds/bc03_template_z0p281_ms11p20_age4p535_tau14p010_met0p0200_av0p415.txt
212 /Users/baj/Documents/roman_slitless_sims_seds/bc03_template_z0p305_ms10p06_age8p540_tau9p070_met0p0200_av1p491.txt
213 /Users/baj/Documents/roman_slitless_sims_seds/bc03_template_z0p535_ms11p06_age5p205_tau3p050_met0p0200_av1p828.txt
214 /Users/baj/Documents/roman_slitless_sims_seds/bc03_template_z0p640_ms10p61_age4p815_tau4p735_met0p0200_av3p563.txt
215 /Users/baj/Documents/roman_slitless_sims_seds/bc03_template_z0p764_ms11p27_age4p305_tau6p605_met0p0200_av2p273.txt
216 /Users/baj/Documents/roman_slitless_sims_seds/bc03_template_z0p409_ms10p24_age6p120_tau2p545_met0p0200_av0p103.txt
217 /Users/baj/Documents/roman_slitless_sims_seds/bc03_template_z0p717_ms11p36_age5p245_tau7p415_met0p0200_av0p002.txt
218 /Users/baj/Documents/roman_slitless_sims_seds/bc03_template_z0p437_ms10p36_age3p545_tau4p740_met0p0200_av2p334.txt
219 /Users/baj/Documents/roman_slitless_sims_seds/bc03_template_z0p653_ms11p24_age3p320_tau4p745_met0p0200_av1p751.txt
220 /Users/baj/Documents/roman_slitless_sims_seds/bc03_template_z1p020_ms10p21_age0p200_tau0p870_met0p0200_av2p224.txt
221 /Users/baj/Documents/roman_slitless_sims_seds/bc03_template_z0p738_ms10p26_age4p985_tau7p305_met0p0200_av4p435.txt
222 /Users/baj/Documents/roman_slitless_sims_seds/bc03_template_z0p070_ms11p12_age9p415_tau9p295_met0p0200_av1p727.txt
223 /Users/baj/Documents/roman_slitless_sims_seds/bc03_template_z0p735_ms10p05_age0p245_tau1p080_met0p0200_av2p116.txt
224 /Users/baj/Documents/roman_slitless_sims_seds/bc03_template_z0p187_ms10p47_age10p105_tau9p875_met0p0200_av4p758.txt
225 /Users/baj/Documents/roman_slitless_sims_seds/bc03_template_z1p226_ms10p80_age0p270_tau2p265_met0p0200_av1p651.txt
226 /Users/baj/Documents/roman_slitless_sims_seds/bc03_template_z1p370_ms10p36_age0p785_tau1p770_met0p0200_av1p028.txt
227 /Users/baj/Documents/roman_slitless_sims_seds/bc03_template_z1p270_ms10p09_age2p525_tau3p280_met0p0200_av0p538.txt
228 /Users/baj/Documents/roman_slitless_sims_seds/bc03_template_z0p467_ms10p62_age2p045_tau11p330_met0p0200_av0p108.txt
229 /Users/baj/Documents/roman_slitless_sims_seds/bc03_template_z0p194_ms11p05_age4p935_tau14p035_met0p0200_av2p048.txt
230 /Users/baj/Documents/roman_slitless_sims_seds/bc03_template_z0p179_ms10p47_age1p005_tau6p340_met0p0200_av3p625.txt
231 /Users/baj/Documents/roman_slitless_sims_seds/bc03_template_z0p910_ms10p38_age0p875_tau5p085_met0p0200_av1p632.txt
232 /Users/baj/Documents/roman_slitless_sims_seds/bc03_template_z0p810_ms10p89_age6p165_tau11p870_met0p0200_av2p691.txt
233 /Users/baj/Documents/roman_slitless_sims_seds/bc03_template_z0p646_ms10p70_age2p535_tau12p745_met0p0200_av2p415.txt
234 /Users/baj/Documents/roman_slitless_sims_seds/bc03_template_z0p740_ms10p94_age5p675_tau8p480_met0p0200_av3p866.txt
235 /Users/baj/Documents/roman_slitless_sims_seds/bc03_template_z0p682_ms10p59_age4p520_tau6p245_met0p0200_av3p247.txt
236 /Users/baj/Documents/roman_slitless_sims_seds/bc03_template_z0p790_ms10p76_age5p685_tau11p245_met0p0200_av4p263.txt
237 /Users/baj/Documents/roman_slitless_sims_seds/bc03_template_z1p225_ms10p95_age0p755_tau11p200_met0p0200_av0p213.txt
238 /Users/baj/Documents/roman_slitless_sims_seds/bc03_template_z0p690_ms10p44_age6p590_tau12p795_met0p0200_av0p873.txt
239 /Users/baj/Documents/roman_slitless_sims_seds/bc03_template_z1p004_ms10p26_age0p895_tau3p465_met0p0200_av0p761.txt
240 /Users/baj/Documents/roman_slitless_sims_seds/bc03_template_z0p900_ms11p30_age2p910_tau13p125_met0p0200_av4p533.txt
241 /Users/baj/Documents/roman_slitless_sims_seds/bc03_template_z0p846_ms10p33_age2p190_tau13p370_met0p0200_av3p679.txt
242 /Users/baj/Documents/roman_slitless_sims_seds/bc03_template_z0p129_ms10p97_age9p020_tau2p675_met0p0200_av3p184.txt
243 /Users/baj/Documents/roman_slitless_sims_seds/bc03_template_z0p203_ms11p36_age7p645_tau11p060_met0p0200_av0p202.txt
244 /Users/baj/Documents/roman_slitless_sims_seds/bc03_template_z1p083_ms10p98_age4p820_tau3p085_met0p0200_av4p517.txt
245 /Users/baj/Documents/roman_slitless_sims_seds/bc03_template_z0p940_ms10p88_age4p585_tau3p670_met0p0200_av3p771.txt
246 /Users/baj/Documents/roman_slitless_sims_seds/bc03_template_z0p887_ms11p33_age0p130_tau7p315_met0p0200_av0p459.txt
247 /Users/baj/Documents/roman_slitless_sims_seds/bc03_template_z0p206_ms10p56_age6p525_tau8p490_met0p0200_av0p588.txt
248 /Users/baj/Documents/roman_slitless_sims_seds/bc03_template_z0p258_ms10p85_age2p295_tau14p365_met0p0200_av4p250.txt
249 /Users/baj/Documents/roman_slitless_sims_seds/bc03_template_z0p662_ms10p68_age1p130_tau11p580_met0p0200_av0p183.txt
250 /Users/baj/Documents/roman_slitless_sims_seds/bc03_template_z0p666_ms10p74_age5p145_tau12p335_met0p0200_av2p620.txt
251 /Users/baj/Documents/roman_slitless_sims_seds/bc03_template_z1p049_ms10p56_age1p180_tau3p680_met0p0200_av0p856.txt
252 /Users/baj/Documents/roman_slitless_sims_seds/bc03_template_z0p388_ms10p53_age8p875_tau14p410_met0p0200_av3p773.txt
253 /Users/baj/Documents/roman_slitless_sims_seds/bc03_template_z0p604_ms10p38_age7p480_tau9p560_met0p0200_av1p849.txt
254 /Users/baj/Documents/roman_slitless_sims_seds/bc03_template_z0p531_ms10p21_age0p700_tau12p680_met0p0200_av0p389.txt
255 /Users/baj/Documents/roman_slitless_sims_seds/bc03_template_z0p080_ms11p06_age5p665_tau6p575_met0p0200_av0p605.txt
256 /Users/baj/Documents/roman_slitless_sims_seds/bc03_template_z1p060_ms11p41_age4p880_tau3p635_met0p0200_av4p591.txt
257 /Users/baj/Documents/roman_slitless_sims_seds/bc03_template_z0p712_ms11p21_age3p175_tau7p790_met0p0200_av1p895.txt
258 /Users/baj/Documents/roman_slitless_sims_seds/bc03_template_z0p726_ms10p64_age4p835_tau12p005_met0p0200_av2p954.txt
259 /Users/baj/Documents/roman_slitless_sims_seds/bc03_template_z0p910_ms10p58_age4p285_tau11p330_met0p0200_av0p352.txt
260 /Users/baj/Documents/roman_slitless_sims_seds/bc03_template_z0p663_ms10p06_age6p070_tau10p830_met0p0200_av3p002.txt
261 /Users/baj/Documents/roman_slitless_sims_seds/bc03_template_z1p500_ms11p03_age1p700_tau13p770_met0p0200_av3p691.txt
262 /Users/baj/Documents/roman_slitless_sims_seds/bc03_template_z1p000_ms10p20_age3p400_tau8p545_met0p0200_av4p707.txt
263 /Users/baj/Documents/roman_slitless_sims_seds/bc03_template_z1p529_ms11p14_age2p485_tau5p710_met0p0200_av3p083.txt
264 /Users/baj/Documents/roman_slitless_sims_seds/bc03_template_z0p220_ms10p52_age8p610_tau11p145_met0p0200_av2p934.txt
265 /Users/baj/Documents/roman_slitless_sims_seds/bc03_template_z1p385_ms10p50_age2p795_tau12p415_met0p0200_av4p971.txt
266 /Users/baj/Documents/roman_slitless_sims_seds/bc03_template_z0p560_ms10p88_age4p580_tau5p940_met0p0200_av0p058.txt
267 /Users/baj/Documents/roman_slitless_sims_seds/bc03_template_z1p190_ms11p03_age4p270_tau10p665_met0p0200_av0p514.txt
268 /Users/baj/Documents/roman_slitless_sims_seds/bc03_template_z0p824_ms10p98_age4p335_tau6p885_met0p0200_av1p134.txt
269 /Users/baj/Documents/roman_slitless_sims_seds/bc03_template_z1p033_ms10p27_age4p765_tau6p380_met0p0200_av2p683.txt
270 /Users/baj/Documents/roman_slitless_sims_seds/bc03_template_z0p847_ms10p77_age2p030_tau2p680_met0p0200_av0p578.txt
271 /Users/baj/Documents/roman_slitless_sims_seds/bc03_template_z0p674_ms10p85_age6p385_tau12p660_met0p0200_av3p765.txt
272 /Users/baj/Documents/roman_slitless_sims_seds/bc03_template_z0p779_ms10p53_age2p870_tau7p550_met0p0200_av4p256.txt
273 /Users/baj/Documents/roman_slitless_sims_seds/bc03_template_z0p950_ms10p61_age3p295_tau11p570_met0p0200_av1p906.txt
274 /Users/baj/Documents/roman_slitless_sims_seds/bc03_template_z1p199_ms10p12_age0p320_tau0p465_met0p0200_av3p607.txt
275 /Users/baj/Documents/roman_slitless_sims_seds/bc03_template_z1p104_ms10p47_age3p965_tau8p565_met0p0200_av0p814.txt
276 /Users/baj/Documents/roman_slitless_sims_seds/bc03_template_z0p400_ms10p85_age1p310_tau14p450_met0p0200_av4p171.txt
277 /Users/baj/Documents/roman_slitless_sims_seds/bc03_template_z0p735_ms11p12_age4p340_tau6p935_met0p0200_av1p221.txt
278 /Users/baj/Documents/roman_slitless_sims_seds/bc03_template_z0p956_ms11p21_age1p945_tau6p920_met0p0200_av1p854.txt
279 /Users/baj/Documents/roman_slitless_sims_seds/bc03_template_z0p673_ms10p50_age5p610_tau5p815_met0p0200_av4p820.txt
280 /Users/baj/Documents/roman_slitless_sims_seds/bc03_template_z1p130_ms10p73_age4p555_tau7p625_met0p0200_av3p720.txt
281 /Users/baj/Documents/roman_slitless_sims_seds/bc03_template_z0p297_ms10p82_age5p295_tau7p625_met0p0200_av0p717.txt
282 /Users/baj/Documents/roman_slitless_sims_seds/bc03_template_z0p345_ms10p56_age5p155_tau8p930_met0p0200_av1p012.txt
283 /Users/baj/Documents/roman_slitless_sims_seds/bc03_template_z1p300_ms10p05_age4p095_tau1p910_met0p0200_av0p863.txt
284 /Users/baj/Documents/roman_slitless_sims_seds/bc03_template_z0p316_ms11p12_age9p700_tau0p895_met0p0200_av2p202.txt
285 /Users/baj/Documents/roman_slitless_sims_seds/bc03_template_z0p330_ms11p30_age5p465_tau5p000_met0p0200_av0p149.txt
286 /Users/baj/Documents/roman_slitless_sims_seds/bc03_template_z0p372_ms10p17_age6p860_tau8p085_met0p0200_av3p330.txt
287 /Users/baj/Documents/roman_slitless_sims_seds/bc03_template_z0p218_ms10p74_age9p885_tau11p080_met0p0200_av2p168.txt
288 /Users/baj/Documents/roman_slitless_sims_seds/bc03_template_z0p360_ms10p77_age9p305_tau4p130_met0p0200_av2p751.txt
289 /Users/baj/Documents/roman_slitless_sims_seds/bc03_template_z0p603_ms10p74_age3p245_tau14p280_met0p0200_av1p067.txt
290 /Users/baj/Documents/roman_slitless_sims_seds/bc03_template_z0p750_ms10p24_age5p880_tau2p035_met0p0200_av2p648.txt
291 /Users/baj/Documents/roman_slitless_sims_seds/bc03_template_z0p697_ms11p08_age4p810_tau3p835_met0p0200_av2p655.txt
292 /Users/baj/Documents/roman_slitless_sims_seds/bc03_template_z0p905_ms10p20_age0p170_tau10p750_met0p0200_av1p406.txt
293 /Users/baj/Documents/roman_slitless_sims_seds/bc03_template_z1p225_ms10p58_age0p310_tau9p365_met0p0200_av4p817.txt
294 /Users/baj/Documents/roman_slitless_sims_seds/bc03_template_z0p861_ms10p64_age0p435_tau8p265_met0p0200_av4p316.txt
295 /Users/baj/Documents/roman_slitless_sims_seds/bc03_template_z1p141_ms10p73_age0p710_tau9p700_met0p0200_av0p674.txt
296 /Users/baj/Documents/roman_slitless_sims_seds/bc03_template_z0p584_ms10p52_age6p635_tau13p150_met0p0200_av0p392.txt
297 /Users/baj/Documents/roman_slitless_sims_seds/bc03_template_z0p438_ms10p17_age4p925_tau8p205_met0p0200_av2p882.txt
298 /Users/baj/Documents/roman_slitless_sims_seds/bc03_template_z0p878_ms10p33_age1p195_tau10p635_met0p0200_av2p679.txt
299 /Users/baj/Documents/roman_slitless_sims_seds/bc03_template_z1p111_ms11p29_age0p870_tau13p445_met0p0200_av4p613.txt
300 /Users/baj/Documents/roman_slitless_sims_seds/bc03_template_z0p350_ms10p03_age4p430_tau3p025_met0p0200_av3p958.txt
301 /Users/baj/Documents/roman_slitless_sims_seds/bc03_template_z0p667_ms10p00_age1p050_tau10p685_met0p0200_av4p297.txt
302 /Users/baj/Documents/roman_slitless_sims_seds/bc03_template_z0p924_ms11p09_age2p410_tau10p770_met0p0200_av2p279.txt
303 /Users/baj/Documents/roman_slitless_sims_seds/bc03_template_z1p076_ms11p03_age4p355_tau1p055_met0p0200_av1p699.txt
304 /Users/baj/Documents/roman_slitless_sims_seds/bc03_template_z0p367_ms10p48_age2p820_tau12p990_met0p0200_av3p592.txt
305 /Users/baj/Documents/roman_slitless_sims_seds/bc03_template_z0p337_ms11p30_age2p760_tau2p600_met0p0200_av2p969.txt
306 /Users/baj/Documents/roman_slitless_sims_seds/bc03_template_z0p457_ms10p62_age7p415_tau10p335_met0p0200_av1p961.txt
307 /Users/baj/Documents/roman_slitless_sims_seds/bc03_template_z0p790_ms11p41_age4p210_tau7p420_met0p0200_av4p301.txt
308 /Users/baj/Documents/roman_slitless_sims_seds/bc03_template_z0p963_ms11p09_age4p990_tau11p525_met0p0200_av4p367.txt
309 /Users/baj/Documents/roman_slitless_sims_seds/bc03_template_z0p210_ms10p32_age10p585_tau13p680_met0p0200_av4p998.txt
310 /Users/baj/Documents/roman_slitless_sims_seds/bc03_template_z0p179_ms10p45_age10p005_tau11p425_met0p0200_av2p331.txt
311 /Users/baj/Documents/roman_slitless_sims_seds/bc03_template_z0p873_ms10p65_age1p670_tau14p660_met0p0200_av1p853.txt
312 /Users/baj/Documents/roman_slitless_sims_seds/bc03_template_z0p660_ms11p29_age0p780_tau0p025_met0p0200_av3p623.txt
313 /Users/baj/Documents/roman_slitless_sims_seds/bc03_template_z0p414_ms10p91_age7p410_tau1p390_met0p0200_av3p333.txt
314 /Users/baj/Documents/roman_slitless_sims_seds/bc03_template_z0p532_ms10p35_age7p355_tau8p015_met0p0200_av4p329.txt
315 /Users/baj/Documents/roman_slitless_sims_seds/bc03_template_z1p470_ms10p38_age3p730_tau0p625_met0p0200_av4p427.txt
316 /Users/baj/Documents/roman_slitless_sims_seds/bc03_template_z0p939_ms11p33_age3p705_tau13p005_met0p0200_av0p121.txt
317 /Users/baj/Documents/roman_slitless_sims_seds/bc03_template_z0p784_ms10p88_age2p910_tau8p505_met0p0200_av0p100.txt
318 /Users/baj/Documents/roman_slitless_sims_seds/bc03_template_z0p911_ms10p70_age2p675_tau2p805_met0p0200_av2p672.txt
319 /Users/baj/Documents/roman_slitless_sims_seds/bc03_template_z0p911_ms10p35_age3p465_tau2p200_met0p0200_av3p428.txt
320 /Users/baj/Documents/roman_slitless_sims_seds/bc03_template_z0p835_ms10p67_age4p450_tau2p505_met0p0200_av1p981.txt
321 /Users/baj/Documents/roman_slitless_sims_seds/bc03_template_z0p673_ms11p32_age5p395_tau12p605_met0p0200_av2p870.txt
322 /Users/baj/Documents/roman_slitless_sims_seds/bc03_template_z0p880_ms10p80_age1p315_tau13p615_met0p0200_av3p252.txt
323 /Users/baj/Documents/roman_slitless_sims_seds/bc03_template_z1p143_ms10p45_age3p405_tau2p475_met0p0200_av2p042.txt
324 /Users/baj/Documents/roman_slitless_sims_seds/bc03_template_z1p354_ms11p42_age0p995_tau14p965_met0p0200_av3p609.txt
325 /Users/baj/Documents/roman_slitless_sims_seds/bc03_template_z1p500_ms10p95_age4p005_tau3p150_met0p0200_av4p907.txt
326 /Users/baj/Documents/roman_slitless_sims_seds/bc03_template_z0p710_ms11p32_age6p745_tau0p895_met0p0200_av2p211.txt
327 /Users/baj/Documents/roman_slitless_sims_seds/bc03_template_z0p711_ms11p12_age0p830_tau5p495_met0p0200_av1p213.txt
328 /Users/baj/Documents/roman_slitless_sims_seds/bc03_template_z0p526_ms11p24_age3p510_tau3p690_met0p0200_av2p296.txt
329 /Users/baj/Documents/roman_slitless_sims_seds/bc03_template_z1p029_ms10p32_age1p905_tau6p515_met0p0200_av3p684.txt
330 /Users/baj/Documents/roman_slitless_sims_seds/bc03_template_z0p253_ms10p09_age3p720_tau11p555_met0p0200_av1p694.txt
331 /Users/baj/Documents/roman_slitless_sims_seds/bc03_template_z0p633_ms10p52_age3p385_tau10p370_met0p0200_av0p580.txt
332 /Users/baj/Documents/roman_slitless_sims_seds/bc03_template_z0p450_ms11p17_age3p655_tau14p185_met0p0200_av1p181.txt
333 /Users/baj/Documents/roman_slitless_sims_seds/bc03_template_z1p913_ms11p48_age1p935_tau0p015_met0p0200_av1p981.txt
334 /Users/baj/Documents/roman_slitless_sims_seds/bc03_template_z0p640_ms11p47_age2p915_tau3p040_met0p0200_av2p965.txt
335 /Users/baj/Documents/roman_slitless_sims_seds/bc03_template_z1p816_ms10p03_age2p765_tau2p985_met0p0200_av1p683.txt
336 /Users/baj/Documents/roman_slitless_sims_seds/bc03_template_z1p145_ms11p12_age4p100_tau4p065_met0p0200_av2p064.txt
337 /Users/baj/Documents/roman_slitless_sims_seds/bc03_template_z0p946_ms10p89_age5p610_tau1p595_met0p0200_av4p317.txt
338 /Users/baj/Documents/roman_slitless_sims_seds/bc03_template_z0p533_ms10p55_age3p140_tau5p040_met0p0200_av3p747.txt
339 /Users/baj/Documents/roman_slitless_sims_seds/bc03_template_z0p874_ms11p20_age4p815_tau3p685_met0p0200_av4p195.txt
340 /Users/baj/Documents/roman_slitless_sims_seds/bc03_template_z0p502_ms11p30_age5p370_tau12p280_met0p0200_av0p910.txt
341 /Users/baj/Documents/roman_slitless_sims_seds/bc03_template_z1p346_ms10p56_age1p235_tau6p000_met0p0200_av3p306.txt
342 /Users/baj/Documents/roman_slitless_sims_seds/bc03_template_z0p165_ms10p64_age7p965_tau2p125_met0p0200_av4p303.txt
343 /Users/baj/Documents/roman_slitless_sims_seds/bc03_template_z0p850_ms10p44_age3p960_tau12p195_met0p0200_av3p956.txt
344 /Users/baj/Documents/roman_slitless_sims_seds/bc03_template_z0p667_ms10p53_age6p935_tau12p390_met0p0200_av3p478.txt
345 /Users/baj/Documents/roman_slitless_sims_seds/bc03_template_z1p277_ms11p35_age3p380_tau0p430_met0p0200_av1p169.txt
346 /Users/baj/Documents/roman_slitless_sims_seds/bc03_template_z0p657_ms10p71_age3p235_tau6p495_met0p0200_av4p805.txt
347 /Users/baj/Documents/roman_slitless_sims_seds/bc03_template_z0p890_ms11p29_age0p180_tau14p115_met0p0200_av1p199.txt
348 /Users/baj/Documents/roman_slitless_sims_seds/bc03_template_z0p859_ms10p26_age0p275_tau8p495_met0p0200_av4p500.txt
349 /Users/baj/Documents/roman_slitless_sims_seds/bc03_template_z0p260_ms10p36_age3p140_tau14p840_met0p0200_av0p411.txt
350 /Users/baj/Documents/roman_slitless_sims_seds/bc03_template_z1p001_ms10p88_age3p720_tau2p175_met0p0200_av0p643.txt
351 /Users/baj/Documents/roman_slitless_sims_seds/bc03_template_z0p473_ms10p52_age8p320_tau14p150_met0p0200_av1p908.txt
352 /Users/baj/Documents/roman_slitless_sims_seds/bc03_template_z0p140_ms11p06_age4p445_tau3p815_met0p0200_av0p881.txt
353 /Users/baj/Documents/roman_slitless_sims_seds/bc03_template_z1p485_ms11p21_age0p700_tau5p570_met0p0200_av4p030.txt
354 /Users/baj/Documents/roman_slitless_sims_seds/bc03_template_z0p936_ms11p29_age5p595_tau3p690_met0p0200_av2p413.txt
356 /Users/baj/Documents/roman_slitless_sims_seds/bc03_template_z0p720_ms10p48_age3p985_tau7p275_met0p0200_av4p847.txt
357 /Users/baj/Documents/roman_slitless_sims_seds/bc03_template_z0p710_ms10p26_age0p130_tau9p665_met0p0200_av3p643.txt
358 /Users/baj/Documents/roman_slitless_sims_seds/bc03_template_z0p469_ms10p95_age2p730_tau7p690_met0p0200_av2p881.txt
359 /Users/baj/Documents/roman_slitless_sims_seds/bc03_template_z0p937_ms10p36_age4p390_tau13p960_met0p0200_av2p256.txt
360 /Users/baj/Documents/roman_slitless_sims_seds/bc03_template_z0p910_ms10p11_age3p140_tau14p220_met0p0200_av1p377.txt
361 /Users/baj/Documents/roman_slitless_sims_seds/bc03_template_z0p559_ms10p18_age1p400_tau11p165_met0p0200_av3p258.txt
362 /Users/baj/Documents/roman_slitless_sims_seds/bc03_template_z0p995_ms10p65_age1p985_tau1p680_met0p0200_av1p366.txt
363 /Users/baj/Documents/roman_slitless_sims_seds/bc03_template_z0p659_ms10p79_age2p015_tau9p845_met0p0200_av3p428.txt
364 /Users/baj/Documents/roman_slitless_sims_seds/bc03_template_z0p578_ms11p33_age1p515_tau4p755_met0p0200_av4p563.txt
365 /Users/baj/Documents/roman_slitless_sims_seds/bc03_template_z1p190_ms10p05_age1p730_tau10p490_met0p0200_av4p261.txt
366 /Users/baj/Documents/roman_slitless_sims_seds/bc03_template_z0p699_ms10p11_age1p820_tau7p020_met0p0200_av2p721.txt
367 /Users/baj/Documents/roman_slitless_sims_seds/bc03_template_z0p648_ms10p09_age5p905_tau7p715_met0p0200_av2p733.txt
368 /Users/baj/Documents/roman_slitless_sims_seds/bc03_template_z0p316_ms10p30_age2p675_tau14p655_met0p0200_av3p850.txt
369 /Users/baj/Documents/roman_slitless_sims_seds/bc03_template_z1p094_ms10p12_age3p585_tau14p595_met0p0200_av3p816.txt
370 /Users/baj/Documents/roman_slitless_sims_seds/bc03_template_z0p655_ms10p42_age5p495_tau11p515_met0p0200_av4p671.txt
371 /Users/baj/Documents/roman_slitless_sims_seds/bc03_template_z0p860_ms10p14_age4p585_tau2p475_met0p0200_av2p640.txt
372 /Users/baj/Documents/roman_slitless_sims_seds/bc03_template_z0p275_ms10p02_age6p980_tau5p380_met0p0200_av4p808.txt
373 /Users/baj/Documents/roman_slitless_sims_seds/bc03_template_z0p903_ms11p09_age2p460_tau0p610_met0p0200_av0p478.txt
374 /Users/baj/Documents/roman_slitless_sims_seds/bc03_template_z0p639_ms11p39_age2p665_tau9p000_met0p0200_av3p869.txt
375 /Users/baj/Documents/roman_slitless_sims_seds/bc03_template_z1p759_ms10p62_age3p275_tau0p910_met0p0200_av0p904.txt
376 /Users/baj/Documents/roman_slitless_sims_seds/bc03_template_z0p961_ms11p38_age1p270_tau7p995_met0p0200_av1p552.txt
377 /Users/baj/Documents/roman_slitless_sims_seds/bc03_template_z0p749_ms10p71_age2p525_tau0p370_met0p0200_av1p017.txt
378 /Users/baj/Documents/roman_slitless_sims_seds/bc03_template_z1p015_ms10p65_age0p615_tau3p380_met0p0200_av0p406.txt
379 /Users/baj/Documents/roman_slitless_sims_seds/bc03_template_z0p777_ms10p86_age0p250_tau1p235_met0p0200_av2p066.txt
380 /Users/baj/Documents/roman_slitless_sims_seds/bc03_template_z0p411_ms11p11_age1p205_tau0p430_met0p0200_av4p178.txt
381 /Users/baj/Documents/roman_slitless_sims_seds/bc03_template_z0p887_ms11p15_age2p260_tau8p370_met0p0200_av3p523.txt
382 /Users/baj/Documents/roman_slitless_sims_seds/bc03_template_z0p264_ms10p11_age0p205_tau14p525_met0p0200_av2p147.txt
383 /Users/baj/Documents/roman_slitless_sims_seds/bc03_template_z0p940_ms11p18_age0p255_tau3p255_met0p0200_av3p390.txt
384 /Users/baj/Documents/roman_slitless_sims_seds/bc03_template_z1p167_ms10p18_age3p185_tau6p400_met0p0200_av1p458.txt
385 /Users/baj/Documents/roman_slitless_sims_seds/bc03_template_z0p460_ms11p47_age5p490_tau3p395_met0p0200_av3p683.txt
386 /Users/baj/Documents/roman_slitless_sims_seds/bc03_template_z0p287_ms11p21_age5p180_tau0p540_met0p0200_av4p994.txt
387 /Users/baj/Documents/roman_slitless_sims_seds/bc03_template_z0p524_ms11p09_age2p625_tau8p565_met0p0200_av0p633.txt
388 /Users/baj/Documents/roman_slitless_sims_seds/bc03_template_z0p972_ms10p58_age3p085_tau1p100_met0p0200_av2p285.txt
389 /Users/baj/Documents/roman_slitless_sims_seds/bc03_template_z0p708_ms11p44_age2p635_tau10p530_met0p0200_av3p794.txt
390 /Users/baj/Documents/roman_slitless_sims_seds/bc03_template_z0p740_ms11p47_age1p380_tau6p470_met0p0200_av1p818.txt
391 /Users/baj/Documents/roman_slitless_sims_seds/bc03_template_z0p054_ms10p33_age3p445_tau14p450_met0p0200_av4p449.txt
392 /Users/baj/Documents/roman_slitless_sims_seds/bc03_template_z0p557_ms11p21_age3p150_tau4p940_met0p0200_av3p037.txt
393 /Users/baj/Documents/roman_slitless_sims_seds/bc03_template_z1p014_ms11p45_age0p870_tau6p275_met0p0200_av0p875.txt
394 /Users/baj/Documents/roman_slitless_sims_seds/bc03_template_z0p640_ms10p26_age4p665_tau11p970_met0p0200_av2p647.txt
395 /Users/baj/Documents/roman_slitless_sims_seds/bc03_template_z2p599_ms10p82_age0p745_tau2p785_met0p0200_av0p048.txt
396 /Users/baj/Documents/roman_slitless_sims_seds/bc03_template_z0p346_ms10p76_age3p245_tau8p680_met0p0200_av3p690.txt
397 /Users/baj/Documents/roman_slitless_sims_seds/bc03_template_z1p086_ms10p74_age4p615_tau11p915_met0p0200_av4p756.txt
398 /Users/baj/Documents/roman_slitless_sims_seds/bc03_template_z0p734_ms10p26_age4p060_tau2p980_met0p0200_av3p068.txt
399 /Users/baj/Documents/roman_slitless_sims_seds/bc03_template_z0p720_ms11p50_age1p520_tau4p580_met0p0200_av0p510.txt
400 /Users/baj/Documents/roman_slitless_sims_seds/bc03_template_z0p117_ms11p41_age5p975_tau3p550_met0p0200_av1p449.txt
401 /Users/baj/Documents/roman_slitless_sims_seds/bc03_template_z0p852_ms10p83_age3p460_tau13p965_met0p0200_av4p176.txt
402 /Users/baj/Documents/roman_slitless_sims_seds/bc03_template_z0p202_ms11p12_age2p635_tau12p110_met0p0200_av1p297.txt
403 /Users/baj/Documents/roman_slitless_sims_seds/bc03_template_z0p883_ms10p03_age0p590_tau3p470_met0p0200_av3p963.txt
404 /Users/baj/Documents/roman_slitless_sims_seds/bc03_template_z0p240_ms10p74_age5p110_tau11p695_met0p0200_av3p357.txt
405 /Users/baj/Documents/roman_slitless_sims_seds/bc03_template_z0p670_ms10p65_age3p195_tau1p990_met0p0200_av0p942.txt
406 /Users/baj/Documents/roman_slitless_sims_seds/bc03_template_z0p535_ms10p73_age4p365_tau14p300_met0p0200_av3p748.txt
407 /Users/baj/Documents/roman_slitless_sims_seds/bc03_template_z0p681_ms11p06_age2p050_tau4p590_met0p0200_av1p648.txt
408 /Users/baj/Documents/roman_slitless_sims_seds/bc03_template_z0p511_ms11p35_age5p570_tau14p390_met0p0200_av1p564.txt
409 /Users/baj/Documents/roman_slitless_sims_seds/bc03_template_z0p700_ms10p85_age5p565_tau9p765_met0p0200_av2p712.txt
410 /Users/baj/Documents/roman_slitless_sims_seds/bc03_template_z0p415_ms11p09_age2p825_tau13p165_met0p0200_av0p667.txt
411 /Users/baj/Documents/roman_slitless_sims_seds/bc03_template_z1p250_ms11p12_age1p310_tau6p920_met0p0200_av3p347.txt
412 /Users/baj/Documents/roman_slitless_sims_seds/bc03_template_z0p323_ms11p39_age9p665_tau6p015_met0p0200_av1p326.txt
413 /Users/baj/Documents/roman_slitless_sims_seds/bc03_template_z0p200_ms10p62_age8p205_tau1p730_met0p0200_av0p189.txt
414 /Users/baj/Documents/roman_slitless_sims_seds/bc03_template_z1p052_ms10p44_age0p560_tau0p050_met0p0200_av3p394.txt
415 /Users/baj/Documents/roman_slitless_sims_seds/bc03_template_z0p660_ms10p85_age3p040_tau3p205_met0p0200_av0p537.txt
416 /Users/baj/Documents/roman_slitless_sims_seds/bc03_template_z1p250_ms10p00_age1p855_tau2p935_met0p0200_av2p581.txt
417 /Users/baj/Documents/roman_slitless_sims_seds/bc03_template_z0p310_ms11p12_age1p530_tau9p310_met0p0200_av3p798.txt
418 /Users/baj/Documents/roman_slitless_sims_seds/bc03_template_z1p147_ms10p86_age0p565_tau14p155_met0p0200_av3p712.txt
419 /Users/baj/Documents/roman_slitless_sims_seds/bc03_template_z0p561_ms11p15_age1p515_tau11p720_met0p0200_av4p764.txt
420 /Users/baj/Documents/roman_slitless_sims_seds/bc03_template_z0p280_ms10p20_age5p825_tau6p250_met0p0200_av4p587.txt
421 /Users/baj/Documents/roman_slitless_sims_seds/bc03_template_z1p133_ms10p21_age1p565_tau14p290_met0p0200_av0p893.txt
422 /Users/baj/Documents/roman_slitless_sims_seds/bc03_template_z0p383_ms10p86_age8p695_tau9p640_met0p0200_av1p904.txt
423 /Users/baj/Documents/roman_slitless_sims_seds/bc03_template_z1p333_ms10p38_age1p140_tau1p375_met0p0200_av2p616.txt
424 /Users/baj/Documents/roman_slitless_sims_seds/bc03_template_z0p979_ms10p00_age4p225_tau2p080_met0p0200_av1p272.txt
425 /Users/baj/Documents/roman_slitless_sims_seds/bc03_template_z0p431_ms10p03_age6p005_tau4p745_met0p0200_av1p166.txt
426 /Users/baj/Documents/roman_slitless_sims_seds/bc03_template_z0p798_ms11p17_age1p385_tau1p895_met0p0200_av4p818.txt
427 /Users/baj/Documents/roman_slitless_sims_seds/bc03_template_z0p670_ms10p21_age2p385_tau14p765_met0p0200_av2p388.txt
428 /Users/baj/Documents/roman_slitless_sims_seds/bc03_template_z0p670_ms10p18_age3p345_tau8p285_met0p0200_av1p548.txt
429 /Users/baj/Documents/roman_slitless_sims_seds/bc03_template_z0p334_ms11p11_age4p640_tau12p685_met0p0200_av1p592.txt
430 /Users/baj/Documents/roman_slitless_sims_seds/bc03_template_z1p068_ms10p76_age1p575_tau5p375_met0p0200_av4p723.txt
431 /Users/baj/Documents/roman_slitless_sims_seds/bc03_template_z0p442_ms11p14_age1p545_tau4p405_met0p0200_av1p280.txt
432 /Users/baj/Documents/roman_slitless_sims_seds/bc03_template_z0p648_ms10p45_age4p215_tau1p745_met0p0200_av2p774.txt
433 /Users/baj/Documents/roman_slitless_sims_seds/bc03_template_z0p741_ms11p06_age3p175_tau11p285_met0p0200_av1p428.txt
434 /Users/baj/Documents/roman_slitless_sims_seds/bc03_template_z0p915_ms11p45_age3p035_tau3p105_met0p0200_av1p983.txt
435 /Users/baj/Documents/roman_slitless_sims_seds/bc03_template_z0p271_ms10p29_age3p835_tau4p035_met0p0200_av4p359.txt
436 /Users/baj/Documents/roman_slitless_sims_seds/bc03_template_z0p608_ms10p53_age5p760_tau4p735_met0p0200_av1p823.txt
437 /Users/baj/Documents/roman_slitless_sims_seds/bc03_template_z0p650_ms10p15_age1p070_tau0p955_met0p0200_av4p873.txt
438 /Users/baj/Documents/roman_slitless_sims_seds/bc03_template_z0p646_ms10p09_age1p915_tau9p220_met0p0200_av1p142.txt
439 /Users/baj/Documents/roman_slitless_sims_seds/bc03_template_z0p173_ms11p38_age8p910_tau3p625_met0p0200_av1p699.txt
440 /Users/baj/Documents/roman_slitless_sims_seds/bc03_template_z0p638_ms10p15_age6p480_tau1p365_met0p0200_av1p476.txt
441 /Users/baj/Documents/roman_slitless_sims_seds/bc03_template_z0p470_ms11p50_age4p385_tau13p025_met0p0200_av4p980.txt
442 /Users/baj/Documents/roman_slitless_sims_seds/bc03_template_z0p814_ms10p42_age5p900_tau0p675_met0p0200_av0p172.txt
443 /Users/baj/Documents/roman_slitless_sims_seds/bc03_template_z1p140_ms11p35_age2p640_tau9p510_met0p0200_av1p751.txt
444 /Users/baj/Documents/roman_slitless_sims_seds/bc03_template_z0p630_ms11p27_age0p995_tau13p250_met0p0200_av2p042.txt
445 /Users/baj/Documents/roman_slitless_sims_seds/bc03_template_z0p966_ms10p55_age4p295_tau2p330_met0p0200_av1p034.txt
446 /Users/baj/Documents/roman_slitless_sims_seds/bc03_template_z0p704_ms11p35_age2p920_tau6p525_met0p0200_av2p558.txt
447 /Users/baj/Documents/roman_slitless_sims_seds/bc03_template_z0p571_ms11p05_age0p200_tau10p545_met0p0200_av1p367.txt
448 /Users/baj/Documents/roman_slitless_sims_seds/bc03_template_z0p304_ms10p29_age8p685_tau6p975_met0p0200_av3p657.txt
449 /Users/baj/Documents/roman_slitless_sims_seds/bc03_template_z0p740_ms10p35_age6p400_tau5p275_met0p0200_av3p621.txt
450 /Users/baj/Documents/roman_slitless_sims_seds/bc03_template_z0p845_ms10p52_age2p285_tau1p470_met0p0200_av0p357.txt
451 /Users/baj/Documents/roman_slitless_sims_seds/bc03_template_z0p913_ms10p03_age2p450_tau4p775_met0p0200_av4p353.txt
452 /Users/baj/Documents/roman_slitless_sims_seds/bc03_template_z0p271_ms10p09_age4p715_tau14p160_met0p0200_av2p239.txt
453 /Users/baj/Documents/roman_slitless_sims_seds/bc03_template_z0p367_ms10p27_age7p325_tau12p775_met0p0200_av2p171.txt
454 /Users/baj/Documents/roman_slitless_sims_seds/bc03_template_z0p186_ms11p26_age8p690_tau7p350_met0p0200_av2p475.txt
455 /Users/baj/Documents/roman_slitless_sims_seds/bc03_template_z1p510_ms10p71_age3p300_tau2p170_met0p0200_av3p733.txt
456 /Users/baj/Documents/roman_slitless_sims_seds/bc03_template_z1p011_ms11p24_age1p510_tau4p385_met0p0200_av2p113.txt
457 /Users/baj/Documents/roman_slitless_sims_seds/bc03_template_z0p205_ms10p50_age9p890_tau14p575_met0p0200_av4p541.txt
458 /Users/baj/Documents/roman_slitless_sims_seds/bc03_template_z0p484_ms11p20_age4p660_tau0p020_met0p0200_av2p066.txt
459 /Users/baj/Documents/roman_slitless_sims_seds/bc03_template_z0p800_ms11p36_age6p365_tau5p700_met0p0200_av4p948.txt
460 /Users/baj/Documents/roman_slitless_sims_seds/bc03_template_z0p960_ms10p91_age3p850_tau10p865_met0p0200_av3p327.txt
461 /Users/baj/Documents/roman_slitless_sims_seds/bc03_template_z0p823_ms11p39_age4p245_tau0p490_met0p0200_av2p484.txt
462 /Users/baj/Documents/roman_slitless_sims_seds/bc03_template_z1p034_ms10p77_age3p180_tau12p030_met0p0200_av3p650.txt
463 /Users/baj/Documents/roman_slitless_sims_seds/bc03_template_z0p524_ms11p15_age6p855_tau14p885_met0p0200_av2p557.txt
464 /Users/baj/Documents/roman_slitless_sims_seds/bc03_template_z0p851_ms11p20_age1p835_tau0p665_met0p0200_av2p742.txt
465 /Users/baj/Documents/roman_slitless_sims_seds/bc03_template_z1p030_ms11p36_age0p175_tau10p570_met0p0200_av1p807.txt
466 /Users/baj/Documents/roman_slitless_sims_seds/bc03_template_z0p794_ms10p56_age5p950_tau8p615_met0p0200_av1p820.txt
467 /Users/baj/Documents/roman_slitless_sims_seds/bc03_template_z0p423_ms10p48_age7p805_tau6p325_met0p0200_av2p829.txt
468 /Users/baj/Documents/roman_slitless_sims_seds/bc03_template_z0p632_ms10p68_age3p180_tau8p710_met0p0200_av4p378.txt
469 /Users/baj/Documents/roman_slitless_sims_seds/bc03_template_z0p524_ms10p55_age1p790_tau8p630_met0p0200_av3p267.txt
470 /Users/baj/Documents/roman_slitless_sims_seds/bc03_template_z2p924_ms11p42_age0p515_tau7p600_met0p0200_av3p132.txt
471 /Users/baj/Documents/roman_slitless_sims_seds/bc03_template_z0p777_ms10p85_age5p390_tau8p290_met0p0200_av0p062.txt
472 /Users/baj/Documents/roman_slitless_sims_seds/bc03_template_z1p394_ms10p35_age0p430_tau1p590_met0p0200_av2p608.txt
473 /Users/baj/Documents/roman_slitless_sims_seds/bc03_template_z0p439_ms10p68_age3p520_tau10p965_met0p0200_av0p116.txt
474 /Users/baj/Documents/roman_slitless_sims_seds/bc03_template_z0p640_ms10p00_age1p520_tau11p120_met0p0200_av0p554.txt
475 /Users/baj/Documents/roman_slitless_sims_seds/bc03_template_z0p320_ms10p45_age6p545_tau8p005_met0p0200_av2p487.txt
476 /Users/baj/Documents/roman_slitless_sims_seds/bc03_template_z0p337_ms10p23_age0p870_tau13p005_met0p0200_av3p114.txt
477 /Users/baj/Documents/roman_slitless_sims_seds/bc03_template_z0p867_ms10p95_age3p885_tau10p020_met0p0200_av1p841.txt
478 /Users/baj/Documents/roman_slitless_sims_seds/bc03_template_z1p220_ms11p14_age3p485_tau8p590_met0p0200_av3p166.txt
479 /Users/baj/Documents/roman_slitless_sims_seds/bc03_template_z0p485_ms10p42_age5p280_tau10p220_met0p0200_av2p757.txt
480 /Users/baj/Documents/roman_slitless_sims_seds/bc03_template_z0p477_ms10p85_age1p525_tau2p335_met0p0200_av2p624.txt
481 /Users/baj/Documents/roman_slitless_sims_seds/bc03_template_z0p562_ms10p03_age0p370_tau4p680_met0p0200_av3p769.txt
482 /Users/baj/Documents/roman_slitless_sims_seds/bc03_template_z0p730_ms10p45_age5p390_tau3p450_met0p0200_av4p838.txt
483 /Users/baj/Documents/roman_slitless_sims_seds/salt2_spec_day-3_z0p256_av4p644.txt
484 /Users/baj/Documents/roman_slitless_sims_seds/bc03_template_z0p537_ms10p91_age1p465_tau14p070_met0p0200_av4p528.txt
485 /Users/baj/Documents/roman_slitless_sims_seds/bc03_template_z1p145_ms10p12_age4p580_tau2p255_met0p0200_av0p698.txt
486 /Users/baj/Documents/roman_slitless_sims_seds/bc03_template_z0p810_ms10p18_age1p510_tau2p135_met0p0200_av1p797.txt
487 /Users/baj/Documents/roman_slitless_sims_seds/bc03_template_z0p307_ms10p30_age0p190_tau7p195_met0p0200_av2p995.txt
488 /Users/baj/Documents/roman_slitless_sims_seds/bc03_template_z0p735_ms11p11_age2p095_tau8p535_met0p0200_av3p077.txt
489 /Users/baj/Documents/roman_slitless_sims_seds/bc03_template_z0p437_ms11p26_age0p460_tau14p995_met0p0200_av3p060.txt
490 /Users/baj/Documents/roman_slitless_sims_seds/bc03_template_z0p490_ms10p68_age7p040_tau9p945_met0p0200_av1p866.txt
491 /Users/baj/Documents/roman_slitless_sims_seds/bc03_template_z0p788_ms10p65_age2p590_tau6p815_met0p0200_av0p334.txt
492 /Users/baj/Documents/roman_slitless_sims_seds/bc03_template_z0p979_ms10p08_age4p655_tau5p005_met0p0200_av4p046.txt
493 /Users/baj/Documents/roman_slitless_sims_seds/bc03_template_z1p675_ms11p03_age2p175_tau9p260_met0p0200_av4p940.txt
494 /Users/baj/Documents/roman_slitless_sims_seds/bc03_template_z0p849_ms10p35_age2p730_tau14p690_met0p0200_av2p246.txt
495 /Users/baj/Documents/roman_slitless_sims_seds/bc03_template_z0p752_ms10p77_age1p160_tau1p085_met0p0200_av4p406.txt
496 /Users/baj/Documents/roman_slitless_sims_seds/bc03_template_z0p450_ms10p29_age4p300_tau9p830_met0p0200_av4p556.txt
497 /Users/baj/Documents/roman_slitless_sims_seds/bc03_template_z0p630_ms10p11_age3p600_tau6p830_met0p0200_av1p055.txt
498 /Users/baj/Documents/roman_slitless_sims_seds/bc03_template_z1p050_ms10p98_age0p510_tau13p870_met0p0200_av0p879.txt
500 /Users/baj/Documents/roman_slitless_sims_seds/bc03_template_z0p639_ms11p35_age4p685_tau7p030_met0p0200_av3p893.txt
501 /Users/baj/Documents/roman_slitless_sims_seds/bc03_template_z0p165_ms11p11_age3p250_tau7p085_met0p0200_av4p663.txt
502 /Users/baj/Documents/roman_slitless_sims_seds/bc03_template_z0p681_ms10p64_age4p825_tau12p755_met0p0200_av4p205.txt
503 /Users/baj/Documents/roman_slitless_sims_seds/bc03_template_z0p678_ms10p77_age3p145_tau0p115_met0p0200_av1p731.txt
504 /Users/baj/Documents/roman_slitless_sims_seds/bc03_template_z0p490_ms11p30_age6p680_tau10p370_met0p0200_av2p544.txt
505 /Users/baj/Documents/roman_slitless_sims_seds/bc03_template_z1p020_ms10p21_age0p845_tau8p480_met0p0200_av4p247.txt
506 /Users/baj/Documents/roman_slitless_sims_seds/bc03_template_z0p600_ms11p21_age3p875_tau0p705_met0p0200_av2p428.txt
507 /Users/baj/Documents/roman_slitless_sims_seds/bc03_template_z0p734_ms10p33_age1p535_tau9p000_met0p0200_av2p868.txt
508 /Users/baj/Documents/roman_slitless_sims_seds/bc03_template_z1p235_ms10p76_age0p875_tau6p530_met0p0200_av2p432.txt
509 /Users/baj/Documents/roman_slitless_sims_seds/bc03_template_z0p704_ms10p20_age2p465_tau9p055_met0p0200_av1p487.txt
510 /Users/baj/Documents/roman_slitless_sims_seds/bc03_template_z0p895_ms10p50_age5p715_tau14p560_met0p0200_av1p996.txt
511 /Users/baj/Documents/roman_slitless_sims_seds/bc03_template_z0p654_ms11p30_age1p465_tau7p060_met0p0200_av3p705.txt
512 /Users/baj/Documents/roman_slitless_sims_seds/bc03_template_z1p366_ms10p00_age1p790_tau9p045_met0p0200_av0p527.txt
513 /Users/baj/Documents/roman_slitless_sims_seds/bc03_template_z2p471_ms10p56_age1p360_tau6p085_met0p0200_av4p067.txt
514 /Users/baj/Documents/roman_slitless_sims_seds/bc03_template_z0p129_ms10p68_age6p385_tau10p375_met0p0200_av0p028.txt
515 /Users/baj/Documents/roman_slitless_sims_seds/bc03_template_z0p511_ms10p64_age3p355_tau14p245_met0p0200_av2p719.txt
516 /Users/baj/Documents/roman_slitless_sims_seds/bc03_template_z1p631_ms11p14_age0p695_tau6p530_met0p0200_av3p928.txt
517 /Users/baj/Documents/roman_slitless_sims_seds/bc03_template_z0p914_ms10p14_age0p985_tau7p990_met0p0200_av1p053.txt
518 /Users/baj/Documents/roman_slitless_sims_seds/bc03_template_z0p688_ms11p29_age4p060_tau0p320_met0p0200_av1p101.txt
519 /Users/baj/Documents/roman_slitless_sims_seds/bc03_template_z1p145_ms10p21_age2p205_tau1p600_met0p0200_av2p909.txt
520 /Users/baj/Documents/roman_slitless_sims_seds/bc03_template_z0p189_ms10p91_age2p385_tau2p710_met0p0200_av2p700.txt
521 /Users/baj/Documents/roman_slitless_sims_seds/bc03_template_z0p320_ms10p15_age9p735_tau3p465_met0p0200_av4p376.txt
522 /Users/baj/Documents/roman_slitless_sims_seds/bc03_template_z0p356_ms10p41_age6p275_tau5p050_met0p0200_av1p476.txt
523 /Users/baj/Documents/roman_slitless_sims_seds/bc03_template_z1p215_ms10p74_age4p320_tau11p755_met0p0200_av4p112.txt
524 /Users/baj/Documents/roman_slitless_sims_seds/bc03_template_z0p433_ms10p85_age6p990_tau7p155_met0p0200_av2p460.txt
525 /Users/baj/Documents/roman_slitless_sims_seds/bc03_template_z0p648_ms11p33_age3p435_tau8p060_met0p0200_av0p354.txt
526 /Users/baj/Documents/roman_slitless_sims_seds/bc03_template_z0p621_ms10p62_age2p780_tau11p730_met0p0200_av4p003.txt
527 /Users/baj/Documents/roman_slitless_sims_seds/bc03_template_z0p870_ms10p61_age1p040_tau10p180_met0p0200_av0p208.txt
528 /Users/baj/Documents/roman_slitless_sims_seds/bc03_template_z1p141_ms10p20_age1p025_tau3p865_met0p0200_av0p835.txt
529 /Users/baj/Documents/roman_slitless_sims_seds/bc03_template_z0p161_ms10p74_age8p115_tau7p965_met0p0200_av2p012.txt
530 /Users/baj/Documents/roman_slitless_sims_seds/bc03_template_z0p356_ms10p08_age9p245_tau1p340_met0p0200_av2p899.txt
531 /Users/baj/Documents/roman_slitless_sims_seds/bc03_template_z0p652_ms10p76_age3p670_tau3p635_met0p0200_av1p093.txt
532 /Users/baj/Documents/roman_slitless_sims_seds/bc03_template_z0p210_ms10p38_age3p440_tau5p380_met0p0200_av2p426.txt
533 /Users/baj/Documents/roman_slitless_sims_seds/bc03_template_z0p712_ms10p42_age0p885_tau12p525_met0p0200_av0p951.txt
534 /Users/baj/Documents/roman_slitless_sims_seds/bc03_template_z0p680_ms11p26_age6p680_tau11p455_met0p0200_av2p162.txt
535 /Users/baj/Documents/roman_slitless_sims_seds/bc03_template_z0p730_ms10p15_age3p000_tau3p280_met0p0200_av1p637.txt
536 /Users/baj/Documents/roman_slitless_sims_seds/bc03_template_z0p532_ms11p18_age5p160_tau12p035_met0p0200_av1p937.txt
537 /Users/baj/Documents/roman_slitless_sims_seds/bc03_template_z0p742_ms10p23_age1p880_tau3p785_met0p0200_av3p608.txt
538 /Users/baj/Documents/roman_slitless_sims_seds/bc03_template_z1p190_ms10p91_age4p445_tau9p880_met0p0200_av3p489.txt
539 /Users/baj/Documents/roman_slitless_sims_seds/bc03_template_z1p091_ms10p95_age2p790_tau10p095_met0p0200_av2p557.txt
540 /Users/baj/Documents/roman_slitless_sims_seds/bc03_template_z0p384_ms11p35_age0p750_tau10p150_met0p0200_av4p346.txt
541 /Users/baj/Documents/roman_slitless_sims_seds/bc03_template_z0p733_ms11p02_age2p955_tau7p685_met0p0200_av0p633.txt
542 /Users/baj/Documents/roman_slitless_sims_seds/bc03_template_z0p201_ms10p35_age7p725_tau4p585_met0p0200_av0p026.txt
543 /Users/baj/Documents/roman_slitless_sims_seds/bc03_template_z0p710_ms10p85_age4p205_tau9p950_met0p0200_av0p538.txt
544 /Users/baj/Documents/roman_slitless_sims_seds/bc03_template_z0p843_ms11p11_age5p610_tau7p200_met0p0200_av4p305.txt
545 /Users/baj/Documents/roman_slitless_sims_seds/bc03_template_z0p806_ms11p09_age5p975_tau13p385_met0p0200_av0p684.txt
546 /Users/baj/Documents/roman_slitless_sims_seds/bc03_template_z0p648_ms11p03_age7p290_tau11p865_met0p0200_av4p888.txt
547 /Users/baj/Documents/roman_slitless_sims_seds/bc03_template_z0p863_ms10p80_age2p305_tau8p980_met0p0200_av3p108.txt
548 /Users/baj/Documents/roman_slitless_sims_seds/bc03_template_z0p677_ms11p41_age5p830_tau0p540_met0p0200_av0p282.txt
549 /Users/baj/Documents/roman_slitless_sims_seds/bc03_template_z0p639_ms10p79_age3p315_tau11p745_met0p0200_av0p217.txt
550 /Users/baj/Documents/roman_slitless_sims_seds/bc03_template_z1p063_ms10p06_age3p845_tau3p145_met0p0200_av0p850.txt
551 /Users/baj/Documents/roman_slitless_sims_seds/bc03_template_z0p040_ms10p09_age5p215_tau1p695_met0p0200_av2p448.txt
552 /Users/baj/Documents/roman_slitless_sims_seds/bc03_template_z1p015_ms10p74_age4p355_tau5p725_met0p0200_av3p779.txt
553 /Users/baj/Documents/roman_slitless_sims_seds/bc03_template_z0p850_ms10p39_age1p045_tau2p120_met0p0200_av0p550.txt
554 /Users/baj/Documents/roman_slitless_sims_seds/bc03_template_z0p747_ms10p03_age0p410_tau13p130_met0p0200_av1p139.txt
555 /Users/baj/Documents/roman_slitless_sims_seds/bc03_template_z0p230_ms10p77_age0p975_tau14p775_met0p0200_av1p895.txt
556 /Users/baj/Documents/roman_slitless_sims_seds/bc03_template_z0p896_ms10p47_age0p530_tau10p990_met0p0200_av3p015.txt
557 /Users/baj/Documents/roman_slitless_sims_seds/bc03_template_z2p212_ms10p38_age2p530_tau12p490_met0p0200_av4p307.txt
558 /Users/baj/Documents/roman_slitless_sims_seds/bc03_template_z0p638_ms11p00_age4p585_tau9p000_met0p0200_av3p051.txt
559 /Users/baj/Documents/roman_slitless_sims_seds/bc03_template_z0p990_ms10p42_age3p800_tau12p745_met0p0200_av3p719.txt
560 /Users/baj/Documents/roman_slitless_sims_seds/bc03_template_z0p454_ms11p15_age7p740_tau12p380_met0p0200_av0p057.txt
561 /Users/baj/Documents/roman_slitless_sims_seds/bc03_template_z0p287_ms10p17_age9p685_tau14p090_met0p0200_av2p205.txt
562 /Users/baj/Documents/roman_slitless_sims_seds/bc03_template_z0p277_ms10p89_age5p390_tau8p900_met0p0200_av1p690.txt
563 /Users/baj/Documents/roman_slitless_sims_seds/bc03_template_z0p290_ms10p02_age4p770_tau8p905_met0p0200_av4p933.txt
564 /Users/baj/Documents/roman_slitless_sims_seds/bc03_template_z1p284_ms10p56_age4p020_tau12p350_met0p0200_av2p958.txt
565 /Users/baj/Documents/roman_slitless_sims_seds/bc03_template_z1p027_ms10p92_age3p700_tau2p035_met0p0200_av3p766.txt
566 /Users/baj/Documents/roman_slitless_sims_seds/bc03_template_z0p596_ms10p09_age5p530_tau5p555_met0p0200_av2p981.txt
567 /Users/baj/Documents/roman_slitless_sims_seds/bc03_template_z0p738_ms11p23_age2p475_tau11p050_met0p0200_av0p531.txt
568 /Users/baj/Documents/roman_slitless_sims_seds/bc03_template_z1p086_ms10p53_age3p030_tau9p060_met0p0200_av2p361.txt
569 /Users/baj/Documents/roman_slitless_sims_seds/bc03_template_z0p971_ms11p30_age1p820_tau6p940_met0p0200_av1p480.txt
570 /Users/baj/Documents/roman_slitless_sims_seds/bc03_template_z0p340_ms11p06_age5p165_tau6p205_met0p0200_av4p757.txt
571 /Users/baj/Documents/roman_slitless_sims_seds/bc03_template_z0p580_ms11p18_age3p785_tau10p835_met0p0200_av4p553.txt
572 /Users/baj/Documents/roman_slitless_sims_seds/bc03_template_z0p952_ms11p33_age3p165_tau2p135_met0p0200_av4p568.txt
573 /Users/baj/Documents/roman_slitless_sims_seds/bc03_template_z0p740_ms10p20_age1p835_tau9p215_met0p0200_av0p446.txt
574 /Users/baj/Documents/roman_slitless_sims_seds/bc03_template_z0p823_ms10p00_age0p360_tau10p960_met0p0200_av1p889.txt
575 /Users/baj/Documents/roman_slitless_sims_seds/bc03_template_z0p666_ms10p82_age1p375_tau2p695_met0p0200_av3p412.txt
576 /Users/baj/Documents/roman_slitless_sims_seds/bc03_template_z0p322_ms10p53_age3p795_tau0p940_met0p0200_av1p698.txt
577 /Users/baj/Documents/roman_slitless_sims_seds/bc03_template_z1p344_ms10p20_age3p230_tau3p535_met0p0200_av1p731.txt
578 /Users/baj/Documents/roman_slitless_sims_seds/bc03_template_z0p666_ms11p42_age3p580_tau14p185_met0p0200_av3p090.txt
579 /Users/baj/Documents/roman_slitless_sims_seds/bc03_template_z0p593_ms11p20_age5p855_tau8p160_met0p0200_av1p067.txt
580 /Users/baj/Documents/roman_slitless_sims_seds/bc03_template_z0p409_ms10p52_age7p490_tau4p235_met0p0200_av3p790.txt
581 /Users/baj/Documents/roman_slitless_sims_seds/bc03_template_z0p876_ms10p47_age0p915_tau13p895_met0p0200_av1p167.txt
582 /Users/baj/Documents/roman_slitless_sims_seds/bc03_template_z0p953_ms10p24_age2p985_tau6p600_met0p0200_av4p470.txt
583 /Users/baj/Documents/roman_slitless_sims_seds/bc03_template_z1p301_ms10p59_age1p150_tau9p665_met0p0200_av0p660.txt
584 /Users/baj/Documents/roman_slitless_sims_seds/bc03_template_z1p307_ms11p11_age1p925_tau4p040_met0p0200_av3p263.txt
585 /Users/baj/Documents/roman_slitless_sims_seds/bc03_template_z0p258_ms10p27_age4p985_tau13p660_met0p0200_av3p586.txt
586 /Users/baj/Documents/roman_slitless_sims_seds/bc03_template_z0p477_ms10p35_age7p995_tau3p840_met0p0200_av4p188.txt
587 /Users/baj/Documents/roman_slitless_sims_seds/bc03_template_z0p956_ms10p64_age3p560_tau5p485_met0p0200_av2p892.txt
588 /Users/baj/Documents/roman_slitless_sims_seds/bc03_template_z0p641_ms11p00_age6p735_tau11p170_met0p0200_av2p578.txt
589 /Users/baj/Documents/roman_slitless_sims_seds/bc03_template_z0p838_ms10p18_age2p095_tau13p685_met0p0200_av0p422.txt
590 /Users/baj/Documents/roman_slitless_sims_seds/bc03_template_z1p152_ms10p70_age4p695_tau3p980_met0p0200_av2p928.txt
591 /Users/baj/Documents/roman_slitless_sims_seds/bc03_template_z1p022_ms11p15_age4p965_tau6p030_met0p0200_av2p312.txt
592 /Users/baj/Documents/roman_slitless_sims_seds/bc03_template_z0p954_ms11p39_age3p090_tau2p895_met0p0200_av3p681.txt
593 /Users/baj/Documents/roman_slitless_sims_seds/bc03_template_z0p515_ms10p94_age3p530_tau11p495_met0p0200_av3p406.txt
594 /Users/baj/Documents/roman_slitless_sims_seds/bc03_template_z0p588_ms10p82_age0p630_tau7p875_met0p0200_av4p566.txt
595 /Users/baj/Documents/roman_slitless_sims_seds/bc03_template_z1p112_ms11p36_age0p495_tau5p510_met0p0200_av0p382.txt
596 /Users/baj/Documents/roman_slitless_sims_seds/bc03_template_z1p174_ms11p24_age4p720_tau9p190_met0p0200_av0p776.txt
597 /Users/baj/Documents/roman_slitless_sims_seds/bc03_template_z0p811_ms10p98_age1p390_tau4p000_met0p0200_av1p505.txt
598 /Users/baj/Documents/roman_slitless_sims_seds/bc03_template_z0p700_ms10p29_age1p700_tau2p165_met0p0200_av1p787.txt
599 /Users/baj/Documents/roman_slitless_sims_seds/bc03_template_z0p953_ms10p32_age1p025_tau13p775_met0p0200_av4p451.txt
600 /Users/baj/Documents/roman_slitless_sims_seds/bc03_template_z0p530_ms11p05_age3p995_tau7p070_met0p0200_av2p383.txt
601 /Users/baj/Documents/roman_slitless_sims_seds/bc03_template_z0p334_ms10p74_age4p165_tau0p170_met0p0200_av0p401.txt
602 /Users/baj/Documents/roman_slitless_sims_seds/bc03_template_z1p777_ms10p79_age1p775_tau3p365_met0p0200_av1p037.txt
603 /Users/baj/Documents/roman_slitless_sims_seds/bc03_template_z1p144_ms11p00_age2p525_tau5p875_met0p0200_av1p218.txt
604 /Users/baj/Documents/roman_slitless_sims_seds/bc03_template_z0p783_ms11p45_age4p645_tau3p785_met0p0200_av3p522.txt
605 /Users/baj/Documents/roman_slitless_sims_seds/bc03_template_z1p121_ms11p15_age3p100_tau8p290_met0p0200_av1p405.txt
606 /Users/baj/Documents/roman_slitless_sims_seds/bc03_template_z0p223_ms10p41_age1p680_tau1p970_met0p0200_av4p109.txt
607 /Users/baj/Documents/roman_slitless_sims_seds/bc03_template_z1p152_ms11p17_age4p345_tau5p960_met0p0200_av1p256.txt
608 /Users/baj/Documents/roman_slitless_sims_seds/bc03_template_z0p689_ms10p03_age5p670_tau5p805_met0p0200_av4p022.txt
609 /Users/baj/Documents/roman_slitless_sims_seds/bc03_template_z0p697_ms11p23_age2p040_tau3p855_met0p0200_av0p261.txt
610 /Users/baj/Documents/roman_slitless_sims_seds/bc03_template_z1p665_ms10p98_age1p260_tau11p450_met0p0200_av0p900.txt
611 /Users/baj/Documents/roman_slitless_sims_seds/bc03_template_z0p686_ms10p32_age0p180_tau8p585_met0p0200_av1p925.txt
612 /Users/baj/Documents/roman_slitless_sims_seds/bc03_template_z0p850_ms10p11_age1p225_tau9p515_met0p0200_av1p245.txt
613 /Users/baj/Documents/roman_slitless_sims_seds/bc03_template_z0p679_ms11p03_age5p820_tau6p715_met0p0200_av0p470.txt
614 /Users/baj/Documents/roman_slitless_sims_seds/bc03_template_z0p610_ms10p50_age0p515_tau6p015_met0p0200_av1p675.txt
615 /Users/baj/Documents/roman_slitless_sims_seds/bc03_template_z0p900_ms11p50_age5p320_tau1p690_met0p0200_av2p185.txt
616 /Users/baj/Documents/roman_slitless_sims_seds/bc03_template_z0p438_ms10p92_age2p835_tau1p920_met0p0200_av2p718.txt
617 /Users/baj/Documents/roman_slitless_sims_seds/bc03_template_z1p304_ms10p91_age2p490_tau3p005_met0p0200_av2p712.txt
618 /Users/baj/Documents/roman_slitless_sims_seds/bc03_template_z0p734_ms10p11_age1p980_tau12p450_met0p0200_av4p451.txt
619 /Users/baj/Documents/roman_slitless_sims_seds/bc03_template_z1p844_ms10p82_age2p275_tau1p360_met0p0200_av4p788.txt
620 /Users/baj/Documents/roman_slitless_sims_seds/bc03_template_z1p081_ms10p12_age4p490_tau8p595_met0p0200_av1p005.txt
621 /Users/baj/Documents/roman_slitless_sims_seds/bc03_template_z0p742_ms11p23_age4p760_tau3p390_met0p0200_av3p049.txt
622 /Users/baj/Documents/roman_slitless_sims_seds/bc03_template_z0p558_ms11p03_age3p590_tau3p615_met0p0200_av1p510.txt
623 /Users/baj/Documents/roman_slitless_sims_seds/bc03_template_z0p720_ms10p68_age0p285_tau10p880_met0p0200_av3p162.txt
624 /Users/baj/Documents/roman_slitless_sims_seds/bc03_template_z1p210_ms11p27_age0p770_tau3p040_met0p0200_av1p784.txt
625 /Users/baj/Documents/roman_slitless_sims_seds/bc03_template_z1p050_ms10p17_age3p480_tau4p120_met0p0200_av2p633.txt
626 /Users/baj/Documents/roman_slitless_sims_seds/bc03_template_z0p217_ms10p12_age8p055_tau2p520_met0p0200_av4p985.txt
627 /Users/baj/Documents/roman_slitless_sims_seds/bc03_template_z0p645_ms10p15_age2p145_tau1p865_met0p0200_av2p454.txt
628 /Users/baj/Documents/roman_slitless_sims_seds/bc03_template_z0p847_ms10p02_age0p830_tau1p855_met0p0200_av3p069.txt
629 /Users/baj/Documents/roman_slitless_sims_seds/bc03_template_z0p823_ms11p29_age4p545_tau6p365_met0p0200_av3p282.txt
630 /Users/baj/Documents/roman_slitless_sims_seds/bc03_template_z0p514_ms11p21_age7p320_tau5p005_met0p0200_av0p873.txt
631 /Users/baj/Documents/roman_slitless_sims_seds/bc03_template_z0p882_ms11p27_age5p230_tau2p650_met0p0200_av4p860.txt
632 /Users/baj/Documents/roman_slitless_sims_seds/bc03_template_z0p324_ms11p05_age1p155_tau12p710_met0p0200_av3p747.txt
633 /Users/baj/Documents/roman_slitless_sims_seds/bc03_template_z0p920_ms10p47_age1p950_tau14p465_met0p0200_av0p009.txt
634 /Users/baj/Documents/roman_slitless_sims_seds/bc03_template_z1p028_ms11p02_age5p180_tau2p645_met0p0200_av1p747.txt
635 /Users/baj/Documents/roman_slitless_sims_seds/bc03_template_z0p779_ms10p11_age4p265_tau2p685_met0p0200_av0p437.txt
636 /Users/baj/Documents/roman_slitless_sims_seds/bc03_template_z0p204_ms10p35_age8p520_tau1p525_met0p0200_av0p578.txt
637 /Users/baj/Documents/roman_slitless_sims_seds/bc03_template_z1p344_ms11p17_age3p820_tau12p095_met0p0200_av4p335.txt
638 /Users/baj/Documents/roman_slitless_sims_seds/bc03_template_z0p684_ms10p76_age4p610_tau2p465_met0p0200_av4p148.txt
639 /Users/baj/Documents/roman_slitless_sims_seds/bc03_template_z1p595_ms11p24_age0p355_tau0p010_met0p0200_av4p083.txt
640 /Users/baj/Documents/roman_slitless_sims_seds/bc03_template_z0p384_ms11p30_age6p560_tau11p115_met0p0200_av1p129.txt
641 /Users/baj/Documents/roman_slitless_sims_seds/bc03_template_z1p079_ms10p65_age1p995_tau9p070_met0p0200_av2p646.txt
643 /Users/baj/Documents/roman_slitless_sims_seds/bc03_template_z0p830_ms10p98_age3p420_tau10p850_met0p0200_av0p280.txt
644 /Users/baj/Documents/roman_slitless_sims_seds/bc03_template_z1p037_ms10p89_age0p505_tau3p885_met0p0200_av0p579.txt
645 /Users/baj/Documents/roman_slitless_sims_seds/bc03_template_z0p238_ms10p09_age3p370_tau3p470_met0p0200_av2p975.txt
646 /Users/baj/Documents/roman_slitless_sims_seds/bc03_template_z1p066_ms10p52_age0p320_tau11p270_met0p0200_av3p484.txt
647 /Users/baj/Documents/roman_slitless_sims_seds/bc03_template_z0p548_ms11p03_age3p310_tau10p185_met0p0200_av1p714.txt
648 /Users/baj/Documents/roman_slitless_sims_seds/bc03_template_z0p588_ms10p83_age6p165_tau11p970_met0p0200_av2p217.txt
649 /Users/baj/Documents/roman_slitless_sims_seds/bc03_template_z0p492_ms11p08_age0p850_tau0p720_met0p0200_av0p646.txt
650 /Users/baj/Documents/roman_slitless_sims_seds/bc03_template_z0p431_ms10p38_age2p000_tau13p035_met0p0200_av3p593.txt
651 /Users/baj/Documents/roman_slitless_sims_seds/bc03_template_z0p880_ms10p76_age4p250_tau9p400_met0p0200_av1p562.txt
652 /Users/baj/Documents/roman_slitless_sims_seds/bc03_template_z0p212_ms10p79_age8p630_tau11p160_met0p0200_av3p908.txt
653 /Users/baj/Documents/roman_slitless_sims_seds/bc03_template_z0p510_ms10p20_age1p050_tau13p680_met0p0200_av0p121.txt
654 /Users/baj/Documents/roman_slitless_sims_seds/bc03_template_z0p419_ms10p62_age7p585_tau7p955_met0p0200_av0p366.txt
655 /Users/baj/Documents/roman_slitless_sims_seds/bc03_template_z0p105_ms10p23_age2p935_tau8p650_met0p0200_av1p698.txt
656 /Users/baj/Documents/roman_slitless_sims_seds/bc03_template_z0p690_ms10p52_age6p145_tau7p455_met0p0200_av1p849.txt
657 /Users/baj/Documents/roman_slitless_sims_seds/bc03_template_z0p350_ms10p36_age6p805_tau8p630_met0p0200_av1p819.txt
658 /Users/baj/Documents/roman_slitless_sims_seds/bc03_template_z0p700_ms10p36_age0p870_tau8p210_met0p0200_av0p465.txt
659 /Users/baj/Documents/roman_slitless_sims_seds/bc03_template_z0p330_ms11p35_age3p180_tau5p145_met0p0200_av0p115.txt
660 /Users/baj/Documents/roman_slitless_sims_seds/bc03_template_z0p465_ms11p41_age4p570_tau14p330_met0p0200_av3p868.txt
661 /Users/baj/Documents/roman_slitless_sims_seds/bc03_template_z1p041_ms11p42_age2p220_tau3p180_met0p0200_av3p747.txt
663 /Users/baj/Documents/roman_slitless_sims_seds/bc03_template_z0p637_ms11p02_age4p145_tau10p535_met0p0200_av3p638.txt
664 /Users/baj/Documents/roman_slitless_sims_seds/bc03_template_z0p922_ms11p26_age0p695_tau11p715_met0p0200_av4p144.txt
665 /Users/baj/Documents/roman_slitless_sims_seds/bc03_template_z0p638_ms11p41_age1p285_tau5p390_met0p0200_av4p279.txt
666 /Users/baj/Documents/roman_slitless_sims_seds/bc03_template_z0p720_ms10p32_age0p585_tau12p155_met0p0200_av3p128.txt
667 /Users/baj/Documents/roman_slitless_sims_seds/bc03_template_z0p957_ms10p67_age4p940_tau11p210_met0p0200_av0p673.txt
668 /Users/baj/Documents/roman_slitless_sims_seds/bc03_template_z0p403_ms10p11_age3p990_tau2p340_met0p0200_av3p025.txt
669 /Users/baj/Documents/roman_slitless_sims_seds/bc03_template_z0p805_ms11p29_age3p435_tau8p445_met0p0200_av4p037.txt
670 /Users/baj/Documents/roman_slitless_sims_seds/bc03_template_z0p377_ms11p39_age0p625_tau8p590_met0p0200_av0p839.txt
671 /Users/baj/Documents/roman_slitless_sims_seds/bc03_template_z0p462_ms10p47_age6p605_tau9p625_met0p0200_av4p802.txt
672 /Users/baj/Documents/roman_slitless_sims_seds/bc03_template_z0p212_ms10p64_age8p370_tau5p750_met0p0200_av1p287.txt
673 /Users/baj/Documents/roman_slitless_sims_seds/bc03_template_z0p324_ms11p03_age0p655_tau7p790_met0p0200_av2p561.txt
674 /Users/baj/Documents/roman_slitless_sims_seds/bc03_template_z0p123_ms11p05_age6p790_tau5p690_met0p0200_av3p667.txt
675 /Users/baj/Documents/roman_slitless_sims_seds/bc03_template_z0p908_ms10p83_age1p755_tau9p605_met0p0200_av4p457.txt
676 /Users/baj/Documents/roman_slitless_sims_seds/bc03_template_z0p080_ms10p94_age12p170_tau13p385_met0p0200_av2p769.txt
677 /Users/baj/Documents/roman_slitless_sims_seds/bc03_template_z0p730_ms10p24_age3p165_tau4p695_met0p0200_av1p511.txt
678 /Users/baj/Documents/roman_slitless_sims_seds/bc03_template_z0p721_ms11p05_age0p500_tau14p125_met0p0200_av2p616.txt
679 /Users/baj/Documents/roman_slitless_sims_seds/bc03_template_z0p296_ms10p79_age4p005_tau3p390_met0p0200_av4p668.txt
681 /Users/baj/Documents/roman_slitless_sims_seds/bc03_template_z1p407_ms11p00_age0p980_tau2p835_met0p0200_av1p757.txt
682 /Users/baj/Documents/roman_slitless_sims_seds/bc03_template_z0p738_ms10p52_age2p265_tau14p310_met0p0200_av0p758.txt
683 /Users/baj/Documents/roman_slitless_sims_seds/bc03_template_z0p431_ms11p17_age8p795_tau1p925_met0p0200_av3p092.txt
684 /Users/baj/Documents/roman_slitless_sims_seds/bc03_template_z1p218_ms10p79_age0p515_tau13p970_met0p0200_av0p622.txt
685 /Users/baj/Documents/roman_slitless_sims_seds/bc03_template_z0p404_ms10p73_age8p045_tau10p715_met0p0200_av2p828.txt
686 /Users/baj/Documents/roman_slitless_sims_seds/bc03_template_z0p722_ms10p61_age2p565_tau2p885_met0p0200_av1p783.txt
687 /Users/baj/Documents/roman_slitless_sims_seds/bc03_template_z0p885_ms10p97_age2p865_tau13p070_met0p0200_av1p178.txt
688 /Users/baj/Documents/roman_slitless_sims_seds/bc03_template_z0p714_ms11p27_age0p995_tau0p500_met0p0200_av0p998.txt
689 /Users/baj/Documents/roman_slitless_sims_seds/bc03_template_z0p878_ms10p08_age4p810_tau14p050_met0p0200_av1p198.txt
690 /Users/baj/Documents/roman_slitless_sims_seds/bc03_template_z0p536_ms10p98_age7p860_tau14p690_met0p0200_av4p408.txt
691 /Users/baj/Documents/roman_slitless_sims_seds/bc03_template_z1p084_ms11p20_age0p565_tau3p430_met0p0200_av1p322.txt
692 /Users/baj/Documents/roman_slitless_sims_seds/bc03_template_z0p508_ms10p71_age3p900_tau9p350_met0p0200_av0p571.txt
693 /Users/baj/Documents/roman_slitless_sims_seds/bc03_template_z0p929_ms10p14_age0p510_tau7p740_met0p0200_av0p306.txt
694 /Users/baj/Documents/roman_slitless_sims_seds/bc03_template_z0p865_ms10p30_age2p230_tau9p115_met0p0200_av4p593.txt
695 /Users/baj/Documents/roman_slitless_sims_seds/bc03_template_z1p793_ms10p83_age3p355_tau5p765_met0p0200_av2p300.txt
696 /Users/baj/Documents/roman_slitless_sims_seds/bc03_template_z0p564_ms10p91_age2p225_tau11p230_met0p0200_av4p467.txt
697 /Users/baj/Documents/roman_slitless_sims_seds/bc03_template_z0p660_ms10p80_age6p525_tau1p310_met0p0200_av4p936.txt
698 /Users/baj/Documents/roman_slitless_sims_seds/bc03_template_z0p296_ms11p29_age6p375_tau13p245_met0p0200_av0p659.txt
699 /Users/baj/Documents/roman_slitless_sims_seds/bc03_template_z0p426_ms11p23_age3p205_tau1p465_met0p0200_av3p566.txt
700 /Users/baj/Documents/roman_slitless_sims_seds/bc03_template_z0p324_ms11p12_age5p860_tau9p290_met0p0200_av1p947.txt
701 /Users/baj/Documents/roman_slitless_sims_seds/bc03_template_z0p587_ms10p09_age6p505_tau1p950_met0p0200_av3p203.txt
702 /Users/baj/Documents/roman_slitless_sims_seds/bc03_template_z0p800_ms10p68_age1p620_tau8p415_met0p0200_av2p780.txt
703 /Users/baj/Documents/roman_slitless_sims_seds/bc03_template_z0p418_ms11p45_age2p835_tau10p605_met0p0200_av1p090.txt
704 /Users/baj/Documents/roman_slitless_sims_seds/bc03_template_z1p606_ms10p64_age3p730_tau5p825_met0p0200_av2p530.txt
705 /Users/baj/Documents/roman_slitless_sims_seds/bc03_template_z0p903_ms10p20_age2p890_tau14p630_met0p0200_av4p885.txt
706 /Users/baj/Documents/roman_slitless_sims_seds/bc03_template_z0p503_ms10p80_age0p100_tau1p365_met0p0200_av1p482.txt
707 /Users/baj/Documents/roman_slitless_sims_seds/bc03_template_z0p771_ms10p67_age2p500_tau4p695_met0p0200_av4p507.txt
708 /Users/baj/Documents/roman_slitless_sims_seds/bc03_template_z0p700_ms10p05_age5p295_tau4p920_met0p0200_av4p567.txt
709 /Users/baj/Documents/roman_slitless_sims_seds/bc03_template_z1p124_ms10p39_age4p975_tau9p560_met0p0200_av0p963.txt
710 /Users/baj/Documents/roman_slitless_sims_seds/bc03_template_z1p097_ms11p24_age3p795_tau1p755_met0p0200_av0p088.txt
711 /Users/baj/Documents/roman_slitless_sims_seds/bc03_template_z0p443_ms10p02_age4p775_tau6p105_met0p0200_av4p740.txt
712 /Users/baj/Documents/roman_slitless_sims_seds/bc03_template_z0p850_ms11p45_age0p775_tau11p765_met0p0200_av0p632.txt
713 /Users/baj/Documents/roman_slitless_sims_seds/bc03_template_z0p490_ms10p15_age6p665_tau3p355_met0p0200_av1p045.txt
714 /Users/baj/Documents/roman_slitless_sims_seds/bc03_template_z0p915_ms11p05_age5p660_tau10p000_met0p0200_av4p757.txt
715 /Users/baj/Documents/roman_slitless_sims_seds/bc03_template_z0p576_ms10p11_age6p035_tau3p495_met0p0200_av4p950.txt
716 /Users/baj/Documents/roman_slitless_sims_seds/bc03_template_z0p850_ms10p98_age4p885_tau4p370_met0p0200_av4p999.txt
717 /Users/baj/Documents/roman_slitless_sims_seds/bc03_template_z0p890_ms10p61_age4p955_tau0p360_met0p0200_av2p727.txt
718 /Users/baj/Documents/roman_slitless_sims_seds/bc03_template_z0p910_ms10p45_age2p545_tau0p810_met0p0200_av2p875.txt
719 /Users/baj/Documents/roman_slitless_sims_seds/bc03_template_z0p774_ms10p39_age1p540_tau1p180_met0p0200_av2p444.txt
720 /Users/baj/Documents/roman_slitless_sims_seds/bc03_template_z0p469_ms10p85_age1p785_tau9p865_met0p0200_av1p796.txt
721 /Users/baj/Documents/roman_slitless_sims_seds/bc03_template_z0p646_ms10p94_age6p855_tau3p995_met0p0200_av4p485.txt
722 /Users/baj/Documents/roman_slitless_sims_seds/bc03_template_z1p218_ms10p65_age2p030_tau8p095_met0p0200_av1p643.txt
723 /Users/baj/Documents/roman_slitless_sims_seds/bc03_template_z0p961_ms11p50_age2p210_tau7p035_met0p0200_av4p906.txt
724 /Users/baj/Documents/roman_slitless_sims_seds/bc03_template_z0p132_ms10p68_age2p820_tau5p490_met0p0200_av3p746.txt
725 /Users/baj/Documents/roman_slitless_sims_seds/bc03_template_z1p180_ms11p39_age2p920_tau2p445_met0p0200_av1p465.txt
726 /Users/baj/Documents/roman_slitless_sims_seds/bc03_template_z0p320_ms11p44_age8p120_tau10p250_met0p0200_av1p270.txt
727 /Users/baj/Documents/roman_slitless_sims_seds/bc03_template_z0p772_ms11p00_age6p000_tau8p045_met0p0200_av2p990.txt
728 /Users/baj/Documents/roman_slitless_sims_seds/bc03_template_z3p389_ms10p36_age0p505_tau7p960_met0p0200_av1p989.txt
729 /Users/baj/Documents/roman_slitless_sims_seds/bc03_template_z1p030_ms10p30_age2p070_tau13p720_met0p0200_av3p489.txt
730 /Users/baj/Documents/roman_slitless_sims_seds/bc03_template_z1p199_ms10p58_age3p390_tau8p810_met0p0200_av4p925.txt
731 /Users/baj/Documents/roman_slitless_sims_seds/bc03_template_z0p776_ms11p45_age6p165_tau12p495_met0p0200_av4p101.txt
732 /Users/baj/Documents/roman_slitless_sims_seds/bc03_template_z1p305_ms11p09_age3p865_tau14p440_met0p0200_av1p973.txt
733 /Users/baj/Documents/roman_slitless_sims_seds/bc03_template_z1p360_ms10p42_age0p585_tau9p410_met0p0200_av3p677.txt
734 /Users/baj/Documents/roman_slitless_sims_seds/bc03_template_z1p158_ms11p20_age4p375_tau9p905_met0p0200_av2p589.txt
735 /Users/baj/Documents/roman_slitless_sims_seds/bc03_template_z0p840_ms10p39_age1p760_tau3p340_met0p0200_av1p564.txt
736 /Users/baj/Documents/roman_slitless_sims_seds/bc03_template_z0p746_ms11p14_age2p870_tau8p785_met0p0200_av2p137.txt
737 /Users/baj/Documents/roman_slitless_sims_seds/bc03_template_z0p967_ms11p08_age3p915_tau11p270_met0p0200_av1p330.txt
738 /Users/baj/Documents/roman_slitless_sims_seds/bc03_template_z1p013_ms11p30_age3p495_tau6p940_met0p0200_av1p200.txt
739 /Users/baj/Documents/roman_slitless_sims_seds/bc03_template_z0p454_ms11p12_age3p500_tau0p695_met0p0200_av1p563.txt
740 /Users/baj/Documents/roman_slitless_sims_seds/bc03_template_z0p753_ms10p14_age2p360_tau13p800_met0p0200_av0p024.txt
741 /Users/baj/Documents/roman_slitless_sims_seds/bc03_template_z0p566_ms10p59_age0p445_tau6p910_met0p0200_av4p810.txt
742 /Users/baj/Documents/roman_slitless_sims_seds/bc03_template_z0p850_ms10p39_age5p675_tau2p730_met0p0200_av2p165.txt
743 /Users/baj/Documents/roman_slitless_sims_seds/bc03_template_z0p512_ms11p30_age2p275_tau6p160_met0p0200_av2p714.txt
744 /Users/baj/Documents/roman_slitless_sims_seds/bc03_template_z1p065_ms10p12_age5p240_tau13p120_met0p0200_av2p043.txt
745 /Users/baj/Documents/roman_slitless_sims_seds/bc03_template_z0p687_ms10p98_age0p295_tau1p905_met0p0200_av3p482.txt
746 /Users/baj/Documents/roman_slitless_sims_seds/bc03_template_z1p140_ms10p41_age0p510_tau6p775_met0p0200_av1p340.txt
747 /Users/baj/Documents/roman_slitless_sims_seds/bc03_template_z0p989_ms10p76_age4p600_tau11p280_met0p0200_av0p026.txt
748 /Users/baj/Documents/roman_slitless_sims_seds/bc03_template_z0p450_ms10p64_age6p315_tau5p365_met0p0200_av2p254.txt
749 /Users/baj/Documents/roman_slitless_sims_seds/bc03_template_z0p853_ms10p18_age4p780_tau10p465_met0p0200_av4p730.txt
750 /Users/baj/Documents/roman_slitless_sims_seds/bc03_template_z0p232_ms11p08_age7p615_tau6p300_met0p0200_av3p972.txt
751 /Users/baj/Documents/roman_slitless_sims_seds/bc03_template_z0p535_ms11p42_age5p195_tau4p860_met0p0200_av1p078.txt
752 /Users/baj/Documents/roman_slitless_sims_seds/bc03_template_z0p302_ms11p21_age4p880_tau10p955_met0p0200_av1p945.txt
753 /Users/baj/Documents/roman_slitless_sims_seds/bc03_template_z1p337_ms10p59_age3p040_tau10p115_met0p0200_av0p872.txt
754 /Users/baj/Documents/roman_slitless_sims_seds/bc03_template_z0p940_ms10p91_age3p715_tau9p310_met0p0200_av4p378.txt
755 /Users/baj/Documents/roman_slitless_sims_seds/bc03_template_z1p521_ms10p45_age0p145_tau2p695_met0p0200_av3p580.txt
756 /Users/baj/Documents/roman_slitless_sims_seds/bc03_template_z1p010_ms10p08_age4p540_tau13p815_met0p0200_av1p800.txt
757 /Users/baj/Documents/roman_slitless_sims_seds/bc03_template_z0p980_ms10p85_age4p510_tau4p780_met0p0200_av4p051.txt
758 /Users/baj/Documents/roman_slitless_sims_seds/bc03_template_z0p100_ms10p29_age3p775_tau6p010_met0p0200_av3p778.txt
759 /Users/baj/Documents/roman_slitless_sims_seds/bc03_template_z0p730_ms11p20_age6p845_tau4p875_met0p0200_av0p966.txt
760 /Users/baj/Documents/roman_slitless_sims_seds/bc03_template_z0p962_ms10p18_age5p640_tau6p790_met0p0200_av4p684.txt
761 /Users/baj/Documents/roman_slitless_sims_seds/bc03_template_z0p330_ms10p98_age1p030_tau10p620_met0p0200_av3p945.txt
762 /Users/baj/Documents/roman_slitless_sims_seds/bc03_template_z0p380_ms10p92_age4p970_tau10p080_met0p0200_av1p947.txt
763 /Users/baj/Documents/roman_slitless_sims_seds/bc03_template_z0p671_ms10p48_age5p340_tau13p495_met0p0200_av2p891.txt
764 /Users/baj/Documents/roman_slitless_sims_seds/bc03_template_z1p174_ms10p58_age0p180_tau5p810_met0p0200_av1p753.txt
765 /Users/baj/Documents/roman_slitless_sims_seds/bc03_template_z0p600_ms10p83_age2p400_tau10p380_met0p0200_av2p345.txt
766 /Users/baj/Documents/roman_slitless_sims_seds/bc03_template_z1p220_ms10p23_age4p710_tau11p165_met0p0200_av4p623.txt
767 /Users/baj/Documents/roman_slitless_sims_seds/bc03_template_z1p115_ms10p08_age1p120_tau8p325_met0p0200_av0p641.txt
768 /Users/baj/Documents/roman_slitless_sims_seds/bc03_template_z0p502_ms11p09_age1p355_tau12p035_met0p0200_av3p588.txt
769 /Users/baj/Documents/roman_slitless_sims_seds/bc03_template_z0p769_ms10p11_age1p815_tau1p500_met0p0200_av2p321.txt
770 /Users/baj/Documents/roman_slitless_sims_seds/bc03_template_z0p377_ms10p20_age1p990_tau12p045_met0p0200_av0p743.txt
771 /Users/baj/Documents/roman_slitless_sims_seds/bc03_template_z0p431_ms10p76_age4p980_tau5p190_met0p0200_av1p646.txt
772 /Users/baj/Documents/roman_slitless_sims_seds/bc03_template_z1p669_ms10p92_age1p265_tau2p740_met0p0200_av0p574.txt
773 /Users/baj/Documents/roman_slitless_sims_seds/bc03_template_z0p695_ms10p26_age2p220_tau10p015_met0p0200_av4p547.txt
774 /Users/baj/Documents/roman_slitless_sims_seds/bc03_template_z0p845_ms10p00_age0p235_tau3p175_met0p0200_av1p726.txt
775 /Users/baj/Documents/roman_slitless_sims_seds/bc03_template_z0p271_ms10p71_age7p440_tau3p180_met0p0200_av1p434.txt
776 /Users/baj/Documents/roman_slitless_sims_seds/bc03_template_z0p761_ms11p48_age4p905_tau11p425_met0p0200_av1p386.txt
777 /Users/baj/Documents/roman_slitless_sims_seds/bc03_template_z0p635_ms10p98_age4p465_tau8p200_met0p0200_av2p404.txt
778 /Users/baj/Documents/roman_slitless_sims_seds/bc03_template_z0p848_ms10p52_age5p205_tau5p055_met0p0200_av2p051.txt
779 /Users/baj/Documents/roman_slitless_sims_seds/bc03_template_z0p680_ms10p36_age5p255_tau11p320_met0p0200_av0p503.txt
780 /Users/baj/Documents/roman_slitless_sims_seds/bc03_template_z0p477_ms10p00_age5p755_tau9p115_met0p0200_av2p761.txt
781 /Users/baj/Documents/roman_slitless_sims_seds/bc03_template_z1p428_ms10p30_age2p650_tau12p675_met0p0200_av1p370.txt
782 /Users/baj/Documents/roman_slitless_sims_seds/bc03_template_z0p470_ms10p80_age8p375_tau4p265_met0p0200_av3p151.txt
783 /Users/baj/Documents/roman_slitless_sims_seds/bc03_template_z0p778_ms10p08_age2p220_tau3p210_met0p0200_av2p420.txt
784 /Users/baj/Documents/roman_slitless_sims_seds/bc03_template_z0p453_ms11p18_age1p070_tau11p390_met0p0200_av4p604.txt
785 /Users/baj/Documents/roman_slitless_sims_seds/bc03_template_z0p232_ms10p73_age5p825_tau4p720_met0p0200_av2p847.txt
786 /Users/baj/Documents/roman_slitless_sims_seds/bc03_template_z1p065_ms10p88_age1p250_tau11p875_met0p0200_av3p983.txt
787 /Users/baj/Documents/roman_slitless_sims_seds/bc03_template_z0p535_ms11p27_age7p605_tau10p135_met0p0200_av4p561.txt
788 /Users/baj/Documents/roman_slitless_sims_seds/bc03_template_z0p853_ms11p11_age3p380_tau3p740_met0p0200_av3p313.txt
789 /Users/baj/Documents/roman_slitless_sims_seds/bc03_template_z0p540_ms10p80_age6p330_tau10p825_met0p0200_av1p587.txt
790 /Users/baj/Documents/roman_slitless_sims_seds/bc03_template_z0p740_ms10p76_age6p660_tau9p505_met0p0200_av2p112.txt
791 /Users/baj/Documents/roman_slitless_sims_seds/bc03_template_z0p668_ms10p67_age1p350_tau14p915_met0p0200_av4p979.txt
792 /Users/baj/Documents/roman_slitless_sims_seds/bc03_template_z0p856_ms10p14_age3p890_tau5p700_met0p0200_av0p080.txt
793 /Users/baj/Documents/roman_slitless_sims_seds/bc03_template_z0p622_ms11p41_age4p580_tau11p025_met0p0200_av3p056.txt
794 /Users/baj/Documents/roman_slitless_sims_seds/bc03_template_z0p791_ms11p29_age1p260_tau3p795_met0p0200_av4p478.txt
795 /Users/baj/Documents/roman_slitless_sims_seds/bc03_template_z0p640_ms11p21_age5p285_tau8p550_met0p0200_av3p507.txt
796 /Users/baj/Documents/roman_slitless_sims_seds/bc03_template_z1p182_ms10p32_age4p605_tau6p785_met0p0200_av3p251.txt
797 /Users/baj/Documents/roman_slitless_sims_seds/bc03_template_z0p869_ms11p44_age3p660_tau9p145_met0p0200_av3p469.txt
798 /Users/baj/Documents/roman_slitless_sims_seds/bc03_template_z0p845_ms10p68_age4p810_tau4p855_met0p0200_av2p151.txt
799 /Users/baj/Documents/roman_slitless_sims_seds/bc03_template_z1p038_ms11p42_age2p575_tau5p935_met0p0200_av1p046.txt
