# 1: SEGMENTATION ID
# 2: SED FILE
1 /Users/baj/Documents/roman_slitless_sims_seds/bc03_template_z0p626_ms10p20_age5p435_tau7p800_met0p0200_av2p839.txt
2 /Users/baj/Documents/roman_slitless_sims_seds/bc03_template_z0p103_ms10p02_age8p300_tau8p775_met0p0200_av0p854.txt
3 /Users/baj/Documents/roman_slitless_sims_seds/bc03_template_z0p278_ms10p80_age3p605_tau0p815_met0p0200_av2p059.txt
4 /Users/baj/Documents/roman_slitless_sims_seds/bc03_template_z0p253_ms10p03_age8p865_tau4p355_met0p0200_av0p221.txt
5 /Users/baj/Documents/roman_slitless_sims_seds/bc03_template_z0p890_ms10p76_age3p590_tau1p445_met0p0200_av1p455.txt
7 /Users/baj/Documents/roman_slitless_sims_seds/bc03_template_z0p215_ms11p30_age4p020_tau13p650_met0p0200_av1p872.txt
8 /Users/baj/Documents/roman_slitless_sims_seds/bc03_template_z1p156_ms10p12_age3p440_tau4p820_met0p0200_av1p552.txt
9 /Users/baj/Documents/roman_slitless_sims_seds/bc03_template_z0p427_ms11p21_age1p395_tau1p000_met0p0200_av1p863.txt
10 /Users/baj/Documents/roman_slitless_sims_seds/bc03_template_z1p037_ms10p85_age2p290_tau2p625_met0p0200_av1p410.txt
11 /Users/baj/Documents/roman_slitless_sims_seds/bc03_template_z1p016_ms11p17_age3p120_tau10p150_met0p0200_av3p478.txt
12 /Users/baj/Documents/roman_slitless_sims_seds/bc03_template_z1p230_ms10p86_age2p885_tau4p155_met0p0200_av4p372.txt
13 /Users/baj/Documents/roman_slitless_sims_seds/bc03_template_z0p693_ms11p35_age4p720_tau12p205_met0p0200_av4p911.txt
14 /Users/baj/Documents/roman_slitless_sims_seds/bc03_template_z0p762_ms10p80_age4p115_tau3p300_met0p0200_av0p783.txt
15 /Users/baj/Documents/roman_slitless_sims_seds/bc03_template_z0p642_ms11p08_age6p100_tau1p045_met0p0200_av1p905.txt
16 /Users/baj/Documents/roman_slitless_sims_seds/bc03_template_z0p440_ms11p11_age3p740_tau14p835_met0p0200_av3p482.txt
17 /Users/baj/Documents/roman_slitless_sims_seds/bc03_template_z2p320_ms10p36_age0p110_tau4p750_met0p0200_av0p970.txt
18 /Users/baj/Documents/roman_slitless_sims_seds/bc03_template_z0p990_ms10p92_age5p280_tau3p325_met0p0200_av2p731.txt
19 /Users/baj/Documents/roman_slitless_sims_seds/bc03_template_z0p616_ms10p38_age6p110_tau7p395_met0p0200_av2p086.txt
20 /Users/baj/Documents/roman_slitless_sims_seds/bc03_template_z0p387_ms10p23_age6p715_tau8p900_met0p0200_av2p224.txt
21 /Users/baj/Documents/roman_slitless_sims_seds/bc03_template_z1p094_ms10p15_age4p535_tau11p480_met0p0200_av4p762.txt
22 /Users/baj/Documents/roman_slitless_sims_seds/bc03_template_z1p582_ms10p70_age0p255_tau13p250_met0p0200_av1p179.txt
23 /Users/baj/Documents/roman_slitless_sims_seds/bc03_template_z0p706_ms10p39_age4p665_tau11p915_met0p0200_av3p351.txt
24 /Users/baj/Documents/roman_slitless_sims_seds/bc03_template_z0p475_ms10p77_age4p075_tau1p335_met0p0200_av4p655.txt
25 /Users/baj/Documents/roman_slitless_sims_seds/bc03_template_z0p433_ms11p29_age7p815_tau6p660_met0p0200_av3p577.txt
26 /Users/baj/Documents/roman_slitless_sims_seds/bc03_template_z0p557_ms10p62_age4p485_tau8p995_met0p0200_av2p100.txt
27 /Users/baj/Documents/roman_slitless_sims_seds/bc03_template_z0p731_ms10p23_age0p510_tau8p730_met0p0200_av0p406.txt
28 /Users/baj/Documents/roman_slitless_sims_seds/bc03_template_z1p036_ms11p29_age1p380_tau3p940_met0p0200_av3p675.txt
29 /Users/baj/Documents/roman_slitless_sims_seds/bc03_template_z0p789_ms10p86_age1p100_tau10p665_met0p0200_av2p143.txt
30 /Users/baj/Documents/roman_slitless_sims_seds/bc03_template_z0p642_ms11p12_age5p445_tau10p840_met0p0200_av4p776.txt
31 /Users/baj/Documents/roman_slitless_sims_seds/bc03_template_z0p433_ms10p61_age3p045_tau14p755_met0p0200_av0p725.txt
32 /Users/baj/Documents/roman_slitless_sims_seds/bc03_template_z0p940_ms10p12_age0p190_tau0p970_met0p0200_av2p118.txt
33 /Users/baj/Documents/roman_slitless_sims_seds/bc03_template_z0p603_ms11p00_age4p780_tau4p840_met0p0200_av3p049.txt
34 /Users/baj/Documents/roman_slitless_sims_seds/bc03_template_z1p141_ms11p35_age2p645_tau13p715_met0p0200_av3p418.txt
35 /Users/baj/Documents/roman_slitless_sims_seds/bc03_template_z1p101_ms10p59_age4p000_tau10p600_met0p0200_av2p122.txt
36 /Users/baj/Documents/roman_slitless_sims_seds/bc03_template_z0p742_ms10p48_age1p945_tau8p300_met0p0200_av4p179.txt
37 /Users/baj/Documents/roman_slitless_sims_seds/bc03_template_z0p835_ms10p48_age4p090_tau5p405_met0p0200_av3p950.txt
38 /Users/baj/Documents/roman_slitless_sims_seds/bc03_template_z0p561_ms10p70_age5p515_tau14p785_met0p0200_av0p617.txt
39 /Users/baj/Documents/roman_slitless_sims_seds/bc03_template_z0p627_ms11p18_age2p075_tau13p500_met0p0200_av3p329.txt
40 /Users/baj/Documents/roman_slitless_sims_seds/bc03_template_z0p698_ms10p45_age4p395_tau0p190_met0p0200_av0p192.txt
41 /Users/baj/Documents/roman_slitless_sims_seds/bc03_template_z0p841_ms11p32_age4p665_tau9p710_met0p0200_av4p475.txt
42 /Users/baj/Documents/roman_slitless_sims_seds/bc03_template_z0p605_ms10p03_age5p755_tau8p515_met0p0200_av1p929.txt
43 /Users/baj/Documents/roman_slitless_sims_seds/bc03_template_z0p665_ms10p85_age1p270_tau5p445_met0p0200_av0p732.txt
44 /Users/baj/Documents/roman_slitless_sims_seds/bc03_template_z0p649_ms10p61_age5p960_tau13p860_met0p0200_av2p657.txt
45 /Users/baj/Documents/roman_slitless_sims_seds/bc03_template_z0p579_ms10p03_age1p795_tau4p680_met0p0200_av3p918.txt
46 /Users/baj/Documents/roman_slitless_sims_seds/bc03_template_z0p980_ms10p33_age5p480_tau10p395_met0p0200_av2p574.txt
47 /Users/baj/Documents/roman_slitless_sims_seds/bc03_template_z0p441_ms10p89_age6p395_tau8p440_met0p0200_av2p046.txt
48 /Users/baj/Documents/roman_slitless_sims_seds/bc03_template_z0p600_ms11p23_age1p580_tau11p520_met0p0200_av2p984.txt
49 /Users/baj/Documents/roman_slitless_sims_seds/bc03_template_z1p035_ms10p17_age2p815_tau11p965_met0p0200_av1p231.txt
50 /Users/baj/Documents/roman_slitless_sims_seds/bc03_template_z0p210_ms10p02_age2p260_tau6p135_met0p0200_av2p304.txt
51 /Users/baj/Documents/roman_slitless_sims_seds/bc03_template_z0p673_ms10p17_age6p480_tau8p255_met0p0200_av4p011.txt
52 /Users/baj/Documents/roman_slitless_sims_seds/bc03_template_z1p020_ms10p88_age1p070_tau4p600_met0p0200_av4p781.txt
53 /Users/baj/Documents/roman_slitless_sims_seds/bc03_template_z0p943_ms11p02_age1p830_tau12p490_met0p0200_av3p528.txt
54 /Users/baj/Documents/roman_slitless_sims_seds/bc03_template_z0p392_ms10p30_age2p675_tau9p190_met0p0200_av2p520.txt
55 /Users/baj/Documents/roman_slitless_sims_seds/bc03_template_z1p913_ms11p05_age2p925_tau9p655_met0p0200_av2p720.txt
56 /Users/baj/Documents/roman_slitless_sims_seds/bc03_template_z1p910_ms11p47_age0p910_tau3p060_met0p0200_av0p146.txt
57 /Users/baj/Documents/roman_slitless_sims_seds/bc03_template_z0p955_ms10p89_age5p825_tau12p790_met0p0200_av4p453.txt
59 /Users/baj/Documents/roman_slitless_sims_seds/bc03_template_z0p296_ms10p97_age8p405_tau8p595_met0p0200_av1p406.txt
60 /Users/baj/Documents/roman_slitless_sims_seds/bc03_template_z1p251_ms11p36_age1p000_tau11p150_met0p0200_av0p061.txt
61 /Users/baj/Documents/roman_slitless_sims_seds/bc03_template_z0p729_ms10p89_age6p265_tau13p210_met0p0200_av0p717.txt
62 /Users/baj/Documents/roman_slitless_sims_seds/bc03_template_z1p350_ms10p12_age0p560_tau13p410_met0p0200_av4p064.txt
63 /Users/baj/Documents/roman_slitless_sims_seds/bc03_template_z1p072_ms10p09_age3p270_tau9p830_met0p0200_av3p049.txt
64 /Users/baj/Documents/roman_slitless_sims_seds/bc03_template_z0p451_ms11p17_age4p020_tau13p460_met0p0200_av2p978.txt
65 /Users/baj/Documents/roman_slitless_sims_seds/bc03_template_z0p759_ms10p27_age6p405_tau6p410_met0p0200_av1p014.txt
66 /Users/baj/Documents/roman_slitless_sims_seds/bc03_template_z0p280_ms11p33_age9p095_tau11p010_met0p0200_av3p529.txt
67 /Users/baj/Documents/roman_slitless_sims_seds/bc03_template_z0p848_ms11p00_age3p445_tau9p555_met0p0200_av2p275.txt
68 /Users/baj/Documents/roman_slitless_sims_seds/bc03_template_z0p506_ms11p05_age6p010_tau14p230_met0p0200_av2p991.txt
69 /Users/baj/Documents/roman_slitless_sims_seds/bc03_template_z1p210_ms10p83_age4p635_tau1p765_met0p0200_av3p596.txt
70 /Users/baj/Documents/roman_slitless_sims_seds/bc03_template_z0p572_ms10p44_age6p865_tau14p675_met0p0200_av2p963.txt
71 /Users/baj/Documents/roman_slitless_sims_seds/bc03_template_z0p310_ms10p73_age4p405_tau11p570_met0p0200_av2p032.txt
72 /Users/baj/Documents/roman_slitless_sims_seds/bc03_template_z1p624_ms10p70_age1p050_tau5p505_met0p0200_av4p874.txt
73 /Users/baj/Documents/roman_slitless_sims_seds/salt2_spec_day3_z0p937_av4p684.txt
74 /Users/baj/Documents/roman_slitless_sims_seds/bc03_template_z0p246_ms10p26_age3p240_tau12p125_met0p0200_av0p538.txt
75 /Users/baj/Documents/roman_slitless_sims_seds/bc03_template_z0p328_ms10p83_age2p100_tau6p735_met0p0200_av2p956.txt
76 /Users/baj/Documents/roman_slitless_sims_seds/bc03_template_z0p659_ms10p02_age6p340_tau13p765_met0p0200_av3p386.txt
77 /Users/baj/Documents/roman_slitless_sims_seds/bc03_template_z0p486_ms10p59_age4p995_tau7p245_met0p0200_av2p940.txt
78 /Users/baj/Documents/roman_slitless_sims_seds/bc03_template_z0p710_ms10p27_age4p360_tau6p575_met0p0200_av0p268.txt
79 /Users/baj/Documents/roman_slitless_sims_seds/bc03_template_z1p246_ms10p59_age0p955_tau3p900_met0p0200_av1p899.txt
81 /Users/baj/Documents/roman_slitless_sims_seds/bc03_template_z0p950_ms10p76_age3p125_tau14p910_met0p0200_av1p106.txt
82 /Users/baj/Documents/roman_slitless_sims_seds/bc03_template_z1p140_ms11p03_age2p105_tau12p490_met0p0200_av1p720.txt
83 /Users/baj/Documents/roman_slitless_sims_seds/bc03_template_z0p557_ms10p17_age0p975_tau10p840_met0p0200_av1p092.txt
84 /Users/baj/Documents/roman_slitless_sims_seds/bc03_template_z0p877_ms11p15_age5p460_tau8p820_met0p0200_av4p203.txt
85 /Users/baj/Documents/roman_slitless_sims_seds/bc03_template_z0p201_ms11p48_age2p700_tau7p795_met0p0200_av0p600.txt
86 /Users/baj/Documents/roman_slitless_sims_seds/bc03_template_z0p748_ms11p11_age2p975_tau9p285_met0p0200_av1p834.txt
87 /Users/baj/Documents/roman_slitless_sims_seds/bc03_template_z0p981_ms10p27_age4p095_tau5p855_met0p0200_av2p245.txt
88 /Users/baj/Documents/roman_slitless_sims_seds/bc03_template_z1p079_ms10p91_age0p230_tau2p620_met0p0200_av3p716.txt
89 /Users/baj/Documents/roman_slitless_sims_seds/bc03_template_z0p457_ms11p06_age4p240_tau7p765_met0p0200_av1p563.txt
90 /Users/baj/Documents/roman_slitless_sims_seds/bc03_template_z0p897_ms10p61_age1p175_tau0p940_met0p0200_av0p235.txt
91 /Users/baj/Documents/roman_slitless_sims_seds/bc03_template_z0p603_ms11p24_age4p530_tau2p470_met0p0200_av4p160.txt
92 /Users/baj/Documents/roman_slitless_sims_seds/bc03_template_z0p815_ms10p15_age4p415_tau13p910_met0p0200_av4p266.txt
93 /Users/baj/Documents/roman_slitless_sims_seds/bc03_template_z0p547_ms11p08_age7p905_tau12p920_met0p0200_av2p404.txt
94 /Users/baj/Documents/roman_slitless_sims_seds/bc03_template_z0p075_ms10p48_age0p815_tau1p800_met0p0200_av4p042.txt
95 /Users/baj/Documents/roman_slitless_sims_seds/bc03_template_z1p333_ms10p35_age0p630_tau8p835_met0p0200_av3p126.txt
96 /Users/baj/Documents/roman_slitless_sims_seds/bc03_template_z1p085_ms11p15_age4p845_tau11p090_met0p0200_av3p078.txt
97 /Users/baj/Documents/roman_slitless_sims_seds/bc03_template_z0p889_ms10p62_age2p175_tau11p685_met0p0200_av0p243.txt
98 /Users/baj/Documents/roman_slitless_sims_seds/bc03_template_z1p031_ms10p56_age3p300_tau5p710_met0p0200_av4p761.txt
99 /Users/baj/Documents/roman_slitless_sims_seds/bc03_template_z0p526_ms10p52_age4p535_tau3p460_met0p0200_av4p439.txt
100 /Users/baj/Documents/roman_slitless_sims_seds/bc03_template_z0p203_ms10p89_age4p515_tau1p450_met0p0200_av1p648.txt
101 /Users/baj/Documents/roman_slitless_sims_seds/bc03_template_z0p355_ms11p44_age0p555_tau12p690_met0p0200_av1p695.txt
102 /Users/baj/Documents/roman_slitless_sims_seds/bc03_template_z0p850_ms10p94_age2p960_tau8p810_met0p0200_av4p774.txt
103 /Users/baj/Documents/roman_slitless_sims_seds/bc03_template_z1p170_ms10p32_age0p780_tau0p300_met0p0200_av0p750.txt
104 /Users/baj/Documents/roman_slitless_sims_seds/bc03_template_z1p020_ms11p50_age5p030_tau1p890_met0p0200_av3p132.txt
105 /Users/baj/Documents/roman_slitless_sims_seds/bc03_template_z0p940_ms11p48_age4p605_tau14p955_met0p0200_av1p376.txt
106 /Users/baj/Documents/roman_slitless_sims_seds/bc03_template_z0p663_ms10p06_age2p120_tau0p425_met0p0200_av1p146.txt
107 /Users/baj/Documents/roman_slitless_sims_seds/bc03_template_z0p747_ms10p85_age1p860_tau2p925_met0p0200_av1p234.txt
108 /Users/baj/Documents/roman_slitless_sims_seds/bc03_template_z0p220_ms11p17_age0p235_tau0p420_met0p0200_av2p496.txt
109 /Users/baj/Documents/roman_slitless_sims_seds/bc03_template_z0p694_ms11p15_age5p105_tau7p155_met0p0200_av2p345.txt
110 /Users/baj/Documents/roman_slitless_sims_seds/bc03_template_z0p076_ms10p53_age7p440_tau10p360_met0p0200_av3p933.txt
111 /Users/baj/Documents/roman_slitless_sims_seds/bc03_template_z0p803_ms11p42_age5p155_tau10p280_met0p0200_av0p352.txt
112 /Users/baj/Documents/roman_slitless_sims_seds/bc03_template_z1p798_ms11p50_age2p855_tau14p350_met0p0200_av1p311.txt
113 /Users/baj/Documents/roman_slitless_sims_seds/bc03_template_z0p709_ms10p27_age6p680_tau7p110_met0p0200_av4p791.txt
114 /Users/baj/Documents/roman_slitless_sims_seds/bc03_template_z0p771_ms11p30_age1p965_tau1p895_met0p0200_av4p097.txt
115 /Users/baj/Documents/roman_slitless_sims_seds/bc03_template_z0p457_ms10p35_age1p510_tau7p875_met0p0200_av1p411.txt
116 /Users/baj/Documents/roman_slitless_sims_seds/bc03_template_z0p657_ms10p42_age2p595_tau2p470_met0p0200_av3p504.txt
117 /Users/baj/Documents/roman_slitless_sims_seds/bc03_template_z1p330_ms11p08_age2p085_tau0p770_met0p0200_av0p847.txt
118 /Users/baj/Documents/roman_slitless_sims_seds/bc03_template_z0p238_ms10p24_age9p210_tau0p965_met0p0200_av3p022.txt
119 /Users/baj/Documents/roman_slitless_sims_seds/bc03_template_z1p543_ms11p33_age1p090_tau6p020_met0p0200_av3p580.txt
120 /Users/baj/Documents/roman_slitless_sims_seds/bc03_template_z0p537_ms11p36_age6p830_tau12p665_met0p0200_av4p867.txt
121 /Users/baj/Documents/roman_slitless_sims_seds/bc03_template_z0p338_ms10p89_age9p140_tau1p360_met0p0200_av1p641.txt
122 /Users/baj/Documents/roman_slitless_sims_seds/bc03_template_z0p272_ms10p73_age8p810_tau14p270_met0p0200_av3p125.txt
123 /Users/baj/Documents/roman_slitless_sims_seds/bc03_template_z0p882_ms10p38_age5p095_tau11p870_met0p0200_av0p612.txt
124 /Users/baj/Documents/roman_slitless_sims_seds/bc03_template_z0p530_ms11p35_age1p135_tau3p230_met0p0200_av3p207.txt
125 /Users/baj/Documents/roman_slitless_sims_seds/bc03_template_z0p915_ms10p79_age4p640_tau6p840_met0p0200_av1p498.txt
126 /Users/baj/Documents/roman_slitless_sims_seds/bc03_template_z0p915_ms10p74_age1p350_tau2p260_met0p0200_av1p022.txt
127 /Users/baj/Documents/roman_slitless_sims_seds/bc03_template_z0p786_ms11p32_age5p735_tau14p580_met0p0200_av4p245.txt
128 /Users/baj/Documents/roman_slitless_sims_seds/bc03_template_z0p778_ms10p26_age5p900_tau8p395_met0p0200_av1p501.txt
129 /Users/baj/Documents/roman_slitless_sims_seds/bc03_template_z0p110_ms10p05_age9p295_tau14p475_met0p0200_av1p173.txt
130 /Users/baj/Documents/roman_slitless_sims_seds/bc03_template_z0p654_ms11p36_age2p320_tau12p915_met0p0200_av2p454.txt
132 /Users/baj/Documents/roman_slitless_sims_seds/bc03_template_z0p780_ms10p14_age4p980_tau3p395_met0p0200_av1p672.txt
133 /Users/baj/Documents/roman_slitless_sims_seds/bc03_template_z0p603_ms10p44_age3p150_tau4p160_met0p0200_av3p826.txt
134 /Users/baj/Documents/roman_slitless_sims_seds/bc03_template_z0p958_ms10p17_age3p955_tau3p815_met0p0200_av1p582.txt
135 /Users/baj/Documents/roman_slitless_sims_seds/bc03_template_z0p514_ms10p97_age7p930_tau12p320_met0p0200_av4p615.txt
136 /Users/baj/Documents/roman_slitless_sims_seds/bc03_template_z0p432_ms10p64_age6p025_tau4p785_met0p0200_av3p082.txt
137 /Users/baj/Documents/roman_slitless_sims_seds/bc03_template_z1p226_ms10p92_age3p850_tau11p490_met0p0200_av2p003.txt
138 /Users/baj/Documents/roman_slitless_sims_seds/bc03_template_z1p170_ms10p98_age2p980_tau4p450_met0p0200_av0p217.txt
139 /Users/baj/Documents/roman_slitless_sims_seds/bc03_template_z0p475_ms11p38_age2p115_tau11p975_met0p0200_av0p037.txt
140 /Users/baj/Documents/roman_slitless_sims_seds/bc03_template_z0p580_ms10p70_age1p755_tau4p970_met0p0200_av1p924.txt
141 /Users/baj/Documents/roman_slitless_sims_seds/bc03_template_z0p678_ms11p03_age1p090_tau1p125_met0p0200_av2p846.txt
142 /Users/baj/Documents/roman_slitless_sims_seds/bc03_template_z1p087_ms11p50_age0p235_tau10p650_met0p0200_av3p191.txt
143 /Users/baj/Documents/roman_slitless_sims_seds/bc03_template_z0p563_ms10p97_age6p960_tau9p455_met0p0200_av3p876.txt
144 /Users/baj/Documents/roman_slitless_sims_seds/bc03_template_z0p049_ms10p26_age1p960_tau14p380_met0p0200_av1p498.txt
145 /Users/baj/Documents/roman_slitless_sims_seds/bc03_template_z0p228_ms11p47_age3p665_tau1p010_met0p0200_av2p115.txt
146 /Users/baj/Documents/roman_slitless_sims_seds/bc03_template_z0p955_ms11p30_age4p415_tau12p380_met0p0200_av0p213.txt
147 /Users/baj/Documents/roman_slitless_sims_seds/bc03_template_z0p675_ms10p48_age5p895_tau13p370_met0p0200_av2p451.txt
148 /Users/baj/Documents/roman_slitless_sims_seds/bc03_template_z0p360_ms10p79_age8p920_tau3p280_met0p0200_av4p246.txt
149 /Users/baj/Documents/roman_slitless_sims_seds/bc03_template_z1p018_ms10p33_age3p855_tau0p365_met0p0200_av3p427.txt
150 /Users/baj/Documents/roman_slitless_sims_seds/bc03_template_z1p264_ms10p83_age0p410_tau3p925_met0p0200_av2p760.txt
151 /Users/baj/Documents/roman_slitless_sims_seds/bc03_template_z1p096_ms10p06_age3p675_tau4p650_met0p0200_av2p898.txt
152 /Users/baj/Documents/roman_slitless_sims_seds/bc03_template_z0p650_ms10p91_age6p605_tau1p695_met0p0200_av3p867.txt
153 /Users/baj/Documents/roman_slitless_sims_seds/bc03_template_z1p068_ms10p39_age5p265_tau2p895_met0p0200_av1p895.txt
154 /Users/baj/Documents/roman_slitless_sims_seds/bc03_template_z1p068_ms11p02_age4p300_tau4p290_met0p0200_av2p573.txt
155 /Users/baj/Documents/roman_slitless_sims_seds/bc03_template_z1p222_ms10p92_age1p305_tau5p500_met0p0200_av2p787.txt
156 /Users/baj/Documents/roman_slitless_sims_seds/bc03_template_z0p845_ms10p20_age3p720_tau3p490_met0p0200_av4p533.txt
157 /Users/baj/Documents/roman_slitless_sims_seds/bc03_template_z0p979_ms10p61_age4p200_tau10p320_met0p0200_av2p226.txt
158 /Users/baj/Documents/roman_slitless_sims_seds/bc03_template_z0p845_ms10p71_age2p435_tau7p575_met0p0200_av1p907.txt
159 /Users/baj/Documents/roman_slitless_sims_seds/bc03_template_z0p610_ms11p33_age5p350_tau14p760_met0p0200_av4p357.txt
160 /Users/baj/Documents/roman_slitless_sims_seds/bc03_template_z0p504_ms10p77_age1p375_tau8p370_met0p0200_av0p584.txt
161 /Users/baj/Documents/roman_slitless_sims_seds/bc03_template_z0p002_ms10p05_age7p045_tau3p880_met0p0200_av0p749.txt
162 /Users/baj/Documents/roman_slitless_sims_seds/bc03_template_z0p350_ms10p02_age4p500_tau6p235_met0p0200_av1p230.txt
163 /Users/baj/Documents/roman_slitless_sims_seds/bc03_template_z0p589_ms10p89_age6p275_tau14p720_met0p0200_av1p428.txt
164 /Users/baj/Documents/roman_slitless_sims_seds/bc03_template_z0p850_ms10p61_age2p805_tau5p540_met0p0200_av3p117.txt
165 /Users/baj/Documents/roman_slitless_sims_seds/bc03_template_z0p880_ms10p94_age1p185_tau5p975_met0p0200_av3p452.txt
166 /Users/baj/Documents/roman_slitless_sims_seds/bc03_template_z1p073_ms10p67_age3p385_tau1p730_met0p0200_av2p475.txt
167 /Users/baj/Documents/roman_slitless_sims_seds/bc03_template_z1p102_ms10p73_age1p575_tau14p865_met0p0200_av2p082.txt
168 /Users/baj/Documents/roman_slitless_sims_seds/bc03_template_z1p022_ms10p55_age4p805_tau7p000_met0p0200_av2p641.txt
169 /Users/baj/Documents/roman_slitless_sims_seds/bc03_template_z0p615_ms10p88_age6p820_tau2p030_met0p0200_av4p619.txt
170 /Users/baj/Documents/roman_slitless_sims_seds/bc03_template_z1p072_ms10p05_age3p280_tau12p465_met0p0200_av0p168.txt
171 /Users/baj/Documents/roman_slitless_sims_seds/bc03_template_z1p609_ms10p94_age2p895_tau7p415_met0p0200_av3p791.txt
172 /Users/baj/Documents/roman_slitless_sims_seds/bc03_template_z0p217_ms10p08_age8p995_tau14p595_met0p0200_av0p045.txt
173 /Users/baj/Documents/roman_slitless_sims_seds/bc03_template_z0p668_ms11p48_age6p340_tau13p350_met0p0200_av4p206.txt
174 /Users/baj/Documents/roman_slitless_sims_seds/bc03_template_z0p836_ms10p41_age1p840_tau2p825_met0p0200_av4p429.txt
175 /Users/baj/Documents/roman_slitless_sims_seds/salt2_spec_day28_z0p669_av0p113.txt
176 /Users/baj/Documents/roman_slitless_sims_seds/bc03_template_z1p253_ms10p12_age4p075_tau13p790_met0p0200_av1p935.txt
177 /Users/baj/Documents/roman_slitless_sims_seds/bc03_template_z1p150_ms11p24_age1p475_tau4p610_met0p0200_av2p135.txt
178 /Users/baj/Documents/roman_slitless_sims_seds/bc03_template_z0p110_ms10p59_age8p080_tau3p420_met0p0200_av4p824.txt
179 /Users/baj/Documents/roman_slitless_sims_seds/bc03_template_z0p541_ms10p11_age2p545_tau7p150_met0p0200_av4p671.txt
180 /Users/baj/Documents/roman_slitless_sims_seds/bc03_template_z0p210_ms11p09_age7p205_tau4p185_met0p0200_av4p460.txt
181 /Users/baj/Documents/roman_slitless_sims_seds/bc03_template_z0p405_ms10p62_age8p030_tau11p725_met0p0200_av2p935.txt
182 /Users/baj/Documents/roman_slitless_sims_seds/bc03_template_z0p390_ms10p65_age5p905_tau10p855_met0p0200_av2p974.txt
183 /Users/baj/Documents/roman_slitless_sims_seds/bc03_template_z0p690_ms11p20_age0p375_tau9p605_met0p0200_av2p016.txt
184 /Users/baj/Documents/roman_slitless_sims_seds/bc03_template_z0p924_ms10p76_age1p610_tau1p780_met0p0200_av4p122.txt
185 /Users/baj/Documents/roman_slitless_sims_seds/bc03_template_z0p914_ms11p18_age4p445_tau11p920_met0p0200_av1p950.txt
186 /Users/baj/Documents/roman_slitless_sims_seds/bc03_template_z0p566_ms11p44_age4p740_tau13p320_met0p0200_av1p302.txt
187 /Users/baj/Documents/roman_slitless_sims_seds/bc03_template_z0p971_ms10p18_age4p480_tau13p390_met0p0200_av0p767.txt
188 /Users/baj/Documents/roman_slitless_sims_seds/bc03_template_z0p959_ms10p14_age4p820_tau13p485_met0p0200_av3p023.txt
189 /Users/baj/Documents/roman_slitless_sims_seds/bc03_template_z1p222_ms11p33_age4p210_tau5p010_met0p0200_av2p807.txt
190 /Users/baj/Documents/roman_slitless_sims_seds/bc03_template_z0p360_ms10p23_age1p690_tau11p610_met0p0200_av4p012.txt
191 /Users/baj/Documents/roman_slitless_sims_seds/bc03_template_z0p921_ms10p94_age3p825_tau9p755_met0p0200_av2p307.txt
192 /Users/baj/Documents/roman_slitless_sims_seds/bc03_template_z1p103_ms11p30_age3p775_tau13p425_met0p0200_av3p272.txt
193 /Users/baj/Documents/roman_slitless_sims_seds/bc03_template_z0p860_ms11p20_age4p505_tau10p065_met0p0200_av3p045.txt
194 /Users/baj/Documents/roman_slitless_sims_seds/bc03_template_z1p231_ms10p61_age1p960_tau8p475_met0p0200_av4p452.txt
195 /Users/baj/Documents/roman_slitless_sims_seds/bc03_template_z0p623_ms11p03_age5p475_tau11p000_met0p0200_av3p469.txt
196 /Users/baj/Documents/roman_slitless_sims_seds/bc03_template_z1p044_ms11p35_age2p465_tau3p810_met0p0200_av1p440.txt
197 /Users/baj/Documents/roman_slitless_sims_seds/bc03_template_z0p513_ms10p15_age3p590_tau2p175_met0p0200_av0p224.txt
198 /Users/baj/Documents/roman_slitless_sims_seds/bc03_template_z0p515_ms11p29_age7p605_tau0p915_met0p0200_av2p141.txt
199 /Users/baj/Documents/roman_slitless_sims_seds/bc03_template_z0p738_ms10p39_age3p255_tau3p100_met0p0200_av4p740.txt
200 /Users/baj/Documents/roman_slitless_sims_seds/bc03_template_z1p358_ms10p85_age3p000_tau8p270_met0p0200_av0p706.txt
201 /Users/baj/Documents/roman_slitless_sims_seds/bc03_template_z1p045_ms10p62_age4p085_tau8p605_met0p0200_av1p761.txt
202 /Users/baj/Documents/roman_slitless_sims_seds/bc03_template_z0p648_ms10p15_age5p410_tau11p110_met0p0200_av3p434.txt
203 /Users/baj/Documents/roman_slitless_sims_seds/bc03_template_z1p258_ms10p83_age1p140_tau0p430_met0p0200_av3p504.txt
204 /Users/baj/Documents/roman_slitless_sims_seds/bc03_template_z0p880_ms10p97_age0p285_tau14p465_met0p0200_av1p371.txt
205 /Users/baj/Documents/roman_slitless_sims_seds/bc03_template_z0p105_ms10p80_age10p640_tau0p035_met0p0200_av0p530.txt
206 /Users/baj/Documents/roman_slitless_sims_seds/bc03_template_z0p480_ms11p24_age0p925_tau8p095_met0p0200_av3p463.txt
207 /Users/baj/Documents/roman_slitless_sims_seds/bc03_template_z0p680_ms11p39_age3p005_tau1p755_met0p0200_av0p267.txt
208 /Users/baj/Documents/roman_slitless_sims_seds/bc03_template_z0p430_ms10p17_age8p565_tau12p765_met0p0200_av0p692.txt
209 /Users/baj/Documents/roman_slitless_sims_seds/bc03_template_z0p849_ms11p45_age3p640_tau12p765_met0p0200_av1p551.txt
211 /Users/baj/Documents/roman_slitless_sims_seds/bc03_template_z0p281_ms11p36_age3p215_tau12p710_met0p0200_av3p098.txt
212 /Users/baj/Documents/roman_slitless_sims_seds/bc03_template_z0p305_ms10p50_age2p085_tau7p580_met0p0200_av4p042.txt
213 /Users/baj/Documents/roman_slitless_sims_seds/bc03_template_z0p535_ms11p44_age5p400_tau5p245_met0p0200_av0p612.txt
214 /Users/baj/Documents/roman_slitless_sims_seds/bc03_template_z0p640_ms10p76_age4p460_tau6p085_met0p0200_av3p133.txt
215 /Users/baj/Documents/roman_slitless_sims_seds/bc03_template_z0p764_ms11p23_age6p315_tau10p825_met0p0200_av3p138.txt
216 /Users/baj/Documents/roman_slitless_sims_seds/bc03_template_z0p409_ms10p41_age3p400_tau7p550_met0p0200_av0p247.txt
217 /Users/baj/Documents/roman_slitless_sims_seds/bc03_template_z0p717_ms10p32_age3p700_tau9p345_met0p0200_av1p465.txt
218 /Users/baj/Documents/roman_slitless_sims_seds/bc03_template_z0p437_ms10p32_age3p660_tau11p685_met0p0200_av4p210.txt
219 /Users/baj/Documents/roman_slitless_sims_seds/bc03_template_z0p653_ms11p30_age4p540_tau9p910_met0p0200_av3p089.txt
220 /Users/baj/Documents/roman_slitless_sims_seds/bc03_template_z1p020_ms11p03_age0p140_tau11p540_met0p0200_av2p426.txt
221 /Users/baj/Documents/roman_slitless_sims_seds/bc03_template_z0p738_ms11p20_age2p305_tau6p540_met0p0200_av4p484.txt
222 /Users/baj/Documents/roman_slitless_sims_seds/bc03_template_z0p070_ms10p98_age9p610_tau4p900_met0p0200_av0p440.txt
223 /Users/baj/Documents/roman_slitless_sims_seds/bc03_template_z0p735_ms10p11_age0p680_tau10p300_met0p0200_av4p999.txt
224 /Users/baj/Documents/roman_slitless_sims_seds/bc03_template_z0p187_ms11p15_age8p840_tau14p170_met0p0200_av4p855.txt
225 /Users/baj/Documents/roman_slitless_sims_seds/bc03_template_z1p226_ms10p80_age3p990_tau11p815_met0p0200_av3p346.txt
226 /Users/baj/Documents/roman_slitless_sims_seds/bc03_template_z1p370_ms10p48_age1p625_tau13p400_met0p0200_av0p471.txt
227 /Users/baj/Documents/roman_slitless_sims_seds/bc03_template_z1p270_ms11p00_age3p235_tau13p975_met0p0200_av1p662.txt
228 /Users/baj/Documents/roman_slitless_sims_seds/bc03_template_z0p467_ms10p26_age4p595_tau8p220_met0p0200_av4p476.txt
229 /Users/baj/Documents/roman_slitless_sims_seds/bc03_template_z0p194_ms11p33_age5p720_tau7p540_met0p0200_av1p709.txt
230 /Users/baj/Documents/roman_slitless_sims_seds/bc03_template_z0p179_ms11p39_age0p800_tau6p705_met0p0200_av3p074.txt
231 /Users/baj/Documents/roman_slitless_sims_seds/bc03_template_z0p910_ms10p35_age1p610_tau1p225_met0p0200_av3p280.txt
232 /Users/baj/Documents/roman_slitless_sims_seds/bc03_template_z0p810_ms11p47_age1p450_tau9p380_met0p0200_av3p493.txt
233 /Users/baj/Documents/roman_slitless_sims_seds/bc03_template_z0p646_ms10p38_age3p610_tau3p150_met0p0200_av1p763.txt
234 /Users/baj/Documents/roman_slitless_sims_seds/bc03_template_z0p740_ms11p09_age2p685_tau10p565_met0p0200_av3p160.txt
235 /Users/baj/Documents/roman_slitless_sims_seds/bc03_template_z0p682_ms10p55_age0p945_tau9p100_met0p0200_av2p850.txt
236 /Users/baj/Documents/roman_slitless_sims_seds/bc03_template_z0p790_ms10p67_age6p300_tau12p415_met0p0200_av1p636.txt
237 /Users/baj/Documents/roman_slitless_sims_seds/bc03_template_z1p225_ms11p23_age1p955_tau12p905_met0p0200_av3p307.txt
238 /Users/baj/Documents/roman_slitless_sims_seds/bc03_template_z0p690_ms10p91_age1p285_tau8p505_met0p0200_av0p176.txt
239 /Users/baj/Documents/roman_slitless_sims_seds/bc03_template_z1p004_ms10p17_age0p650_tau4p720_met0p0200_av0p747.txt
240 /Users/baj/Documents/roman_slitless_sims_seds/bc03_template_z0p900_ms11p17_age5p690_tau3p915_met0p0200_av3p712.txt
241 /Users/baj/Documents/roman_slitless_sims_seds/bc03_template_z0p846_ms10p44_age5p195_tau7p190_met0p0200_av4p597.txt
242 /Users/baj/Documents/roman_slitless_sims_seds/bc03_template_z0p129_ms10p44_age5p075_tau8p810_met0p0200_av4p284.txt
243 /Users/baj/Documents/roman_slitless_sims_seds/bc03_template_z0p203_ms10p53_age8p805_tau10p375_met0p0200_av0p667.txt
244 /Users/baj/Documents/roman_slitless_sims_seds/bc03_template_z1p083_ms10p36_age4p005_tau5p050_met0p0200_av1p219.txt
245 /Users/baj/Documents/roman_slitless_sims_seds/bc03_template_z0p940_ms10p85_age3p500_tau8p970_met0p0200_av4p565.txt
246 /Users/baj/Documents/roman_slitless_sims_seds/bc03_template_z0p887_ms10p71_age4p575_tau3p830_met0p0200_av1p619.txt
247 /Users/baj/Documents/roman_slitless_sims_seds/bc03_template_z0p206_ms10p91_age0p210_tau2p535_met0p0200_av0p417.txt
248 /Users/baj/Documents/roman_slitless_sims_seds/bc03_template_z0p258_ms10p42_age4p930_tau0p735_met0p0200_av3p511.txt
249 /Users/baj/Documents/roman_slitless_sims_seds/bc03_template_z0p662_ms10p94_age1p900_tau12p190_met0p0200_av3p202.txt
250 /Users/baj/Documents/roman_slitless_sims_seds/bc03_template_z0p666_ms10p08_age4p610_tau7p240_met0p0200_av1p747.txt
251 /Users/baj/Documents/roman_slitless_sims_seds/bc03_template_z1p049_ms10p41_age0p895_tau2p645_met0p0200_av0p189.txt
252 /Users/baj/Documents/roman_slitless_sims_seds/bc03_template_z0p388_ms10p11_age5p385_tau2p705_met0p0200_av2p887.txt
253 /Users/baj/Documents/roman_slitless_sims_seds/bc03_template_z0p604_ms10p80_age5p540_tau7p290_met0p0200_av0p350.txt
254 /Users/baj/Documents/roman_slitless_sims_seds/bc03_template_z0p531_ms10p09_age4p235_tau13p870_met0p0200_av0p767.txt
255 /Users/baj/Documents/roman_slitless_sims_seds/bc03_template_z0p080_ms11p35_age5p875_tau13p480_met0p0200_av3p357.txt
256 /Users/baj/Documents/roman_slitless_sims_seds/bc03_template_z1p060_ms10p15_age3p580_tau5p600_met0p0200_av0p609.txt
257 /Users/baj/Documents/roman_slitless_sims_seds/bc03_template_z0p712_ms11p45_age5p715_tau1p390_met0p0200_av2p330.txt
258 /Users/baj/Documents/roman_slitless_sims_seds/bc03_template_z0p726_ms10p42_age3p535_tau5p445_met0p0200_av1p924.txt
259 /Users/baj/Documents/roman_slitless_sims_seds/bc03_template_z0p910_ms10p91_age3p765_tau11p125_met0p0200_av4p561.txt
260 /Users/baj/Documents/roman_slitless_sims_seds/bc03_template_z0p663_ms11p35_age3p885_tau5p305_met0p0200_av1p320.txt
261 /Users/baj/Documents/roman_slitless_sims_seds/bc03_template_z1p500_ms10p83_age3p340_tau4p580_met0p0200_av1p059.txt
262 /Users/baj/Documents/roman_slitless_sims_seds/bc03_template_z1p000_ms10p77_age3p175_tau7p750_met0p0200_av1p672.txt
263 /Users/baj/Documents/roman_slitless_sims_seds/bc03_template_z1p529_ms10p17_age0p915_tau11p790_met0p0200_av4p479.txt
264 /Users/baj/Documents/roman_slitless_sims_seds/bc03_template_z0p220_ms10p48_age10p560_tau12p085_met0p0200_av4p560.txt
265 /Users/baj/Documents/roman_slitless_sims_seds/bc03_template_z1p385_ms10p05_age2p480_tau10p440_met0p0200_av3p411.txt
266 /Users/baj/Documents/roman_slitless_sims_seds/bc03_template_z0p560_ms10p02_age3p645_tau1p605_met0p0200_av2p420.txt
267 /Users/baj/Documents/roman_slitless_sims_seds/bc03_template_z1p190_ms11p33_age0p250_tau6p155_met0p0200_av4p725.txt
268 /Users/baj/Documents/roman_slitless_sims_seds/bc03_template_z0p824_ms10p15_age2p755_tau8p250_met0p0200_av1p481.txt
269 /Users/baj/Documents/roman_slitless_sims_seds/bc03_template_z1p033_ms11p02_age4p050_tau1p810_met0p0200_av3p909.txt
270 /Users/baj/Documents/roman_slitless_sims_seds/bc03_template_z0p847_ms10p41_age3p965_tau3p465_met0p0200_av1p404.txt
271 /Users/baj/Documents/roman_slitless_sims_seds/bc03_template_z0p674_ms10p21_age6p475_tau7p765_met0p0200_av1p471.txt
272 /Users/baj/Documents/roman_slitless_sims_seds/bc03_template_z0p779_ms10p64_age1p475_tau1p120_met0p0200_av0p571.txt
273 /Users/baj/Documents/roman_slitless_sims_seds/bc03_template_z0p950_ms10p85_age5p545_tau0p010_met0p0200_av2p364.txt
274 /Users/baj/Documents/roman_slitless_sims_seds/bc03_template_z1p199_ms11p47_age4p860_tau3p970_met0p0200_av0p616.txt
275 /Users/baj/Documents/roman_slitless_sims_seds/bc03_template_z1p104_ms10p12_age2p015_tau2p500_met0p0200_av3p181.txt
276 /Users/baj/Documents/roman_slitless_sims_seds/bc03_template_z0p400_ms10p52_age0p270_tau10p500_met0p0200_av0p745.txt
277 /Users/baj/Documents/roman_slitless_sims_seds/bc03_template_z0p735_ms10p76_age1p830_tau9p940_met0p0200_av0p208.txt
278 /Users/baj/Documents/roman_slitless_sims_seds/bc03_template_z0p956_ms10p80_age4p655_tau0p535_met0p0200_av0p024.txt
279 /Users/baj/Documents/roman_slitless_sims_seds/bc03_template_z0p673_ms10p56_age3p150_tau10p090_met0p0200_av1p337.txt
280 /Users/baj/Documents/roman_slitless_sims_seds/bc03_template_z1p130_ms11p00_age3p025_tau1p010_met0p0200_av1p465.txt
281 /Users/baj/Documents/roman_slitless_sims_seds/bc03_template_z0p297_ms10p97_age4p960_tau4p235_met0p0200_av4p448.txt
282 /Users/baj/Documents/roman_slitless_sims_seds/bc03_template_z0p345_ms10p05_age7p525_tau3p970_met0p0200_av1p876.txt
283 /Users/baj/Documents/roman_slitless_sims_seds/bc03_template_z1p300_ms11p36_age3p500_tau5p625_met0p0200_av1p411.txt
284 /Users/baj/Documents/roman_slitless_sims_seds/bc03_template_z0p316_ms11p39_age5p080_tau12p110_met0p0200_av2p626.txt
285 /Users/baj/Documents/roman_slitless_sims_seds/bc03_template_z0p330_ms10p77_age4p095_tau9p015_met0p0200_av0p608.txt
286 /Users/baj/Documents/roman_slitless_sims_seds/bc03_template_z0p372_ms11p42_age2p765_tau4p580_met0p0200_av2p956.txt
287 /Users/baj/Documents/roman_slitless_sims_seds/bc03_template_z0p218_ms10p09_age9p430_tau7p655_met0p0200_av2p352.txt
288 /Users/baj/Documents/roman_slitless_sims_seds/bc03_template_z0p360_ms10p03_age1p270_tau11p175_met0p0200_av0p123.txt
289 /Users/baj/Documents/roman_slitless_sims_seds/bc03_template_z0p603_ms11p50_age3p790_tau5p725_met0p0200_av1p520.txt
290 /Users/baj/Documents/roman_slitless_sims_seds/bc03_template_z0p750_ms10p06_age2p925_tau1p170_met0p0200_av1p656.txt
291 /Users/baj/Documents/roman_slitless_sims_seds/bc03_template_z0p697_ms10p35_age5p905_tau4p715_met0p0200_av3p829.txt
292 /Users/baj/Documents/roman_slitless_sims_seds/bc03_template_z0p905_ms10p35_age0p665_tau12p745_met0p0200_av3p559.txt
293 /Users/baj/Documents/roman_slitless_sims_seds/bc03_template_z1p225_ms10p17_age3p085_tau4p255_met0p0200_av4p656.txt
294 /Users/baj/Documents/roman_slitless_sims_seds/bc03_template_z0p861_ms10p00_age2p915_tau7p355_met0p0200_av4p133.txt
295 /Users/baj/Documents/roman_slitless_sims_seds/bc03_template_z1p141_ms10p12_age0p755_tau6p880_met0p0200_av1p359.txt
296 /Users/baj/Documents/roman_slitless_sims_seds/bc03_template_z0p584_ms11p35_age0p235_tau13p105_met0p0200_av4p016.txt
297 /Users/baj/Documents/roman_slitless_sims_seds/bc03_template_z0p438_ms11p15_age0p255_tau2p315_met0p0200_av4p589.txt
298 /Users/baj/Documents/roman_slitless_sims_seds/bc03_template_z0p878_ms10p97_age4p165_tau10p260_met0p0200_av4p978.txt
299 /Users/baj/Documents/roman_slitless_sims_seds/bc03_template_z1p111_ms10p33_age1p875_tau9p845_met0p0200_av0p855.txt
300 /Users/baj/Documents/roman_slitless_sims_seds/bc03_template_z0p350_ms10p50_age0p560_tau2p750_met0p0200_av3p311.txt
301 /Users/baj/Documents/roman_slitless_sims_seds/bc03_template_z0p667_ms11p29_age5p335_tau5p680_met0p0200_av0p718.txt
302 /Users/baj/Documents/roman_slitless_sims_seds/bc03_template_z0p924_ms10p95_age4p265_tau2p140_met0p0200_av2p353.txt
303 /Users/baj/Documents/roman_slitless_sims_seds/bc03_template_z1p076_ms10p62_age3p760_tau11p125_met0p0200_av0p399.txt
304 /Users/baj/Documents/roman_slitless_sims_seds/bc03_template_z0p367_ms11p02_age8p190_tau9p070_met0p0200_av4p510.txt
305 /Users/baj/Documents/roman_slitless_sims_seds/bc03_template_z0p337_ms11p30_age6p850_tau14p110_met0p0200_av1p658.txt
306 /Users/baj/Documents/roman_slitless_sims_seds/bc03_template_z0p457_ms10p24_age5p500_tau13p520_met0p0200_av4p156.txt
307 /Users/baj/Documents/roman_slitless_sims_seds/bc03_template_z0p790_ms10p09_age3p595_tau0p595_met0p0200_av1p847.txt
308 /Users/baj/Documents/roman_slitless_sims_seds/bc03_template_z0p963_ms10p94_age5p015_tau7p945_met0p0200_av3p280.txt
309 /Users/baj/Documents/roman_slitless_sims_seds/bc03_template_z0p210_ms10p74_age4p620_tau5p525_met0p0200_av3p537.txt
310 /Users/baj/Documents/roman_slitless_sims_seds/bc03_template_z0p179_ms10p61_age6p285_tau4p785_met0p0200_av2p910.txt
311 /Users/baj/Documents/roman_slitless_sims_seds/bc03_template_z0p873_ms10p73_age4p300_tau11p250_met0p0200_av4p258.txt
312 /Users/baj/Documents/roman_slitless_sims_seds/bc03_template_z0p660_ms11p05_age2p935_tau11p860_met0p0200_av3p429.txt
313 /Users/baj/Documents/roman_slitless_sims_seds/bc03_template_z0p414_ms11p42_age5p155_tau1p330_met0p0200_av2p892.txt
314 /Users/baj/Documents/roman_slitless_sims_seds/bc03_template_z0p532_ms10p09_age6p355_tau1p290_met0p0200_av4p233.txt
315 /Users/baj/Documents/roman_slitless_sims_seds/bc03_template_z1p470_ms11p09_age3p870_tau3p255_met0p0200_av4p131.txt
316 /Users/baj/Documents/roman_slitless_sims_seds/bc03_template_z0p939_ms10p03_age2p270_tau14p720_met0p0200_av0p889.txt
317 /Users/baj/Documents/roman_slitless_sims_seds/bc03_template_z0p784_ms10p91_age4p700_tau3p605_met0p0200_av2p193.txt
318 /Users/baj/Documents/roman_slitless_sims_seds/bc03_template_z0p911_ms10p83_age0p955_tau5p110_met0p0200_av3p259.txt
319 /Users/baj/Documents/roman_slitless_sims_seds/bc03_template_z0p911_ms10p62_age2p270_tau0p660_met0p0200_av2p852.txt
320 /Users/baj/Documents/roman_slitless_sims_seds/bc03_template_z0p835_ms10p30_age5p485_tau0p580_met0p0200_av1p980.txt
321 /Users/baj/Documents/roman_slitless_sims_seds/bc03_template_z0p673_ms10p23_age1p660_tau0p645_met0p0200_av2p218.txt
322 /Users/baj/Documents/roman_slitless_sims_seds/bc03_template_z0p880_ms11p48_age4p495_tau12p680_met0p0200_av2p928.txt
323 /Users/baj/Documents/roman_slitless_sims_seds/bc03_template_z1p143_ms11p35_age4p640_tau9p420_met0p0200_av1p760.txt
324 /Users/baj/Documents/roman_slitless_sims_seds/bc03_template_z1p354_ms11p23_age1p575_tau8p695_met0p0200_av1p323.txt
325 /Users/baj/Documents/roman_slitless_sims_seds/bc03_template_z1p500_ms10p94_age3p585_tau14p185_met0p0200_av2p604.txt
326 /Users/baj/Documents/roman_slitless_sims_seds/bc03_template_z0p710_ms10p95_age3p835_tau10p790_met0p0200_av2p503.txt
327 /Users/baj/Documents/roman_slitless_sims_seds/bc03_template_z0p711_ms10p33_age4p310_tau1p200_met0p0200_av0p671.txt
328 /Users/baj/Documents/roman_slitless_sims_seds/bc03_template_z0p526_ms11p23_age3p945_tau12p225_met0p0200_av4p684.txt
329 /Users/baj/Documents/roman_slitless_sims_seds/bc03_template_z1p029_ms10p95_age3p170_tau12p220_met0p0200_av4p274.txt
330 /Users/baj/Documents/roman_slitless_sims_seds/bc03_template_z0p253_ms10p21_age3p730_tau2p130_met0p0200_av1p176.txt
331 /Users/baj/Documents/roman_slitless_sims_seds/bc03_template_z0p633_ms11p08_age1p600_tau13p205_met0p0200_av2p307.txt
332 /Users/baj/Documents/roman_slitless_sims_seds/bc03_template_z0p450_ms10p38_age5p540_tau9p260_met0p0200_av4p633.txt
333 /Users/baj/Documents/roman_slitless_sims_seds/bc03_template_z1p913_ms10p73_age3p080_tau5p230_met0p0200_av3p767.txt
334 /Users/baj/Documents/roman_slitless_sims_seds/bc03_template_z0p640_ms10p14_age0p610_tau0p950_met0p0200_av1p454.txt
335 /Users/baj/Documents/roman_slitless_sims_seds/bc03_template_z1p816_ms10p29_age0p855_tau7p820_met0p0200_av4p361.txt
336 /Users/baj/Documents/roman_slitless_sims_seds/bc03_template_z1p145_ms10p24_age1p905_tau2p510_met0p0200_av3p565.txt
337 /Users/baj/Documents/roman_slitless_sims_seds/bc03_template_z0p946_ms10p50_age3p855_tau9p150_met0p0200_av1p290.txt
338 /Users/baj/Documents/roman_slitless_sims_seds/bc03_template_z0p533_ms11p09_age0p200_tau0p520_met0p0200_av3p850.txt
339 /Users/baj/Documents/roman_slitless_sims_seds/bc03_template_z0p874_ms10p27_age3p725_tau10p655_met0p0200_av0p766.txt
340 /Users/baj/Documents/roman_slitless_sims_seds/bc03_template_z0p502_ms10p83_age0p565_tau7p685_met0p0200_av3p776.txt
341 /Users/baj/Documents/roman_slitless_sims_seds/bc03_template_z1p346_ms11p06_age4p145_tau1p655_met0p0200_av3p560.txt
342 /Users/baj/Documents/roman_slitless_sims_seds/bc03_template_z0p165_ms10p45_age9p495_tau7p210_met0p0200_av2p055.txt
343 /Users/baj/Documents/roman_slitless_sims_seds/bc03_template_z0p850_ms10p53_age1p305_tau14p995_met0p0200_av0p512.txt
344 /Users/baj/Documents/roman_slitless_sims_seds/bc03_template_z0p667_ms10p64_age4p485_tau10p785_met0p0200_av4p345.txt
345 /Users/baj/Documents/roman_slitless_sims_seds/bc03_template_z1p277_ms11p39_age2p390_tau5p495_met0p0200_av0p607.txt
346 /Users/baj/Documents/roman_slitless_sims_seds/bc03_template_z0p657_ms10p09_age4p095_tau6p925_met0p0200_av1p364.txt
347 /Users/baj/Documents/roman_slitless_sims_seds/bc03_template_z0p890_ms10p42_age1p815_tau1p520_met0p0200_av1p607.txt
348 /Users/baj/Documents/roman_slitless_sims_seds/bc03_template_z0p859_ms10p89_age0p235_tau6p100_met0p0200_av3p896.txt
349 /Users/baj/Documents/roman_slitless_sims_seds/bc03_template_z0p260_ms10p45_age9p700_tau10p925_met0p0200_av4p776.txt
350 /Users/baj/Documents/roman_slitless_sims_seds/bc03_template_z1p001_ms11p09_age2p050_tau0p535_met0p0200_av2p371.txt
351 /Users/baj/Documents/roman_slitless_sims_seds/bc03_template_z0p473_ms10p67_age4p725_tau14p745_met0p0200_av2p506.txt
352 /Users/baj/Documents/roman_slitless_sims_seds/bc03_template_z0p140_ms11p14_age5p060_tau3p805_met0p0200_av2p315.txt
353 /Users/baj/Documents/roman_slitless_sims_seds/bc03_template_z1p485_ms10p06_age2p470_tau10p680_met0p0200_av3p707.txt
354 /Users/baj/Documents/roman_slitless_sims_seds/bc03_template_z0p936_ms10p26_age0p415_tau13p365_met0p0200_av4p317.txt
356 /Users/baj/Documents/roman_slitless_sims_seds/bc03_template_z0p720_ms10p73_age5p635_tau4p295_met0p0200_av3p764.txt
357 /Users/baj/Documents/roman_slitless_sims_seds/bc03_template_z0p710_ms11p39_age0p760_tau10p005_met0p0200_av1p515.txt
358 /Users/baj/Documents/roman_slitless_sims_seds/bc03_template_z0p469_ms10p33_age5p680_tau2p445_met0p0200_av3p783.txt
359 /Users/baj/Documents/roman_slitless_sims_seds/bc03_template_z0p937_ms10p36_age2p755_tau14p660_met0p0200_av3p414.txt
360 /Users/baj/Documents/roman_slitless_sims_seds/bc03_template_z0p910_ms11p41_age4p190_tau13p415_met0p0200_av1p371.txt
361 /Users/baj/Documents/roman_slitless_sims_seds/bc03_template_z0p559_ms10p35_age5p325_tau0p705_met0p0200_av4p138.txt
362 /Users/baj/Documents/roman_slitless_sims_seds/bc03_template_z0p995_ms10p12_age4p350_tau4p195_met0p0200_av0p209.txt
363 /Users/baj/Documents/roman_slitless_sims_seds/bc03_template_z0p659_ms11p11_age1p050_tau11p540_met0p0200_av1p143.txt
364 /Users/baj/Documents/roman_slitless_sims_seds/bc03_template_z0p578_ms10p83_age3p350_tau6p150_met0p0200_av0p891.txt
365 /Users/baj/Documents/roman_slitless_sims_seds/bc03_template_z1p190_ms11p24_age2p615_tau12p890_met0p0200_av3p846.txt
366 /Users/baj/Documents/roman_slitless_sims_seds/bc03_template_z0p699_ms10p67_age2p900_tau7p035_met0p0200_av0p974.txt
367 /Users/baj/Documents/roman_slitless_sims_seds/bc03_template_z0p648_ms10p23_age4p700_tau11p590_met0p0200_av3p635.txt
368 /Users/baj/Documents/roman_slitless_sims_seds/bc03_template_z0p316_ms10p48_age1p385_tau11p160_met0p0200_av1p947.txt
369 /Users/baj/Documents/roman_slitless_sims_seds/bc03_template_z1p094_ms10p82_age4p010_tau6p125_met0p0200_av1p055.txt
370 /Users/baj/Documents/roman_slitless_sims_seds/bc03_template_z0p655_ms11p35_age4p930_tau0p800_met0p0200_av1p580.txt
371 /Users/baj/Documents/roman_slitless_sims_seds/bc03_template_z0p860_ms10p24_age0p945_tau9p870_met0p0200_av0p001.txt
372 /Users/baj/Documents/roman_slitless_sims_seds/bc03_template_z0p275_ms10p29_age8p190_tau14p480_met0p0200_av2p933.txt
373 /Users/baj/Documents/roman_slitless_sims_seds/bc03_template_z0p903_ms11p18_age2p205_tau9p620_met0p0200_av2p033.txt
374 /Users/baj/Documents/roman_slitless_sims_seds/bc03_template_z0p639_ms10p11_age3p945_tau5p360_met0p0200_av2p066.txt
375 /Users/baj/Documents/roman_slitless_sims_seds/bc03_template_z1p759_ms10p33_age2p695_tau2p725_met0p0200_av4p143.txt
376 /Users/baj/Documents/roman_slitless_sims_seds/bc03_template_z0p961_ms11p09_age3p935_tau0p385_met0p0200_av2p515.txt
377 /Users/baj/Documents/roman_slitless_sims_seds/bc03_template_z0p749_ms10p58_age3p100_tau2p575_met0p0200_av1p823.txt
378 /Users/baj/Documents/roman_slitless_sims_seds/bc03_template_z1p015_ms10p98_age4p345_tau2p345_met0p0200_av0p912.txt
379 /Users/baj/Documents/roman_slitless_sims_seds/bc03_template_z0p777_ms10p32_age3p460_tau12p795_met0p0200_av2p519.txt
380 /Users/baj/Documents/roman_slitless_sims_seds/bc03_template_z0p411_ms10p48_age2p480_tau6p595_met0p0200_av0p885.txt
381 /Users/baj/Documents/roman_slitless_sims_seds/bc03_template_z0p887_ms10p52_age0p860_tau0p285_met0p0200_av0p252.txt
382 /Users/baj/Documents/roman_slitless_sims_seds/bc03_template_z0p264_ms10p08_age6p510_tau3p305_met0p0200_av4p267.txt
383 /Users/baj/Documents/roman_slitless_sims_seds/bc03_template_z0p940_ms10p94_age4p655_tau1p755_met0p0200_av2p182.txt
384 /Users/baj/Documents/roman_slitless_sims_seds/bc03_template_z1p167_ms10p52_age1p080_tau3p490_met0p0200_av2p546.txt
385 /Users/baj/Documents/roman_slitless_sims_seds/bc03_template_z0p460_ms11p18_age7p690_tau7p730_met0p0200_av4p351.txt
386 /Users/baj/Documents/roman_slitless_sims_seds/bc03_template_z0p287_ms11p24_age0p360_tau9p695_met0p0200_av1p070.txt
387 /Users/baj/Documents/roman_slitless_sims_seds/bc03_template_z0p524_ms10p06_age7p875_tau0p305_met0p0200_av3p842.txt
388 /Users/baj/Documents/roman_slitless_sims_seds/bc03_template_z0p972_ms10p79_age2p770_tau9p745_met0p0200_av4p337.txt
389 /Users/baj/Documents/roman_slitless_sims_seds/bc03_template_z0p708_ms10p56_age3p320_tau6p060_met0p0200_av3p931.txt
390 /Users/baj/Documents/roman_slitless_sims_seds/bc03_template_z0p740_ms11p38_age5p460_tau9p880_met0p0200_av1p535.txt
391 /Users/baj/Documents/roman_slitless_sims_seds/bc03_template_z0p054_ms10p91_age1p635_tau4p070_met0p0200_av4p708.txt
392 /Users/baj/Documents/roman_slitless_sims_seds/bc03_template_z0p557_ms10p91_age4p585_tau4p620_met0p0200_av0p253.txt
393 /Users/baj/Documents/roman_slitless_sims_seds/bc03_template_z1p014_ms10p27_age4p480_tau9p535_met0p0200_av1p349.txt
394 /Users/baj/Documents/roman_slitless_sims_seds/bc03_template_z0p640_ms10p86_age0p480_tau7p415_met0p0200_av4p626.txt
395 /Users/baj/Documents/roman_slitless_sims_seds/bc03_template_z2p599_ms10p48_age0p680_tau1p850_met0p0200_av1p989.txt
396 /Users/baj/Documents/roman_slitless_sims_seds/bc03_template_z0p346_ms11p39_age7p880_tau7p605_met0p0200_av3p583.txt
397 /Users/baj/Documents/roman_slitless_sims_seds/bc03_template_z1p086_ms10p45_age1p265_tau2p205_met0p0200_av3p287.txt
398 /Users/baj/Documents/roman_slitless_sims_seds/bc03_template_z0p734_ms10p29_age1p375_tau5p640_met0p0200_av0p663.txt
399 /Users/baj/Documents/roman_slitless_sims_seds/bc03_template_z0p720_ms10p41_age5p755_tau10p985_met0p0200_av2p566.txt
400 /Users/baj/Documents/roman_slitless_sims_seds/bc03_template_z0p117_ms10p65_age4p500_tau14p770_met0p0200_av1p086.txt
401 /Users/baj/Documents/roman_slitless_sims_seds/bc03_template_z0p852_ms10p64_age4p640_tau14p965_met0p0200_av3p897.txt
402 /Users/baj/Documents/roman_slitless_sims_seds/bc03_template_z0p202_ms10p70_age9p265_tau7p830_met0p0200_av2p948.txt
403 /Users/baj/Documents/roman_slitless_sims_seds/bc03_template_z0p883_ms11p38_age1p215_tau11p275_met0p0200_av2p969.txt
404 /Users/baj/Documents/roman_slitless_sims_seds/bc03_template_z0p240_ms11p14_age7p065_tau8p950_met0p0200_av4p017.txt
405 /Users/baj/Documents/roman_slitless_sims_seds/bc03_template_z0p670_ms10p83_age5p165_tau3p020_met0p0200_av4p084.txt
406 /Users/baj/Documents/roman_slitless_sims_seds/bc03_template_z0p535_ms10p91_age2p605_tau5p155_met0p0200_av3p883.txt
407 /Users/baj/Documents/roman_slitless_sims_seds/bc03_template_z0p681_ms10p35_age4p640_tau12p385_met0p0200_av3p612.txt
408 /Users/baj/Documents/roman_slitless_sims_seds/bc03_template_z0p511_ms10p02_age2p855_tau1p440_met0p0200_av0p693.txt
409 /Users/baj/Documents/roman_slitless_sims_seds/bc03_template_z0p700_ms11p38_age2p615_tau5p690_met0p0200_av1p869.txt
410 /Users/baj/Documents/roman_slitless_sims_seds/bc03_template_z0p415_ms11p44_age4p060_tau4p525_met0p0200_av1p588.txt
411 /Users/baj/Documents/roman_slitless_sims_seds/bc03_template_z1p250_ms11p17_age2p160_tau4p980_met0p0200_av1p255.txt
412 /Users/baj/Documents/roman_slitless_sims_seds/bc03_template_z0p323_ms11p08_age0p630_tau13p325_met0p0200_av0p481.txt
413 /Users/baj/Documents/roman_slitless_sims_seds/bc03_template_z0p200_ms10p74_age7p615_tau14p505_met0p0200_av2p124.txt
414 /Users/baj/Documents/roman_slitless_sims_seds/bc03_template_z1p052_ms10p02_age0p835_tau4p955_met0p0200_av3p946.txt
415 /Users/baj/Documents/roman_slitless_sims_seds/bc03_template_z0p660_ms11p26_age4p820_tau6p015_met0p0200_av1p383.txt
416 /Users/baj/Documents/roman_slitless_sims_seds/bc03_template_z1p250_ms10p09_age4p305_tau7p345_met0p0200_av3p529.txt
417 /Users/baj/Documents/roman_slitless_sims_seds/bc03_template_z0p310_ms10p61_age6p225_tau9p580_met0p0200_av2p269.txt
418 /Users/baj/Documents/roman_slitless_sims_seds/bc03_template_z1p147_ms10p73_age2p515_tau6p655_met0p0200_av4p343.txt
419 /Users/baj/Documents/roman_slitless_sims_seds/bc03_template_z0p561_ms11p42_age1p360_tau10p480_met0p0200_av2p294.txt
420 /Users/baj/Documents/roman_slitless_sims_seds/bc03_template_z0p280_ms11p26_age9p060_tau4p365_met0p0200_av4p497.txt
421 /Users/baj/Documents/roman_slitless_sims_seds/bc03_template_z1p133_ms10p15_age2p790_tau6p980_met0p0200_av1p596.txt
422 /Users/baj/Documents/roman_slitless_sims_seds/bc03_template_z0p383_ms10p30_age4p550_tau11p005_met0p0200_av0p038.txt
423 /Users/baj/Documents/roman_slitless_sims_seds/bc03_template_z1p333_ms10p08_age2p180_tau0p215_met0p0200_av4p030.txt
424 /Users/baj/Documents/roman_slitless_sims_seds/bc03_template_z0p979_ms10p98_age5p430_tau9p975_met0p0200_av0p728.txt
425 /Users/baj/Documents/roman_slitless_sims_seds/bc03_template_z0p431_ms11p15_age5p025_tau4p845_met0p0200_av4p557.txt
426 /Users/baj/Documents/roman_slitless_sims_seds/bc03_template_z0p798_ms10p18_age3p655_tau7p565_met0p0200_av2p499.txt
427 /Users/baj/Documents/roman_slitless_sims_seds/bc03_template_z0p670_ms10p48_age6p655_tau2p070_met0p0200_av4p897.txt
428 /Users/baj/Documents/roman_slitless_sims_seds/bc03_template_z0p670_ms10p15_age3p945_tau0p125_met0p0200_av3p887.txt
429 /Users/baj/Documents/roman_slitless_sims_seds/bc03_template_z0p334_ms10p53_age3p225_tau13p000_met0p0200_av2p479.txt
430 /Users/baj/Documents/roman_slitless_sims_seds/bc03_template_z1p068_ms10p73_age3p760_tau10p105_met0p0200_av4p233.txt
431 /Users/baj/Documents/roman_slitless_sims_seds/bc03_template_z0p442_ms10p15_age5p815_tau6p460_met0p0200_av3p277.txt
432 /Users/baj/Documents/roman_slitless_sims_seds/bc03_template_z0p648_ms10p92_age1p145_tau2p510_met0p0200_av0p866.txt
433 /Users/baj/Documents/roman_slitless_sims_seds/bc03_template_z0p741_ms10p41_age3p405_tau6p720_met0p0200_av0p313.txt
434 /Users/baj/Documents/roman_slitless_sims_seds/bc03_template_z0p915_ms10p41_age0p565_tau13p085_met0p0200_av1p159.txt
435 /Users/baj/Documents/roman_slitless_sims_seds/bc03_template_z0p271_ms10p65_age1p585_tau10p080_met0p0200_av2p188.txt
436 /Users/baj/Documents/roman_slitless_sims_seds/bc03_template_z0p608_ms10p52_age2p740_tau10p115_met0p0200_av4p110.txt
437 /Users/baj/Documents/roman_slitless_sims_seds/bc03_template_z0p650_ms10p59_age4p825_tau14p265_met0p0200_av1p285.txt
438 /Users/baj/Documents/roman_slitless_sims_seds/bc03_template_z0p646_ms11p50_age4p195_tau10p420_met0p0200_av2p999.txt
439 /Users/baj/Documents/roman_slitless_sims_seds/bc03_template_z0p173_ms10p32_age8p800_tau12p155_met0p0200_av1p433.txt
440 /Users/baj/Documents/roman_slitless_sims_seds/bc03_template_z0p638_ms11p42_age5p490_tau14p180_met0p0200_av2p233.txt
441 /Users/baj/Documents/roman_slitless_sims_seds/bc03_template_z0p470_ms11p12_age4p470_tau13p270_met0p0200_av2p657.txt
442 /Users/baj/Documents/roman_slitless_sims_seds/bc03_template_z0p814_ms10p92_age1p750_tau10p895_met0p0200_av1p964.txt
443 /Users/baj/Documents/roman_slitless_sims_seds/bc03_template_z1p140_ms10p70_age3p900_tau0p565_met0p0200_av3p043.txt
444 /Users/baj/Documents/roman_slitless_sims_seds/bc03_template_z0p630_ms10p26_age1p680_tau8p545_met0p0200_av0p432.txt
445 /Users/baj/Documents/roman_slitless_sims_seds/bc03_template_z0p966_ms11p00_age3p965_tau4p130_met0p0200_av2p889.txt
446 /Users/baj/Documents/roman_slitless_sims_seds/bc03_template_z0p704_ms10p74_age1p485_tau2p555_met0p0200_av4p607.txt
447 /Users/baj/Documents/roman_slitless_sims_seds/bc03_template_z0p571_ms11p42_age5p430_tau10p780_met0p0200_av4p600.txt
448 /Users/baj/Documents/roman_slitless_sims_seds/bc03_template_z0p304_ms10p95_age8p905_tau1p405_met0p0200_av1p098.txt
449 /Users/baj/Documents/roman_slitless_sims_seds/bc03_template_z0p740_ms11p14_age6p265_tau10p760_met0p0200_av1p300.txt
450 /Users/baj/Documents/roman_slitless_sims_seds/bc03_template_z0p845_ms10p85_age5p890_tau5p345_met0p0200_av3p482.txt
451 /Users/baj/Documents/roman_slitless_sims_seds/bc03_template_z0p913_ms10p70_age5p350_tau4p365_met0p0200_av4p977.txt
452 /Users/baj/Documents/roman_slitless_sims_seds/bc03_template_z0p271_ms10p52_age0p520_tau13p225_met0p0200_av3p576.txt
453 /Users/baj/Documents/roman_slitless_sims_seds/bc03_template_z0p367_ms11p26_age3p875_tau7p685_met0p0200_av1p540.txt
454 /Users/baj/Documents/roman_slitless_sims_seds/bc03_template_z0p186_ms10p05_age5p305_tau6p330_met0p0200_av4p982.txt
455 /Users/baj/Documents/roman_slitless_sims_seds/bc03_template_z1p510_ms10p29_age1p705_tau4p080_met0p0200_av3p478.txt
456 /Users/baj/Documents/roman_slitless_sims_seds/bc03_template_z1p011_ms10p65_age0p275_tau9p500_met0p0200_av1p027.txt
457 /Users/baj/Documents/roman_slitless_sims_seds/bc03_template_z0p205_ms10p18_age7p760_tau6p965_met0p0200_av3p571.txt
458 /Users/baj/Documents/roman_slitless_sims_seds/bc03_template_z0p484_ms10p23_age7p635_tau12p745_met0p0200_av2p099.txt
459 /Users/baj/Documents/roman_slitless_sims_seds/bc03_template_z0p800_ms11p09_age2p480_tau10p995_met0p0200_av1p213.txt
460 /Users/baj/Documents/roman_slitless_sims_seds/bc03_template_z0p960_ms11p47_age3p455_tau6p185_met0p0200_av3p942.txt
461 /Users/baj/Documents/roman_slitless_sims_seds/bc03_template_z0p823_ms10p77_age4p670_tau11p155_met0p0200_av2p591.txt
462 /Users/baj/Documents/roman_slitless_sims_seds/bc03_template_z1p034_ms10p65_age3p755_tau4p640_met0p0200_av0p689.txt
463 /Users/baj/Documents/roman_slitless_sims_seds/bc03_template_z0p524_ms10p23_age7p455_tau10p970_met0p0200_av4p640.txt
464 /Users/baj/Documents/roman_slitless_sims_seds/bc03_template_z0p851_ms10p79_age2p185_tau12p555_met0p0200_av4p482.txt
465 /Users/baj/Documents/roman_slitless_sims_seds/bc03_template_z1p030_ms11p08_age0p725_tau9p835_met0p0200_av2p329.txt
466 /Users/baj/Documents/roman_slitless_sims_seds/bc03_template_z0p794_ms11p35_age0p925_tau2p465_met0p0200_av0p085.txt
467 /Users/baj/Documents/roman_slitless_sims_seds/bc03_template_z0p423_ms11p03_age2p660_tau0p110_met0p0200_av2p085.txt
468 /Users/baj/Documents/roman_slitless_sims_seds/bc03_template_z0p632_ms11p50_age1p120_tau14p465_met0p0200_av1p470.txt
469 /Users/baj/Documents/roman_slitless_sims_seds/bc03_template_z0p524_ms10p94_age0p700_tau5p675_met0p0200_av4p408.txt
470 /Users/baj/Documents/roman_slitless_sims_seds/bc03_template_z2p924_ms10p27_age0p145_tau8p555_met0p0200_av2p670.txt
471 /Users/baj/Documents/roman_slitless_sims_seds/bc03_template_z0p777_ms10p70_age0p475_tau0p445_met0p0200_av1p690.txt
472 /Users/baj/Documents/roman_slitless_sims_seds/bc03_template_z1p394_ms10p91_age3p675_tau0p595_met0p0200_av2p487.txt
473 /Users/baj/Documents/roman_slitless_sims_seds/bc03_template_z0p439_ms10p48_age1p530_tau14p280_met0p0200_av2p653.txt
474 /Users/baj/Documents/roman_slitless_sims_seds/bc03_template_z0p640_ms11p08_age4p010_tau5p250_met0p0200_av4p342.txt
475 /Users/baj/Documents/roman_slitless_sims_seds/bc03_template_z0p320_ms10p41_age8p680_tau14p750_met0p0200_av0p854.txt
476 /Users/baj/Documents/roman_slitless_sims_seds/bc03_template_z0p337_ms10p33_age0p760_tau2p255_met0p0200_av1p179.txt
477 /Users/baj/Documents/roman_slitless_sims_seds/bc03_template_z0p867_ms10p50_age1p025_tau6p470_met0p0200_av3p041.txt
478 /Users/baj/Documents/roman_slitless_sims_seds/bc03_template_z1p220_ms10p42_age1p265_tau6p535_met0p0200_av4p833.txt
479 /Users/baj/Documents/roman_slitless_sims_seds/bc03_template_z0p485_ms10p35_age5p125_tau13p865_met0p0200_av1p053.txt
480 /Users/baj/Documents/roman_slitless_sims_seds/bc03_template_z0p477_ms10p02_age6p670_tau0p435_met0p0200_av1p955.txt
481 /Users/baj/Documents/roman_slitless_sims_seds/bc03_template_z0p562_ms11p26_age4p840_tau9p010_met0p0200_av3p981.txt
482 /Users/baj/Documents/roman_slitless_sims_seds/bc03_template_z0p730_ms10p18_age2p000_tau0p440_met0p0200_av1p769.txt
483 /Users/baj/Documents/roman_slitless_sims_seds/salt2_spec_day24_z0p256_av2p942.txt
484 /Users/baj/Documents/roman_slitless_sims_seds/bc03_template_z0p537_ms10p98_age0p735_tau14p460_met0p0200_av2p363.txt
485 /Users/baj/Documents/roman_slitless_sims_seds/bc03_template_z1p145_ms11p45_age2p705_tau12p315_met0p0200_av3p476.txt
486 /Users/baj/Documents/roman_slitless_sims_seds/bc03_template_z0p810_ms10p55_age4p055_tau14p135_met0p0200_av0p374.txt
487 /Users/baj/Documents/roman_slitless_sims_seds/bc03_template_z0p307_ms11p15_age2p880_tau12p715_met0p0200_av1p598.txt
488 /Users/baj/Documents/roman_slitless_sims_seds/bc03_template_z0p735_ms10p79_age6p185_tau8p290_met0p0200_av3p191.txt
489 /Users/baj/Documents/roman_slitless_sims_seds/bc03_template_z0p437_ms11p05_age0p570_tau13p475_met0p0200_av2p017.txt
490 /Users/baj/Documents/roman_slitless_sims_seds/bc03_template_z0p490_ms10p38_age2p385_tau13p595_met0p0200_av3p421.txt
491 /Users/baj/Documents/roman_slitless_sims_seds/bc03_template_z0p788_ms10p95_age4p970_tau11p350_met0p0200_av0p154.txt
492 /Users/baj/Documents/roman_slitless_sims_seds/bc03_template_z0p979_ms11p26_age4p735_tau9p575_met0p0200_av3p016.txt
493 /Users/baj/Documents/roman_slitless_sims_seds/bc03_template_z1p675_ms10p20_age3p345_tau10p505_met0p0200_av0p552.txt
494 /Users/baj/Documents/roman_slitless_sims_seds/bc03_template_z0p849_ms10p17_age2p565_tau3p640_met0p0200_av4p220.txt
495 /Users/baj/Documents/roman_slitless_sims_seds/bc03_template_z0p752_ms10p64_age6p315_tau9p445_met0p0200_av4p504.txt
496 /Users/baj/Documents/roman_slitless_sims_seds/bc03_template_z0p450_ms10p39_age2p680_tau12p535_met0p0200_av2p927.txt
497 /Users/baj/Documents/roman_slitless_sims_seds/bc03_template_z0p630_ms10p76_age3p865_tau6p435_met0p0200_av0p907.txt
498 /Users/baj/Documents/roman_slitless_sims_seds/bc03_template_z1p050_ms10p33_age4p785_tau12p890_met0p0200_av4p186.txt
500 /Users/baj/Documents/roman_slitless_sims_seds/bc03_template_z0p639_ms10p71_age7p165_tau9p200_met0p0200_av2p540.txt
501 /Users/baj/Documents/roman_slitless_sims_seds/bc03_template_z0p165_ms10p47_age8p000_tau10p190_met0p0200_av1p751.txt
502 /Users/baj/Documents/roman_slitless_sims_seds/bc03_template_z0p681_ms10p35_age1p530_tau5p590_met0p0200_av3p114.txt
503 /Users/baj/Documents/roman_slitless_sims_seds/bc03_template_z0p678_ms10p92_age2p065_tau11p840_met0p0200_av2p589.txt
504 /Users/baj/Documents/roman_slitless_sims_seds/bc03_template_z0p490_ms10p79_age6p915_tau3p600_met0p0200_av3p757.txt
505 /Users/baj/Documents/roman_slitless_sims_seds/bc03_template_z1p020_ms10p55_age2p905_tau6p600_met0p0200_av1p119.txt
506 /Users/baj/Documents/roman_slitless_sims_seds/bc03_template_z0p600_ms10p97_age2p545_tau11p825_met0p0200_av0p097.txt
507 /Users/baj/Documents/roman_slitless_sims_seds/bc03_template_z0p734_ms10p21_age1p915_tau11p325_met0p0200_av1p813.txt
508 /Users/baj/Documents/roman_slitless_sims_seds/bc03_template_z1p235_ms11p29_age0p985_tau3p875_met0p0200_av4p298.txt
509 /Users/baj/Documents/roman_slitless_sims_seds/bc03_template_z0p704_ms10p79_age2p570_tau5p065_met0p0200_av1p999.txt
510 /Users/baj/Documents/roman_slitless_sims_seds/bc03_template_z0p895_ms11p29_age0p595_tau5p530_met0p0200_av0p657.txt
511 /Users/baj/Documents/roman_slitless_sims_seds/bc03_template_z0p654_ms11p29_age6p420_tau10p100_met0p0200_av4p262.txt
512 /Users/baj/Documents/roman_slitless_sims_seds/bc03_template_z1p366_ms10p26_age0p470_tau10p905_met0p0200_av2p249.txt
513 /Users/baj/Documents/roman_slitless_sims_seds/bc03_template_z2p471_ms11p03_age1p890_tau3p040_met0p0200_av3p183.txt
514 /Users/baj/Documents/roman_slitless_sims_seds/bc03_template_z0p129_ms10p71_age6p385_tau9p915_met0p0200_av3p029.txt
515 /Users/baj/Documents/roman_slitless_sims_seds/bc03_template_z0p511_ms11p11_age3p875_tau7p750_met0p0200_av2p558.txt
516 /Users/baj/Documents/roman_slitless_sims_seds/bc03_template_z1p631_ms10p47_age3p300_tau6p555_met0p0200_av0p000.txt
517 /Users/baj/Documents/roman_slitless_sims_seds/bc03_template_z0p914_ms10p38_age2p545_tau10p750_met0p0200_av0p800.txt
518 /Users/baj/Documents/roman_slitless_sims_seds/bc03_template_z0p688_ms10p44_age2p295_tau6p265_met0p0200_av0p637.txt
519 /Users/baj/Documents/roman_slitless_sims_seds/bc03_template_z1p145_ms11p33_age4p035_tau1p940_met0p0200_av3p337.txt
520 /Users/baj/Documents/roman_slitless_sims_seds/bc03_template_z0p189_ms11p50_age10p420_tau10p925_met0p0200_av4p514.txt
521 /Users/baj/Documents/roman_slitless_sims_seds/bc03_template_z0p320_ms10p08_age4p690_tau5p840_met0p0200_av2p172.txt
522 /Users/baj/Documents/roman_slitless_sims_seds/bc03_template_z0p356_ms10p42_age5p170_tau3p400_met0p0200_av3p160.txt
523 /Users/baj/Documents/roman_slitless_sims_seds/bc03_template_z1p215_ms11p33_age2p320_tau3p520_met0p0200_av0p952.txt
524 /Users/baj/Documents/roman_slitless_sims_seds/bc03_template_z0p433_ms11p23_age8p770_tau6p885_met0p0200_av0p515.txt
525 /Users/baj/Documents/roman_slitless_sims_seds/bc03_template_z0p648_ms10p33_age1p680_tau10p860_met0p0200_av0p823.txt
526 /Users/baj/Documents/roman_slitless_sims_seds/bc03_template_z0p621_ms11p00_age5p820_tau14p565_met0p0200_av0p138.txt
527 /Users/baj/Documents/roman_slitless_sims_seds/bc03_template_z0p870_ms10p80_age6p170_tau14p400_met0p0200_av0p234.txt
528 /Users/baj/Documents/roman_slitless_sims_seds/bc03_template_z1p141_ms10p55_age4p210_tau5p970_met0p0200_av0p627.txt
529 /Users/baj/Documents/roman_slitless_sims_seds/bc03_template_z0p161_ms10p86_age9p045_tau8p170_met0p0200_av1p405.txt
530 /Users/baj/Documents/roman_slitless_sims_seds/bc03_template_z0p356_ms10p59_age2p895_tau13p155_met0p0200_av3p280.txt
531 /Users/baj/Documents/roman_slitless_sims_seds/bc03_template_z0p652_ms11p36_age1p230_tau5p085_met0p0200_av4p663.txt
532 /Users/baj/Documents/roman_slitless_sims_seds/bc03_template_z0p210_ms11p18_age7p025_tau12p940_met0p0200_av2p144.txt
533 /Users/baj/Documents/roman_slitless_sims_seds/bc03_template_z0p712_ms11p05_age6p140_tau2p875_met0p0200_av3p209.txt
534 /Users/baj/Documents/roman_slitless_sims_seds/bc03_template_z0p680_ms11p33_age0p135_tau11p690_met0p0200_av1p239.txt
535 /Users/baj/Documents/roman_slitless_sims_seds/bc03_template_z0p730_ms11p00_age1p595_tau6p815_met0p0200_av4p391.txt
536 /Users/baj/Documents/roman_slitless_sims_seds/bc03_template_z0p532_ms11p02_age1p185_tau11p035_met0p0200_av3p980.txt
537 /Users/baj/Documents/roman_slitless_sims_seds/bc03_template_z0p742_ms10p48_age3p565_tau13p980_met0p0200_av4p160.txt
538 /Users/baj/Documents/roman_slitless_sims_seds/bc03_template_z1p190_ms10p44_age1p685_tau2p085_met0p0200_av0p913.txt
539 /Users/baj/Documents/roman_slitless_sims_seds/bc03_template_z1p091_ms10p82_age2p665_tau14p630_met0p0200_av4p199.txt
540 /Users/baj/Documents/roman_slitless_sims_seds/bc03_template_z0p384_ms10p26_age8p330_tau14p515_met0p0200_av4p963.txt
541 /Users/baj/Documents/roman_slitless_sims_seds/bc03_template_z0p733_ms10p29_age0p140_tau0p905_met0p0200_av2p589.txt
542 /Users/baj/Documents/roman_slitless_sims_seds/bc03_template_z0p201_ms11p47_age4p620_tau4p270_met0p0200_av1p585.txt
543 /Users/baj/Documents/roman_slitless_sims_seds/bc03_template_z0p710_ms10p59_age1p680_tau3p505_met0p0200_av1p447.txt
544 /Users/baj/Documents/roman_slitless_sims_seds/bc03_template_z0p843_ms10p39_age0p685_tau11p450_met0p0200_av0p110.txt
545 /Users/baj/Documents/roman_slitless_sims_seds/bc03_template_z0p806_ms10p85_age3p780_tau1p915_met0p0200_av1p060.txt
546 /Users/baj/Documents/roman_slitless_sims_seds/bc03_template_z0p648_ms11p35_age3p260_tau10p165_met0p0200_av1p658.txt
547 /Users/baj/Documents/roman_slitless_sims_seds/bc03_template_z0p863_ms10p64_age2p665_tau1p030_met0p0200_av2p961.txt
548 /Users/baj/Documents/roman_slitless_sims_seds/bc03_template_z0p677_ms10p45_age3p210_tau12p745_met0p0200_av4p687.txt
549 /Users/baj/Documents/roman_slitless_sims_seds/bc03_template_z0p639_ms11p12_age2p445_tau12p325_met0p0200_av4p001.txt
550 /Users/baj/Documents/roman_slitless_sims_seds/bc03_template_z1p063_ms10p32_age1p130_tau4p310_met0p0200_av3p521.txt
551 /Users/baj/Documents/roman_slitless_sims_seds/bc03_template_z0p040_ms10p00_age10p420_tau9p225_met0p0200_av3p019.txt
552 /Users/baj/Documents/roman_slitless_sims_seds/bc03_template_z1p015_ms10p83_age1p775_tau7p490_met0p0200_av1p371.txt
553 /Users/baj/Documents/roman_slitless_sims_seds/bc03_template_z0p850_ms10p61_age0p830_tau13p370_met0p0200_av3p517.txt
554 /Users/baj/Documents/roman_slitless_sims_seds/bc03_template_z0p747_ms10p92_age2p445_tau14p045_met0p0200_av0p874.txt
555 /Users/baj/Documents/roman_slitless_sims_seds/bc03_template_z0p230_ms10p98_age9p885_tau14p590_met0p0200_av1p252.txt
556 /Users/baj/Documents/roman_slitless_sims_seds/bc03_template_z0p896_ms10p00_age4p180_tau13p670_met0p0200_av2p889.txt
557 /Users/baj/Documents/roman_slitless_sims_seds/bc03_template_z2p212_ms10p97_age2p195_tau9p500_met0p0200_av4p507.txt
558 /Users/baj/Documents/roman_slitless_sims_seds/bc03_template_z0p638_ms10p08_age4p000_tau1p365_met0p0200_av4p056.txt
559 /Users/baj/Documents/roman_slitless_sims_seds/bc03_template_z0p990_ms10p26_age2p835_tau6p350_met0p0200_av4p970.txt
560 /Users/baj/Documents/roman_slitless_sims_seds/bc03_template_z0p454_ms10p94_age1p630_tau6p650_met0p0200_av3p290.txt
561 /Users/baj/Documents/roman_slitless_sims_seds/bc03_template_z0p287_ms10p65_age7p285_tau10p890_met0p0200_av3p614.txt
562 /Users/baj/Documents/roman_slitless_sims_seds/bc03_template_z0p277_ms10p94_age7p375_tau13p375_met0p0200_av1p409.txt
563 /Users/baj/Documents/roman_slitless_sims_seds/bc03_template_z0p290_ms10p73_age1p980_tau8p220_met0p0200_av2p267.txt
564 /Users/baj/Documents/roman_slitless_sims_seds/bc03_template_z1p284_ms10p21_age4p480_tau10p155_met0p0200_av0p732.txt
565 /Users/baj/Documents/roman_slitless_sims_seds/bc03_template_z1p027_ms10p74_age5p525_tau5p005_met0p0200_av0p350.txt
566 /Users/baj/Documents/roman_slitless_sims_seds/bc03_template_z0p596_ms10p44_age6p975_tau5p015_met0p0200_av0p741.txt
567 /Users/baj/Documents/roman_slitless_sims_seds/bc03_template_z0p738_ms10p68_age6p075_tau7p610_met0p0200_av2p058.txt
568 /Users/baj/Documents/roman_slitless_sims_seds/bc03_template_z1p086_ms10p53_age3p055_tau8p445_met0p0200_av3p421.txt
569 /Users/baj/Documents/roman_slitless_sims_seds/bc03_template_z0p971_ms10p38_age5p000_tau11p980_met0p0200_av2p524.txt
570 /Users/baj/Documents/roman_slitless_sims_seds/bc03_template_z0p340_ms11p50_age8p230_tau1p830_met0p0200_av3p968.txt
571 /Users/baj/Documents/roman_slitless_sims_seds/bc03_template_z0p580_ms10p00_age1p730_tau14p590_met0p0200_av1p364.txt
572 /Users/baj/Documents/roman_slitless_sims_seds/bc03_template_z0p952_ms10p36_age0p780_tau3p300_met0p0200_av4p373.txt
573 /Users/baj/Documents/roman_slitless_sims_seds/bc03_template_z0p740_ms10p39_age5p040_tau7p485_met0p0200_av3p243.txt
574 /Users/baj/Documents/roman_slitless_sims_seds/bc03_template_z0p823_ms10p70_age2p325_tau12p240_met0p0200_av4p123.txt
575 /Users/baj/Documents/roman_slitless_sims_seds/bc03_template_z0p666_ms10p50_age7p060_tau10p350_met0p0200_av0p909.txt
576 /Users/baj/Documents/roman_slitless_sims_seds/bc03_template_z0p322_ms11p12_age3p275_tau2p090_met0p0200_av3p068.txt
577 /Users/baj/Documents/roman_slitless_sims_seds/bc03_template_z1p344_ms11p26_age2p825_tau11p105_met0p0200_av0p924.txt
578 /Users/baj/Documents/roman_slitless_sims_seds/bc03_template_z0p666_ms10p58_age6p785_tau2p205_met0p0200_av2p023.txt
579 /Users/baj/Documents/roman_slitless_sims_seds/bc03_template_z0p593_ms10p97_age5p755_tau1p640_met0p0200_av3p439.txt
580 /Users/baj/Documents/roman_slitless_sims_seds/bc03_template_z0p409_ms10p23_age4p310_tau5p575_met0p0200_av3p618.txt
581 /Users/baj/Documents/roman_slitless_sims_seds/bc03_template_z0p876_ms10p02_age2p465_tau3p380_met0p0200_av2p018.txt
582 /Users/baj/Documents/roman_slitless_sims_seds/bc03_template_z0p953_ms10p70_age0p860_tau14p605_met0p0200_av2p176.txt
583 /Users/baj/Documents/roman_slitless_sims_seds/bc03_template_z1p301_ms10p80_age4p275_tau6p145_met0p0200_av0p911.txt
584 /Users/baj/Documents/roman_slitless_sims_seds/bc03_template_z1p307_ms11p14_age2p625_tau4p910_met0p0200_av1p309.txt
585 /Users/baj/Documents/roman_slitless_sims_seds/bc03_template_z0p258_ms10p67_age1p260_tau3p110_met0p0200_av1p461.txt
586 /Users/baj/Documents/roman_slitless_sims_seds/bc03_template_z0p477_ms11p15_age0p650_tau12p685_met0p0200_av1p837.txt
587 /Users/baj/Documents/roman_slitless_sims_seds/bc03_template_z0p956_ms11p17_age3p500_tau4p135_met0p0200_av0p936.txt
588 /Users/baj/Documents/roman_slitless_sims_seds/bc03_template_z0p641_ms11p06_age5p320_tau13p935_met0p0200_av4p626.txt
589 /Users/baj/Documents/roman_slitless_sims_seds/bc03_template_z0p838_ms11p24_age3p510_tau14p555_met0p0200_av2p913.txt
590 /Users/baj/Documents/roman_slitless_sims_seds/bc03_template_z1p152_ms11p45_age4p735_tau4p715_met0p0200_av0p597.txt
591 /Users/baj/Documents/roman_slitless_sims_seds/bc03_template_z1p022_ms10p12_age5p535_tau14p460_met0p0200_av1p682.txt
592 /Users/baj/Documents/roman_slitless_sims_seds/bc03_template_z0p954_ms10p89_age1p270_tau12p100_met0p0200_av2p977.txt
593 /Users/baj/Documents/roman_slitless_sims_seds/bc03_template_z0p515_ms10p02_age0p760_tau11p795_met0p0200_av1p259.txt
594 /Users/baj/Documents/roman_slitless_sims_seds/bc03_template_z0p588_ms10p62_age1p730_tau2p635_met0p0200_av3p900.txt
595 /Users/baj/Documents/roman_slitless_sims_seds/bc03_template_z1p112_ms10p42_age4p385_tau9p325_met0p0200_av3p028.txt
596 /Users/baj/Documents/roman_slitless_sims_seds/bc03_template_z1p174_ms10p08_age4p120_tau11p405_met0p0200_av2p118.txt
597 /Users/baj/Documents/roman_slitless_sims_seds/bc03_template_z0p811_ms10p30_age2p805_tau7p795_met0p0200_av3p790.txt
598 /Users/baj/Documents/roman_slitless_sims_seds/bc03_template_z0p700_ms10p12_age1p285_tau11p650_met0p0200_av0p369.txt
599 /Users/baj/Documents/roman_slitless_sims_seds/bc03_template_z0p953_ms10p27_age2p305_tau14p560_met0p0200_av0p783.txt
600 /Users/baj/Documents/roman_slitless_sims_seds/bc03_template_z0p530_ms10p35_age6p195_tau3p270_met0p0200_av1p215.txt
601 /Users/baj/Documents/roman_slitless_sims_seds/bc03_template_z0p334_ms10p44_age3p575_tau14p425_met0p0200_av0p691.txt
602 /Users/baj/Documents/roman_slitless_sims_seds/bc03_template_z1p777_ms11p36_age0p675_tau1p995_met0p0200_av2p717.txt
603 /Users/baj/Documents/roman_slitless_sims_seds/bc03_template_z1p144_ms11p17_age1p650_tau0p110_met0p0200_av0p180.txt
604 /Users/baj/Documents/roman_slitless_sims_seds/bc03_template_z0p783_ms11p11_age4p105_tau13p575_met0p0200_av1p049.txt
605 /Users/baj/Documents/roman_slitless_sims_seds/bc03_template_z1p121_ms11p03_age3p290_tau1p075_met0p0200_av1p512.txt
606 /Users/baj/Documents/roman_slitless_sims_seds/bc03_template_z0p223_ms11p44_age4p895_tau13p000_met0p0200_av1p606.txt
607 /Users/baj/Documents/roman_slitless_sims_seds/bc03_template_z1p152_ms11p18_age1p765_tau7p070_met0p0200_av1p638.txt
608 /Users/baj/Documents/roman_slitless_sims_seds/bc03_template_z0p689_ms10p20_age5p250_tau11p975_met0p0200_av4p154.txt
609 /Users/baj/Documents/roman_slitless_sims_seds/bc03_template_z0p697_ms11p20_age6p305_tau6p280_met0p0200_av4p957.txt
610 /Users/baj/Documents/roman_slitless_sims_seds/bc03_template_z1p665_ms10p82_age2p895_tau8p225_met0p0200_av1p032.txt
611 /Users/baj/Documents/roman_slitless_sims_seds/bc03_template_z0p686_ms10p15_age4p920_tau11p615_met0p0200_av4p593.txt
612 /Users/baj/Documents/roman_slitless_sims_seds/bc03_template_z0p850_ms10p41_age5p115_tau9p565_met0p0200_av0p645.txt
613 /Users/baj/Documents/roman_slitless_sims_seds/bc03_template_z0p679_ms11p32_age4p695_tau9p940_met0p0200_av1p031.txt
614 /Users/baj/Documents/roman_slitless_sims_seds/bc03_template_z0p610_ms10p71_age0p785_tau0p705_met0p0200_av3p794.txt
615 /Users/baj/Documents/roman_slitless_sims_seds/bc03_template_z0p900_ms11p11_age2p125_tau13p475_met0p0200_av4p780.txt
616 /Users/baj/Documents/roman_slitless_sims_seds/bc03_template_z0p438_ms10p03_age4p325_tau9p155_met0p0200_av4p251.txt
617 /Users/baj/Documents/roman_slitless_sims_seds/bc03_template_z1p304_ms10p44_age1p535_tau3p720_met0p0200_av4p230.txt
618 /Users/baj/Documents/roman_slitless_sims_seds/bc03_template_z0p734_ms11p45_age4p565_tau10p175_met0p0200_av3p911.txt
619 /Users/baj/Documents/roman_slitless_sims_seds/bc03_template_z1p844_ms11p14_age3p370_tau10p410_met0p0200_av2p792.txt
620 /Users/baj/Documents/roman_slitless_sims_seds/bc03_template_z1p081_ms10p61_age5p150_tau10p900_met0p0200_av1p419.txt
621 /Users/baj/Documents/roman_slitless_sims_seds/bc03_template_z0p742_ms11p42_age2p975_tau14p570_met0p0200_av2p120.txt
622 /Users/baj/Documents/roman_slitless_sims_seds/bc03_template_z0p558_ms11p21_age7p300_tau12p030_met0p0200_av0p168.txt
623 /Users/baj/Documents/roman_slitless_sims_seds/bc03_template_z0p720_ms10p56_age6p095_tau10p475_met0p0200_av2p946.txt
624 /Users/baj/Documents/roman_slitless_sims_seds/bc03_template_z1p210_ms10p35_age2p525_tau7p905_met0p0200_av1p332.txt
625 /Users/baj/Documents/roman_slitless_sims_seds/bc03_template_z1p050_ms11p11_age2p585_tau12p975_met0p0200_av1p610.txt
626 /Users/baj/Documents/roman_slitless_sims_seds/bc03_template_z0p217_ms10p71_age4p765_tau2p590_met0p0200_av3p063.txt
627 /Users/baj/Documents/roman_slitless_sims_seds/bc03_template_z0p645_ms11p15_age2p270_tau2p890_met0p0200_av2p694.txt
628 /Users/baj/Documents/roman_slitless_sims_seds/bc03_template_z0p847_ms11p08_age3p900_tau14p735_met0p0200_av0p413.txt
629 /Users/baj/Documents/roman_slitless_sims_seds/bc03_template_z0p823_ms10p79_age5p155_tau14p620_met0p0200_av1p411.txt
630 /Users/baj/Documents/roman_slitless_sims_seds/bc03_template_z0p514_ms10p68_age3p760_tau2p695_met0p0200_av0p820.txt
631 /Users/baj/Documents/roman_slitless_sims_seds/bc03_template_z0p882_ms11p32_age1p845_tau5p775_met0p0200_av4p936.txt
632 /Users/baj/Documents/roman_slitless_sims_seds/bc03_template_z0p324_ms10p05_age0p245_tau11p855_met0p0200_av2p505.txt
633 /Users/baj/Documents/roman_slitless_sims_seds/bc03_template_z0p920_ms10p45_age5p675_tau12p300_met0p0200_av0p640.txt
634 /Users/baj/Documents/roman_slitless_sims_seds/bc03_template_z1p028_ms11p00_age2p510_tau0p460_met0p0200_av2p638.txt
635 /Users/baj/Documents/roman_slitless_sims_seds/bc03_template_z0p779_ms10p73_age4p985_tau2p545_met0p0200_av0p751.txt
636 /Users/baj/Documents/roman_slitless_sims_seds/bc03_template_z0p204_ms11p00_age2p695_tau3p350_met0p0200_av1p292.txt
637 /Users/baj/Documents/roman_slitless_sims_seds/bc03_template_z1p344_ms10p21_age1p220_tau12p305_met0p0200_av1p988.txt
638 /Users/baj/Documents/roman_slitless_sims_seds/bc03_template_z0p684_ms10p26_age1p445_tau14p080_met0p0200_av3p152.txt
639 /Users/baj/Documents/roman_slitless_sims_seds/bc03_template_z1p595_ms10p89_age0p610_tau5p210_met0p0200_av0p869.txt
640 /Users/baj/Documents/roman_slitless_sims_seds/bc03_template_z0p384_ms11p02_age6p180_tau0p820_met0p0200_av4p239.txt
641 /Users/baj/Documents/roman_slitless_sims_seds/bc03_template_z1p079_ms10p76_age5p140_tau13p650_met0p0200_av0p522.txt
643 /Users/baj/Documents/roman_slitless_sims_seds/bc03_template_z0p830_ms10p97_age4p260_tau14p975_met0p0200_av1p965.txt
644 /Users/baj/Documents/roman_slitless_sims_seds/bc03_template_z1p037_ms10p92_age0p785_tau13p305_met0p0200_av4p145.txt
645 /Users/baj/Documents/roman_slitless_sims_seds/bc03_template_z0p238_ms10p77_age3p490_tau2p230_met0p0200_av0p455.txt
646 /Users/baj/Documents/roman_slitless_sims_seds/bc03_template_z1p066_ms10p80_age3p410_tau1p565_met0p0200_av1p354.txt
647 /Users/baj/Documents/roman_slitless_sims_seds/bc03_template_z0p548_ms10p27_age0p245_tau9p365_met0p0200_av0p941.txt
648 /Users/baj/Documents/roman_slitless_sims_seds/bc03_template_z0p588_ms10p67_age3p735_tau14p520_met0p0200_av4p583.txt
649 /Users/baj/Documents/roman_slitless_sims_seds/bc03_template_z0p492_ms11p45_age5p305_tau10p110_met0p0200_av1p314.txt
650 /Users/baj/Documents/roman_slitless_sims_seds/bc03_template_z0p431_ms10p03_age6p950_tau14p340_met0p0200_av3p121.txt
651 /Users/baj/Documents/roman_slitless_sims_seds/bc03_template_z0p880_ms10p58_age0p745_tau9p940_met0p0200_av0p485.txt
652 /Users/baj/Documents/roman_slitless_sims_seds/bc03_template_z0p212_ms10p82_age3p950_tau12p645_met0p0200_av3p358.txt
653 /Users/baj/Documents/roman_slitless_sims_seds/bc03_template_z0p510_ms11p33_age3p925_tau6p440_met0p0200_av4p210.txt
654 /Users/baj/Documents/roman_slitless_sims_seds/bc03_template_z0p419_ms10p47_age7p480_tau7p105_met0p0200_av2p318.txt
655 /Users/baj/Documents/roman_slitless_sims_seds/bc03_template_z0p105_ms11p05_age0p525_tau7p885_met0p0200_av2p968.txt
656 /Users/baj/Documents/roman_slitless_sims_seds/bc03_template_z0p690_ms11p06_age0p720_tau13p750_met0p0200_av0p392.txt
657 /Users/baj/Documents/roman_slitless_sims_seds/bc03_template_z0p350_ms10p29_age6p270_tau8p485_met0p0200_av4p318.txt
658 /Users/baj/Documents/roman_slitless_sims_seds/bc03_template_z0p700_ms10p24_age0p605_tau9p540_met0p0200_av0p358.txt
659 /Users/baj/Documents/roman_slitless_sims_seds/bc03_template_z0p330_ms10p56_age4p790_tau9p270_met0p0200_av3p212.txt
660 /Users/baj/Documents/roman_slitless_sims_seds/bc03_template_z0p465_ms10p11_age2p480_tau10p835_met0p0200_av2p428.txt
661 /Users/baj/Documents/roman_slitless_sims_seds/bc03_template_z1p041_ms11p41_age3p315_tau12p975_met0p0200_av4p869.txt
663 /Users/baj/Documents/roman_slitless_sims_seds/bc03_template_z0p637_ms11p15_age1p360_tau7p445_met0p0200_av1p057.txt
664 /Users/baj/Documents/roman_slitless_sims_seds/bc03_template_z0p922_ms11p09_age5p340_tau6p775_met0p0200_av3p164.txt
665 /Users/baj/Documents/roman_slitless_sims_seds/bc03_template_z0p638_ms11p21_age4p190_tau8p185_met0p0200_av4p088.txt
666 /Users/baj/Documents/roman_slitless_sims_seds/bc03_template_z0p720_ms10p53_age5p705_tau10p400_met0p0200_av2p306.txt
667 /Users/baj/Documents/roman_slitless_sims_seds/bc03_template_z0p957_ms10p65_age0p670_tau10p975_met0p0200_av4p269.txt
668 /Users/baj/Documents/roman_slitless_sims_seds/bc03_template_z0p403_ms10p52_age4p745_tau4p440_met0p0200_av2p736.txt
669 /Users/baj/Documents/roman_slitless_sims_seds/bc03_template_z0p805_ms10p79_age3p465_tau8p150_met0p0200_av1p435.txt
670 /Users/baj/Documents/roman_slitless_sims_seds/bc03_template_z0p377_ms10p06_age8p435_tau2p700_met0p0200_av1p544.txt
671 /Users/baj/Documents/roman_slitless_sims_seds/bc03_template_z0p462_ms10p45_age2p695_tau13p830_met0p0200_av2p217.txt
672 /Users/baj/Documents/roman_slitless_sims_seds/bc03_template_z0p212_ms10p59_age6p880_tau1p805_met0p0200_av3p124.txt
673 /Users/baj/Documents/roman_slitless_sims_seds/bc03_template_z0p324_ms10p65_age5p865_tau2p410_met0p0200_av1p371.txt
674 /Users/baj/Documents/roman_slitless_sims_seds/bc03_template_z0p123_ms11p30_age1p695_tau10p210_met0p0200_av4p543.txt
675 /Users/baj/Documents/roman_slitless_sims_seds/bc03_template_z0p908_ms10p12_age3p520_tau8p050_met0p0200_av3p547.txt
676 /Users/baj/Documents/roman_slitless_sims_seds/bc03_template_z0p080_ms10p88_age0p270_tau2p920_met0p0200_av3p666.txt
677 /Users/baj/Documents/roman_slitless_sims_seds/bc03_template_z0p730_ms11p44_age2p615_tau9p695_met0p0200_av4p661.txt
678 /Users/baj/Documents/roman_slitless_sims_seds/bc03_template_z0p721_ms10p14_age0p250_tau0p765_met0p0200_av4p355.txt
679 /Users/baj/Documents/roman_slitless_sims_seds/bc03_template_z0p296_ms11p48_age2p275_tau11p290_met0p0200_av2p736.txt
681 /Users/baj/Documents/roman_slitless_sims_seds/bc03_template_z1p407_ms10p42_age1p535_tau8p200_met0p0200_av3p681.txt
682 /Users/baj/Documents/roman_slitless_sims_seds/bc03_template_z0p738_ms10p62_age4p070_tau6p325_met0p0200_av3p243.txt
683 /Users/baj/Documents/roman_slitless_sims_seds/bc03_template_z0p431_ms11p47_age5p070_tau1p530_met0p0200_av4p236.txt
684 /Users/baj/Documents/roman_slitless_sims_seds/bc03_template_z1p218_ms11p06_age0p855_tau2p280_met0p0200_av1p102.txt
685 /Users/baj/Documents/roman_slitless_sims_seds/bc03_template_z0p404_ms10p65_age3p205_tau14p865_met0p0200_av1p580.txt
686 /Users/baj/Documents/roman_slitless_sims_seds/bc03_template_z0p722_ms11p14_age3p825_tau4p875_met0p0200_av0p668.txt
687 /Users/baj/Documents/roman_slitless_sims_seds/bc03_template_z0p885_ms10p71_age3p495_tau13p305_met0p0200_av1p285.txt
688 /Users/baj/Documents/roman_slitless_sims_seds/bc03_template_z0p714_ms10p52_age2p705_tau8p035_met0p0200_av0p810.txt
689 /Users/baj/Documents/roman_slitless_sims_seds/bc03_template_z0p878_ms11p30_age2p505_tau5p325_met0p0200_av3p260.txt
690 /Users/baj/Documents/roman_slitless_sims_seds/bc03_template_z0p536_ms10p70_age7p510_tau10p145_met0p0200_av0p918.txt
691 /Users/baj/Documents/roman_slitless_sims_seds/bc03_template_z1p084_ms10p06_age3p500_tau6p940_met0p0200_av0p200.txt
692 /Users/baj/Documents/roman_slitless_sims_seds/bc03_template_z0p508_ms10p42_age5p260_tau3p715_met0p0200_av2p458.txt
693 /Users/baj/Documents/roman_slitless_sims_seds/bc03_template_z0p929_ms10p83_age5p650_tau11p540_met0p0200_av4p488.txt
694 /Users/baj/Documents/roman_slitless_sims_seds/bc03_template_z0p865_ms11p50_age5p885_tau14p495_met0p0200_av4p811.txt
695 /Users/baj/Documents/roman_slitless_sims_seds/bc03_template_z1p793_ms10p98_age1p550_tau13p805_met0p0200_av2p327.txt
696 /Users/baj/Documents/roman_slitless_sims_seds/bc03_template_z0p564_ms11p00_age5p095_tau8p895_met0p0200_av1p222.txt
697 /Users/baj/Documents/roman_slitless_sims_seds/bc03_template_z0p660_ms10p24_age6p140_tau13p060_met0p0200_av2p540.txt
698 /Users/baj/Documents/roman_slitless_sims_seds/bc03_template_z0p296_ms11p42_age9p910_tau8p915_met0p0200_av0p457.txt
699 /Users/baj/Documents/roman_slitless_sims_seds/bc03_template_z0p426_ms11p27_age2p660_tau5p120_met0p0200_av3p538.txt
700 /Users/baj/Documents/roman_slitless_sims_seds/bc03_template_z0p324_ms11p24_age1p455_tau3p955_met0p0200_av3p145.txt
701 /Users/baj/Documents/roman_slitless_sims_seds/bc03_template_z0p587_ms10p20_age0p100_tau6p650_met0p0200_av4p387.txt
702 /Users/baj/Documents/roman_slitless_sims_seds/bc03_template_z0p800_ms10p21_age1p545_tau1p655_met0p0200_av3p604.txt
703 /Users/baj/Documents/roman_slitless_sims_seds/bc03_template_z0p418_ms10p97_age4p470_tau4p025_met0p0200_av4p130.txt
704 /Users/baj/Documents/roman_slitless_sims_seds/bc03_template_z1p606_ms10p88_age1p165_tau14p975_met0p0200_av4p154.txt
705 /Users/baj/Documents/roman_slitless_sims_seds/bc03_template_z0p903_ms10p29_age6p050_tau10p680_met0p0200_av4p386.txt
706 /Users/baj/Documents/roman_slitless_sims_seds/bc03_template_z0p503_ms10p70_age8p210_tau4p780_met0p0200_av2p154.txt
707 /Users/baj/Documents/roman_slitless_sims_seds/bc03_template_z0p771_ms10p05_age2p000_tau5p850_met0p0200_av2p596.txt
708 /Users/baj/Documents/roman_slitless_sims_seds/bc03_template_z0p700_ms11p30_age2p935_tau11p840_met0p0200_av4p133.txt
709 /Users/baj/Documents/roman_slitless_sims_seds/bc03_template_z1p124_ms10p62_age3p530_tau5p150_met0p0200_av2p460.txt
710 /Users/baj/Documents/roman_slitless_sims_seds/bc03_template_z1p097_ms11p32_age0p645_tau2p380_met0p0200_av4p738.txt
711 /Users/baj/Documents/roman_slitless_sims_seds/bc03_template_z0p443_ms10p14_age7p000_tau6p680_met0p0200_av3p733.txt
712 /Users/baj/Documents/roman_slitless_sims_seds/bc03_template_z0p850_ms11p18_age4p220_tau13p125_met0p0200_av4p428.txt
713 /Users/baj/Documents/roman_slitless_sims_seds/bc03_template_z0p490_ms11p20_age0p815_tau7p025_met0p0200_av4p814.txt
714 /Users/baj/Documents/roman_slitless_sims_seds/bc03_template_z0p915_ms11p27_age2p480_tau5p365_met0p0200_av0p723.txt
715 /Users/baj/Documents/roman_slitless_sims_seds/bc03_template_z0p576_ms10p74_age2p960_tau14p985_met0p0200_av0p542.txt
716 /Users/baj/Documents/roman_slitless_sims_seds/bc03_template_z0p850_ms10p79_age2p590_tau10p005_met0p0200_av4p812.txt
717 /Users/baj/Documents/roman_slitless_sims_seds/bc03_template_z0p890_ms10p52_age4p670_tau4p015_met0p0200_av3p866.txt
718 /Users/baj/Documents/roman_slitless_sims_seds/bc03_template_z0p910_ms11p08_age1p215_tau8p685_met0p0200_av4p621.txt
719 /Users/baj/Documents/roman_slitless_sims_seds/bc03_template_z0p774_ms11p35_age6p210_tau3p610_met0p0200_av4p828.txt
720 /Users/baj/Documents/roman_slitless_sims_seds/bc03_template_z0p469_ms11p09_age8p225_tau9p180_met0p0200_av0p953.txt
721 /Users/baj/Documents/roman_slitless_sims_seds/bc03_template_z0p646_ms10p68_age0p360_tau6p560_met0p0200_av4p076.txt
722 /Users/baj/Documents/roman_slitless_sims_seds/bc03_template_z1p218_ms10p27_age4p305_tau4p560_met0p0200_av3p190.txt
723 /Users/baj/Documents/roman_slitless_sims_seds/bc03_template_z0p961_ms10p88_age1p635_tau12p170_met0p0200_av2p874.txt
724 /Users/baj/Documents/roman_slitless_sims_seds/bc03_template_z0p132_ms11p06_age4p800_tau2p205_met0p0200_av2p971.txt
725 /Users/baj/Documents/roman_slitless_sims_seds/bc03_template_z1p180_ms11p36_age1p630_tau11p985_met0p0200_av4p514.txt
726 /Users/baj/Documents/roman_slitless_sims_seds/bc03_template_z0p320_ms10p27_age7p630_tau10p330_met0p0200_av0p905.txt
727 /Users/baj/Documents/roman_slitless_sims_seds/bc03_template_z0p772_ms10p39_age6p035_tau5p055_met0p0200_av1p662.txt
728 /Users/baj/Documents/roman_slitless_sims_seds/bc03_template_z3p389_ms10p08_age0p970_tau7p650_met0p0200_av0p252.txt
729 /Users/baj/Documents/roman_slitless_sims_seds/bc03_template_z1p030_ms11p45_age4p370_tau0p080_met0p0200_av2p175.txt
730 /Users/baj/Documents/roman_slitless_sims_seds/bc03_template_z1p199_ms10p02_age3p290_tau8p675_met0p0200_av1p006.txt
731 /Users/baj/Documents/roman_slitless_sims_seds/bc03_template_z0p776_ms11p35_age3p810_tau7p360_met0p0200_av2p201.txt
732 /Users/baj/Documents/roman_slitless_sims_seds/bc03_template_z1p305_ms10p24_age2p075_tau8p645_met0p0200_av3p252.txt
733 /Users/baj/Documents/roman_slitless_sims_seds/bc03_template_z1p360_ms10p14_age0p815_tau8p385_met0p0200_av3p818.txt
734 /Users/baj/Documents/roman_slitless_sims_seds/bc03_template_z1p158_ms10p56_age0p415_tau2p110_met0p0200_av0p448.txt
735 /Users/baj/Documents/roman_slitless_sims_seds/bc03_template_z0p840_ms10p18_age5p420_tau1p050_met0p0200_av0p940.txt
736 /Users/baj/Documents/roman_slitless_sims_seds/bc03_template_z0p746_ms10p95_age5p155_tau2p710_met0p0200_av3p254.txt
737 /Users/baj/Documents/roman_slitless_sims_seds/bc03_template_z0p967_ms10p68_age0p905_tau7p190_met0p0200_av4p223.txt
738 /Users/baj/Documents/roman_slitless_sims_seds/bc03_template_z1p013_ms11p41_age2p715_tau0p245_met0p0200_av2p820.txt
739 /Users/baj/Documents/roman_slitless_sims_seds/bc03_template_z0p454_ms10p65_age8p110_tau0p580_met0p0200_av1p438.txt
740 /Users/baj/Documents/roman_slitless_sims_seds/bc03_template_z0p753_ms10p42_age3p370_tau0p445_met0p0200_av4p344.txt
741 /Users/baj/Documents/roman_slitless_sims_seds/bc03_template_z0p566_ms10p74_age5p500_tau12p825_met0p0200_av3p353.txt
742 /Users/baj/Documents/roman_slitless_sims_seds/bc03_template_z0p850_ms10p83_age4p470_tau4p580_met0p0200_av1p126.txt
743 /Users/baj/Documents/roman_slitless_sims_seds/bc03_template_z0p512_ms11p47_age5p880_tau13p650_met0p0200_av3p009.txt
744 /Users/baj/Documents/roman_slitless_sims_seds/bc03_template_z1p065_ms10p00_age4p445_tau2p810_met0p0200_av2p129.txt
745 /Users/baj/Documents/roman_slitless_sims_seds/bc03_template_z0p687_ms10p73_age2p730_tau6p040_met0p0200_av0p135.txt
746 /Users/baj/Documents/roman_slitless_sims_seds/bc03_template_z1p140_ms10p35_age4p620_tau5p855_met0p0200_av4p724.txt
747 /Users/baj/Documents/roman_slitless_sims_seds/bc03_template_z0p989_ms10p71_age5p310_tau2p805_met0p0200_av3p840.txt
748 /Users/baj/Documents/roman_slitless_sims_seds/bc03_template_z0p450_ms11p00_age5p820_tau12p530_met0p0200_av3p614.txt
749 /Users/baj/Documents/roman_slitless_sims_seds/bc03_template_z0p853_ms11p36_age5p395_tau12p430_met0p0200_av2p421.txt
750 /Users/baj/Documents/roman_slitless_sims_seds/bc03_template_z0p232_ms11p45_age6p015_tau3p900_met0p0200_av0p934.txt
751 /Users/baj/Documents/roman_slitless_sims_seds/bc03_template_z0p535_ms10p15_age2p100_tau14p065_met0p0200_av1p203.txt
752 /Users/baj/Documents/roman_slitless_sims_seds/bc03_template_z0p302_ms11p33_age3p990_tau5p495_met0p0200_av1p910.txt
753 /Users/baj/Documents/roman_slitless_sims_seds/bc03_template_z1p337_ms10p06_age2p995_tau7p675_met0p0200_av3p367.txt
754 /Users/baj/Documents/roman_slitless_sims_seds/bc03_template_z0p940_ms11p23_age2p760_tau12p630_met0p0200_av3p029.txt
755 /Users/baj/Documents/roman_slitless_sims_seds/bc03_template_z1p521_ms10p27_age3p190_tau8p760_met0p0200_av1p195.txt
756 /Users/baj/Documents/roman_slitless_sims_seds/bc03_template_z1p010_ms10p44_age1p400_tau10p340_met0p0200_av2p345.txt
757 /Users/baj/Documents/roman_slitless_sims_seds/bc03_template_z0p980_ms10p48_age0p440_tau10p615_met0p0200_av3p542.txt
758 /Users/baj/Documents/roman_slitless_sims_seds/bc03_template_z0p100_ms10p11_age9p195_tau13p900_met0p0200_av1p479.txt
759 /Users/baj/Documents/roman_slitless_sims_seds/bc03_template_z0p730_ms10p27_age5p165_tau11p940_met0p0200_av0p845.txt
760 /Users/baj/Documents/roman_slitless_sims_seds/bc03_template_z0p962_ms11p15_age4p750_tau7p100_met0p0200_av0p297.txt
761 /Users/baj/Documents/roman_slitless_sims_seds/bc03_template_z0p330_ms10p55_age5p275_tau3p150_met0p0200_av1p555.txt
762 /Users/baj/Documents/roman_slitless_sims_seds/bc03_template_z0p380_ms10p11_age2p330_tau2p480_met0p0200_av3p759.txt
763 /Users/baj/Documents/roman_slitless_sims_seds/bc03_template_z0p671_ms10p85_age1p215_tau13p260_met0p0200_av3p477.txt
764 /Users/baj/Documents/roman_slitless_sims_seds/bc03_template_z1p174_ms10p09_age2p120_tau4p765_met0p0200_av0p169.txt
765 /Users/baj/Documents/roman_slitless_sims_seds/bc03_template_z0p600_ms10p18_age1p885_tau11p330_met0p0200_av0p077.txt
766 /Users/baj/Documents/roman_slitless_sims_seds/bc03_template_z1p220_ms11p00_age1p410_tau8p480_met0p0200_av3p102.txt
767 /Users/baj/Documents/roman_slitless_sims_seds/bc03_template_z1p115_ms10p73_age0p450_tau10p100_met0p0200_av1p657.txt
768 /Users/baj/Documents/roman_slitless_sims_seds/bc03_template_z0p502_ms10p89_age1p380_tau4p510_met0p0200_av3p048.txt
769 /Users/baj/Documents/roman_slitless_sims_seds/bc03_template_z0p769_ms11p50_age1p025_tau5p985_met0p0200_av0p372.txt
770 /Users/baj/Documents/roman_slitless_sims_seds/bc03_template_z0p377_ms10p61_age7p765_tau6p635_met0p0200_av4p330.txt
771 /Users/baj/Documents/roman_slitless_sims_seds/bc03_template_z0p431_ms10p42_age3p355_tau2p525_met0p0200_av3p421.txt
772 /Users/baj/Documents/roman_slitless_sims_seds/bc03_template_z1p669_ms10p94_age1p425_tau4p315_met0p0200_av4p290.txt
773 /Users/baj/Documents/roman_slitless_sims_seds/bc03_template_z0p695_ms10p26_age0p580_tau7p335_met0p0200_av2p738.txt
774 /Users/baj/Documents/roman_slitless_sims_seds/bc03_template_z0p845_ms11p14_age5p110_tau13p250_met0p0200_av1p051.txt
775 /Users/baj/Documents/roman_slitless_sims_seds/bc03_template_z0p271_ms10p58_age6p200_tau3p615_met0p0200_av1p343.txt
776 /Users/baj/Documents/roman_slitless_sims_seds/bc03_template_z0p761_ms11p21_age4p660_tau0p715_met0p0200_av2p764.txt
777 /Users/baj/Documents/roman_slitless_sims_seds/bc03_template_z0p635_ms10p59_age0p805_tau2p680_met0p0200_av2p011.txt
778 /Users/baj/Documents/roman_slitless_sims_seds/bc03_template_z0p848_ms10p52_age3p630_tau8p995_met0p0200_av1p205.txt
779 /Users/baj/Documents/roman_slitless_sims_seds/bc03_template_z0p680_ms11p18_age0p475_tau11p800_met0p0200_av2p674.txt
780 /Users/baj/Documents/roman_slitless_sims_seds/bc03_template_z0p477_ms10p91_age3p345_tau3p740_met0p0200_av1p516.txt
781 /Users/baj/Documents/roman_slitless_sims_seds/bc03_template_z1p428_ms10p94_age3p570_tau14p610_met0p0200_av1p671.txt
782 /Users/baj/Documents/roman_slitless_sims_seds/bc03_template_z0p470_ms10p02_age4p155_tau6p070_met0p0200_av2p055.txt
783 /Users/baj/Documents/roman_slitless_sims_seds/bc03_template_z0p778_ms10p97_age3p780_tau12p985_met0p0200_av1p633.txt
784 /Users/baj/Documents/roman_slitless_sims_seds/bc03_template_z0p453_ms10p80_age6p940_tau5p120_met0p0200_av2p255.txt
785 /Users/baj/Documents/roman_slitless_sims_seds/bc03_template_z0p232_ms10p02_age5p460_tau12p125_met0p0200_av2p970.txt
786 /Users/baj/Documents/roman_slitless_sims_seds/bc03_template_z1p065_ms10p71_age1p490_tau11p190_met0p0200_av3p497.txt
787 /Users/baj/Documents/roman_slitless_sims_seds/bc03_template_z0p535_ms10p91_age3p340_tau9p775_met0p0200_av4p099.txt
788 /Users/baj/Documents/roman_slitless_sims_seds/bc03_template_z0p853_ms10p73_age4p930_tau12p905_met0p0200_av1p106.txt
789 /Users/baj/Documents/roman_slitless_sims_seds/bc03_template_z0p540_ms11p39_age5p650_tau5p130_met0p0200_av2p032.txt
790 /Users/baj/Documents/roman_slitless_sims_seds/bc03_template_z0p740_ms10p05_age4p460_tau1p760_met0p0200_av4p053.txt
791 /Users/baj/Documents/roman_slitless_sims_seds/bc03_template_z0p668_ms10p18_age2p360_tau13p535_met0p0200_av0p261.txt
792 /Users/baj/Documents/roman_slitless_sims_seds/bc03_template_z0p856_ms11p32_age4p505_tau14p060_met0p0200_av3p632.txt
793 /Users/baj/Documents/roman_slitless_sims_seds/bc03_template_z0p622_ms11p02_age2p470_tau7p375_met0p0200_av4p595.txt
794 /Users/baj/Documents/roman_slitless_sims_seds/bc03_template_z0p791_ms10p05_age4p310_tau9p965_met0p0200_av2p260.txt
795 /Users/baj/Documents/roman_slitless_sims_seds/bc03_template_z0p640_ms10p83_age1p170_tau8p480_met0p0200_av3p401.txt
796 /Users/baj/Documents/roman_slitless_sims_seds/bc03_template_z1p182_ms11p03_age1p360_tau7p445_met0p0200_av0p337.txt
797 /Users/baj/Documents/roman_slitless_sims_seds/bc03_template_z0p869_ms11p12_age4p070_tau9p505_met0p0200_av4p642.txt
798 /Users/baj/Documents/roman_slitless_sims_seds/bc03_template_z0p845_ms11p06_age0p520_tau0p935_met0p0200_av0p175.txt
799 /Users/baj/Documents/roman_slitless_sims_seds/bc03_template_z1p038_ms10p17_age4p650_tau1p020_met0p0200_av1p745.txt
